#
# There is insufficient memory for the Java Runtime Environment to continue.
# Native memory allocation (malloc) failed to allocate 32744 bytes for ChunkPool::allocate
# Possible reasons:
#   The system is out of physical RAM or swap space
#   The process is running with CompressedOops enabled, and the Java Heap may be blocking the growth of the native heap
# Possible solutions:
#   Reduce memory load on the system
#   Increase physical memory or swap space
#   Check if swap backing store is full
#   Decrease Java heap size (-Xmx/-Xms)
#   Decrease number of Java threads
#   Decrease Java thread stack sizes (-Xss)
#   Set larger code cache with -XX:ReservedCodeCacheSize=
#   JVM is running with Unscaled Compressed Oops mode in which the Java heap is
#     placed in the first 4GB address space. The Java Heap base address is the
#     maximum limit for the native heap growth. Please use -XX:HeapBaseMinAddress
#     to set the Java Heap base and to place the Java Heap above 4GB virtual address.
# This output file may be truncated or incomplete.
#
#  Out of Memory Error (./src/hotspot/share/memory/arena.cpp:81), pid=2892, tid=15160
#
# JRE version: OpenJDK Runtime Environment (11.0.13) (build 11.0.13+0-b1751.21-8125866)
# Java VM: OpenJDK 64-Bit Server VM (11.0.13+0-b1751.21-8125866, mixed mode, tiered, compressed oops, g1 gc, windows-amd64)
# No core dump will be written. Minidumps are not enabled by default on client versions of Windows
#

---------------  S U M M A R Y ------------

Command Line: -agentlib:jdwp=transport=dt_socket,server=n,suspend=y,address=127.0.0.1:50765 --add-opens=java.base/java.util=ALL-UNNAMED --add-opens=java.base/java.lang=ALL-UNNAMED --add-opens=java.base/java.lang.invoke=ALL-UNNAMED --add-opens=java.base/java.util=ALL-UNNAMED --add-opens=java.prefs/java.util.prefs=ALL-UNNAMED --add-opens=java.prefs/java.util.prefs=ALL-UNNAMED --add-opens=java.base/java.nio.charset=ALL-UNNAMED --add-opens=java.base/java.net=ALL-UNNAMED --add-opens=java.base/java.util.concurrent.atomic=ALL-UNNAMED -Xmx1536M -Dfile.encoding=GBK -Duser.country=CN -Duser.language=zh -Duser.variant org.gradle.launcher.daemon.bootstrap.GradleDaemon 7.4

Host: 11th Gen Intel(R) Core(TM) i3-1115G4 @ 3.00GHz, 4 cores, 7G,  Windows 11 , 64 bit Build 22621 (10.0.22621.1635)
Time: Sun Jun  4 11:05:10 2023 中国标准时间 elapsed time: 23.009930 seconds (0d 0h 0m 23s)

---------------  T H R E A D  ---------------

Current thread (0x000001a8a7563000):  JavaThread "C2 CompilerThread0" daemon [_thread_in_native, id=15160, stack(0x0000008cf6600000,0x0000008cf6700000)]


Current CompileTask:
C2:  23010 11393       4       com.sun.tools.javac.comp.Resolve::isAccessible (394 bytes)

Stack: [0x0000008cf6600000,0x0000008cf6700000]
Native frames: (J=compiled Java code, j=interpreted, Vv=VM code, C=native code)
V  [jvm.dll+0x6100fa]
V  [jvm.dll+0x747090]
V  [jvm.dll+0x7486ad]
V  [jvm.dll+0x748d83]
V  [jvm.dll+0x24ab48]
V  [jvm.dll+0xc075b]
V  [jvm.dll+0xc0a0c]
V  [jvm.dll+0x363ece]
V  [jvm.dll+0x508234]
V  [jvm.dll+0x19d9d1]
V  [jvm.dll+0x2033be]
V  [jvm.dll+0x202437]
V  [jvm.dll+0x188e01]
V  [jvm.dll+0x21106b]
V  [jvm.dll+0x20f8c1]
V  [jvm.dll+0x70de0f]
V  [jvm.dll+0x706a75]
V  [jvm.dll+0x60ed66]
C  [ucrtbase.dll+0x29363]
C  [KERNEL32.DLL+0x126ad]
C  [ntdll.dll+0x5a9f8]


---------------  P R O C E S S  ---------------

Threads class SMR info:
_java_thread_list=0x000001a8b2df6710, length=92, elements={
0x000001a88d95e800, 0x000001a8a6cb9000, 0x000001a8a7504000, 0x000001a8a6cef000,
0x000001a8a6cf1000, 0x000001a8a6cf3000, 0x000001a8a7563000, 0x000001a8a7571800,
0x000001a8a7576000, 0x000001a8a76f7000, 0x000001a8a7721000, 0x000001a8a7722000,
0x000001a8a773b000, 0x000001a8a76f4000, 0x000001a8a76f1800, 0x000001a8a76f4800,
0x000001a8a76f6800, 0x000001a8a76f2800, 0x000001a8a76f5800, 0x000001a8a76f3000,
0x000001a8a76f8000, 0x000001a8a9b77800, 0x000001a8a9b79000, 0x000001a8a9b78000,
0x000001a8a9b7a000, 0x000001a8a9b74000, 0x000001a8a9b7a800, 0x000001a8a9b76800,
0x000001a8a9b75000, 0x000001a8a9b75800, 0x000001a8aae29000, 0x000001a8aae26800,
0x000001a8aae2a000, 0x000001a8aae24000, 0x000001a8aae26000, 0x000001a8aae2b000,
0x000001a8aae25000, 0x000001a8aa3ad800, 0x000001a8aa3ac800, 0x000001a8aa3a9800,
0x000001a8aa3ac000, 0x000001a8aa3a8000, 0x000001a8aa3aa800, 0x000001a8aa3ae800,
0x000001a8aa3a8800, 0x000001a8aa3ab000, 0x000001a8acd37800, 0x000001a8acd33000,
0x000001a8acd34000, 0x000001a8acd32800, 0x000001a8acd3a000, 0x000001a8acd35000,
0x000001a8acd39000, 0x000001a8acd38000, 0x000001a8acd3a800, 0x000001a8acd3b800,
0x000001a8acd35800, 0x000001a8acd3c000, 0x000001a8acd36800, 0x000001a8acd3d000,
0x000001a8acd3e000, 0x000001a8acd40800, 0x000001a8acd3e800, 0x000001a8acd41000,
0x000001a8acd3f800, 0x000001a8a8690800, 0x000001a8a8692000, 0x000001a8a8694000,
0x000001a8a868f000, 0x000001a8a8693000, 0x000001a8a8690000, 0x000001a8a868e000,
0x000001a8a8696800, 0x000001a8a8697000, 0x000001a8a8691800, 0x000001a8a8699800,
0x000001a8a8698000, 0x000001a8a869a800, 0x000001a8a8694800, 0x000001a8a8699000,
0x000001a8a869b000, 0x000001a8aa762000, 0x000001a8a8695800, 0x000001a8a869c000,
0x000001a8a869d000, 0x000001a8aeeb3000, 0x000001a8aeeb2000, 0x000001a8aeeb4000,
0x000001a8aeeb0800, 0x000001a8aeeb4800, 0x000001a8aeeaf000, 0x000001a8aeeb5800
}

Java Threads: ( => current thread )
  0x000001a88d95e800 JavaThread "main" [_thread_blocked, id=10056, stack(0x0000008cf5a00000,0x0000008cf5b00000)]
  0x000001a8a6cb9000 JavaThread "Reference Handler" daemon [_thread_blocked, id=13976, stack(0x0000008cf6100000,0x0000008cf6200000)]
  0x000001a8a7504000 JavaThread "Finalizer" daemon [_thread_blocked, id=7368, stack(0x0000008cf6200000,0x0000008cf6300000)]
  0x000001a8a6cef000 JavaThread "Signal Dispatcher" daemon [_thread_blocked, id=7204, stack(0x0000008cf6300000,0x0000008cf6400000)]
  0x000001a8a6cf1000 JavaThread "Attach Listener" daemon [_thread_blocked, id=10944, stack(0x0000008cf6400000,0x0000008cf6500000)]
  0x000001a8a6cf3000 JavaThread "Service Thread" daemon [_thread_blocked, id=9888, stack(0x0000008cf6500000,0x0000008cf6600000)]
=>0x000001a8a7563000 JavaThread "C2 CompilerThread0" daemon [_thread_in_native, id=15160, stack(0x0000008cf6600000,0x0000008cf6700000)]
  0x000001a8a7571800 JavaThread "C1 CompilerThread0" daemon [_thread_blocked, id=5308, stack(0x0000008cf6700000,0x0000008cf6800000)]
  0x000001a8a7576000 JavaThread "Sweeper thread" daemon [_thread_blocked, id=10968, stack(0x0000008cf6800000,0x0000008cf6900000)]
  0x000001a8a76f7000 JavaThread "Common-Cleaner" daemon [_thread_blocked, id=2116, stack(0x0000008cf6900000,0x0000008cf6a00000)]
  0x000001a8a7721000 JavaThread "JDWP Transport Listener: dt_socket" daemon [_thread_blocked, id=3276, stack(0x0000008cf6a00000,0x0000008cf6b00000)]
  0x000001a8a7722000 JavaThread "JDWP Event Helper Thread" daemon [_thread_blocked, id=10960, stack(0x0000008cf6b00000,0x0000008cf6c00000)]
  0x000001a8a773b000 JavaThread "JDWP Command Reader" daemon [_thread_in_native, id=3808, stack(0x0000008cf6c00000,0x0000008cf6d00000)]
  0x000001a8a76f4000 JavaThread "Daemon health stats" [_thread_blocked, id=1784, stack(0x0000008cf7000000,0x0000008cf7100000)]
  0x000001a8a76f1800 JavaThread "Incoming local TCP Connector on port 50771" [_thread_in_native, id=8460, stack(0x0000008cf6e00000,0x0000008cf6f00000)]
  0x000001a8a76f4800 JavaThread "Daemon periodic checks" [_thread_blocked, id=14044, stack(0x0000008cf7100000,0x0000008cf7200000)]
  0x000001a8a76f6800 JavaThread "Daemon" [_thread_blocked, id=9164, stack(0x0000008cf7200000,0x0000008cf7300000)]
  0x000001a8a76f2800 JavaThread "Handler for socket connection from /127.0.0.1:50771 to /127.0.0.1:50772" [_thread_in_native, id=6760, stack(0x0000008cf7300000,0x0000008cf7400000)]
  0x000001a8a76f5800 JavaThread "Cancel handler" [_thread_blocked, id=2020, stack(0x0000008cf7400000,0x0000008cf7500000)]
  0x000001a8a76f3000 JavaThread "Daemon worker" [_thread_blocked, id=8200, stack(0x0000008cf7500000,0x0000008cf7600000)]
  0x000001a8a76f8000 JavaThread "Asynchronous log dispatcher for DefaultDaemonConnection: socket connection from /127.0.0.1:50771 to /127.0.0.1:50772" [_thread_blocked, id=8496, stack(0x0000008cf7600000,0x0000008cf7700000)]
  0x000001a8a9b77800 JavaThread "Stdin handler" [_thread_blocked, id=3052, stack(0x0000008cf7700000,0x0000008cf7800000)]
  0x000001a8a9b79000 JavaThread "Daemon client event forwarder" [_thread_blocked, id=8644, stack(0x0000008cf7800000,0x0000008cf7900000)]
  0x000001a8a9b78000 JavaThread "Cache worker for journal cache (C:\Users\HP\.gradle\caches\journal-1)" [_thread_blocked, id=4228, stack(0x0000008cf7b00000,0x0000008cf7c00000)]
  0x000001a8a9b7a000 JavaThread "File lock request listener" [_thread_in_native, id=9520, stack(0x0000008cf7c00000,0x0000008cf7d00000)]
  0x000001a8a9b74000 JavaThread "Cache worker for file hash cache (C:\Users\HP\.gradle\caches\7.4\fileHashes)" [_thread_blocked, id=11844, stack(0x0000008cf7d00000,0x0000008cf7e00000)]
  0x000001a8a9b7a800 JavaThread "File watcher server" daemon [_thread_in_native, id=1884, stack(0x0000008cf7f00000,0x0000008cf8000000)]
  0x000001a8a9b76800 JavaThread "File watcher consumer" daemon [_thread_blocked, id=5668, stack(0x0000008cf8000000,0x0000008cf8100000)]
  0x000001a8a9b75000 JavaThread "Cache worker for checksums cache (D:\Star-Pixel-Dungeon\.gradle\7.4\checksums)" [_thread_blocked, id=4520, stack(0x0000008cf8100000,0x0000008cf8200000)]
  0x000001a8a9b75800 JavaThread "Cache worker for cache directory md-rule (C:\Users\HP\.gradle\caches\7.4\md-rule)" [_thread_blocked, id=14844, stack(0x0000008cf8200000,0x0000008cf8300000)]
  0x000001a8aae29000 JavaThread "Cache worker for file hash cache (D:\Star-Pixel-Dungeon\.gradle\7.4\fileHashes)" [_thread_blocked, id=7636, stack(0x0000008cf8300000,0x0000008cf8400000)]
  0x000001a8aae26800 JavaThread "Cache worker for cache directory md-supplier (C:\Users\HP\.gradle\caches\7.4\md-supplier)" [_thread_blocked, id=2508, stack(0x0000008cf8400000,0x0000008cf8500000)]
  0x000001a8aae2a000 JavaThread "Cache worker for execution history cache (C:\Users\HP\.gradle\caches\7.4\executionHistory)" [_thread_blocked, id=4380, stack(0x0000008cf8500000,0x0000008cf8600000)]
  0x000001a8aae24000 JavaThread "jar transforms" [_thread_blocked, id=9416, stack(0x0000008cf8600000,0x0000008cf8700000)]
  0x000001a8aae26000 JavaThread "jar transforms Thread 2" [_thread_blocked, id=1700, stack(0x0000008cf8700000,0x0000008cf8800000)]
  0x000001a8aae2b000 JavaThread "Cache worker for file content cache (C:\Users\HP\.gradle\caches\7.4\fileContent)" [_thread_blocked, id=4568, stack(0x0000008cf8800000,0x0000008cf8900000)]
  0x000001a8aae25000 JavaThread "jar transforms Thread 3" [_thread_blocked, id=11804, stack(0x0000008cf8900000,0x0000008cf8a00000)]
  0x000001a8aa3ad800 JavaThread "jar transforms Thread 4" [_thread_blocked, id=4436, stack(0x0000008cf8a00000,0x0000008cf8b00000)]
  0x000001a8aa3ac800 JavaThread "Cache worker for dependencies-accessors (D:\Star-Pixel-Dungeon\.gradle\7.4\dependencies-accessors)" [_thread_blocked, id=6120, stack(0x0000008cf8b00000,0x0000008cf8c00000)]
  0x000001a8aa3a9800 JavaThread "Cache worker for Build Output Cleanup Cache (D:\Star-Pixel-Dungeon\.gradle\buildOutputCleanup)" [_thread_blocked, id=6312, stack(0x0000008cf8c00000,0x0000008cf8d00000)]
  0x000001a8aa3ac000 JavaThread "Unconstrained build operations" [_thread_blocked, id=13932, stack(0x0000008cf8d00000,0x0000008cf8e00000)]
  0x000001a8aa3a8000 JavaThread "Unconstrained build operations Thread 2" [_thread_blocked, id=3792, stack(0x0000008cf8e00000,0x0000008cf8f00000)]
  0x000001a8aa3aa800 JavaThread "Unconstrained build operations Thread 3" [_thread_blocked, id=3696, stack(0x0000008cf8f00000,0x0000008cf9000000)]
  0x000001a8aa3ae800 JavaThread "Unconstrained build operations Thread 4" [_thread_blocked, id=1492, stack(0x0000008cf9000000,0x0000008cf9100000)]
  0x000001a8aa3a8800 JavaThread "Unconstrained build operations Thread 5" [_thread_blocked, id=1632, stack(0x0000008cf9100000,0x0000008cf9200000)]
  0x000001a8aa3ab000 JavaThread "Unconstrained build operations Thread 6" [_thread_blocked, id=5724, stack(0x0000008cf9200000,0x0000008cf9300000)]
  0x000001a8acd37800 JavaThread "Unconstrained build operations Thread 7" [_thread_blocked, id=4164, stack(0x0000008cf9300000,0x0000008cf9400000)]
  0x000001a8acd33000 JavaThread "Unconstrained build operations Thread 8" [_thread_blocked, id=6880, stack(0x0000008cf9400000,0x0000008cf9500000)]
  0x000001a8acd34000 JavaThread "Unconstrained build operations Thread 9" [_thread_blocked, id=8572, stack(0x0000008cf9500000,0x0000008cf9600000)]
  0x000001a8acd32800 JavaThread "Unconstrained build operations Thread 10" [_thread_blocked, id=7192, stack(0x0000008cf9600000,0x0000008cf9700000)]
  0x000001a8acd3a000 JavaThread "Unconstrained build operations Thread 11" [_thread_blocked, id=7400, stack(0x0000008cf9700000,0x0000008cf9800000)]
  0x000001a8acd35000 JavaThread "Unconstrained build operations Thread 12" [_thread_blocked, id=14492, stack(0x0000008cf9800000,0x0000008cf9900000)]
  0x000001a8acd39000 JavaThread "Unconstrained build operations Thread 13" [_thread_blocked, id=10664, stack(0x0000008cf9900000,0x0000008cf9a00000)]
  0x000001a8acd38000 JavaThread "Unconstrained build operations Thread 14" [_thread_blocked, id=11932, stack(0x0000008cf9a00000,0x0000008cf9b00000)]
  0x000001a8acd3a800 JavaThread "Unconstrained build operations Thread 15" [_thread_blocked, id=12560, stack(0x0000008cf9b00000,0x0000008cf9c00000)]
  0x000001a8acd3b800 JavaThread "Unconstrained build operations Thread 16" [_thread_blocked, id=12236, stack(0x0000008cf9c00000,0x0000008cf9d00000)]
  0x000001a8acd35800 JavaThread "Unconstrained build operations Thread 17" [_thread_blocked, id=11288, stack(0x0000008cf9d00000,0x0000008cf9e00000)]
  0x000001a8acd3c000 JavaThread "Unconstrained build operations Thread 18" [_thread_blocked, id=12184, stack(0x0000008cf9e00000,0x0000008cf9f00000)]
  0x000001a8acd36800 JavaThread "Unconstrained build operations Thread 19" [_thread_blocked, id=14728, stack(0x0000008cf9f00000,0x0000008cfa000000)]
  0x000001a8acd3d000 JavaThread "Unconstrained build operations Thread 20" [_thread_blocked, id=3736, stack(0x0000008cfa000000,0x0000008cfa100000)]
  0x000001a8acd3e000 JavaThread "Unconstrained build operations Thread 21" [_thread_blocked, id=2932, stack(0x0000008cfa100000,0x0000008cfa200000)]
  0x000001a8acd40800 JavaThread "Unconstrained build operations Thread 22" [_thread_blocked, id=5524, stack(0x0000008cfa200000,0x0000008cfa300000)]
  0x000001a8acd3e800 JavaThread "Unconstrained build operations Thread 23" [_thread_blocked, id=6020, stack(0x0000008cfa300000,0x0000008cfa400000)]
  0x000001a8acd41000 JavaThread "Unconstrained build operations Thread 24" [_thread_blocked, id=5300, stack(0x0000008cfa400000,0x0000008cfa500000)]
  0x000001a8acd3f800 JavaThread "Unconstrained build operations Thread 25" [_thread_blocked, id=5624, stack(0x0000008cfa500000,0x0000008cfa600000)]
  0x000001a8a8690800 JavaThread "Unconstrained build operations Thread 26" [_thread_blocked, id=6248, stack(0x0000008cfa600000,0x0000008cfa700000)]
  0x000001a8a8692000 JavaThread "Unconstrained build operations Thread 27" [_thread_blocked, id=10376, stack(0x0000008cfa700000,0x0000008cfa800000)]
  0x000001a8a8694000 JavaThread "Unconstrained build operations Thread 28" [_thread_blocked, id=1780, stack(0x0000008cfa800000,0x0000008cfa900000)]
  0x000001a8a868f000 JavaThread "Unconstrained build operations Thread 29" [_thread_blocked, id=2316, stack(0x0000008cfa900000,0x0000008cfaa00000)]
  0x000001a8a8693000 JavaThread "Unconstrained build operations Thread 30" [_thread_blocked, id=1800, stack(0x0000008cfaa00000,0x0000008cfab00000)]
  0x000001a8a8690000 JavaThread "Unconstrained build operations Thread 31" [_thread_blocked, id=9708, stack(0x0000008cfab00000,0x0000008cfac00000)]
  0x000001a8a868e000 JavaThread "Unconstrained build operations Thread 32" [_thread_blocked, id=9092, stack(0x0000008cfac00000,0x0000008cfad00000)]
  0x000001a8a8696800 JavaThread "Unconstrained build operations Thread 33" [_thread_blocked, id=2420, stack(0x0000008cfad00000,0x0000008cfae00000)]
  0x000001a8a8697000 JavaThread "Unconstrained build operations Thread 34" [_thread_blocked, id=1016, stack(0x0000008cfae00000,0x0000008cfaf00000)]
  0x000001a8a8691800 JavaThread "Unconstrained build operations Thread 35" [_thread_blocked, id=10420, stack(0x0000008cfaf00000,0x0000008cfb000000)]
  0x000001a8a8699800 JavaThread "Unconstrained build operations Thread 36" [_thread_blocked, id=3648, stack(0x0000008cfb000000,0x0000008cfb100000)]
  0x000001a8a8698000 JavaThread "Unconstrained build operations Thread 37" [_thread_blocked, id=9328, stack(0x0000008cfb100000,0x0000008cfb200000)]
  0x000001a8a869a800 JavaThread "Unconstrained build operations Thread 38" [_thread_blocked, id=5772, stack(0x0000008cfb200000,0x0000008cfb300000)]
  0x000001a8a8694800 JavaThread "Unconstrained build operations Thread 39" [_thread_blocked, id=15300, stack(0x0000008cfb300000,0x0000008cfb400000)]
  0x000001a8a8699000 JavaThread "Unconstrained build operations Thread 40" [_thread_blocked, id=2364, stack(0x0000008cfb400000,0x0000008cfb500000)]
  0x000001a8a869b000 JavaThread "Memory manager" [_thread_blocked, id=6292, stack(0x0000008cfb500000,0x0000008cfb600000)]
  0x000001a8aa762000 JavaThread "C2 CompilerThread1" daemon [_thread_in_native, id=6124, stack(0x0000008cf7e00000,0x0000008cf7f00000)]
  0x000001a8a8695800 JavaThread "build event listener" [_thread_blocked, id=4676, stack(0x0000008cfb600000,0x0000008cfb700000)]
  0x000001a8a869c000 JavaThread "included builds" [_thread_in_native, id=4180, stack(0x0000008cfb700000,0x0000008cfb800000)]
  0x000001a8a869d000 JavaThread "Execution worker for ':'" [_thread_in_native, id=12884, stack(0x0000008cfb800000,0x0000008cfb900000)]
  0x000001a8aeeb3000 JavaThread "Execution worker for ':' Thread 2" [_thread_in_native, id=6520, stack(0x0000008cfb900000,0x0000008cfba00000)]
  0x000001a8aeeb2000 JavaThread "Execution worker for ':' Thread 3" [_thread_in_native, id=10428, stack(0x0000008cfba00000,0x0000008cfbb00000)]
  0x000001a8aeeb4000 JavaThread "Cache worker for execution history cache (D:\Star-Pixel-Dungeon\.gradle\7.4\executionHistory)" [_thread_blocked, id=2004, stack(0x0000008cfbb00000,0x0000008cfbc00000)]
  0x000001a8aeeb0800 JavaThread "Cache worker for Java compile cache (C:\Users\HP\.gradle\caches\7.4\javaCompile)" [_thread_blocked, id=5776, stack(0x0000008cfbc00000,0x0000008cfbd00000)]
  0x000001a8aeeb4800 JavaThread "Build operations" [_thread_blocked, id=9660, stack(0x0000008cfbd00000,0x0000008cfbe00000)]
  0x000001a8aeeaf000 JavaThread "Build operations Thread 2" [_thread_blocked, id=8560, stack(0x0000008cfbe00000,0x0000008cfbf00000)]
  0x000001a8aeeb5800 JavaThread "Build operations Thread 3" [_thread_blocked, id=9200, stack(0x0000008cfbf00000,0x0000008cfc000000)]

Other Threads:
  0x000001a8a6cb7000 VMThread "VM Thread" [stack: 0x0000008cf6000000,0x0000008cf6100000] [id=2376]
  0x000001a8a7755000 WatcherThread [stack: 0x0000008cf6d00000,0x0000008cf6e00000] [id=12500]
  0x000001a88d974800 GCTaskThread "GC Thread#0" [stack: 0x0000008cf5b00000,0x0000008cf5c00000] [id=11868]
  0x000001a8a7fcb000 GCTaskThread "GC Thread#1" [stack: 0x0000008cf6f00000,0x0000008cf7000000] [id=6024]
  0x000001a8a8715000 GCTaskThread "GC Thread#2" [stack: 0x0000008cf7900000,0x0000008cf7a00000] [id=14428]
  0x000001a8a8353800 GCTaskThread "GC Thread#3" [stack: 0x0000008cf7a00000,0x0000008cf7b00000] [id=12860]
  0x000001a88d99b800 ConcurrentGCThread "G1 Main Marker" [stack: 0x0000008cf5c00000,0x0000008cf5d00000] [id=2992]
  0x000001a88d99d800 ConcurrentGCThread "G1 Conc#0" [stack: 0x0000008cf5d00000,0x0000008cf5e00000] [id=10304]
  0x000001a88da0e800 ConcurrentGCThread "G1 Refine#0" [stack: 0x0000008cf5e00000,0x0000008cf5f00000] [id=2164]
  0x000001a8a6b13800 ConcurrentGCThread "G1 Young RemSet Sampling" [stack: 0x0000008cf5f00000,0x0000008cf6000000] [id=2740]

Threads with active compile tasks:
C2 CompilerThread0  23088 11393       4       com.sun.tools.javac.comp.Resolve::isAccessible (394 bytes)
C2 CompilerThread1  23088 11607       4       org.gradle.api.internal.tasks.compile.incremental.serialization.HierarchicalNameSerializer::readName (51 bytes)

VM state:not at safepoint (normal execution)

VM Mutex/Monitor currently owned by a thread: None

Heap address: 0x00000000a0000000, size: 1536 MB, Compressed Oops mode: 32-bit
Narrow klass base: 0x0000000000000000, Narrow klass shift: 3
Compressed class space size: 1073741824 Address: 0x0000000100000000

Heap:
 garbage-first heap   total 183296K, used 129118K [0x00000000a0000000, 0x0000000100000000)
  region size 1024K, 48 young (49152K), 8 survivors (8192K)
 Metaspace       used 92033K, capacity 94971K, committed 95132K, reserved 1132544K
  class space    used 11745K, capacity 12842K, committed 12876K, reserved 1048576K
Heap Regions: E=young(eden), S=young(survivor), O=old, HS=humongous(starts), HC=humongous(continues), CS=collection set, F=free, A=archive, TAMS=top-at-mark-start (previous, next)
|   0|0x00000000a0000000, 0x00000000a0100000, 0x00000000a0100000|100%|HS|  |TAMS 0x00000000a0100000, 0x00000000a0000000| Complete 
|   1|0x00000000a0100000, 0x00000000a0200000, 0x00000000a0200000|100%|HC|  |TAMS 0x00000000a0200000, 0x00000000a0100000| Complete 
|   2|0x00000000a0200000, 0x00000000a0300000, 0x00000000a0300000|100%|HC|  |TAMS 0x00000000a0300000, 0x00000000a0200000| Complete 
|   3|0x00000000a0300000, 0x00000000a0400000, 0x00000000a0400000|100%| O|  |TAMS 0x00000000a0400000, 0x00000000a0300000| Untracked 
|   4|0x00000000a0400000, 0x00000000a0500000, 0x00000000a0500000|100%| O|  |TAMS 0x00000000a0500000, 0x00000000a0400000| Untracked 
|   5|0x00000000a0500000, 0x00000000a0600000, 0x00000000a0600000|100%| O|  |TAMS 0x00000000a0600000, 0x00000000a0500000| Untracked 
|   6|0x00000000a0600000, 0x00000000a0700000, 0x00000000a0700000|100%| O|  |TAMS 0x00000000a0700000, 0x00000000a0600000| Untracked 
|   7|0x00000000a0700000, 0x00000000a0800000, 0x00000000a0800000|100%| O|  |TAMS 0x00000000a0800000, 0x00000000a0700000| Untracked 
|   8|0x00000000a0800000, 0x00000000a0900000, 0x00000000a0900000|100%| O|  |TAMS 0x00000000a0900000, 0x00000000a0800000| Untracked 
|   9|0x00000000a0900000, 0x00000000a0a00000, 0x00000000a0a00000|100%| O|  |TAMS 0x00000000a0a00000, 0x00000000a0900000| Untracked 
|  10|0x00000000a0a00000, 0x00000000a0b00000, 0x00000000a0b00000|100%| O|  |TAMS 0x00000000a0b00000, 0x00000000a0a00000| Untracked 
|  11|0x00000000a0b00000, 0x00000000a0c00000, 0x00000000a0c00000|100%| O|  |TAMS 0x00000000a0c00000, 0x00000000a0b00000| Untracked 
|  12|0x00000000a0c00000, 0x00000000a0d00000, 0x00000000a0d00000|100%| O|  |TAMS 0x00000000a0d00000, 0x00000000a0c00000| Untracked 
|  13|0x00000000a0d00000, 0x00000000a0e00000, 0x00000000a0e00000|100%| O|  |TAMS 0x00000000a0e00000, 0x00000000a0d00000| Untracked 
|  14|0x00000000a0e00000, 0x00000000a0f00000, 0x00000000a0f00000|100%| O|  |TAMS 0x00000000a0f00000, 0x00000000a0e00000| Untracked 
|  15|0x00000000a0f00000, 0x00000000a1000000, 0x00000000a1000000|100%| O|  |TAMS 0x00000000a1000000, 0x00000000a0f00000| Untracked 
|  16|0x00000000a1000000, 0x00000000a1100000, 0x00000000a1100000|100%| O|  |TAMS 0x00000000a1100000, 0x00000000a1000000| Untracked 
|  17|0x00000000a1100000, 0x00000000a1200000, 0x00000000a1200000|100%|HS|  |TAMS 0x00000000a1200000, 0x00000000a1100000| Complete 
|  18|0x00000000a1200000, 0x00000000a1300000, 0x00000000a1300000|100%| O|  |TAMS 0x00000000a1300000, 0x00000000a1200000| Untracked 
|  19|0x00000000a1300000, 0x00000000a1400000, 0x00000000a1400000|100%| O|  |TAMS 0x00000000a1400000, 0x00000000a1300000| Untracked 
|  20|0x00000000a1400000, 0x00000000a1500000, 0x00000000a1500000|100%| O|  |TAMS 0x00000000a1500000, 0x00000000a1400000| Untracked 
|  21|0x00000000a1500000, 0x00000000a1600000, 0x00000000a1600000|100%| O|  |TAMS 0x00000000a1600000, 0x00000000a1500000| Untracked 
|  22|0x00000000a1600000, 0x00000000a1700000, 0x00000000a1700000|100%| O|  |TAMS 0x00000000a1700000, 0x00000000a1600000| Untracked 
|  23|0x00000000a1700000, 0x00000000a1800000, 0x00000000a1800000|100%|HS|  |TAMS 0x00000000a1800000, 0x00000000a1700000| Complete 
|  24|0x00000000a1800000, 0x00000000a1900000, 0x00000000a1900000|100%| O|  |TAMS 0x00000000a1900000, 0x00000000a1800000| Untracked 
|  25|0x00000000a1900000, 0x00000000a1a00000, 0x00000000a1a00000|100%|HS|  |TAMS 0x00000000a1a00000, 0x00000000a1900000| Complete 
|  26|0x00000000a1a00000, 0x00000000a1b00000, 0x00000000a1b00000|100%|HC|  |TAMS 0x00000000a1b00000, 0x00000000a1a00000| Complete 
|  27|0x00000000a1b00000, 0x00000000a1c00000, 0x00000000a1c00000|100%| O|  |TAMS 0x00000000a1c00000, 0x00000000a1b00000| Untracked 
|  28|0x00000000a1c00000, 0x00000000a1d00000, 0x00000000a1d00000|100%| O|  |TAMS 0x00000000a1d00000, 0x00000000a1c00000| Untracked 
|  29|0x00000000a1d00000, 0x00000000a1e00000, 0x00000000a1e00000|100%| O|  |TAMS 0x00000000a1e00000, 0x00000000a1d00000| Untracked 
|  30|0x00000000a1e00000, 0x00000000a1f00000, 0x00000000a1f00000|100%| O|  |TAMS 0x00000000a1f00000, 0x00000000a1e00000| Untracked 
|  31|0x00000000a1f00000, 0x00000000a2000000, 0x00000000a2000000|100%| O|  |TAMS 0x00000000a2000000, 0x00000000a1f00000| Untracked 
|  32|0x00000000a2000000, 0x00000000a2100000, 0x00000000a2100000|100%| O|  |TAMS 0x00000000a2100000, 0x00000000a2000000| Untracked 
|  33|0x00000000a2100000, 0x00000000a2200000, 0x00000000a2200000|100%| O|  |TAMS 0x00000000a2200000, 0x00000000a2100000| Untracked 
|  34|0x00000000a2200000, 0x00000000a2300000, 0x00000000a2300000|100%| O|  |TAMS 0x00000000a2300000, 0x00000000a2200000| Untracked 
|  35|0x00000000a2300000, 0x00000000a2400000, 0x00000000a2400000|100%| O|  |TAMS 0x00000000a2400000, 0x00000000a2300000| Untracked 
|  36|0x00000000a2400000, 0x00000000a2500000, 0x00000000a2500000|100%| O|  |TAMS 0x00000000a2500000, 0x00000000a2400000| Untracked 
|  37|0x00000000a2500000, 0x00000000a2600000, 0x00000000a2600000|100%|HS|  |TAMS 0x00000000a2600000, 0x00000000a2500000| Complete 
|  38|0x00000000a2600000, 0x00000000a2700000, 0x00000000a2700000|100%| O|  |TAMS 0x00000000a2700000, 0x00000000a2600000| Untracked 
|  39|0x00000000a2700000, 0x00000000a2800000, 0x00000000a2800000|100%| O|  |TAMS 0x00000000a2800000, 0x00000000a2700000| Untracked 
|  40|0x00000000a2800000, 0x00000000a2900000, 0x00000000a2900000|100%| O|  |TAMS 0x00000000a2900000, 0x00000000a2800000| Untracked 
|  41|0x00000000a2900000, 0x00000000a2a00000, 0x00000000a2a00000|100%| O|  |TAMS 0x00000000a2a00000, 0x00000000a2900000| Untracked 
|  42|0x00000000a2a00000, 0x00000000a2b00000, 0x00000000a2b00000|100%| O|  |TAMS 0x00000000a2b00000, 0x00000000a2a00000| Untracked 
|  43|0x00000000a2b00000, 0x00000000a2c00000, 0x00000000a2c00000|100%| O|  |TAMS 0x00000000a2c00000, 0x00000000a2b00000| Untracked 
|  44|0x00000000a2c00000, 0x00000000a2d00000, 0x00000000a2d00000|100%| O|  |TAMS 0x00000000a2d00000, 0x00000000a2c00000| Untracked 
|  45|0x00000000a2d00000, 0x00000000a2e00000, 0x00000000a2e00000|100%| O|  |TAMS 0x00000000a2e00000, 0x00000000a2d00000| Untracked 
|  46|0x00000000a2e00000, 0x00000000a2f00000, 0x00000000a2f00000|100%| O|  |TAMS 0x00000000a2f00000, 0x00000000a2e00000| Untracked 
|  47|0x00000000a2f00000, 0x00000000a3000000, 0x00000000a3000000|100%| O|  |TAMS 0x00000000a3000000, 0x00000000a2f00000| Untracked 
|  48|0x00000000a3000000, 0x00000000a3100000, 0x00000000a3100000|100%| O|  |TAMS 0x00000000a3100000, 0x00000000a3000000| Untracked 
|  49|0x00000000a3100000, 0x00000000a3200000, 0x00000000a3200000|100%| O|  |TAMS 0x00000000a3200000, 0x00000000a3100000| Untracked 
|  50|0x00000000a3200000, 0x00000000a3300000, 0x00000000a3300000|100%| O|  |TAMS 0x00000000a3300000, 0x00000000a3200000| Untracked 
|  51|0x00000000a3300000, 0x00000000a3400000, 0x00000000a3400000|100%| O|  |TAMS 0x00000000a3400000, 0x00000000a3300000| Untracked 
|  52|0x00000000a3400000, 0x00000000a3500000, 0x00000000a3500000|100%| O|  |TAMS 0x00000000a3500000, 0x00000000a3400000| Untracked 
|  53|0x00000000a3500000, 0x00000000a3600000, 0x00000000a3600000|100%| O|  |TAMS 0x00000000a3600000, 0x00000000a3500000| Untracked 
|  54|0x00000000a3600000, 0x00000000a3700000, 0x00000000a3700000|100%| O|  |TAMS 0x00000000a3633600, 0x00000000a3600000| Untracked 
|  55|0x00000000a3700000, 0x00000000a3800000, 0x00000000a3800000|100%| O|  |TAMS 0x00000000a3700000, 0x00000000a3700000| Untracked 
|  56|0x00000000a3800000, 0x00000000a3900000, 0x00000000a3900000|100%| O|  |TAMS 0x00000000a3800000, 0x00000000a3800000| Untracked 
|  57|0x00000000a3900000, 0x00000000a3a00000, 0x00000000a3a00000|100%| O|  |TAMS 0x00000000a3900000, 0x00000000a3900000| Untracked 
|  58|0x00000000a3a00000, 0x00000000a3b00000, 0x00000000a3b00000|100%| O|  |TAMS 0x00000000a3a00000, 0x00000000a3a00000| Untracked 
|  59|0x00000000a3b00000, 0x00000000a3c00000, 0x00000000a3c00000|100%| O|  |TAMS 0x00000000a3b00000, 0x00000000a3b00000| Untracked 
|  60|0x00000000a3c00000, 0x00000000a3d00000, 0x00000000a3d00000|100%| O|  |TAMS 0x00000000a3d00000, 0x00000000a3c00000| Untracked 
|  61|0x00000000a3d00000, 0x00000000a3e00000, 0x00000000a3e00000|100%| O|  |TAMS 0x00000000a3d00000, 0x00000000a3d00000| Untracked 
|  62|0x00000000a3e00000, 0x00000000a3f00000, 0x00000000a3f00000|100%| O|  |TAMS 0x00000000a3e00000, 0x00000000a3e00000| Untracked 
|  63|0x00000000a3f00000, 0x00000000a4000000, 0x00000000a4000000|100%| O|  |TAMS 0x00000000a3f00000, 0x00000000a3f00000| Untracked 
|  64|0x00000000a4000000, 0x00000000a4100000, 0x00000000a4100000|100%| O|  |TAMS 0x00000000a4000000, 0x00000000a4000000| Untracked 
|  65|0x00000000a4100000, 0x00000000a4200000, 0x00000000a4200000|100%| O|  |TAMS 0x00000000a4100000, 0x00000000a4100000| Untracked 
|  66|0x00000000a4200000, 0x00000000a4300000, 0x00000000a4300000|100%| O|  |TAMS 0x00000000a4200000, 0x00000000a4200000| Untracked 
|  67|0x00000000a4300000, 0x00000000a4400000, 0x00000000a4400000|100%| O|  |TAMS 0x00000000a4300000, 0x00000000a4300000| Untracked 
|  68|0x00000000a4400000, 0x00000000a4500000, 0x00000000a4500000|100%| O|  |TAMS 0x00000000a4400000, 0x00000000a4400000| Untracked 
|  69|0x00000000a4500000, 0x00000000a4600000, 0x00000000a4600000|100%| O|  |TAMS 0x00000000a4500000, 0x00000000a4500000| Untracked 
|  70|0x00000000a4600000, 0x00000000a4700000, 0x00000000a4700000|100%| O|  |TAMS 0x00000000a4600000, 0x00000000a4600000| Untracked 
|  71|0x00000000a4700000, 0x00000000a4800000, 0x00000000a4800000|100%| O|  |TAMS 0x00000000a4700000, 0x00000000a4700000| Untracked 
|  72|0x00000000a4800000, 0x00000000a4900000, 0x00000000a4900000|100%| O|  |TAMS 0x00000000a4800000, 0x00000000a4800000| Untracked 
|  73|0x00000000a4900000, 0x00000000a4a00000, 0x00000000a4a00000|100%| O|  |TAMS 0x00000000a4900000, 0x00000000a4900000| Untracked 
|  74|0x00000000a4a00000, 0x00000000a4b00000, 0x00000000a4b00000|100%| O|  |TAMS 0x00000000a4a00000, 0x00000000a4a00000| Untracked 
|  75|0x00000000a4b00000, 0x00000000a4c00000, 0x00000000a4c00000|100%| O|  |TAMS 0x00000000a4b00000, 0x00000000a4b00000| Untracked 
|  76|0x00000000a4c00000, 0x00000000a4d00000, 0x00000000a4d00000|100%| O|  |TAMS 0x00000000a4c00000, 0x00000000a4c00000| Untracked 
|  77|0x00000000a4d00000, 0x00000000a4e00000, 0x00000000a4e00000|100%| O|  |TAMS 0x00000000a4d00000, 0x00000000a4d00000| Untracked 
|  78|0x00000000a4e00000, 0x00000000a4f00000, 0x00000000a4f00000|100%| O|  |TAMS 0x00000000a4e00000, 0x00000000a4e00000| Untracked 
|  79|0x00000000a4f00000, 0x00000000a4fc2a00, 0x00000000a5000000| 76%| O|  |TAMS 0x00000000a4f00000, 0x00000000a4f00000| Untracked 
|  80|0x00000000a5000000, 0x00000000a5000000, 0x00000000a5100000|  0%| F|  |TAMS 0x00000000a5000000, 0x00000000a5000000| Untracked 
|  81|0x00000000a5100000, 0x00000000a5100000, 0x00000000a5200000|  0%| F|  |TAMS 0x00000000a5100000, 0x00000000a5100000| Untracked 
|  82|0x00000000a5200000, 0x00000000a5200000, 0x00000000a5300000|  0%| F|  |TAMS 0x00000000a5200000, 0x00000000a5200000| Untracked 
|  83|0x00000000a5300000, 0x00000000a5300000, 0x00000000a5400000|  0%| F|  |TAMS 0x00000000a5300000, 0x00000000a5300000| Untracked 
|  84|0x00000000a5400000, 0x00000000a5400000, 0x00000000a5500000|  0%| F|  |TAMS 0x00000000a5400000, 0x00000000a5400000| Untracked 
|  85|0x00000000a5500000, 0x00000000a5500000, 0x00000000a5600000|  0%| F|  |TAMS 0x00000000a5500000, 0x00000000a5500000| Untracked 
|  86|0x00000000a5600000, 0x00000000a5600000, 0x00000000a5700000|  0%| F|  |TAMS 0x00000000a5600000, 0x00000000a5600000| Untracked 
|  87|0x00000000a5700000, 0x00000000a5700000, 0x00000000a5800000|  0%| F|  |TAMS 0x00000000a5700000, 0x00000000a5700000| Untracked 
|  88|0x00000000a5800000, 0x00000000a5800000, 0x00000000a5900000|  0%| F|  |TAMS 0x00000000a5800000, 0x00000000a5800000| Untracked 
|  89|0x00000000a5900000, 0x00000000a5900000, 0x00000000a5a00000|  0%| F|  |TAMS 0x00000000a5900000, 0x00000000a5900000| Untracked 
|  90|0x00000000a5a00000, 0x00000000a5a00000, 0x00000000a5b00000|  0%| F|  |TAMS 0x00000000a5a00000, 0x00000000a5a00000| Untracked 
|  91|0x00000000a5b00000, 0x00000000a5b00000, 0x00000000a5c00000|  0%| F|  |TAMS 0x00000000a5b00000, 0x00000000a5b00000| Untracked 
|  92|0x00000000a5c00000, 0x00000000a5c00000, 0x00000000a5d00000|  0%| F|  |TAMS 0x00000000a5c00000, 0x00000000a5c00000| Untracked 
|  93|0x00000000a5d00000, 0x00000000a5d00000, 0x00000000a5e00000|  0%| F|  |TAMS 0x00000000a5d00000, 0x00000000a5d00000| Untracked 
|  94|0x00000000a5e00000, 0x00000000a5e00000, 0x00000000a5f00000|  0%| F|  |TAMS 0x00000000a5e00000, 0x00000000a5e00000| Untracked 
|  95|0x00000000a5f00000, 0x00000000a5f00000, 0x00000000a6000000|  0%| F|  |TAMS 0x00000000a5f00000, 0x00000000a5f00000| Untracked 
|  96|0x00000000a6000000, 0x00000000a6000000, 0x00000000a6100000|  0%| F|  |TAMS 0x00000000a6000000, 0x00000000a6000000| Untracked 
|  97|0x00000000a6100000, 0x00000000a6100000, 0x00000000a6200000|  0%| F|  |TAMS 0x00000000a6100000, 0x00000000a6100000| Untracked 
|  98|0x00000000a6200000, 0x00000000a6200000, 0x00000000a6300000|  0%| F|  |TAMS 0x00000000a6200000, 0x00000000a6200000| Untracked 
|  99|0x00000000a6300000, 0x00000000a6300000, 0x00000000a6400000|  0%| F|  |TAMS 0x00000000a6300000, 0x00000000a6300000| Untracked 
| 100|0x00000000a6400000, 0x00000000a6400000, 0x00000000a6500000|  0%| F|  |TAMS 0x00000000a6400000, 0x00000000a6400000| Untracked 
| 101|0x00000000a6500000, 0x00000000a6500000, 0x00000000a6600000|  0%| F|  |TAMS 0x00000000a6500000, 0x00000000a6500000| Untracked 
| 102|0x00000000a6600000, 0x00000000a6600000, 0x00000000a6700000|  0%| F|  |TAMS 0x00000000a6600000, 0x00000000a6600000| Untracked 
| 103|0x00000000a6700000, 0x00000000a6700000, 0x00000000a6800000|  0%| F|  |TAMS 0x00000000a6700000, 0x00000000a6700000| Untracked 
| 104|0x00000000a6800000, 0x00000000a6855048, 0x00000000a6900000| 33%| S|CS|TAMS 0x00000000a6800000, 0x00000000a6800000| Complete 
| 105|0x00000000a6900000, 0x00000000a6a00000, 0x00000000a6a00000|100%| S|CS|TAMS 0x00000000a6900000, 0x00000000a6900000| Complete 
| 106|0x00000000a6a00000, 0x00000000a6a00000, 0x00000000a6b00000|  0%| F|  |TAMS 0x00000000a6a00000, 0x00000000a6a00000| Untracked 
| 107|0x00000000a6b00000, 0x00000000a6b00000, 0x00000000a6c00000|  0%| F|  |TAMS 0x00000000a6b00000, 0x00000000a6b00000| Untracked 
| 108|0x00000000a6c00000, 0x00000000a6c00000, 0x00000000a6d00000|  0%| F|  |TAMS 0x00000000a6c00000, 0x00000000a6c00000| Untracked 
| 109|0x00000000a6d00000, 0x00000000a6d00000, 0x00000000a6e00000|  0%| F|  |TAMS 0x00000000a6d00000, 0x00000000a6d00000| Untracked 
| 110|0x00000000a6e00000, 0x00000000a6e00000, 0x00000000a6f00000|  0%| F|  |TAMS 0x00000000a6e00000, 0x00000000a6e00000| Untracked 
| 111|0x00000000a6f00000, 0x00000000a6f00000, 0x00000000a7000000|  0%| F|  |TAMS 0x00000000a6f00000, 0x00000000a6f00000| Untracked 
| 112|0x00000000a7000000, 0x00000000a7100000, 0x00000000a7100000|100%| S|CS|TAMS 0x00000000a7000000, 0x00000000a7000000| Complete 
| 113|0x00000000a7100000, 0x00000000a7200000, 0x00000000a7200000|100%| S|CS|TAMS 0x00000000a7100000, 0x00000000a7100000| Complete 
| 114|0x00000000a7200000, 0x00000000a7300000, 0x00000000a7300000|100%| S|CS|TAMS 0x00000000a7200000, 0x00000000a7200000| Complete 
| 115|0x00000000a7300000, 0x00000000a7400000, 0x00000000a7400000|100%| S|CS|TAMS 0x00000000a7300000, 0x00000000a7300000| Complete 
| 116|0x00000000a7400000, 0x00000000a7500000, 0x00000000a7500000|100%| S|CS|TAMS 0x00000000a7400000, 0x00000000a7400000| Complete 
| 117|0x00000000a7500000, 0x00000000a7600000, 0x00000000a7600000|100%| S|CS|TAMS 0x00000000a7500000, 0x00000000a7500000| Complete 
| 118|0x00000000a7600000, 0x00000000a7600000, 0x00000000a7700000|  0%| F|  |TAMS 0x00000000a7600000, 0x00000000a7600000| Untracked 
| 119|0x00000000a7700000, 0x00000000a7700000, 0x00000000a7800000|  0%| F|  |TAMS 0x00000000a7700000, 0x00000000a7700000| Untracked 
| 120|0x00000000a7800000, 0x00000000a7800000, 0x00000000a7900000|  0%| F|  |TAMS 0x00000000a7800000, 0x00000000a7800000| Untracked 
| 121|0x00000000a7900000, 0x00000000a7900000, 0x00000000a7a00000|  0%| F|  |TAMS 0x00000000a7900000, 0x00000000a7900000| Untracked 
| 122|0x00000000a7a00000, 0x00000000a7a00000, 0x00000000a7b00000|  0%| F|  |TAMS 0x00000000a7a00000, 0x00000000a7a00000| Untracked 
| 123|0x00000000a7b00000, 0x00000000a7b00000, 0x00000000a7c00000|  0%| F|  |TAMS 0x00000000a7b00000, 0x00000000a7b00000| Untracked 
| 124|0x00000000a7c00000, 0x00000000a7c00000, 0x00000000a7d00000|  0%| F|  |TAMS 0x00000000a7c00000, 0x00000000a7c00000| Untracked 
| 125|0x00000000a7d00000, 0x00000000a7d00000, 0x00000000a7e00000|  0%| F|  |TAMS 0x00000000a7d00000, 0x00000000a7d00000| Untracked 
| 126|0x00000000a7e00000, 0x00000000a7e00000, 0x00000000a7f00000|  0%| F|  |TAMS 0x00000000a7e00000, 0x00000000a7e00000| Untracked 
| 127|0x00000000a7f00000, 0x00000000a7f00000, 0x00000000a8000000|  0%| F|  |TAMS 0x00000000a7f00000, 0x00000000a7f00000| Untracked 
| 128|0x00000000a8000000, 0x00000000a8000000, 0x00000000a8100000|  0%| F|  |TAMS 0x00000000a8000000, 0x00000000a8000000| Untracked 
| 129|0x00000000a8100000, 0x00000000a8100000, 0x00000000a8200000|  0%| F|  |TAMS 0x00000000a8100000, 0x00000000a8100000| Untracked 
| 130|0x00000000a8200000, 0x00000000a8200000, 0x00000000a8300000|  0%| F|  |TAMS 0x00000000a8200000, 0x00000000a8200000| Untracked 
| 131|0x00000000a8300000, 0x00000000a8300000, 0x00000000a8400000|  0%| F|  |TAMS 0x00000000a8300000, 0x00000000a8300000| Untracked 
| 132|0x00000000a8400000, 0x00000000a8400000, 0x00000000a8500000|  0%| F|  |TAMS 0x00000000a8400000, 0x00000000a8400000| Untracked 
| 133|0x00000000a8500000, 0x00000000a8500000, 0x00000000a8600000|  0%| F|  |TAMS 0x00000000a8500000, 0x00000000a8500000| Untracked 
| 134|0x00000000a8600000, 0x00000000a8600000, 0x00000000a8700000|  0%| F|  |TAMS 0x00000000a8600000, 0x00000000a8600000| Untracked 
| 135|0x00000000a8700000, 0x00000000a8700000, 0x00000000a8800000|  0%| F|  |TAMS 0x00000000a8700000, 0x00000000a8700000| Untracked 
| 136|0x00000000a8800000, 0x00000000a8800000, 0x00000000a8900000|  0%| F|  |TAMS 0x00000000a8800000, 0x00000000a8800000| Untracked 
| 137|0x00000000a8900000, 0x00000000a8900000, 0x00000000a8a00000|  0%| F|  |TAMS 0x00000000a8900000, 0x00000000a8900000| Untracked 
| 138|0x00000000a8a00000, 0x00000000a8a00000, 0x00000000a8b00000|  0%| F|  |TAMS 0x00000000a8a00000, 0x00000000a8a00000| Untracked 
| 139|0x00000000a8b00000, 0x00000000a8be3388, 0x00000000a8c00000| 88%| E|  |TAMS 0x00000000a8b00000, 0x00000000a8b00000| Complete 
| 140|0x00000000a8c00000, 0x00000000a8d00000, 0x00000000a8d00000|100%| E|CS|TAMS 0x00000000a8c00000, 0x00000000a8c00000| Complete 
| 141|0x00000000a8d00000, 0x00000000a8e00000, 0x00000000a8e00000|100%| E|CS|TAMS 0x00000000a8d00000, 0x00000000a8d00000| Complete 
| 142|0x00000000a8e00000, 0x00000000a8f00000, 0x00000000a8f00000|100%| E|CS|TAMS 0x00000000a8e00000, 0x00000000a8e00000| Complete 
| 143|0x00000000a8f00000, 0x00000000a9000000, 0x00000000a9000000|100%| E|CS|TAMS 0x00000000a8f00000, 0x00000000a8f00000| Complete 
| 144|0x00000000a9000000, 0x00000000a9100000, 0x00000000a9100000|100%| E|CS|TAMS 0x00000000a9000000, 0x00000000a9000000| Complete 
| 145|0x00000000a9100000, 0x00000000a9200000, 0x00000000a9200000|100%| E|CS|TAMS 0x00000000a9100000, 0x00000000a9100000| Complete 
| 146|0x00000000a9200000, 0x00000000a9300000, 0x00000000a9300000|100%| E|CS|TAMS 0x00000000a9200000, 0x00000000a9200000| Complete 
| 147|0x00000000a9300000, 0x00000000a9400000, 0x00000000a9400000|100%| E|CS|TAMS 0x00000000a9300000, 0x00000000a9300000| Complete 
| 148|0x00000000a9400000, 0x00000000a9500000, 0x00000000a9500000|100%| E|CS|TAMS 0x00000000a9400000, 0x00000000a9400000| Complete 
| 149|0x00000000a9500000, 0x00000000a9600000, 0x00000000a9600000|100%| E|CS|TAMS 0x00000000a9500000, 0x00000000a9500000| Complete 
| 150|0x00000000a9600000, 0x00000000a9700000, 0x00000000a9700000|100%| E|CS|TAMS 0x00000000a9600000, 0x00000000a9600000| Complete 
| 151|0x00000000a9700000, 0x00000000a9800000, 0x00000000a9800000|100%| E|CS|TAMS 0x00000000a9700000, 0x00000000a9700000| Complete 
| 152|0x00000000a9800000, 0x00000000a9900000, 0x00000000a9900000|100%| E|CS|TAMS 0x00000000a9800000, 0x00000000a9800000| Complete 
| 153|0x00000000a9900000, 0x00000000a9a00000, 0x00000000a9a00000|100%| E|CS|TAMS 0x00000000a9900000, 0x00000000a9900000| Complete 
| 154|0x00000000a9a00000, 0x00000000a9b00000, 0x00000000a9b00000|100%| E|CS|TAMS 0x00000000a9a00000, 0x00000000a9a00000| Complete 
| 155|0x00000000a9b00000, 0x00000000a9c00000, 0x00000000a9c00000|100%| E|CS|TAMS 0x00000000a9b00000, 0x00000000a9b00000| Complete 
| 156|0x00000000a9c00000, 0x00000000a9d00000, 0x00000000a9d00000|100%| E|CS|TAMS 0x00000000a9c00000, 0x00000000a9c00000| Complete 
| 157|0x00000000a9d00000, 0x00000000a9e00000, 0x00000000a9e00000|100%| E|CS|TAMS 0x00000000a9d00000, 0x00000000a9d00000| Complete 
| 158|0x00000000a9e00000, 0x00000000a9f00000, 0x00000000a9f00000|100%| E|CS|TAMS 0x00000000a9e00000, 0x00000000a9e00000| Complete 
| 159|0x00000000a9f00000, 0x00000000aa000000, 0x00000000aa000000|100%| E|CS|TAMS 0x00000000a9f00000, 0x00000000a9f00000| Complete 
| 160|0x00000000aa000000, 0x00000000aa100000, 0x00000000aa100000|100%| E|CS|TAMS 0x00000000aa000000, 0x00000000aa000000| Complete 
| 161|0x00000000aa100000, 0x00000000aa200000, 0x00000000aa200000|100%| E|CS|TAMS 0x00000000aa100000, 0x00000000aa100000| Complete 
| 162|0x00000000aa200000, 0x00000000aa300000, 0x00000000aa300000|100%| E|CS|TAMS 0x00000000aa200000, 0x00000000aa200000| Complete 
| 163|0x00000000aa300000, 0x00000000aa400000, 0x00000000aa400000|100%| E|CS|TAMS 0x00000000aa300000, 0x00000000aa300000| Complete 
| 164|0x00000000aa400000, 0x00000000aa500000, 0x00000000aa500000|100%| E|CS|TAMS 0x00000000aa400000, 0x00000000aa400000| Complete 
| 165|0x00000000aa500000, 0x00000000aa600000, 0x00000000aa600000|100%| E|CS|TAMS 0x00000000aa500000, 0x00000000aa500000| Complete 
| 166|0x00000000aa600000, 0x00000000aa700000, 0x00000000aa700000|100%| E|CS|TAMS 0x00000000aa600000, 0x00000000aa600000| Complete 
| 167|0x00000000aa700000, 0x00000000aa800000, 0x00000000aa800000|100%| E|CS|TAMS 0x00000000aa700000, 0x00000000aa700000| Complete 
| 168|0x00000000aa800000, 0x00000000aa900000, 0x00000000aa900000|100%| E|CS|TAMS 0x00000000aa800000, 0x00000000aa800000| Complete 
| 169|0x00000000aa900000, 0x00000000aaa00000, 0x00000000aaa00000|100%| E|CS|TAMS 0x00000000aa900000, 0x00000000aa900000| Complete 
| 170|0x00000000aaa00000, 0x00000000aab00000, 0x00000000aab00000|100%| E|CS|TAMS 0x00000000aaa00000, 0x00000000aaa00000| Complete 
| 171|0x00000000aab00000, 0x00000000aac00000, 0x00000000aac00000|100%| E|CS|TAMS 0x00000000aab00000, 0x00000000aab00000| Complete 
| 172|0x00000000aac00000, 0x00000000aad00000, 0x00000000aad00000|100%| E|CS|TAMS 0x00000000aac00000, 0x00000000aac00000| Complete 
| 173|0x00000000aad00000, 0x00000000aae00000, 0x00000000aae00000|100%| E|CS|TAMS 0x00000000aad00000, 0x00000000aad00000| Complete 
| 174|0x00000000aae00000, 0x00000000aaf00000, 0x00000000aaf00000|100%| E|CS|TAMS 0x00000000aae00000, 0x00000000aae00000| Complete 
| 175|0x00000000aaf00000, 0x00000000ab000000, 0x00000000ab000000|100%| E|CS|TAMS 0x00000000aaf00000, 0x00000000aaf00000| Complete 
| 176|0x00000000ab000000, 0x00000000ab100000, 0x00000000ab100000|100%| E|CS|TAMS 0x00000000ab000000, 0x00000000ab000000| Complete 
| 177|0x00000000ab100000, 0x00000000ab200000, 0x00000000ab200000|100%| E|CS|TAMS 0x00000000ab100000, 0x00000000ab100000| Complete 
| 178|0x00000000ab200000, 0x00000000ab300000, 0x00000000ab300000|100%| E|CS|TAMS 0x00000000ab200000, 0x00000000ab200000| Complete 

Card table byte_map: [0x000001a8a10c0000,0x000001a8a13c0000] _byte_map_base: 0x000001a8a0bc0000

Marking Bits (Prev, Next): (CMBitMap*) 0x000001a88d994cb0, (CMBitMap*) 0x000001a88d994c78
 Prev Bits: [0x000001a8a2ec0000, 0x000001a8a46c0000)
 Next Bits: [0x000001a8a16c0000, 0x000001a8a2ec0000)

Polling page: 0x000001a88c060000

Metaspace:

Usage:
  Non-class:     80.20 MB capacity,    78.41 MB ( 98%) used,     1.50 MB (  2%) free+waste,   301.00 KB ( <1%) overhead. 
      Class:     12.54 MB capacity,    11.47 MB ( 91%) used,   958.29 KB (  7%) free+waste,   138.56 KB (  1%) overhead. 
       Both:     92.75 MB capacity,    89.88 MB ( 97%) used,     2.44 MB (  3%) free+waste,   439.56 KB ( <1%) overhead. 

Virtual space:
  Non-class space:       82.00 MB reserved,      80.33 MB ( 98%) committed 
      Class space:        1.00 GB reserved,      12.57 MB (  1%) committed 
             Both:        1.08 GB reserved,      92.90 MB (  8%) committed 

Chunk freelists:
   Non-Class:  0 bytes
       Class:  0 bytes
        Both:  0 bytes

MaxMetaspaceSize: 17179869184.00 GB
CompressedClassSpaceSize: 1.00 GB
Initial GC threshold: 20.80 MB
Current GC threshold: 126.71 MB
CDS: off

CodeHeap 'non-profiled nmethods': size=120064Kb used=8022Kb max_used=8022Kb free=112041Kb
 bounds [0x000001a899250000, 0x000001a899a30000, 0x000001a8a0790000]
CodeHeap 'profiled nmethods': size=120000Kb used=28056Kb max_used=28056Kb free=91943Kb
 bounds [0x000001a891d20000, 0x000001a893890000, 0x000001a899250000]
CodeHeap 'non-nmethods': size=5696Kb used=2465Kb max_used=2582Kb free=3230Kb
 bounds [0x000001a891790000, 0x000001a891a20000, 0x000001a891d20000]
 total_blobs=12600 nmethods=11703 adapters=816
 compilation: enabled
              stopped_count=0, restarted_count=0
 full_count=0

Compilation events (20 events):
Event: 22.893 Thread 0x000001a8a7571800 nmethod 11724 0x000001a89386c410 code [0x000001a89386c5c0, 0x000001a89386c6e8]
Event: 22.895 Thread 0x000001a8a7571800 11725       2       org.gradle.internal.fingerprint.impl.PatternSetSnapshottingFilter$$Lambda$998/0x0000000100afa040::test (17 bytes)
Event: 22.895 Thread 0x000001a8a7571800 nmethod 11725 0x000001a89386c790 code [0x000001a89386c960, 0x000001a89386cb78]
Event: 22.898 Thread 0x000001a8a7571800 11726   !   2       sun.nio.fs.WindowsDirectoryStream::<init> (104 bytes)
Event: 22.898 Thread 0x000001a8a7571800 nmethod 11726 0x000001a89386cd10 code [0x000001a89386cf60, 0x000001a89386d618]
Event: 22.898 Thread 0x000001a8a7571800 11727       2       sun.nio.fs.WindowsNativeDispatcher$QueryDirectoryInformation::<init> (5 bytes)
Event: 22.898 Thread 0x000001a8a7571800 nmethod 11727 0x000001a89386da90 code [0x000001a89386dc40, 0x000001a89386dd38]
Event: 22.899 Thread 0x000001a8a7571800 11729       2       org.gradle.api.internal.file.pattern.EndOfPathMatcher::matches (12 bytes)
Event: 22.899 Thread 0x000001a8a7571800 nmethod 11729 0x000001a89386de10 code [0x000001a89386dfc0, 0x000001a89386e0d8]
Event: 22.906 Thread 0x000001a8a7571800 11730       2       com.google.common.cache.Striped64$Cell::cas (13 bytes)
Event: 22.906 Thread 0x000001a8a7571800 nmethod 11730 0x000001a89386e190 code [0x000001a89386e340, 0x000001a89386e458]
Event: 22.908 Thread 0x000001a8a7571800 11732       2       org.gradle.internal.fingerprint.impl.PatternSetSnapshottingFilter$PathBackedFileTreeElement::<init> (32 bytes)
Event: 22.908 Thread 0x000001a8a7571800 nmethod 11732 0x000001a89386e510 code [0x000001a89386e6c0, 0x000001a89386e938]
Event: 22.941 Thread 0x000001a8a7571800 11736   !   2       sun.nio.fs.WindowsDirectoryStream::close (59 bytes)
Event: 22.942 Thread 0x000001a8a7571800 nmethod 11736 0x000001a89386ea10 code [0x000001a89386ec00, 0x000001a89386efe8]
Event: 22.942 Thread 0x000001a8a7571800 11737       2       sun.nio.fs.WindowsNativeDispatcher::CloseNtQueryDirectoryInformation (8 bytes)
Event: 22.942 Thread 0x000001a8a7571800 nmethod 11737 0x000001a89386f210 code [0x000001a89386f3c0, 0x000001a89386f4c8]
Event: 22.942 Thread 0x000001a8a7571800 11738       2       sun.nio.fs.WindowsFileSystemProvider::newDirectoryStream (31 bytes)
Event: 22.943 Thread 0x000001a8a7571800 nmethod 11738 0x000001a89386f590 code [0x000001a89386f7e0, 0x000001a89386fde8]
Event: 23.005 Thread 0x000001a8a7571800 11741   !   2       org.gradle.internal.snapshot.FileSystemLeafSnapshot::accept (36 bytes)

GC Heap History (20 events):
Event: 7.872 GC heap before
{Heap before GC invocations=9 (full 0):
 garbage-first heap   total 152576K, used 110150K [0x00000000a0000000, 0x0000000100000000)
  region size 1024K, 89 young (91136K), 6 survivors (6144K)
 Metaspace       used 42915K, capacity 43953K, committed 44060K, reserved 1087488K
  class space    used 5394K, capacity 5800K, committed 5836K, reserved 1048576K
}
Event: 7.896 GC heap after
{Heap after GC invocations=10 (full 0):
 garbage-first heap   total 152576K, used 28479K [0x00000000a0000000, 0x0000000100000000)
  region size 1024K, 11 young (11264K), 11 survivors (11264K)
 Metaspace       used 42915K, capacity 43953K, committed 44060K, reserved 1087488K
  class space    used 5394K, capacity 5800K, committed 5836K, reserved 1048576K
}
Event: 9.356 GC heap before
{Heap before GC invocations=11 (full 0):
 garbage-first heap   total 152576K, used 109375K [0x00000000a0000000, 0x0000000100000000)
  region size 1024K, 89 young (91136K), 11 survivors (11264K)
 Metaspace       used 48819K, capacity 50072K, committed 50204K, reserved 1093632K
  class space    used 6117K, capacity 6569K, committed 6604K, reserved 1048576K
}
Event: 9.377 GC heap after
{Heap after GC invocations=12 (full 0):
 garbage-first heap   total 152576K, used 33451K [0x00000000a0000000, 0x0000000100000000)
  region size 1024K, 11 young (11264K), 11 survivors (11264K)
 Metaspace       used 48819K, capacity 50072K, committed 50204K, reserved 1093632K
  class space    used 6117K, capacity 6569K, committed 6604K, reserved 1048576K
}
Event: 10.844 GC heap before
{Heap before GC invocations=12 (full 0):
 garbage-first heap   total 152576K, used 116395K [0x00000000a0000000, 0x0000000100000000)
  region size 1024K, 88 young (90112K), 11 survivors (11264K)
 Metaspace       used 54754K, capacity 56287K, committed 56476K, reserved 1097728K
  class space    used 6843K, capacity 7404K, committed 7500K, reserved 1048576K
}
Event: 10.867 GC heap after
{Heap after GC invocations=13 (full 0):
 garbage-first heap   total 152576K, used 43929K [0x00000000a0000000, 0x0000000100000000)
  region size 1024K, 11 young (11264K), 11 survivors (11264K)
 Metaspace       used 54754K, capacity 56287K, committed 56476K, reserved 1097728K
  class space    used 6843K, capacity 7404K, committed 7500K, reserved 1048576K
}
Event: 12.157 GC heap before
{Heap before GC invocations=13 (full 0):
 garbage-first heap   total 152576K, used 120729K [0x00000000a0000000, 0x0000000100000000)
  region size 1024K, 80 young (81920K), 11 survivors (11264K)
 Metaspace       used 62894K, capacity 64552K, committed 64668K, reserved 1105920K
  class space    used 7828K, capacity 8467K, committed 8524K, reserved 1048576K
}
Event: 12.177 GC heap after
{Heap after GC invocations=14 (full 0):
 garbage-first heap   total 183296K, used 50453K [0x00000000a0000000, 0x0000000100000000)
  region size 1024K, 6 young (6144K), 6 survivors (6144K)
 Metaspace       used 62894K, capacity 64552K, committed 64668K, reserved 1105920K
  class space    used 7828K, capacity 8467K, committed 8524K, reserved 1048576K
}
Event: 13.535 GC heap before
{Heap before GC invocations=14 (full 0):
 garbage-first heap   total 183296K, used 131349K [0x00000000a0000000, 0x0000000100000000)
  region size 1024K, 84 young (86016K), 6 survivors (6144K)
 Metaspace       used 66294K, capacity 67984K, committed 68252K, reserved 1107968K
  class space    used 8278K, capacity 8939K, committed 9036K, reserved 1048576K
}
Event: 13.549 GC heap after
{Heap after GC invocations=15 (full 0):
 garbage-first heap   total 183296K, used 55711K [0x00000000a0000000, 0x0000000100000000)
  region size 1024K, 11 young (11264K), 11 survivors (11264K)
 Metaspace       used 66294K, capacity 67984K, committed 68252K, reserved 1107968K
  class space    used 8278K, capacity 8939K, committed 9036K, reserved 1048576K
}
Event: 14.761 GC heap before
{Heap before GC invocations=15 (full 0):
 garbage-first heap   total 183296K, used 119199K [0x00000000a0000000, 0x0000000100000000)
  region size 1024K, 74 young (75776K), 11 survivors (11264K)
 Metaspace       used 71597K, capacity 73271K, committed 73372K, reserved 1114112K
  class space    used 9116K, capacity 9737K, committed 9804K, reserved 1048576K
}
Event: 14.781 GC heap after
{Heap after GC invocations=16 (full 0):
 garbage-first heap   total 183296K, used 59593K [0x00000000a0000000, 0x0000000100000000)
  region size 1024K, 10 young (10240K), 10 survivors (10240K)
 Metaspace       used 71597K, capacity 73271K, committed 73372K, reserved 1114112K
  class space    used 9116K, capacity 9737K, committed 9804K, reserved 1048576K
}
Event: 16.052 GC heap before
{Heap before GC invocations=17 (full 0):
 garbage-first heap   total 183296K, used 139465K [0x00000000a0000000, 0x0000000100000000)
  region size 1024K, 87 young (89088K), 10 survivors (10240K)
 Metaspace       used 75301K, capacity 77316K, committed 77596K, reserved 1116160K
  class space    used 9649K, capacity 10359K, committed 10444K, reserved 1048576K
}
Event: 16.073 GC heap after
{Heap after GC invocations=18 (full 0):
 garbage-first heap   total 183296K, used 67789K [0x00000000a0000000, 0x0000000100000000)
  region size 1024K, 11 young (11264K), 11 survivors (11264K)
 Metaspace       used 75301K, capacity 77316K, committed 77596K, reserved 1116160K
  class space    used 9649K, capacity 10359K, committed 10444K, reserved 1048576K
}
Event: 17.629 GC heap before
{Heap before GC invocations=19 (full 0):
 garbage-first heap   total 183296K, used 142541K [0x00000000a0000000, 0x0000000100000000)
  region size 1024K, 84 young (86016K), 11 survivors (11264K)
 Metaspace       used 80153K, capacity 82631K, committed 82972K, reserved 1120256K
  class space    used 10398K, capacity 11346K, committed 11468K, reserved 1048576K
}
Event: 17.653 GC heap after
{Heap after GC invocations=20 (full 0):
 garbage-first heap   total 183296K, used 76478K [0x00000000a0000000, 0x0000000100000000)
  region size 1024K, 9 young (9216K), 9 survivors (9216K)
 Metaspace       used 80153K, capacity 82631K, committed 82972K, reserved 1120256K
  class space    used 10398K, capacity 11346K, committed 11468K, reserved 1048576K
}
Event: 18.944 GC heap before
{Heap before GC invocations=20 (full 0):
 garbage-first heap   total 183296K, used 144062K [0x00000000a0000000, 0x0000000100000000)
  region size 1024K, 76 young (77824K), 9 survivors (9216K)
 Metaspace       used 87890K, capacity 90747K, committed 90908K, reserved 1128448K
  class space    used 11403K, capacity 12443K, committed 12492K, reserved 1048576K
}
Event: 18.965 GC heap after
{Heap after GC invocations=21 (full 0):
 garbage-first heap   total 183296K, used 83294K [0x00000000a0000000, 0x0000000100000000)
  region size 1024K, 8 young (8192K), 8 survivors (8192K)
 Metaspace       used 87890K, capacity 90747K, committed 90908K, reserved 1128448K
  class space    used 11403K, capacity 12443K, committed 12492K, reserved 1048576K
}
Event: 21.042 GC heap before
{Heap before GC invocations=21 (full 0):
 garbage-first heap   total 183296K, used 144734K [0x00000000a0000000, 0x0000000100000000)
  region size 1024K, 69 young (70656K), 8 survivors (8192K)
 Metaspace       used 91578K, capacity 94468K, committed 94620K, reserved 1130496K
  class space    used 11730K, capacity 12832K, committed 12876K, reserved 1048576K
}
Event: 21.094 GC heap after
{Heap after GC invocations=22 (full 0):
 garbage-first heap   total 183296K, used 89182K [0x00000000a0000000, 0x0000000100000000)
  region size 1024K, 8 young (8192K), 8 survivors (8192K)
 Metaspace       used 91578K, capacity 94468K, committed 94620K, reserved 1130496K
  class space    used 11730K, capacity 12832K, committed 12876K, reserved 1048576K
}

Deoptimization events (20 events):
Event: 22.425 Thread 0x000001a8a76f8000 DEOPT PACKING pc=0x000001a89955ffd8 sp=0x0000008cf76fea30
Event: 22.425 Thread 0x000001a8a76f8000 DEOPT UNPACKING pc=0x000001a8917985af sp=0x0000008cf76fe9c0 mode 2
Event: 22.430 Thread 0x000001a8aeeb0800 DEOPT PACKING pc=0x000001a892bccd4c sp=0x0000008cfbcfd840
Event: 22.430 Thread 0x000001a8aeeb0800 DEOPT UNPACKING pc=0x000001a8917d9d0e sp=0x0000008cfbcfcdd8 mode 1
Event: 22.430 Thread 0x000001a8aeeb0800 DEOPT PACKING pc=0x000001a892bccd4c sp=0x0000008cfbcfd9d0
Event: 22.430 Thread 0x000001a8aeeb0800 DEOPT UNPACKING pc=0x000001a8917d9d0e sp=0x0000008cfbcfcf68 mode 1
Event: 22.431 Thread 0x000001a8aeeb0800 DEOPT PACKING pc=0x000001a892bccd4c sp=0x0000008cfbcfa450
Event: 22.431 Thread 0x000001a8aeeb0800 DEOPT UNPACKING pc=0x000001a8917d9d0e sp=0x0000008cfbcf99e8 mode 1
Event: 22.431 Thread 0x000001a8aeeb0800 DEOPT PACKING pc=0x000001a892bccd4c sp=0x0000008cfbcfa5e0
Event: 22.431 Thread 0x000001a8aeeb0800 DEOPT UNPACKING pc=0x000001a8917d9d0e sp=0x0000008cfbcf9b78 mode 1
Event: 22.432 Thread 0x000001a8aeeb0800 DEOPT PACKING pc=0x000001a892bccd4c sp=0x0000008cfbcfd4b0
Event: 22.432 Thread 0x000001a8aeeb0800 DEOPT UNPACKING pc=0x000001a8917d9d0e sp=0x0000008cfbcfca48 mode 1
Event: 22.432 Thread 0x000001a8aeeb0800 DEOPT PACKING pc=0x000001a892bccd4c sp=0x0000008cfbcfd640
Event: 22.432 Thread 0x000001a8aeeb0800 DEOPT UNPACKING pc=0x000001a8917d9d0e sp=0x0000008cfbcfcbd8 mode 1
Event: 22.621 Thread 0x000001a8aeeb2000 DEOPT PACKING pc=0x000001a892bccd4c sp=0x0000008cfbaf9830
Event: 22.621 Thread 0x000001a8aeeb2000 DEOPT UNPACKING pc=0x000001a8917d9d0e sp=0x0000008cfbaf8dc8 mode 1
Event: 22.621 Thread 0x000001a8aeeb2000 DEOPT PACKING pc=0x000001a892bccd4c sp=0x0000008cfbaf99c0
Event: 22.621 Thread 0x000001a8aeeb2000 DEOPT UNPACKING pc=0x000001a8917d9d0e sp=0x0000008cfbaf8f58 mode 1
Event: 22.731 Thread 0x000001a8a9b79000 DEOPT PACKING pc=0x000001a892ce9cb2 sp=0x0000008cf78fe4a0
Event: 22.731 Thread 0x000001a8a9b79000 DEOPT UNPACKING pc=0x000001a8917d9d0e sp=0x0000008cf78fd968 mode 0

Classes redefined (0 events):
No events

Internal exceptions (20 events):
Event: 22.022 Thread 0x000001a8aeeb2000 Exception <a 'sun/nio/fs/WindowsException'{0x00000000aa902a80}> (0x00000000aa902a80) thrown at [./src/hotspot/share/prims/jni.cpp, line 616]
Event: 22.043 Thread 0x000001a8aeeb2000 Exception <a 'sun/nio/fs/WindowsException'{0x00000000aa90bb20}> (0x00000000aa90bb20) thrown at [./src/hotspot/share/prims/jni.cpp, line 616]
Event: 22.065 Thread 0x000001a8aeeb2000 Exception <a 'sun/nio/fs/WindowsException'{0x00000000aa94bb88}> (0x00000000aa94bb88) thrown at [./src/hotspot/share/prims/jni.cpp, line 616]
Event: 22.069 Thread 0x000001a8aeeb2000 Exception <a 'sun/nio/fs/WindowsException'{0x00000000aa955920}> (0x00000000aa955920) thrown at [./src/hotspot/share/prims/jni.cpp, line 616]
Event: 22.199 Thread 0x000001a8aeeb2000 Exception <a 'sun/nio/fs/WindowsException'{0x00000000aa7bce40}> (0x00000000aa7bce40) thrown at [./src/hotspot/share/prims/jni.cpp, line 616]
Event: 22.237 Thread 0x000001a8aeeb2000 Exception <a 'sun/nio/fs/WindowsException'{0x00000000aa7f5128}> (0x00000000aa7f5128) thrown at [./src/hotspot/share/prims/jni.cpp, line 616]
Event: 22.246 Thread 0x000001a8aeeb2000 Exception <a 'sun/nio/fs/WindowsException'{0x00000000aa62d1a8}> (0x00000000aa62d1a8) thrown at [./src/hotspot/share/prims/jni.cpp, line 616]
Event: 22.249 Thread 0x000001a8aeeb2000 Exception <a 'sun/nio/fs/WindowsException'{0x00000000aa6380c0}> (0x00000000aa6380c0) thrown at [./src/hotspot/share/prims/jni.cpp, line 616]
Event: 22.264 Thread 0x000001a8aeeb2000 Exception <a 'sun/nio/fs/WindowsException'{0x00000000aa6848a0}> (0x00000000aa6848a0) thrown at [./src/hotspot/share/prims/jni.cpp, line 616]
Event: 22.271 Thread 0x000001a8aeeb2000 Exception <a 'sun/nio/fs/WindowsException'{0x00000000aa69a4a0}> (0x00000000aa69a4a0) thrown at [./src/hotspot/share/prims/jni.cpp, line 616]
Event: 22.278 Thread 0x000001a8aeeb2000 Exception <a 'sun/nio/fs/WindowsException'{0x00000000aa6ad220}> (0x00000000aa6ad220) thrown at [./src/hotspot/share/prims/jni.cpp, line 616]
Event: 22.293 Thread 0x000001a8aeeb2000 Exception <a 'sun/nio/fs/WindowsException'{0x00000000aa519188}> (0x00000000aa519188) thrown at [./src/hotspot/share/prims/jni.cpp, line 616]
Event: 22.310 Thread 0x000001a8aeeb2000 Exception <a 'sun/nio/fs/WindowsException'{0x00000000aa574238}> (0x00000000aa574238) thrown at [./src/hotspot/share/prims/jni.cpp, line 616]
Event: 22.316 Thread 0x000001a8aeeb2000 Exception <a 'sun/nio/fs/WindowsException'{0x00000000aa57f110}> (0x00000000aa57f110) thrown at [./src/hotspot/share/prims/jni.cpp, line 616]
Event: 22.330 Thread 0x000001a8aeeb2000 Exception <a 'sun/nio/fs/WindowsException'{0x00000000aa5b59f8}> (0x00000000aa5b59f8) thrown at [./src/hotspot/share/prims/jni.cpp, line 616]
Event: 22.361 Thread 0x000001a8aeeb2000 Exception <a 'sun/nio/fs/WindowsException'{0x00000000aa2b8998}> (0x00000000aa2b8998) thrown at [./src/hotspot/share/prims/jni.cpp, line 616]
Event: 22.368 Thread 0x000001a8aeeb2000 Exception <a 'sun/nio/fs/WindowsException'{0x00000000aa2dbd30}> (0x00000000aa2dbd30) thrown at [./src/hotspot/share/prims/jni.cpp, line 616]
Event: 22.391 Thread 0x000001a8aeeb2000 Exception <a 'sun/nio/fs/WindowsException'{0x00000000aa194608}> (0x00000000aa194608) thrown at [./src/hotspot/share/prims/jni.cpp, line 616]
Event: 22.398 Thread 0x000001a8aeeb2000 Exception <a 'sun/nio/fs/WindowsException'{0x00000000aa1c6b20}> (0x00000000aa1c6b20) thrown at [./src/hotspot/share/prims/jni.cpp, line 616]
Event: 22.405 Thread 0x000001a8aeeb2000 Exception <a 'sun/nio/fs/WindowsException'{0x00000000aa018b58}> (0x00000000aa018b58) thrown at [./src/hotspot/share/prims/jni.cpp, line 616]

Events (20 events):
Event: 22.500 loading class org/gradle/api/internal/tasks/compile/incremental/serialization/HierarchicalNameSerializer
Event: 22.500 loading class org/gradle/api/internal/tasks/compile/incremental/serialization/HierarchicalNameSerializer done
Event: 22.500 loading class org/gradle/api/internal/tasks/compile/incremental/serialization/HierarchicalNameSerializer
Event: 22.500 loading class org/gradle/api/internal/tasks/compile/incremental/serialization/HierarchicalNameSerializer done
Event: 22.569 loading class org/gradle/api/internal/tasks/compile/incremental/compilerapi/deps/DependentsSet
Event: 22.569 loading class org/gradle/api/internal/tasks/compile/incremental/compilerapi/deps/DependentsSet done
Event: 22.569 loading class com/google/common/collect/Multimap
Event: 22.569 loading class com/google/common/collect/Multimap done
Event: 22.575 loading class org/gradle/api/internal/tasks/compile/incremental/compilerapi/constants/ConstantToDependentsMappingBuilder
Event: 22.575 loading class org/gradle/api/internal/tasks/compile/incremental/compilerapi/constants/ConstantToDependentsMappingBuilder done
Event: 22.575 loading class org/gradle/api/internal/tasks/compile/incremental/compilerapi/constants/ConstantToDependentsMappingBuilder
Event: 22.575 loading class org/gradle/api/internal/tasks/compile/incremental/compilerapi/constants/ConstantToDependentsMappingBuilder done
Event: 22.621 loading class it/unimi/dsi/fastutil/ints/IntOpenHashSet$SetIterator
Event: 22.621 loading class it/unimi/dsi/fastutil/ints/IntOpenHashSet$SetIterator done
Event: 22.621 Executing VM operation: RevokeBias
Event: 22.621 Executing VM operation: RevokeBias done
Event: 22.621 Executing VM operation: RevokeBias
Event: 22.621 Executing VM operation: RevokeBias done
Event: 22.631 Loaded shared library D:\Android Studio\jre\bin\nio.dll
Event: 22.951 Loaded shared library D:\Android Studio\jre\bin\nio.dll


Dynamic libraries:
0x00007ff7f78c0000 - 0x00007ff7f78ca000 	D:\Android Studio\jre\bin\java.exe
0x00007ff971eb0000 - 0x00007ff9720c4000 	C:\WINDOWS\SYSTEM32\ntdll.dll
0x00007ff971d90000 - 0x00007ff971e52000 	C:\WINDOWS\System32\KERNEL32.DLL
0x00007ff96ef10000 - 0x00007ff96f2b3000 	C:\WINDOWS\System32\KERNELBASE.dll
0x00007ff96f840000 - 0x00007ff96f951000 	C:\WINDOWS\System32\ucrtbase.dll
0x00007ff966fa0000 - 0x00007ff966fb9000 	D:\Android Studio\jre\bin\jli.dll
0x00007ff95ea90000 - 0x00007ff95eaa7000 	D:\Android Studio\jre\bin\VCRUNTIME140.dll
0x00007ff970500000 - 0x00007ff9706ab000 	C:\WINDOWS\System32\USER32.dll
0x00007ff96f4f0000 - 0x00007ff96f516000 	C:\WINDOWS\System32\win32u.dll
0x00007ff971720000 - 0x00007ff971749000 	C:\WINDOWS\System32\GDI32.dll
0x00007ff9558a0000 - 0x00007ff955b2e000 	C:\WINDOWS\WinSxS\amd64_microsoft.windows.common-controls_6595b64144ccf1df_6.0.22621.1635_none_270f70857386168e\COMCTL32.dll
0x00007ff96f720000 - 0x00007ff96f838000 	C:\WINDOWS\System32\gdi32full.dll
0x00007ff971670000 - 0x00007ff971717000 	C:\WINDOWS\System32\msvcrt.dll
0x00007ff96f680000 - 0x00007ff96f71a000 	C:\WINDOWS\System32\msvcp_win.dll
0x00007ff971810000 - 0x00007ff971841000 	C:\WINDOWS\System32\IMM32.DLL
0x0000000051d60000 - 0x0000000051d6c000 	D:\360安全卫士\360Safe\safemon\SafeWrapper.dll
0x00007ff971940000 - 0x00007ff9719ee000 	C:\WINDOWS\System32\ADVAPI32.dll
0x00007ff9715c0000 - 0x00007ff971664000 	C:\WINDOWS\System32\sechost.dll
0x00007ff970de0000 - 0x00007ff970ef7000 	C:\WINDOWS\System32\RPCRT4.dll
0x00007ff952120000 - 0x00007ff9521cc000 	D:\360安全卫士\360Safe\safemon\libzdtp64.dll
0x00007ff96fbe0000 - 0x00007ff9703da000 	C:\WINDOWS\System32\SHELL32.dll
0x00007ff9719f0000 - 0x00007ff971a4e000 	C:\WINDOWS\System32\SHLWAPI.dll
0x00007ff96e940000 - 0x00007ff96e94a000 	C:\WINDOWS\SYSTEM32\VERSION.dll
0x00007ff93af50000 - 0x00007ff93afed000 	D:\Android Studio\jre\bin\msvcp140.dll
0x00007ff921fe0000 - 0x00007ff922ae2000 	D:\Android Studio\jre\bin\server\jvm.dll
0x00007ff971310000 - 0x00007ff971318000 	C:\WINDOWS\System32\PSAPI.DLL
0x00007ff962ee0000 - 0x00007ff962f14000 	C:\WINDOWS\SYSTEM32\WINMM.dll
0x00007ff93bfd0000 - 0x00007ff93bfd9000 	C:\WINDOWS\SYSTEM32\WSOCK32.dll
0x00007ff970f00000 - 0x00007ff970f71000 	C:\WINDOWS\System32\WS2_32.dll
0x00007ff96de90000 - 0x00007ff96dea8000 	C:\WINDOWS\SYSTEM32\kernel.appcore.dll
0x00007ff953bd0000 - 0x00007ff953be1000 	D:\Android Studio\jre\bin\verify.dll
0x00007ff96c790000 - 0x00007ff96c9be000 	C:\WINDOWS\SYSTEM32\DBGHELP.DLL
0x00007ff970f80000 - 0x00007ff971309000 	C:\WINDOWS\System32\combase.dll
0x00007ff971860000 - 0x00007ff971937000 	C:\WINDOWS\System32\OLEAUT32.dll
0x00007ff93b9a0000 - 0x00007ff93b9d2000 	C:\WINDOWS\SYSTEM32\dbgcore.DLL
0x00007ff96f960000 - 0x00007ff96f9db000 	C:\WINDOWS\System32\bcryptPrimitives.dll
0x00007ff953ba0000 - 0x00007ff953bc9000 	D:\Android Studio\jre\bin\java.dll
0x00007ff95eab0000 - 0x00007ff95eabb000 	D:\Android Studio\jre\bin\jimage.dll
0x00007ff954510000 - 0x00007ff954549000 	D:\Android Studio\jre\bin\jdwp.dll
0x00007ff953b80000 - 0x00007ff953b98000 	D:\Android Studio\jre\bin\zip.dll
0x00007ff96ce30000 - 0x00007ff96d6fe000 	C:\WINDOWS\SYSTEM32\windows.storage.dll
0x00007ff96ccf0000 - 0x00007ff96ce2e000 	C:\WINDOWS\SYSTEM32\wintypes.dll
0x00007ff96fae0000 - 0x00007ff96fbd1000 	C:\WINDOWS\System32\SHCORE.dll
0x00007ff96edd0000 - 0x00007ff96edf1000 	C:\WINDOWS\SYSTEM32\profapi.dll
0x00007ff9676c0000 - 0x00007ff9676cb000 	D:\Android Studio\jre\bin\dt_socket.dll
0x00007ff96e300000 - 0x00007ff96e369000 	C:\WINDOWS\system32\mswsock.dll
0x00007ff953b60000 - 0x00007ff953b7a000 	D:\Android Studio\jre\bin\net.dll
0x00007ff964f90000 - 0x00007ff9650c7000 	C:\WINDOWS\SYSTEM32\WINHTTP.dll
0x00007ff953970000 - 0x00007ff953984000 	D:\Android Studio\jre\bin\nio.dll
0x00007ff96b5a0000 - 0x00007ff96b5c7000 	C:\Users\HP\.gradle\native\e1d6ef7f7dcc3fd88c89a11ec53ec762bb8ba0a96d01ffa2cd45eb1d1d8dd5c5\windows-amd64\native-platform.dll
0x00007ff9252b0000 - 0x00007ff9253f4000 	C:\Users\HP\.gradle\native\0d407fdbe67a94daf76414ababcb853783967236a71b16ec16e742cd7a986fd3\windows-amd64\native-platform-file-events.dll
0x00007ff95dbe0000 - 0x00007ff95dbea000 	D:\Android Studio\jre\bin\management.dll
0x00007ff955330000 - 0x00007ff95533d000 	D:\Android Studio\jre\bin\management_ext.dll
0x00007ff96e540000 - 0x00007ff96e55b000 	C:\WINDOWS\SYSTEM32\CRYPTSP.dll
0x00007ff96de00000 - 0x00007ff96de35000 	C:\WINDOWS\system32\rsaenh.dll
0x00007ff96e3d0000 - 0x00007ff96e3f8000 	C:\WINDOWS\SYSTEM32\USERENV.dll
0x00007ff96e7d0000 - 0x00007ff96e7f8000 	C:\WINDOWS\SYSTEM32\bcrypt.dll
0x00007ff96e560000 - 0x00007ff96e56c000 	C:\WINDOWS\SYSTEM32\CRYPTBASE.dll
0x00007ff96d960000 - 0x00007ff96d98d000 	C:\WINDOWS\SYSTEM32\IPHLPAPI.DLL
0x00007ff971e60000 - 0x00007ff971e69000 	C:\WINDOWS\System32\NSI.dll
0x00007ff962f20000 - 0x00007ff962f39000 	C:\WINDOWS\SYSTEM32\dhcpcsvc6.DLL
0x00007ff962ec0000 - 0x00007ff962edf000 	C:\WINDOWS\SYSTEM32\dhcpcsvc.DLL
0x00007ff96d9d0000 - 0x00007ff96dac3000 	C:\WINDOWS\SYSTEM32\DNSAPI.dll

dbghelp: loaded successfully - version: 4.0.5 - missing functions: none
symbol engine: initialized successfully - sym options: 0x614 - pdb path: .;D:\Android Studio\jre\bin;C:\WINDOWS\SYSTEM32;C:\WINDOWS\WinSxS\amd64_microsoft.windows.common-controls_6595b64144ccf1df_6.0.22621.1635_none_270f70857386168e;D:\360安全卫士\360Safe\safemon;D:\Android Studio\jre\bin\se;D:\Android Studio\jre\bin\se;D:\Android Studio\jre\bin\se;D:\Android Studio\jre\bin\se;D:\Android Studio\jre\bin\se;D:\Android Studio\jre\bin\se;D:\Android Studio\jre\bin\se;D:\Android Studio\jre\bin\server;C:\Users\HP\.gradle\native\e1d6ef7f7dcc3fd88c89a11ec53ec762bb8ba0a96d01ffa2cd45eb1d1d8dd5c5\windows-a;C:\Users\HP\.gradle\native\e1d6ef7f7dcc3fd88c89a11ec53ec762bb8ba0a96d01ffa2cd45eb1d1d8dd5c5\windows-amd64;C:\Users\HP\.gradle\native\0d407fdbe67a94daf76414ababcb853783967236a71b16ec16e742cd7a986fd3\windows-a;C:\Users\HP\.gradle\native\0d407fdbe67a94daf76414ababcb853783967236a71b16ec16e742cd7a986fd3\windows-a;C:\Users\HP\.gradle\native\0d407fdbe67a94daf76414ababcb853783967236a71b16ec16e742cd7a986fd3\windows-a;C:\Users\HP\.gradle\native\0d407fdbe67a94daf76414ababcb853783967236a71b16ec16e742cd7a986fd3\windows-a

VM Arguments:
jvm_args: -agentlib:jdwp=transport=dt_socket,server=n,suspend=y,address=127.0.0.1:50765 --add-opens=java.base/java.util=ALL-UNNAMED --add-opens=java.base/java.lang=ALL-UNNAMED --add-opens=java.base/java.lang.invoke=ALL-UNNAMED --add-opens=java.base/java.util=ALL-UNNAMED --add-opens=java.prefs/java.util.prefs=ALL-UNNAMED --add-opens=java.prefs/java.util.prefs=ALL-UNNAMED --add-opens=java.base/java.nio.charset=ALL-UNNAMED --add-opens=java.base/java.net=ALL-UNNAMED --add-opens=java.base/java.util.concurrent.atomic=ALL-UNNAMED -Xmx1536M -Dfile.encoding=GBK -Duser.country=CN -Duser.language=zh -Duser.variant 
java_command: org.gradle.launcher.daemon.bootstrap.GradleDaemon 7.4
java_class_path (initial): C:\Users\HP\.gradle\wrapper\dists\gradle-7.4-all\aadb4xli5jkdsnukm30eibyiu\gradle-7.4\lib\gradle-launcher-7.4.jar
Launcher Type: SUN_STANDARD

[Global flags]
     intx CICompilerCount                          = 3                                         {product} {ergonomic}
     uint ConcGCThreads                            = 1                                         {product} {ergonomic}
     uint G1ConcRefinementThreads                  = 4                                         {product} {ergonomic}
   size_t G1HeapRegionSize                         = 1048576                                   {product} {ergonomic}
    uintx GCDrainStackTargetSize                   = 64                                        {product} {ergonomic}
   size_t InitialHeapSize                          = 130023424                                 {product} {ergonomic}
   size_t MarkStackSize                            = 4194304                                   {product} {ergonomic}
   size_t MaxHeapSize                              = 1610612736                                {product} {command line}
   size_t MaxNewSize                               = 965738496                                 {product} {ergonomic}
   size_t MinHeapDeltaBytes                        = 1048576                                   {product} {ergonomic}
    uintx NonNMethodCodeHeapSize                   = 5830732                                {pd product} {ergonomic}
    uintx NonProfiledCodeHeapSize                  = 122913754                              {pd product} {ergonomic}
    uintx ProfiledCodeHeapSize                     = 122913754                              {pd product} {ergonomic}
    uintx ReservedCodeCacheSize                    = 251658240                              {pd product} {ergonomic}
     bool SegmentedCodeCache                       = true                                      {product} {ergonomic}
     bool UseCompressedClassPointers               = true                                 {lp64_product} {ergonomic}
     bool UseCompressedOops                        = true                                 {lp64_product} {ergonomic}
     bool UseG1GC                                  = true                                      {product} {ergonomic}
     bool UseLargePagesIndividualAllocation        = false                                  {pd product} {ergonomic}

Logging:
Log output configuration:
 #0: stdout all=warning uptime,level,tags
 #1: stderr all=off uptime,level,tags

Environment Variables:
JAVA_HOME=C:\Program Files\Java\jdk-17.0.5
CLASSPATH=.;C:\Program Files\Java\jdk-17.0.5\bin;C:\Program Files\Java\jdk-17.0.5\lib\dt.jar;C:\Program Files\Java\jdk-17.0.5\lib\tools.jar
PATH=D:\VMware Workstation\bin\;C:\Program Files\Common Files\Oracle\Java\javapath;C:\Program Files\Java\jdk-17.0.5\bin;C:\Program Files\Java\jdk-17.0.5\jre\bin;C:\Program Files (x86)\Common Files\Oracle\Java\javapath;C:\ProgramData\Oracle\Java\javapath;C:\windows\system32;C:\windows;C:\windows\System32\Wbem;C:\windows\System32\WindowsPowerShell\v1.0\;C:\windows\System32\OpenSSH\;C:\Program Files (x86)\NVIDIA Corporation\PhysX\Common;C:\Program Files\dotnet\;D:\Steam;D:\PCL2;D:\Geph4;D:\Steam+;D:\TIM\Bin;C:\Git\cmd;C:\Git;D:\WeChat;C:\Program Files\Intel\Intel(R) Memory and Storage Tool\;C:\WINDOWS\system32;C:\WINDOWS;C:\WINDOWS\System32\Wbem;C:\WINDOWS\System32\WindowsPowerShell\v1.0\;C:\WINDOWS\System32\OpenSSH\;C:\Program Files (x86)\dotnet\;D:\VMware Workstation;D:\Android Studio\bin;D:\Honkai Impact 3\Games;D:\Honkai Impact 3;D:\金山打字通\11.9;C:\Users\HP\AppData\Local\Microsoft\WindowsApps;C:\Users\HP\AppData\Local\GitHubDesktop\bin;
USERNAME=HP
OS=Windows_NT
PROCESSOR_IDENTIFIER=Intel64 Family 6 Model 140 Stepping 1, GenuineIntel



---------------  S Y S T E M  ---------------

OS: Windows 11 , 64 bit Build 22621 (10.0.22621.1635)
OS uptime: 0 days 0:47 hours
Hyper-V role detected

CPU:total 4 (initial active 4) (2 cores per cpu, 2 threads per core) family 6 model 140 stepping 1 microcode 0xa6, cmov, cx8, fxsr, mmx, sse, sse2, sse3, ssse3, sse4.1, sse4.2, popcnt, avx, avx2, aes, clmul, erms, 3dnowpref, lzcnt, ht, tsc, tscinvbit, bmi1, bmi2, adx, evex, sha, fma

Memory: 4k page, system-wide physical 7834M (903M free)
TotalPageFile size 11930M (AvailPageFile size 7M)
current process WorkingSet (physical memory assigned to process): 525M, peak: 529M
current process commit charge ("private bytes"): 552M, peak: 554M

vm_info: OpenJDK 64-Bit Server VM (11.0.13+0-b1751.21-8125866) for windows-amd64 JRE (11.0.13+0-b1751.21-8125866), built on Feb  2 2022 03:00:22 by "builder" with MS VC++ 14.0 (VS2015)

END.
