#
# There is insufficient memory for the Java Runtime Environment to continue.
# Native memory allocation (mmap) failed to map 253755392 bytes for G1 virtual space
# Possible reasons:
#   The system is out of physical RAM or swap space
#   The process is running with CompressedOops enabled, and the Java Heap may be blocking the growth of the native heap
# Possible solutions:
#   Reduce memory load on the system
#   Increase physical memory or swap space
#   Check if swap backing store is full
#   Decrease Java heap size (-Xmx/-Xms)
#   Decrease number of Java threads
#   Decrease Java thread stack sizes (-Xss)
#   Set larger code cache with -XX:ReservedCodeCacheSize=
#   JVM is running with Unscaled Compressed Oops mode in which the Java heap is
#     placed in the first 4GB address space. The Java Heap base address is the
#     maximum limit for the native heap growth. Please use -XX:HeapBaseMinAddress
#     to set the Java Heap base and to place the Java Heap above 4GB virtual address.
# This output file may be truncated or incomplete.
#
#  Out of Memory Error (os_windows.cpp:3550), pid=21120, tid=2284
#
# JRE version: Java(TM) SE Runtime Environment (17.0.7+8) (build 17.0.7+8-LTS-224)
# Java VM: Java HotSpot(TM) 64-Bit Server VM (17.0.7+8-LTS-224, mixed mode, sharing, tiered, compressed oops, compressed class ptrs, g1 gc, windows-amd64)
# No core dump will be written. Minidumps are not enabled by default on client versions of Windows
#

---------------  S U M M A R Y ------------

Command Line: --add-opens=java.base/java.util=ALL-UNNAMED --add-opens=java.base/java.lang=ALL-UNNAMED --add-opens=java.base/java.lang.invoke=ALL-UNNAMED --add-opens=java.base/java.util=ALL-UNNAMED --add-opens=java.prefs/java.util.prefs=ALL-UNNAMED --add-opens=java.prefs/java.util.prefs=ALL-UNNAMED --add-opens=java.base/java.nio.charset=ALL-UNNAMED --add-opens=java.base/java.net=ALL-UNNAMED --add-opens=java.base/java.util.concurrent.atomic=ALL-UNNAMED -Xmx1536M -Dfile.encoding=GBK -Duser.country=CN -Duser.language=zh -Duser.variant org.gradle.launcher.daemon.bootstrap.GradleDaemon 7.5

Host: 11th Gen Intel(R) Core(TM) i3-1115G4 @ 3.00GHz, 4 cores, 7G,  Windows 11 , 64 bit Build 22621 (10.0.22621.3374)
Time: Wed May  1 20:43:30 2024  Windows 11 , 64 bit Build 22621 (10.0.22621.3374) elapsed time: 54.636175 seconds (0d 0h 0m 54s)

---------------  T H R E A D  ---------------

Current thread (0x0000022b5f4f9af0):  VMThread "VM Thread" [stack: 0x000000da0fe00000,0x000000da0ff00000] [id=2284]

Stack: [0x000000da0fe00000,0x000000da0ff00000]
Native frames: (J=compiled Java code, j=interpreted, Vv=VM code, C=native code)
V  [jvm.dll+0x676a4a]
V  [jvm.dll+0x7d74f4]
V  [jvm.dll+0x7d8c9e]
V  [jvm.dll+0x7d9303]
V  [jvm.dll+0x2452c5]
V  [jvm.dll+0x6738f9]
V  [jvm.dll+0x668232]
V  [jvm.dll+0x302826]
V  [jvm.dll+0x309da6]
V  [jvm.dll+0x35952e]
V  [jvm.dll+0x35975f]
V  [jvm.dll+0x2d9a38]
V  [jvm.dll+0x2d7e45]
V  [jvm.dll+0x2d744c]
V  [jvm.dll+0x31ab1b]
V  [jvm.dll+0x7ddb0b]
V  [jvm.dll+0x7de844]
V  [jvm.dll+0x7ded5d]
V  [jvm.dll+0x7df134]
V  [jvm.dll+0x7df200]
V  [jvm.dll+0x78759a]
V  [jvm.dll+0x675875]
C  [ucrtbase.dll+0x29333]
C  [KERNEL32.DLL+0x1257d]
C  [ntdll.dll+0x5aa48]

VM_Operation (0x000000da157f7320): G1CollectForAllocation, mode: safepoint, requested by thread 0x0000022b64997cc0


---------------  P R O C E S S  ---------------

Threads class SMR info:
_java_thread_list=0x0000022b6296be50, length=91, elements={
0x0000022b42403910, 0x0000022b5f5030d0, 0x0000022b5f505340, 0x0000022b5f518850,
0x0000022b5f51a060, 0x0000022b5f518d20, 0x0000022b5f5196c0, 0x0000022b5f54e520,
0x0000022b5f556a10, 0x0000022b5f56e4d0, 0x0000022b5f51bd40, 0x0000022b5f5191f0,
0x0000022b5f51b3a0, 0x0000022b5f519b90, 0x0000022b5f51b870, 0x0000022b5f51c210,
0x0000022b5f51aa00, 0x0000022b5f51a530, 0x0000022b5f51aed0, 0x0000022b61a9e210,
0x0000022b61a9ced0, 0x0000022b61a9e6e0, 0x0000022b61a9dd40, 0x0000022b61a9c060,
0x0000022b61a9d870, 0x0000022b61a9ebb0, 0x0000022b61a9d3a0, 0x0000022b61a9f080,
0x0000022b61a9f550, 0x0000022b61a9fa20, 0x0000022b61a9ca00, 0x0000022b60f1bbf0,
0x0000022b60f1c0c0, 0x0000022b60f1c590, 0x0000022b60f1d400, 0x0000022b60f17890,
0x0000022b60f18230, 0x0000022b60f1cf30, 0x0000022b60f1ad80, 0x0000022b60f1f0e0,
0x0000022b60f1e270, 0x0000022b60f1dda0, 0x0000022b60f18700, 0x0000022b60f1e740,
0x0000022b60f1a8b0, 0x0000022b60f1b250, 0x0000022b60f1b720, 0x0000022b60f1ec10,
0x0000022b60f17d60, 0x0000022b60f18bd0, 0x0000022b60f190a0, 0x0000022b60f19a40,
0x0000022b63d68ea0, 0x0000022b63d6ea10, 0x0000022b63d6b520, 0x0000022b63d6eee0,
0x0000022b63d6e070, 0x0000022b63d689d0, 0x0000022b63d6d6d0, 0x0000022b63d6cd30,
0x0000022b63d6e540, 0x0000022b63d6b9f0, 0x0000022b63d6f3b0, 0x0000022b63d68500,
0x0000022b63d6f880, 0x0000022b63d6ab80, 0x0000022b63d6dba0, 0x0000022b63d68030,
0x0000022b63d69370, 0x0000022b63d6b050, 0x0000022b63d69840, 0x0000022b63d6d200,
0x0000022b63d6bec0, 0x0000022b63d69d10, 0x0000022b63d6a1e0, 0x0000022b63d6c390,
0x0000022b63d6a6b0, 0x0000022b63d6c860, 0x0000022b64995170, 0x0000022b64996980,
0x0000022b64990940, 0x0000022b649947d0, 0x0000022b649977f0, 0x0000022b64997cc0,
0x0000022b64995fe0, 0x0000022b649912e0, 0x0000022b649917b0, 0x0000022b64990e10,
0x0000022b64994300, 0x0000022b64994ca0, 0x0000022b6863bec0
}

Java Threads: ( => current thread )
  0x0000022b42403910 JavaThread "main" [_thread_blocked, id=18556, stack(0x000000da0f800000,0x000000da0f900000)]
  0x0000022b5f5030d0 JavaThread "Reference Handler" daemon [_thread_blocked, id=19056, stack(0x000000da0ff00000,0x000000da10000000)]
  0x0000022b5f505340 JavaThread "Finalizer" daemon [_thread_blocked, id=20832, stack(0x000000da10000000,0x000000da10100000)]
  0x0000022b5f518850 JavaThread "Signal Dispatcher" daemon [_thread_blocked, id=18900, stack(0x000000da10100000,0x000000da10200000)]
  0x0000022b5f51a060 JavaThread "Attach Listener" daemon [_thread_blocked, id=19604, stack(0x000000da10200000,0x000000da10300000)]
  0x0000022b5f518d20 JavaThread "Service Thread" daemon [_thread_blocked, id=21200, stack(0x000000da10300000,0x000000da10400000)]
  0x0000022b5f5196c0 JavaThread "Monitor Deflation Thread" daemon [_thread_blocked, id=11352, stack(0x000000da10400000,0x000000da10500000)]
  0x0000022b5f54e520 JavaThread "C2 CompilerThread0" daemon [_thread_blocked, id=20744, stack(0x000000da10500000,0x000000da10600000)]
  0x0000022b5f556a10 JavaThread "C1 CompilerThread0" daemon [_thread_blocked, id=8644, stack(0x000000da10600000,0x000000da10700000)]
  0x0000022b5f56e4d0 JavaThread "Sweeper thread" daemon [_thread_blocked, id=6008, stack(0x000000da10700000,0x000000da10800000)]
  0x0000022b5f51bd40 JavaThread "Common-Cleaner" daemon [_thread_blocked, id=7600, stack(0x000000da10800000,0x000000da10900000)]
  0x0000022b5f5191f0 JavaThread "Notification Thread" daemon [_thread_blocked, id=20592, stack(0x000000da10900000,0x000000da10a00000)]
  0x0000022b5f51b3a0 JavaThread "Daemon health stats" [_thread_blocked, id=21608, stack(0x000000da10f00000,0x000000da11000000)]
  0x0000022b5f519b90 JavaThread "Incoming local TCP Connector on port 63870" [_thread_in_native, id=21620, stack(0x000000da10b00000,0x000000da10c00000)]
  0x0000022b5f51b870 JavaThread "Daemon periodic checks" [_thread_blocked, id=21624, stack(0x000000da11000000,0x000000da11100000)]
  0x0000022b5f51c210 JavaThread "Daemon" [_thread_blocked, id=21636, stack(0x000000da11100000,0x000000da11200000)]
  0x0000022b5f51aa00 JavaThread "Handler for socket connection from /127.0.0.1:63870 to /127.0.0.1:63871" [_thread_in_native, id=21644, stack(0x000000da11200000,0x000000da11300000)]
  0x0000022b5f51a530 JavaThread "Cancel handler" [_thread_blocked, id=21648, stack(0x000000da11300000,0x000000da11400000)]
  0x0000022b5f51aed0 JavaThread "Daemon worker" [_thread_blocked, id=21656, stack(0x000000da11400000,0x000000da11500000)]
  0x0000022b61a9e210 JavaThread "Asynchronous log dispatcher for DefaultDaemonConnection: socket connection from /127.0.0.1:63870 to /127.0.0.1:63871" [_thread_blocked, id=21668, stack(0x000000da11500000,0x000000da11600000)]
  0x0000022b61a9ced0 JavaThread "Stdin handler" [_thread_blocked, id=21676, stack(0x000000da11600000,0x000000da11700000)]
  0x0000022b61a9e6e0 JavaThread "Daemon client event forwarder" [_thread_blocked, id=21680, stack(0x000000da11700000,0x000000da11800000)]
  0x0000022b61a9dd40 JavaThread "Cache worker for journal cache (C:\Users\A1333\.gradle\caches\journal-1)" [_thread_blocked, id=21692, stack(0x000000da11800000,0x000000da11900000)]
  0x0000022b61a9c060 JavaThread "File lock request listener" [_thread_in_native, id=21696, stack(0x000000da11900000,0x000000da11a00000)]
  0x0000022b61a9d870 JavaThread "Cache worker for file hash cache (C:\Users\A1333\.gradle\caches\7.5\fileHashes)" [_thread_blocked, id=21724, stack(0x000000da11a00000,0x000000da11b00000)]
  0x0000022b61a9ebb0 JavaThread "File watcher server" daemon [_thread_blocked, id=21760, stack(0x000000da11c00000,0x000000da11d00000)]
  0x0000022b61a9d3a0 JavaThread "File watcher consumer" daemon [_thread_blocked, id=21764, stack(0x000000da11d00000,0x000000da11e00000)]
  0x0000022b61a9f080 JavaThread "Cache worker for checksums cache (D:\Star-Pixel-Dungeon\.gradle\7.5\checksums)" [_thread_blocked, id=21768, stack(0x000000da11e00000,0x000000da11f00000)]
  0x0000022b61a9f550 JavaThread "Cache worker for cache directory md-rule (C:\Users\A1333\.gradle\caches\7.5\md-rule)" [_thread_blocked, id=21772, stack(0x000000da11f00000,0x000000da12000000)]
  0x0000022b61a9fa20 JavaThread "Cache worker for file content cache (C:\Users\A1333\.gradle\caches\7.5\fileContent)" [_thread_blocked, id=21776, stack(0x000000da12000000,0x000000da12100000)]
  0x0000022b61a9ca00 JavaThread "Cache worker for file hash cache (D:\Star-Pixel-Dungeon\.gradle\7.5\fileHashes)" [_thread_blocked, id=21784, stack(0x000000da12100000,0x000000da12200000)]
  0x0000022b60f1bbf0 JavaThread "Cache worker for cache directory md-supplier (C:\Users\A1333\.gradle\caches\7.5\md-supplier)" [_thread_blocked, id=21788, stack(0x000000da12200000,0x000000da12300000)]
  0x0000022b60f1c0c0 JavaThread "Cache worker for execution history cache (C:\Users\A1333\.gradle\caches\7.5\executionHistory)" [_thread_blocked, id=21808, stack(0x000000da12400000,0x000000da12500000)]
  0x0000022b60f1c590 JavaThread "jar transforms" [_thread_blocked, id=21820, stack(0x000000da12500000,0x000000da12600000)]
  0x0000022b60f1d400 JavaThread "jar transforms Thread 2" [_thread_blocked, id=21824, stack(0x000000da12600000,0x000000da12700000)]
  0x0000022b60f17890 JavaThread "Cache worker for dependencies-accessors (D:\Star-Pixel-Dungeon\.gradle\7.5\dependencies-accessors)" [_thread_blocked, id=21828, stack(0x000000da12700000,0x000000da12800000)]
  0x0000022b60f18230 JavaThread "jar transforms Thread 3" [_thread_blocked, id=21832, stack(0x000000da12800000,0x000000da12900000)]
  0x0000022b60f1cf30 JavaThread "Cache worker for Build Output Cleanup Cache (D:\Star-Pixel-Dungeon\.gradle\buildOutputCleanup)" [_thread_blocked, id=21880, stack(0x000000da12900000,0x000000da12a00000)]
  0x0000022b60f1ad80 JavaThread "Unconstrained build operations" [_thread_blocked, id=21896, stack(0x000000da12a00000,0x000000da12b00000)]
  0x0000022b60f1f0e0 JavaThread "Unconstrained build operations Thread 2" [_thread_blocked, id=21900, stack(0x000000da12b00000,0x000000da12c00000)]
  0x0000022b60f1e270 JavaThread "Unconstrained build operations Thread 3" [_thread_blocked, id=21904, stack(0x000000da12c00000,0x000000da12d00000)]
  0x0000022b60f1dda0 JavaThread "Unconstrained build operations Thread 4" [_thread_blocked, id=21908, stack(0x000000da12d00000,0x000000da12e00000)]
  0x0000022b60f18700 JavaThread "Unconstrained build operations Thread 5" [_thread_blocked, id=21912, stack(0x000000da12e00000,0x000000da12f00000)]
  0x0000022b60f1e740 JavaThread "Unconstrained build operations Thread 6" [_thread_blocked, id=21916, stack(0x000000da12f00000,0x000000da13000000)]
  0x0000022b60f1a8b0 JavaThread "Unconstrained build operations Thread 7" [_thread_blocked, id=21920, stack(0x000000da13000000,0x000000da13100000)]
  0x0000022b60f1b250 JavaThread "Unconstrained build operations Thread 8" [_thread_blocked, id=21924, stack(0x000000da13100000,0x000000da13200000)]
  0x0000022b60f1b720 JavaThread "Unconstrained build operations Thread 9" [_thread_blocked, id=21928, stack(0x000000da13200000,0x000000da13300000)]
  0x0000022b60f1ec10 JavaThread "Unconstrained build operations Thread 10" [_thread_blocked, id=21932, stack(0x000000da13300000,0x000000da13400000)]
  0x0000022b60f17d60 JavaThread "Unconstrained build operations Thread 11" [_thread_blocked, id=21936, stack(0x000000da13400000,0x000000da13500000)]
  0x0000022b60f18bd0 JavaThread "Unconstrained build operations Thread 12" [_thread_blocked, id=21940, stack(0x000000da13500000,0x000000da13600000)]
  0x0000022b60f190a0 JavaThread "Unconstrained build operations Thread 13" [_thread_blocked, id=21944, stack(0x000000da13600000,0x000000da13700000)]
  0x0000022b60f19a40 JavaThread "Unconstrained build operations Thread 14" [_thread_blocked, id=21948, stack(0x000000da13700000,0x000000da13800000)]
  0x0000022b63d68ea0 JavaThread "Unconstrained build operations Thread 15" [_thread_blocked, id=21952, stack(0x000000da13800000,0x000000da13900000)]
  0x0000022b63d6ea10 JavaThread "Unconstrained build operations Thread 16" [_thread_blocked, id=21956, stack(0x000000da13900000,0x000000da13a00000)]
  0x0000022b63d6b520 JavaThread "Unconstrained build operations Thread 17" [_thread_blocked, id=21960, stack(0x000000da13a00000,0x000000da13b00000)]
  0x0000022b63d6eee0 JavaThread "Unconstrained build operations Thread 18" [_thread_blocked, id=21964, stack(0x000000da13b00000,0x000000da13c00000)]
  0x0000022b63d6e070 JavaThread "Unconstrained build operations Thread 19" [_thread_blocked, id=21968, stack(0x000000da13c00000,0x000000da13d00000)]
  0x0000022b63d689d0 JavaThread "Unconstrained build operations Thread 20" [_thread_blocked, id=21972, stack(0x000000da13d00000,0x000000da13e00000)]
  0x0000022b63d6d6d0 JavaThread "Unconstrained build operations Thread 21" [_thread_blocked, id=21976, stack(0x000000da13e00000,0x000000da13f00000)]
  0x0000022b63d6cd30 JavaThread "Unconstrained build operations Thread 22" [_thread_blocked, id=21980, stack(0x000000da13f00000,0x000000da14000000)]
  0x0000022b63d6e540 JavaThread "Unconstrained build operations Thread 23" [_thread_blocked, id=21984, stack(0x000000da14000000,0x000000da14100000)]
  0x0000022b63d6b9f0 JavaThread "Unconstrained build operations Thread 24" [_thread_blocked, id=21988, stack(0x000000da14100000,0x000000da14200000)]
  0x0000022b63d6f3b0 JavaThread "Unconstrained build operations Thread 25" [_thread_blocked, id=21992, stack(0x000000da14200000,0x000000da14300000)]
  0x0000022b63d68500 JavaThread "Unconstrained build operations Thread 26" [_thread_blocked, id=21996, stack(0x000000da14300000,0x000000da14400000)]
  0x0000022b63d6f880 JavaThread "Unconstrained build operations Thread 27" [_thread_blocked, id=22000, stack(0x000000da14400000,0x000000da14500000)]
  0x0000022b63d6ab80 JavaThread "Unconstrained build operations Thread 28" [_thread_blocked, id=22004, stack(0x000000da14500000,0x000000da14600000)]
  0x0000022b63d6dba0 JavaThread "Unconstrained build operations Thread 29" [_thread_blocked, id=22008, stack(0x000000da14600000,0x000000da14700000)]
  0x0000022b63d68030 JavaThread "Unconstrained build operations Thread 30" [_thread_blocked, id=22012, stack(0x000000da14700000,0x000000da14800000)]
  0x0000022b63d69370 JavaThread "Unconstrained build operations Thread 31" [_thread_blocked, id=22016, stack(0x000000da14800000,0x000000da14900000)]
  0x0000022b63d6b050 JavaThread "Unconstrained build operations Thread 32" [_thread_blocked, id=22020, stack(0x000000da14900000,0x000000da14a00000)]
  0x0000022b63d69840 JavaThread "Unconstrained build operations Thread 33" [_thread_blocked, id=22024, stack(0x000000da14a00000,0x000000da14b00000)]
  0x0000022b63d6d200 JavaThread "Unconstrained build operations Thread 34" [_thread_blocked, id=22028, stack(0x000000da14b00000,0x000000da14c00000)]
  0x0000022b63d6bec0 JavaThread "Unconstrained build operations Thread 35" [_thread_blocked, id=22032, stack(0x000000da14c00000,0x000000da14d00000)]
  0x0000022b63d69d10 JavaThread "Unconstrained build operations Thread 36" [_thread_blocked, id=22036, stack(0x000000da14d00000,0x000000da14e00000)]
  0x0000022b63d6a1e0 JavaThread "Unconstrained build operations Thread 37" [_thread_blocked, id=22040, stack(0x000000da14e00000,0x000000da14f00000)]
  0x0000022b63d6c390 JavaThread "Unconstrained build operations Thread 38" [_thread_blocked, id=22044, stack(0x000000da14f00000,0x000000da15000000)]
  0x0000022b63d6a6b0 JavaThread "Unconstrained build operations Thread 39" [_thread_blocked, id=22048, stack(0x000000da15000000,0x000000da15100000)]
  0x0000022b63d6c860 JavaThread "Unconstrained build operations Thread 40" [_thread_blocked, id=22052, stack(0x000000da15100000,0x000000da15200000)]
  0x0000022b64995170 JavaThread "jar transforms Thread 4" [_thread_blocked, id=22060, stack(0x000000da15200000,0x000000da15300000)]
  0x0000022b64996980 JavaThread "Memory manager" [_thread_blocked, id=22084, stack(0x000000da15300000,0x000000da15400000)]
  0x0000022b64990940 JavaThread "included builds" [_thread_blocked, id=22204, stack(0x000000da15400000,0x000000da15500000)]
  0x0000022b649947d0 JavaThread "Execution worker" [_thread_blocked, id=22208, stack(0x000000da15500000,0x000000da15600000)]
  0x0000022b649977f0 JavaThread "Execution worker Thread 2" [_thread_blocked, id=22212, stack(0x000000da15600000,0x000000da15700000)]
  0x0000022b64997cc0 JavaThread "Execution worker Thread 3" [_thread_blocked, id=22216, stack(0x000000da15700000,0x000000da15800000)]
  0x0000022b64995fe0 JavaThread "Cache worker for execution history cache (D:\Star-Pixel-Dungeon\.gradle\7.5\executionHistory)" [_thread_blocked, id=22220, stack(0x000000da15800000,0x000000da15900000)]
  0x0000022b649912e0 JavaThread "Cache worker for Java compile cache (C:\Users\A1333\.gradle\caches\7.5\javaCompile)" [_thread_blocked, id=22236, stack(0x000000da15900000,0x000000da15a00000)]
  0x0000022b649917b0 JavaThread "Build operations" [_thread_blocked, id=22244, stack(0x000000da15a00000,0x000000da15b00000)]
  0x0000022b64990e10 JavaThread "Build operations Thread 2" [_thread_blocked, id=22248, stack(0x000000da15b00000,0x000000da15c00000)]
  0x0000022b64994300 JavaThread "Build operations Thread 3" [_thread_blocked, id=22252, stack(0x000000da15c00000,0x000000da15d00000)]
  0x0000022b64994ca0 JavaThread "Build operations Thread 4" [_thread_blocked, id=22256, stack(0x000000da15d00000,0x000000da15e00000)]
  0x0000022b6863bec0 JavaThread "C2 CompilerThread1" daemon [_thread_blocked, id=19752, stack(0x000000da15f00000,0x000000da16000000)]

Other Threads:
=>0x0000022b5f4f9af0 VMThread "VM Thread" [stack: 0x000000da0fe00000,0x000000da0ff00000] [id=2284]
  0x0000022b601089d0 WatcherThread [stack: 0x000000da10a00000,0x000000da10b00000] [id=21012]
  0x0000022b4244e800 GCTaskThread "GC Thread#0" [stack: 0x000000da0f900000,0x000000da0fa00000] [id=5140]
  0x0000022b604fb4f0 GCTaskThread "GC Thread#1" [stack: 0x000000da10c00000,0x000000da10d00000] [id=8476]
  0x0000022b606384c0 GCTaskThread "GC Thread#2" [stack: 0x000000da10d00000,0x000000da10e00000] [id=20756]
  0x0000022b60ddc1a0 GCTaskThread "GC Thread#3" [stack: 0x000000da10e00000,0x000000da10f00000] [id=21588]
  0x0000022b4245b650 ConcurrentGCThread "G1 Main Marker" [stack: 0x000000da0fa00000,0x000000da0fb00000] [id=20344]
  0x0000022b4245bf70 ConcurrentGCThread "G1 Conc#0" [stack: 0x000000da0fb00000,0x000000da0fc00000] [id=16556]
  0x0000022b424ad7b0 ConcurrentGCThread "G1 Refine#0" [stack: 0x000000da0fc00000,0x000000da0fd00000] [id=20104]
  0x0000022b61a82900 ConcurrentGCThread "G1 Refine#1" [stack: 0x000000da12300000,0x000000da12400000] [id=21796]
  0x0000022b424ae0e0 ConcurrentGCThread "G1 Service" [stack: 0x000000da0fd00000,0x000000da0fe00000] [id=11188]

Threads with active compile tasks:

VM state: at safepoint (normal execution)

VM Mutex/Monitor currently owned by a thread:  ([mutex/lock_event])
[0x0000022b423fdda0] Threads_lock - owner thread: 0x0000022b5f4f9af0
[0x0000022b423fdf50] Heap_lock - owner thread: 0x0000022b64997cc0

Heap address: 0x00000000a0000000, size: 1536 MB, Compressed Oops mode: 32-bit

CDS archive(s) mapped at: [0x0000000800000000-0x0000000800bd0000-0x0000000800bd0000), size 12386304, SharedBaseAddress: 0x0000000800000000, ArchiveRelocationMode: 0.
Compressed class space mapped at: 0x0000000800c00000-0x0000000840c00000, reserved size: 1073741824
Narrow klass base: 0x0000000800000000, Narrow klass shift: 0, Narrow klass range: 0x100000000

GC Precious Log:
 CPUs: 4 total, 4 available
 Memory: 7834M
 Large Page Support: Disabled
 NUMA Support: Disabled
 Compressed Oops: Enabled (32-bit)
 Heap Region Size: 1M
 Heap Min Capacity: 8M
 Heap Initial Capacity: 124M
 Heap Max Capacity: 1536M
 Pre-touch: Disabled
 Parallel Workers: 4
 Concurrent Workers: 1
 Concurrent Refinement Workers: 4
 Periodic GC: Disabled

Heap:
 garbage-first heap   total 247808K, used 140370K [0x00000000a0000000, 0x0000000100000000)
  region size 1024K, 5 young (5120K), 5 survivors (5120K)
 Metaspace       used 76563K, committed 77248K, reserved 1122304K
  class space    used 10390K, committed 10688K, reserved 1048576K

Heap Regions: E=young(eden), S=young(survivor), O=old, HS=humongous(starts), HC=humongous(continues), CS=collection set, F=free, OA=open archive, CA=closed archive, TAMS=top-at-mark-start (previous, next)
|   0|0x00000000a0000000, 0x00000000a0100000, 0x00000000a0100000|100%|HS|  |TAMS 0x00000000a0100000, 0x00000000a0100000| Complete 
|   1|0x00000000a0100000, 0x00000000a0200000, 0x00000000a0200000|100%|HC|  |TAMS 0x00000000a0200000, 0x00000000a0200000| Complete 
|   2|0x00000000a0200000, 0x00000000a0300000, 0x00000000a0300000|100%|HC|  |TAMS 0x00000000a0300000, 0x00000000a0300000| Complete 
|   3|0x00000000a0300000, 0x00000000a0400000, 0x00000000a0400000|100%| O|  |TAMS 0x00000000a0400000, 0x00000000a0400000| Untracked 
|   4|0x00000000a0400000, 0x00000000a0500000, 0x00000000a0500000|100%| O|  |TAMS 0x00000000a0500000, 0x00000000a0500000| Untracked 
|   5|0x00000000a0500000, 0x00000000a0600000, 0x00000000a0600000|100%| O|  |TAMS 0x00000000a0600000, 0x00000000a0600000| Untracked 
|   6|0x00000000a0600000, 0x00000000a0700000, 0x00000000a0700000|100%| O|  |TAMS 0x00000000a0700000, 0x00000000a0700000| Untracked 
|   7|0x00000000a0700000, 0x00000000a0800000, 0x00000000a0800000|100%| O|  |TAMS 0x00000000a0800000, 0x00000000a0800000| Untracked 
|   8|0x00000000a0800000, 0x00000000a0900000, 0x00000000a0900000|100%| O|  |TAMS 0x00000000a0900000, 0x00000000a0900000| Untracked 
|   9|0x00000000a0900000, 0x00000000a0a00000, 0x00000000a0a00000|100%| O|  |TAMS 0x00000000a0a00000, 0x00000000a0a00000| Untracked 
|  10|0x00000000a0a00000, 0x00000000a0b00000, 0x00000000a0b00000|100%| O|  |TAMS 0x00000000a0b00000, 0x00000000a0b00000| Untracked 
|  11|0x00000000a0b00000, 0x00000000a0c00000, 0x00000000a0c00000|100%| O|  |TAMS 0x00000000a0c00000, 0x00000000a0c00000| Untracked 
|  12|0x00000000a0c00000, 0x00000000a0d00000, 0x00000000a0d00000|100%| O|  |TAMS 0x00000000a0d00000, 0x00000000a0d00000| Untracked 
|  13|0x00000000a0d00000, 0x00000000a0e00000, 0x00000000a0e00000|100%| O|  |TAMS 0x00000000a0e00000, 0x00000000a0e00000| Untracked 
|  14|0x00000000a0e00000, 0x00000000a0f00000, 0x00000000a0f00000|100%| O|  |TAMS 0x00000000a0f00000, 0x00000000a0f00000| Untracked 
|  15|0x00000000a0f00000, 0x00000000a1000000, 0x00000000a1000000|100%| O|  |TAMS 0x00000000a1000000, 0x00000000a1000000| Untracked 
|  16|0x00000000a1000000, 0x00000000a1100000, 0x00000000a1100000|100%| O|  |TAMS 0x00000000a1100000, 0x00000000a1100000| Untracked 
|  17|0x00000000a1100000, 0x00000000a1200000, 0x00000000a1200000|100%| O|  |TAMS 0x00000000a1200000, 0x00000000a1200000| Untracked 
|  18|0x00000000a1200000, 0x00000000a12b5000, 0x00000000a1300000| 70%| O|  |TAMS 0x00000000a12b5000, 0x00000000a12b5000| Untracked 
|  19|0x00000000a1300000, 0x00000000a1400000, 0x00000000a1400000|100%| O|  |TAMS 0x00000000a1400000, 0x00000000a1400000| Untracked 
|  20|0x00000000a1400000, 0x00000000a1500000, 0x00000000a1500000|100%| O|  |TAMS 0x00000000a1500000, 0x00000000a1500000| Untracked 
|  21|0x00000000a1500000, 0x00000000a1600000, 0x00000000a1600000|100%| O|  |TAMS 0x00000000a1600000, 0x00000000a1600000| Untracked 
|  22|0x00000000a1600000, 0x00000000a1700000, 0x00000000a1700000|100%| O|  |TAMS 0x00000000a1700000, 0x00000000a1700000| Untracked 
|  23|0x00000000a1700000, 0x00000000a1800000, 0x00000000a1800000|100%| O|  |TAMS 0x00000000a1800000, 0x00000000a1800000| Untracked 
|  24|0x00000000a1800000, 0x00000000a1900000, 0x00000000a1900000|100%| O|  |TAMS 0x00000000a1900000, 0x00000000a1900000| Untracked 
|  25|0x00000000a1900000, 0x00000000a1a00000, 0x00000000a1a00000|100%| O|  |TAMS 0x00000000a1a00000, 0x00000000a1a00000| Untracked 
|  26|0x00000000a1a00000, 0x00000000a1b00000, 0x00000000a1b00000|100%|HS|  |TAMS 0x00000000a1b00000, 0x00000000a1b00000| Complete 
|  27|0x00000000a1b00000, 0x00000000a1c00000, 0x00000000a1c00000|100%|HS|  |TAMS 0x00000000a1c00000, 0x00000000a1c00000| Complete 
|  28|0x00000000a1c00000, 0x00000000a1d00000, 0x00000000a1d00000|100%| O|  |TAMS 0x00000000a1d00000, 0x00000000a1d00000| Untracked 
|  29|0x00000000a1d00000, 0x00000000a1e00000, 0x00000000a1e00000|100%| O|  |TAMS 0x00000000a1e00000, 0x00000000a1e00000| Untracked 
|  30|0x00000000a1e00000, 0x00000000a1f00000, 0x00000000a1f00000|100%| O|  |TAMS 0x00000000a1f00000, 0x00000000a1f00000| Untracked 
|  31|0x00000000a1f00000, 0x00000000a2000000, 0x00000000a2000000|100%| O|  |TAMS 0x00000000a2000000, 0x00000000a2000000| Untracked 
|  32|0x00000000a2000000, 0x00000000a2100000, 0x00000000a2100000|100%| O|  |TAMS 0x00000000a2100000, 0x00000000a2100000| Untracked 
|  33|0x00000000a2100000, 0x00000000a2200000, 0x00000000a2200000|100%| O|  |TAMS 0x00000000a2200000, 0x00000000a2200000| Untracked 
|  34|0x00000000a2200000, 0x00000000a2300000, 0x00000000a2300000|100%| O|  |TAMS 0x00000000a2300000, 0x00000000a2300000| Untracked 
|  35|0x00000000a2300000, 0x00000000a2400000, 0x00000000a2400000|100%| O|  |TAMS 0x00000000a2400000, 0x00000000a2400000| Untracked 
|  36|0x00000000a2400000, 0x00000000a2500000, 0x00000000a2500000|100%| O|  |TAMS 0x00000000a2500000, 0x00000000a2500000| Untracked 
|  37|0x00000000a2500000, 0x00000000a2600000, 0x00000000a2600000|100%| O|  |TAMS 0x00000000a2600000, 0x00000000a2600000| Untracked 
|  38|0x00000000a2600000, 0x00000000a2700000, 0x00000000a2700000|100%| O|  |TAMS 0x00000000a2700000, 0x00000000a2700000| Untracked 
|  39|0x00000000a2700000, 0x00000000a2800000, 0x00000000a2800000|100%| O|  |TAMS 0x00000000a2800000, 0x00000000a2800000| Untracked 
|  40|0x00000000a2800000, 0x00000000a2900000, 0x00000000a2900000|100%| O|  |TAMS 0x00000000a2900000, 0x00000000a2900000| Untracked 
|  41|0x00000000a2900000, 0x00000000a2a00000, 0x00000000a2a00000|100%| O|  |TAMS 0x00000000a2a00000, 0x00000000a2a00000| Untracked 
|  42|0x00000000a2a00000, 0x00000000a2b00000, 0x00000000a2b00000|100%| O|  |TAMS 0x00000000a2b00000, 0x00000000a2b00000| Untracked 
|  43|0x00000000a2b00000, 0x00000000a2c00000, 0x00000000a2c00000|100%| O|  |TAMS 0x00000000a2c00000, 0x00000000a2c00000| Untracked 
|  44|0x00000000a2c00000, 0x00000000a2d00000, 0x00000000a2d00000|100%| O|  |TAMS 0x00000000a2d00000, 0x00000000a2d00000| Untracked 
|  45|0x00000000a2d00000, 0x00000000a2e00000, 0x00000000a2e00000|100%| O|  |TAMS 0x00000000a2e00000, 0x00000000a2e00000| Untracked 
|  46|0x00000000a2e00000, 0x00000000a2f00000, 0x00000000a2f00000|100%| O|  |TAMS 0x00000000a2f00000, 0x00000000a2f00000| Untracked 
|  47|0x00000000a2f00000, 0x00000000a3000000, 0x00000000a3000000|100%| O|  |TAMS 0x00000000a3000000, 0x00000000a3000000| Untracked 
|  48|0x00000000a3000000, 0x00000000a3100000, 0x00000000a3100000|100%| O|  |TAMS 0x00000000a3100000, 0x00000000a3100000| Untracked 
|  49|0x00000000a3100000, 0x00000000a3200000, 0x00000000a3200000|100%| O|  |TAMS 0x00000000a3200000, 0x00000000a3200000| Untracked 
|  50|0x00000000a3200000, 0x00000000a3300000, 0x00000000a3300000|100%| O|  |TAMS 0x00000000a3300000, 0x00000000a3300000| Untracked 
|  51|0x00000000a3300000, 0x00000000a3400000, 0x00000000a3400000|100%| O|  |TAMS 0x00000000a3400000, 0x00000000a3400000| Untracked 
|  52|0x00000000a3400000, 0x00000000a3500000, 0x00000000a3500000|100%| O|  |TAMS 0x00000000a3500000, 0x00000000a3500000| Untracked 
|  53|0x00000000a3500000, 0x00000000a3600000, 0x00000000a3600000|100%| O|  |TAMS 0x00000000a3600000, 0x00000000a3600000| Untracked 
|  54|0x00000000a3600000, 0x00000000a3700000, 0x00000000a3700000|100%| O|  |TAMS 0x00000000a3700000, 0x00000000a3700000| Untracked 
|  55|0x00000000a3700000, 0x00000000a3800000, 0x00000000a3800000|100%| O|  |TAMS 0x00000000a3800000, 0x00000000a3800000| Untracked 
|  56|0x00000000a3800000, 0x00000000a3900000, 0x00000000a3900000|100%| O|  |TAMS 0x00000000a3900000, 0x00000000a3900000| Untracked 
|  57|0x00000000a3900000, 0x00000000a3a00000, 0x00000000a3a00000|100%| O|  |TAMS 0x00000000a3a00000, 0x00000000a3a00000| Untracked 
|  58|0x00000000a3a00000, 0x00000000a3b00000, 0x00000000a3b00000|100%| O|  |TAMS 0x00000000a3b00000, 0x00000000a3b00000| Untracked 
|  59|0x00000000a3b00000, 0x00000000a3c00000, 0x00000000a3c00000|100%| O|  |TAMS 0x00000000a3c00000, 0x00000000a3c00000| Untracked 
|  60|0x00000000a3c00000, 0x00000000a3d00000, 0x00000000a3d00000|100%| O|  |TAMS 0x00000000a3d00000, 0x00000000a3d00000| Untracked 
|  61|0x00000000a3d00000, 0x00000000a3e00000, 0x00000000a3e00000|100%| O|  |TAMS 0x00000000a3e00000, 0x00000000a3e00000| Untracked 
|  62|0x00000000a3e00000, 0x00000000a3f00000, 0x00000000a3f00000|100%| O|  |TAMS 0x00000000a3f00000, 0x00000000a3f00000| Untracked 
|  63|0x00000000a3f00000, 0x00000000a4000000, 0x00000000a4000000|100%| O|  |TAMS 0x00000000a4000000, 0x00000000a4000000| Untracked 
|  64|0x00000000a4000000, 0x00000000a4100000, 0x00000000a4100000|100%| O|  |TAMS 0x00000000a4100000, 0x00000000a4100000| Untracked 
|  65|0x00000000a4100000, 0x00000000a4200000, 0x00000000a4200000|100%| O|  |TAMS 0x00000000a4200000, 0x00000000a4200000| Untracked 
|  66|0x00000000a4200000, 0x00000000a4300000, 0x00000000a4300000|100%| O|  |TAMS 0x00000000a4300000, 0x00000000a4300000| Untracked 
|  67|0x00000000a4300000, 0x00000000a4400000, 0x00000000a4400000|100%| O|  |TAMS 0x00000000a4400000, 0x00000000a4400000| Untracked 
|  68|0x00000000a4400000, 0x00000000a4500000, 0x00000000a4500000|100%| O|  |TAMS 0x00000000a4500000, 0x00000000a4500000| Untracked 
|  69|0x00000000a4500000, 0x00000000a4600000, 0x00000000a4600000|100%| O|  |TAMS 0x00000000a4600000, 0x00000000a4600000| Untracked 
|  70|0x00000000a4600000, 0x00000000a4700000, 0x00000000a4700000|100%| O|  |TAMS 0x00000000a4700000, 0x00000000a4700000| Untracked 
|  71|0x00000000a4700000, 0x00000000a4800000, 0x00000000a4800000|100%| O|  |TAMS 0x00000000a4800000, 0x00000000a4800000| Untracked 
|  72|0x00000000a4800000, 0x00000000a4900000, 0x00000000a4900000|100%| O|  |TAMS 0x00000000a4900000, 0x00000000a4900000| Untracked 
|  73|0x00000000a4900000, 0x00000000a4a00000, 0x00000000a4a00000|100%| O|  |TAMS 0x00000000a4a00000, 0x00000000a4a00000| Untracked 
|  74|0x00000000a4a00000, 0x00000000a4b00000, 0x00000000a4b00000|100%| O|  |TAMS 0x00000000a4b00000, 0x00000000a4b00000| Untracked 
|  75|0x00000000a4b00000, 0x00000000a4c00000, 0x00000000a4c00000|100%| O|  |TAMS 0x00000000a4c00000, 0x00000000a4c00000| Untracked 
|  76|0x00000000a4c00000, 0x00000000a4d00000, 0x00000000a4d00000|100%| O|  |TAMS 0x00000000a4d00000, 0x00000000a4d00000| Untracked 
|  77|0x00000000a4d00000, 0x00000000a4e00000, 0x00000000a4e00000|100%| O|  |TAMS 0x00000000a4e00000, 0x00000000a4e00000| Untracked 
|  78|0x00000000a4e00000, 0x00000000a4f00000, 0x00000000a4f00000|100%| O|  |TAMS 0x00000000a4f00000, 0x00000000a4f00000| Untracked 
|  79|0x00000000a4f00000, 0x00000000a5000000, 0x00000000a5000000|100%| O|  |TAMS 0x00000000a5000000, 0x00000000a5000000| Untracked 
|  80|0x00000000a5000000, 0x00000000a5100000, 0x00000000a5100000|100%| O|  |TAMS 0x00000000a5100000, 0x00000000a5100000| Untracked 
|  81|0x00000000a5100000, 0x00000000a5200000, 0x00000000a5200000|100%| O|  |TAMS 0x00000000a5200000, 0x00000000a5200000| Untracked 
|  82|0x00000000a5200000, 0x00000000a5300000, 0x00000000a5300000|100%| O|  |TAMS 0x00000000a5300000, 0x00000000a5300000| Untracked 
|  83|0x00000000a5300000, 0x00000000a5400000, 0x00000000a5400000|100%| O|  |TAMS 0x00000000a5400000, 0x00000000a5400000| Untracked 
|  84|0x00000000a5400000, 0x00000000a5500000, 0x00000000a5500000|100%| O|  |TAMS 0x00000000a5500000, 0x00000000a5500000| Untracked 
|  85|0x00000000a5500000, 0x00000000a5600000, 0x00000000a5600000|100%| O|  |TAMS 0x00000000a5500000, 0x00000000a5600000| Untracked 
|  86|0x00000000a5600000, 0x00000000a5700000, 0x00000000a5700000|100%| O|  |TAMS 0x00000000a5700000, 0x00000000a5700000| Untracked 
|  87|0x00000000a5700000, 0x00000000a5800000, 0x00000000a5800000|100%| O|  |TAMS 0x00000000a5800000, 0x00000000a5800000| Untracked 
|  88|0x00000000a5800000, 0x00000000a5900000, 0x00000000a5900000|100%| O|  |TAMS 0x00000000a5900000, 0x00000000a5900000| Untracked 
|  89|0x00000000a5900000, 0x00000000a5a00000, 0x00000000a5a00000|100%| O|  |TAMS 0x00000000a5a00000, 0x00000000a5a00000| Untracked 
|  90|0x00000000a5a00000, 0x00000000a5b00000, 0x00000000a5b00000|100%| O|  |TAMS 0x00000000a5b00000, 0x00000000a5b00000| Untracked 
|  91|0x00000000a5b00000, 0x00000000a5c00000, 0x00000000a5c00000|100%| O|  |TAMS 0x00000000a5c00000, 0x00000000a5c00000| Untracked 
|  92|0x00000000a5c00000, 0x00000000a5d00000, 0x00000000a5d00000|100%| O|  |TAMS 0x00000000a5d00000, 0x00000000a5d00000| Untracked 
|  93|0x00000000a5d00000, 0x00000000a5e00000, 0x00000000a5e00000|100%| O|  |TAMS 0x00000000a5e00000, 0x00000000a5e00000| Untracked 
|  94|0x00000000a5e00000, 0x00000000a5f00000, 0x00000000a5f00000|100%| O|  |TAMS 0x00000000a5f00000, 0x00000000a5f00000| Untracked 
|  95|0x00000000a5f00000, 0x00000000a6000000, 0x00000000a6000000|100%| O|  |TAMS 0x00000000a6000000, 0x00000000a6000000| Untracked 
|  96|0x00000000a6000000, 0x00000000a6100000, 0x00000000a6100000|100%| O|  |TAMS 0x00000000a6100000, 0x00000000a6100000| Untracked 
|  97|0x00000000a6100000, 0x00000000a6200000, 0x00000000a6200000|100%| O|  |TAMS 0x00000000a6200000, 0x00000000a6200000| Untracked 
|  98|0x00000000a6200000, 0x00000000a6300000, 0x00000000a6300000|100%| O|  |TAMS 0x00000000a6300000, 0x00000000a6300000| Untracked 
|  99|0x00000000a6300000, 0x00000000a6400000, 0x00000000a6400000|100%| O|  |TAMS 0x00000000a6400000, 0x00000000a6400000| Untracked 
| 100|0x00000000a6400000, 0x00000000a6500000, 0x00000000a6500000|100%| O|  |TAMS 0x00000000a6500000, 0x00000000a6500000| Untracked 
| 101|0x00000000a6500000, 0x00000000a6600000, 0x00000000a6600000|100%| O|  |TAMS 0x00000000a6600000, 0x00000000a6600000| Untracked 
| 102|0x00000000a6600000, 0x00000000a6700000, 0x00000000a6700000|100%| O|  |TAMS 0x00000000a6700000, 0x00000000a6700000| Untracked 
| 103|0x00000000a6700000, 0x00000000a6800000, 0x00000000a6800000|100%| O|  |TAMS 0x00000000a6800000, 0x00000000a6800000| Untracked 
| 104|0x00000000a6800000, 0x00000000a6900000, 0x00000000a6900000|100%| O|  |TAMS 0x00000000a6900000, 0x00000000a6900000| Untracked 
| 105|0x00000000a6900000, 0x00000000a6a00000, 0x00000000a6a00000|100%| O|  |TAMS 0x00000000a6a00000, 0x00000000a6a00000| Untracked 
| 106|0x00000000a6a00000, 0x00000000a6b00000, 0x00000000a6b00000|100%| O|  |TAMS 0x00000000a6b00000, 0x00000000a6b00000| Untracked 
| 107|0x00000000a6b00000, 0x00000000a6c00000, 0x00000000a6c00000|100%| O|  |TAMS 0x00000000a6c00000, 0x00000000a6c00000| Untracked 
| 108|0x00000000a6c00000, 0x00000000a6d00000, 0x00000000a6d00000|100%| O|  |TAMS 0x00000000a6d00000, 0x00000000a6d00000| Untracked 
| 109|0x00000000a6d00000, 0x00000000a6e00000, 0x00000000a6e00000|100%| O|  |TAMS 0x00000000a6e00000, 0x00000000a6e00000| Untracked 
| 110|0x00000000a6e00000, 0x00000000a6f00000, 0x00000000a6f00000|100%| O|  |TAMS 0x00000000a6f00000, 0x00000000a6f00000| Untracked 
| 111|0x00000000a6f00000, 0x00000000a7000000, 0x00000000a7000000|100%| O|  |TAMS 0x00000000a7000000, 0x00000000a7000000| Untracked 
| 112|0x00000000a7000000, 0x00000000a7100000, 0x00000000a7100000|100%| O|  |TAMS 0x00000000a7100000, 0x00000000a7100000| Untracked 
| 113|0x00000000a7100000, 0x00000000a7200000, 0x00000000a7200000|100%| O|  |TAMS 0x00000000a7200000, 0x00000000a7200000| Untracked 
| 114|0x00000000a7200000, 0x00000000a7200000, 0x00000000a7300000|  0%| F|  |TAMS 0x00000000a7200000, 0x00000000a7200000| Untracked 
| 115|0x00000000a7300000, 0x00000000a7400000, 0x00000000a7400000|100%| O|  |TAMS 0x00000000a7400000, 0x00000000a7400000| Untracked 
| 116|0x00000000a7400000, 0x00000000a7500000, 0x00000000a7500000|100%| O|  |TAMS 0x00000000a7500000, 0x00000000a7500000| Untracked 
| 117|0x00000000a7500000, 0x00000000a7600000, 0x00000000a7600000|100%| O|  |TAMS 0x00000000a7600000, 0x00000000a7600000| Untracked 
| 118|0x00000000a7600000, 0x00000000a7700000, 0x00000000a7700000|100%| O|  |TAMS 0x00000000a7700000, 0x00000000a7700000| Untracked 
| 119|0x00000000a7700000, 0x00000000a7800000, 0x00000000a7800000|100%| O|  |TAMS 0x00000000a7800000, 0x00000000a7800000| Untracked 
| 120|0x00000000a7800000, 0x00000000a7900000, 0x00000000a7900000|100%| O|  |TAMS 0x00000000a7900000, 0x00000000a7900000| Untracked 
| 121|0x00000000a7900000, 0x00000000a7a00000, 0x00000000a7a00000|100%| O|  |TAMS 0x00000000a7a00000, 0x00000000a7a00000| Untracked 
| 122|0x00000000a7a00000, 0x00000000a7b00000, 0x00000000a7b00000|100%| O|  |TAMS 0x00000000a7b00000, 0x00000000a7b00000| Untracked 
| 123|0x00000000a7b00000, 0x00000000a7c00000, 0x00000000a7c00000|100%| O|  |TAMS 0x00000000a7c00000, 0x00000000a7c00000| Untracked 
| 124|0x00000000a7c00000, 0x00000000a7d00000, 0x00000000a7d00000|100%| O|  |TAMS 0x00000000a7d00000, 0x00000000a7d00000| Untracked 
| 125|0x00000000a7d00000, 0x00000000a7e00000, 0x00000000a7e00000|100%| O|  |TAMS 0x00000000a7e00000, 0x00000000a7e00000| Untracked 
| 126|0x00000000a7e00000, 0x00000000a7f00000, 0x00000000a7f00000|100%| O|  |TAMS 0x00000000a7f00000, 0x00000000a7f00000| Untracked 
| 127|0x00000000a7f00000, 0x00000000a8000000, 0x00000000a8000000|100%| O|  |TAMS 0x00000000a8000000, 0x00000000a8000000| Untracked 
| 128|0x00000000a8000000, 0x00000000a8100000, 0x00000000a8100000|100%| O|  |TAMS 0x00000000a806a000, 0x00000000a8100000| Untracked 
| 129|0x00000000a8100000, 0x00000000a8200000, 0x00000000a8200000|100%| O|  |TAMS 0x00000000a8100000, 0x00000000a8200000| Untracked 
| 130|0x00000000a8200000, 0x00000000a8300000, 0x00000000a8300000|100%| O|  |TAMS 0x00000000a8200000, 0x00000000a8300000| Untracked 
| 131|0x00000000a8300000, 0x00000000a8400000, 0x00000000a8400000|100%| O|  |TAMS 0x00000000a8300000, 0x00000000a8400000| Untracked 
| 132|0x00000000a8400000, 0x00000000a8500000, 0x00000000a8500000|100%| O|  |TAMS 0x00000000a8400000, 0x00000000a8500000| Untracked 
| 133|0x00000000a8500000, 0x00000000a8600000, 0x00000000a8600000|100%| O|  |TAMS 0x00000000a8500000, 0x00000000a8600000| Untracked 
| 134|0x00000000a8600000, 0x00000000a8625e00, 0x00000000a8700000| 14%| O|  |TAMS 0x00000000a8600000, 0x00000000a8625e00| Untracked 
| 135|0x00000000a8700000, 0x00000000a8700000, 0x00000000a8800000|  0%| F|  |TAMS 0x00000000a8700000, 0x00000000a8700000| Untracked 
| 136|0x00000000a8800000, 0x00000000a8800000, 0x00000000a8900000|  0%| F|  |TAMS 0x00000000a8800000, 0x00000000a8800000| Untracked 
| 137|0x00000000a8900000, 0x00000000a8900000, 0x00000000a8a00000|  0%| F|  |TAMS 0x00000000a8900000, 0x00000000a8900000| Untracked 
| 138|0x00000000a8a00000, 0x00000000a8a00000, 0x00000000a8b00000|  0%| F|  |TAMS 0x00000000a8a00000, 0x00000000a8a00000| Untracked 
| 139|0x00000000a8b00000, 0x00000000a8b00000, 0x00000000a8c00000|  0%| F|  |TAMS 0x00000000a8b00000, 0x00000000a8b00000| Untracked 
| 140|0x00000000a8c00000, 0x00000000a8c00000, 0x00000000a8d00000|  0%| F|  |TAMS 0x00000000a8c00000, 0x00000000a8c00000| Untracked 
| 141|0x00000000a8d00000, 0x00000000a8d00000, 0x00000000a8e00000|  0%| F|  |TAMS 0x00000000a8d00000, 0x00000000a8d00000| Untracked 
| 142|0x00000000a8e00000, 0x00000000a8e00000, 0x00000000a8f00000|  0%| F|  |TAMS 0x00000000a8e00000, 0x00000000a8e00000| Untracked 
| 143|0x00000000a8f00000, 0x00000000a8f00000, 0x00000000a9000000|  0%| F|  |TAMS 0x00000000a8f00000, 0x00000000a8f00000| Untracked 
| 144|0x00000000a9000000, 0x00000000a9000000, 0x00000000a9100000|  0%| F|  |TAMS 0x00000000a9000000, 0x00000000a9000000| Untracked 
| 145|0x00000000a9100000, 0x00000000a9100000, 0x00000000a9200000|  0%| F|  |TAMS 0x00000000a9100000, 0x00000000a9100000| Untracked 
| 146|0x00000000a9200000, 0x00000000a9200000, 0x00000000a9300000|  0%| F|  |TAMS 0x00000000a9200000, 0x00000000a9200000| Untracked 
| 147|0x00000000a9300000, 0x00000000a9300000, 0x00000000a9400000|  0%| F|  |TAMS 0x00000000a9300000, 0x00000000a9300000| Untracked 
| 148|0x00000000a9400000, 0x00000000a9400000, 0x00000000a9500000|  0%| F|  |TAMS 0x00000000a9400000, 0x00000000a9400000| Untracked 
| 149|0x00000000a9500000, 0x00000000a9500000, 0x00000000a9600000|  0%| F|  |TAMS 0x00000000a9500000, 0x00000000a9500000| Untracked 
| 150|0x00000000a9600000, 0x00000000a9600000, 0x00000000a9700000|  0%| F|  |TAMS 0x00000000a9600000, 0x00000000a9600000| Untracked 
| 151|0x00000000a9700000, 0x00000000a9700000, 0x00000000a9800000|  0%| F|  |TAMS 0x00000000a9700000, 0x00000000a9700000| Untracked 
| 152|0x00000000a9800000, 0x00000000a9800000, 0x00000000a9900000|  0%| F|  |TAMS 0x00000000a9800000, 0x00000000a9800000| Untracked 
| 153|0x00000000a9900000, 0x00000000a9900000, 0x00000000a9a00000|  0%| F|  |TAMS 0x00000000a9900000, 0x00000000a9900000| Untracked 
| 154|0x00000000a9a00000, 0x00000000a9a00000, 0x00000000a9b00000|  0%| F|  |TAMS 0x00000000a9a00000, 0x00000000a9a00000| Untracked 
| 155|0x00000000a9b00000, 0x00000000a9b00000, 0x00000000a9c00000|  0%| F|  |TAMS 0x00000000a9b00000, 0x00000000a9b00000| Untracked 
| 156|0x00000000a9c00000, 0x00000000a9c00000, 0x00000000a9d00000|  0%| F|  |TAMS 0x00000000a9c00000, 0x00000000a9c00000| Untracked 
| 157|0x00000000a9d00000, 0x00000000a9d00000, 0x00000000a9e00000|  0%| F|  |TAMS 0x00000000a9d00000, 0x00000000a9d00000| Untracked 
| 158|0x00000000a9e00000, 0x00000000a9e00000, 0x00000000a9f00000|  0%| F|  |TAMS 0x00000000a9e00000, 0x00000000a9e00000| Untracked 
| 159|0x00000000a9f00000, 0x00000000a9f00000, 0x00000000aa000000|  0%| F|  |TAMS 0x00000000a9f00000, 0x00000000a9f00000| Untracked 
| 160|0x00000000aa000000, 0x00000000aa000000, 0x00000000aa100000|  0%| F|  |TAMS 0x00000000aa000000, 0x00000000aa000000| Untracked 
| 161|0x00000000aa100000, 0x00000000aa100000, 0x00000000aa200000|  0%| F|  |TAMS 0x00000000aa100000, 0x00000000aa100000| Untracked 
| 162|0x00000000aa200000, 0x00000000aa200000, 0x00000000aa300000|  0%| F|  |TAMS 0x00000000aa200000, 0x00000000aa200000| Untracked 
| 163|0x00000000aa300000, 0x00000000aa300000, 0x00000000aa400000|  0%| F|  |TAMS 0x00000000aa300000, 0x00000000aa300000| Untracked 
| 164|0x00000000aa400000, 0x00000000aa400000, 0x00000000aa500000|  0%| F|  |TAMS 0x00000000aa400000, 0x00000000aa400000| Untracked 
| 165|0x00000000aa500000, 0x00000000aa500000, 0x00000000aa600000|  0%| F|  |TAMS 0x00000000aa500000, 0x00000000aa500000| Untracked 
| 166|0x00000000aa600000, 0x00000000aa600000, 0x00000000aa700000|  0%| F|  |TAMS 0x00000000aa600000, 0x00000000aa600000| Untracked 
| 167|0x00000000aa700000, 0x00000000aa700000, 0x00000000aa800000|  0%| F|  |TAMS 0x00000000aa700000, 0x00000000aa700000| Untracked 
| 168|0x00000000aa800000, 0x00000000aa800000, 0x00000000aa900000|  0%| F|  |TAMS 0x00000000aa800000, 0x00000000aa800000| Untracked 
| 169|0x00000000aa900000, 0x00000000aa900000, 0x00000000aaa00000|  0%| F|  |TAMS 0x00000000aa900000, 0x00000000aa900000| Untracked 
| 170|0x00000000aaa00000, 0x00000000aaa00000, 0x00000000aab00000|  0%| F|  |TAMS 0x00000000aaa00000, 0x00000000aaa00000| Untracked 
| 171|0x00000000aab00000, 0x00000000aab00000, 0x00000000aac00000|  0%| F|  |TAMS 0x00000000aab00000, 0x00000000aab00000| Untracked 
| 172|0x00000000aac00000, 0x00000000aac00000, 0x00000000aad00000|  0%| F|  |TAMS 0x00000000aac00000, 0x00000000aac00000| Untracked 
| 173|0x00000000aad00000, 0x00000000aad00000, 0x00000000aae00000|  0%| F|  |TAMS 0x00000000aad00000, 0x00000000aad00000| Untracked 
| 174|0x00000000aae00000, 0x00000000aae00000, 0x00000000aaf00000|  0%| F|  |TAMS 0x00000000aae00000, 0x00000000aae00000| Untracked 
| 175|0x00000000aaf00000, 0x00000000aaf00000, 0x00000000ab000000|  0%| F|  |TAMS 0x00000000aaf00000, 0x00000000aaf00000| Untracked 
| 176|0x00000000ab000000, 0x00000000ab000000, 0x00000000ab100000|  0%| F|  |TAMS 0x00000000ab000000, 0x00000000ab000000| Untracked 
| 177|0x00000000ab100000, 0x00000000ab139aa0, 0x00000000ab200000| 22%| S|CS|TAMS 0x00000000ab100000, 0x00000000ab100000| Complete 
| 178|0x00000000ab200000, 0x00000000ab300000, 0x00000000ab300000|100%| S|CS|TAMS 0x00000000ab200000, 0x00000000ab200000| Complete 
| 179|0x00000000ab300000, 0x00000000ab400000, 0x00000000ab400000|100%| S|CS|TAMS 0x00000000ab300000, 0x00000000ab300000| Complete 
| 180|0x00000000ab400000, 0x00000000ab500000, 0x00000000ab500000|100%| S|CS|TAMS 0x00000000ab400000, 0x00000000ab400000| Complete 
| 181|0x00000000ab500000, 0x00000000ab600000, 0x00000000ab600000|100%| S|CS|TAMS 0x00000000ab500000, 0x00000000ab500000| Complete 
| 182|0x00000000ab600000, 0x00000000ab600000, 0x00000000ab700000|  0%| F|  |TAMS 0x00000000ab600000, 0x00000000ab600000| Untracked 
| 183|0x00000000ab700000, 0x00000000ab700000, 0x00000000ab800000|  0%| F|  |TAMS 0x00000000ab700000, 0x00000000ab700000| Untracked 
| 184|0x00000000ab800000, 0x00000000ab800000, 0x00000000ab900000|  0%| F|  |TAMS 0x00000000ab800000, 0x00000000ab800000| Untracked 
| 185|0x00000000ab900000, 0x00000000ab900000, 0x00000000aba00000|  0%| F|  |TAMS 0x00000000ab900000, 0x00000000ab900000| Untracked 
| 186|0x00000000aba00000, 0x00000000aba00000, 0x00000000abb00000|  0%| F|  |TAMS 0x00000000aba00000, 0x00000000aba00000| Untracked 
| 187|0x00000000abb00000, 0x00000000abb00000, 0x00000000abc00000|  0%| F|  |TAMS 0x00000000abb00000, 0x00000000abb00000| Untracked 
| 188|0x00000000abc00000, 0x00000000abc00000, 0x00000000abd00000|  0%| F|  |TAMS 0x00000000abc00000, 0x00000000abc00000| Untracked 
| 189|0x00000000abd00000, 0x00000000abd00000, 0x00000000abe00000|  0%| F|  |TAMS 0x00000000abd00000, 0x00000000abd00000| Untracked 
| 190|0x00000000abe00000, 0x00000000abe00000, 0x00000000abf00000|  0%| F|  |TAMS 0x00000000abe00000, 0x00000000abe00000| Untracked 
| 191|0x00000000abf00000, 0x00000000abf00000, 0x00000000ac000000|  0%| F|  |TAMS 0x00000000abf00000, 0x00000000abf00000| Untracked 
| 192|0x00000000ac000000, 0x00000000ac000000, 0x00000000ac100000|  0%| F|  |TAMS 0x00000000ac000000, 0x00000000ac000000| Untracked 
| 193|0x00000000ac100000, 0x00000000ac100000, 0x00000000ac200000|  0%| F|  |TAMS 0x00000000ac100000, 0x00000000ac100000| Untracked 
| 194|0x00000000ac200000, 0x00000000ac200000, 0x00000000ac300000|  0%| F|  |TAMS 0x00000000ac200000, 0x00000000ac200000| Untracked 
| 195|0x00000000ac300000, 0x00000000ac300000, 0x00000000ac400000|  0%| F|  |TAMS 0x00000000ac300000, 0x00000000ac300000| Untracked 
| 196|0x00000000ac400000, 0x00000000ac400000, 0x00000000ac500000|  0%| F|  |TAMS 0x00000000ac400000, 0x00000000ac400000| Untracked 
| 197|0x00000000ac500000, 0x00000000ac500000, 0x00000000ac600000|  0%| F|  |TAMS 0x00000000ac500000, 0x00000000ac500000| Untracked 
| 198|0x00000000ac600000, 0x00000000ac600000, 0x00000000ac700000|  0%| F|  |TAMS 0x00000000ac600000, 0x00000000ac600000| Untracked 
| 199|0x00000000ac700000, 0x00000000ac700000, 0x00000000ac800000|  0%| F|  |TAMS 0x00000000ac700000, 0x00000000ac700000| Untracked 
| 200|0x00000000ac800000, 0x00000000ac800000, 0x00000000ac900000|  0%| F|  |TAMS 0x00000000ac800000, 0x00000000ac800000| Untracked 
| 201|0x00000000ac900000, 0x00000000ac900000, 0x00000000aca00000|  0%| F|  |TAMS 0x00000000ac900000, 0x00000000ac900000| Untracked 
| 202|0x00000000aca00000, 0x00000000aca00000, 0x00000000acb00000|  0%| F|  |TAMS 0x00000000aca00000, 0x00000000aca00000| Untracked 
| 203|0x00000000acb00000, 0x00000000acb00000, 0x00000000acc00000|  0%| F|  |TAMS 0x00000000acb00000, 0x00000000acb00000| Untracked 
| 204|0x00000000acc00000, 0x00000000acc00000, 0x00000000acd00000|  0%| F|  |TAMS 0x00000000acc00000, 0x00000000acc00000| Untracked 
| 205|0x00000000acd00000, 0x00000000acd00000, 0x00000000ace00000|  0%| F|  |TAMS 0x00000000acd00000, 0x00000000acd00000| Untracked 
| 206|0x00000000ace00000, 0x00000000ace00000, 0x00000000acf00000|  0%| F|  |TAMS 0x00000000ace00000, 0x00000000ace00000| Untracked 
| 207|0x00000000acf00000, 0x00000000acf00000, 0x00000000ad000000|  0%| F|  |TAMS 0x00000000acf00000, 0x00000000acf00000| Untracked 
| 208|0x00000000ad000000, 0x00000000ad000000, 0x00000000ad100000|  0%| F|  |TAMS 0x00000000ad000000, 0x00000000ad000000| Untracked 
| 209|0x00000000ad100000, 0x00000000ad100000, 0x00000000ad200000|  0%| F|  |TAMS 0x00000000ad100000, 0x00000000ad100000| Untracked 
| 210|0x00000000ad200000, 0x00000000ad200000, 0x00000000ad300000|  0%| F|  |TAMS 0x00000000ad200000, 0x00000000ad200000| Untracked 
| 211|0x00000000ad300000, 0x00000000ad300000, 0x00000000ad400000|  0%| F|  |TAMS 0x00000000ad300000, 0x00000000ad300000| Untracked 
| 212|0x00000000ad400000, 0x00000000ad400000, 0x00000000ad500000|  0%| F|  |TAMS 0x00000000ad400000, 0x00000000ad400000| Untracked 
| 213|0x00000000ad500000, 0x00000000ad500000, 0x00000000ad600000|  0%| F|  |TAMS 0x00000000ad500000, 0x00000000ad500000| Untracked 
| 214|0x00000000ad600000, 0x00000000ad600000, 0x00000000ad700000|  0%| F|  |TAMS 0x00000000ad600000, 0x00000000ad600000| Untracked 
| 215|0x00000000ad700000, 0x00000000ad700000, 0x00000000ad800000|  0%| F|  |TAMS 0x00000000ad700000, 0x00000000ad700000| Untracked 
| 216|0x00000000ad800000, 0x00000000ad800000, 0x00000000ad900000|  0%| F|  |TAMS 0x00000000ad800000, 0x00000000ad800000| Untracked 
| 217|0x00000000ad900000, 0x00000000ad900000, 0x00000000ada00000|  0%| F|  |TAMS 0x00000000ad900000, 0x00000000ad900000| Untracked 
| 218|0x00000000ada00000, 0x00000000ada00000, 0x00000000adb00000|  0%| F|  |TAMS 0x00000000ada00000, 0x00000000ada00000| Untracked 
| 219|0x00000000adb00000, 0x00000000adb00000, 0x00000000adc00000|  0%| F|  |TAMS 0x00000000adb00000, 0x00000000adb00000| Untracked 
| 220|0x00000000adc00000, 0x00000000adc00000, 0x00000000add00000|  0%| F|  |TAMS 0x00000000adc00000, 0x00000000adc00000| Untracked 
| 221|0x00000000add00000, 0x00000000add00000, 0x00000000ade00000|  0%| F|  |TAMS 0x00000000add00000, 0x00000000add00000| Untracked 
| 222|0x00000000ade00000, 0x00000000ade00000, 0x00000000adf00000|  0%| F|  |TAMS 0x00000000ade00000, 0x00000000ade00000| Untracked 
| 223|0x00000000adf00000, 0x00000000adf00000, 0x00000000ae000000|  0%| F|  |TAMS 0x00000000adf00000, 0x00000000adf00000| Untracked 
| 224|0x00000000ae000000, 0x00000000ae000000, 0x00000000ae100000|  0%| F|  |TAMS 0x00000000ae000000, 0x00000000ae000000| Untracked 
| 225|0x00000000ae100000, 0x00000000ae100000, 0x00000000ae200000|  0%| F|  |TAMS 0x00000000ae100000, 0x00000000ae100000| Untracked 
| 226|0x00000000ae200000, 0x00000000ae200000, 0x00000000ae300000|  0%| F|  |TAMS 0x00000000ae200000, 0x00000000ae200000| Untracked 
| 227|0x00000000ae300000, 0x00000000ae300000, 0x00000000ae400000|  0%| F|  |TAMS 0x00000000ae300000, 0x00000000ae300000| Untracked 
| 228|0x00000000ae400000, 0x00000000ae400000, 0x00000000ae500000|  0%| F|  |TAMS 0x00000000ae400000, 0x00000000ae400000| Untracked 
| 229|0x00000000ae500000, 0x00000000ae500000, 0x00000000ae600000|  0%| F|  |TAMS 0x00000000ae500000, 0x00000000ae500000| Untracked 
| 230|0x00000000ae600000, 0x00000000ae600000, 0x00000000ae700000|  0%| F|  |TAMS 0x00000000ae600000, 0x00000000ae600000| Untracked 
| 231|0x00000000ae700000, 0x00000000ae700000, 0x00000000ae800000|  0%| F|  |TAMS 0x00000000ae700000, 0x00000000ae700000| Untracked 
| 232|0x00000000ae800000, 0x00000000ae800000, 0x00000000ae900000|  0%| F|  |TAMS 0x00000000ae800000, 0x00000000ae800000| Untracked 
| 233|0x00000000ae900000, 0x00000000ae900000, 0x00000000aea00000|  0%| F|  |TAMS 0x00000000ae900000, 0x00000000ae900000| Untracked 
| 234|0x00000000aea00000, 0x00000000aea00000, 0x00000000aeb00000|  0%| F|  |TAMS 0x00000000aea00000, 0x00000000aea00000| Untracked 
| 235|0x00000000aeb00000, 0x00000000aeb00000, 0x00000000aec00000|  0%| F|  |TAMS 0x00000000aeb00000, 0x00000000aeb00000| Untracked 
| 236|0x00000000aec00000, 0x00000000aec00000, 0x00000000aed00000|  0%| F|  |TAMS 0x00000000aec00000, 0x00000000aec00000| Untracked 
| 237|0x00000000aed00000, 0x00000000aed00000, 0x00000000aee00000|  0%| F|  |TAMS 0x00000000aed00000, 0x00000000aed00000| Untracked 
| 238|0x00000000aee00000, 0x00000000aee00000, 0x00000000aef00000|  0%| F|  |TAMS 0x00000000aee00000, 0x00000000aee00000| Untracked 
| 239|0x00000000aef00000, 0x00000000aef00000, 0x00000000af000000|  0%| F|  |TAMS 0x00000000aef00000, 0x00000000aef00000| Untracked 
| 240|0x00000000af000000, 0x00000000af000000, 0x00000000af100000|  0%| F|  |TAMS 0x00000000af000000, 0x00000000af000000| Untracked 
| 241|0x00000000af100000, 0x00000000af100000, 0x00000000af200000|  0%| F|  |TAMS 0x00000000af100000, 0x00000000af100000| Untracked 

Card table byte_map: [0x0000022b59950000,0x0000022b59c50000] _byte_map_base: 0x0000022b59450000

Marking Bits (Prev, Next): (CMBitMap*) 0x0000022b4244ed20, (CMBitMap*) 0x0000022b4244ed60
 Prev Bits: [0x0000022b59f50000, 0x0000022b5b750000)
 Next Bits: [0x0000022b5b750000, 0x0000022b5cf50000)

Polling page: 0x0000022b40b60000

Metaspace:

Usage:
  Non-class:     64.62 MB used.
      Class:     10.15 MB used.
       Both:     74.77 MB used.

Virtual space:
  Non-class space:       72.00 MB reserved,      65.00 MB ( 90%) committed,  9 nodes.
      Class space:        1.00 GB reserved,      10.44 MB (  1%) committed,  1 nodes.
             Both:        1.07 GB reserved,      75.44 MB (  7%) committed. 

Chunk freelists:
   Non-Class:  2.62 MB
       Class:  1.53 MB
        Both:  4.16 MB

MaxMetaspaceSize: unlimited
CompressedClassSpaceSize: 1.00 GB
Initial GC threshold: 21.00 MB
Current GC threshold: 122.81 MB
CDS: on
MetaspaceReclaimPolicy: balanced
 - commit_granule_bytes: 65536.
 - commit_granule_words: 8192.
 - virtual_space_node_default_size: 1048576.
 - enlarge_chunks_in_place: 1.
 - new_chunks_are_fully_committed: 0.
 - uncommit_free_chunks: 1.
 - use_allocation_guard: 0.
 - handle_deallocations: 1.


Internal statistics:

num_allocs_failed_limit: 6.
num_arena_births: 796.
num_arena_deaths: 0.
num_vsnodes_births: 10.
num_vsnodes_deaths: 0.
num_space_committed: 1207.
num_space_uncommitted: 0.
num_chunks_returned_to_freelist: 6.
num_chunks_taken_from_freelist: 3884.
num_chunk_merges: 6.
num_chunk_splits: 2573.
num_chunks_enlarged: 1724.
num_purges: 0.
num_inconsistent_stats: 0.

CodeHeap 'non-profiled nmethods': size=120000Kb used=8161Kb max_used=8161Kb free=111838Kb
 bounds [0x0000022b51b00000, 0x0000022b52300000, 0x0000022b59030000]
CodeHeap 'profiled nmethods': size=120000Kb used=22023Kb max_used=22023Kb free=97977Kb
 bounds [0x0000022b4a030000, 0x0000022b4b5c0000, 0x0000022b51560000]
CodeHeap 'non-nmethods': size=5760Kb used=2395Kb max_used=2484Kb free=3365Kb
 bounds [0x0000022b51560000, 0x0000022b517e0000, 0x0000022b51b00000]
 total_blobs=11650 nmethods=10738 adapters=822
 compilation: enabled
              stopped_count=0, restarted_count=0
 full_count=0

Compilation events (20 events):
Event: 54.602 Thread 0x0000022b5f556a10 12637       3       com.sun.tools.javac.comp.Infer$PropagateBounds::<init> (19 bytes)
Event: 54.602 Thread 0x0000022b5f556a10 nmethod 12637 0x0000022b4b5a6b10 code [0x0000022b4b5a6cc0, 0x0000022b4b5a7058]
Event: 54.602 Thread 0x0000022b5f556a10 12640   !   3       com.sun.tools.javac.comp.Attr::visitVarDef (646 bytes)
Event: 54.605 Thread 0x0000022b6863bec0 nmethod 12631 0x0000022b522f4e90 code [0x0000022b522f5040, 0x0000022b522f5728]
Event: 54.605 Thread 0x0000022b6863bec0 12641       4       java.lang.invoke.LambdaForm$DMH/0x0000000800dc8000::newInvokeSpecial (32 bytes)
Event: 54.606 Thread 0x0000022b5f556a10 nmethod 12640 0x0000022b4b5a7190 code [0x0000022b4b5a77a0, 0x0000022b4b5ab468]
Event: 54.606 Thread 0x0000022b5f556a10 12642       3       com.sun.tools.javac.comp.Check::checkMethod (555 bytes)
Event: 54.607 Thread 0x0000022b6863bec0 nmethod 12641 0x0000022b522f5b10 code [0x0000022b522f5ca0, 0x0000022b522f5f08]
Event: 54.607 Thread 0x0000022b6863bec0 12639       4       com.sun.tools.javac.code.Types$4::visitClassType (99 bytes)
Event: 54.610 Thread 0x0000022b5f556a10 nmethod 12642 0x0000022b4b5acc90 code [0x0000022b4b5ad340, 0x0000022b4b5b1c38]
Event: 54.610 Thread 0x0000022b5f556a10 12644       3       com.sun.tools.javac.comp.Attr::bindingEnv (11 bytes)
Event: 54.611 Thread 0x0000022b5f556a10 nmethod 12644 0x0000022b4b5b3890 code [0x0000022b4b5b3a40, 0x0000022b4b5b3ba8]
Event: 54.611 Thread 0x0000022b5f556a10 12643       1       com.sun.tools.javac.comp.InferenceContext::inferenceVars (5 bytes)
Event: 54.611 Thread 0x0000022b5f556a10 nmethod 12643 0x0000022b522f6110 code [0x0000022b522f62a0, 0x0000022b522f6378]
Event: 54.611 Thread 0x0000022b5f54e520 nmethod 12638 0x0000022b522f6410 code [0x0000022b522f6640, 0x0000022b522f6ca8]
Event: 54.615 Thread 0x0000022b5f556a10 12645       3       com.sun.tools.javac.code.Type$UndetVar::accept (9 bytes)
Event: 54.616 Thread 0x0000022b5f556a10 nmethod 12645 0x0000022b4b5b3c90 code [0x0000022b4b5b3e40, 0x0000022b4b5b4028]
Event: 54.616 Thread 0x0000022b5f556a10 12646       3       com.sun.tools.javac.comp.Infer$BoundFilter::test (9 bytes)
Event: 54.616 Thread 0x0000022b5f556a10 nmethod 12646 0x0000022b4b5b4110 code [0x0000022b4b5b4300, 0x0000022b4b5b4a48]
Event: 54.617 Thread 0x0000022b6863bec0 nmethod 12639 0x0000022b522f7590 code [0x0000022b522f77c0, 0x0000022b522f7de8]

GC Heap History (20 events):
Event: 23.119 GC heap after
{Heap after GC invocations=41 (full 0):
 garbage-first heap   total 204800K, used 73495K [0x00000000a0000000, 0x0000000100000000)
  region size 1024K, 11 young (11264K), 11 survivors (11264K)
 Metaspace       used 66074K, committed 66752K, reserved 1114112K
  class space    used 9239K, committed 9536K, reserved 1048576K
}
Event: 43.278 GC heap before
{Heap before GC invocations=41 (full 0):
 garbage-first heap   total 204800K, used 150295K [0x00000000a0000000, 0x0000000100000000)
  region size 1024K, 87 young (89088K), 11 survivors (11264K)
 Metaspace       used 73482K, committed 74240K, reserved 1114112K
  class space    used 10117K, committed 10432K, reserved 1048576K
}
Event: 43.303 GC heap after
{Heap after GC invocations=42 (full 0):
 garbage-first heap   total 204800K, used 83525K [0x00000000a0000000, 0x0000000100000000)
  region size 1024K, 11 young (11264K), 11 survivors (11264K)
 Metaspace       used 73482K, committed 74240K, reserved 1114112K
  class space    used 10117K, committed 10432K, reserved 1048576K
}
Event: 45.403 GC heap before
{Heap before GC invocations=42 (full 0):
 garbage-first heap   total 204800K, used 154181K [0x00000000a0000000, 0x0000000100000000)
  region size 1024K, 81 young (82944K), 11 survivors (11264K)
 Metaspace       used 73627K, committed 74304K, reserved 1114112K
  class space    used 10121K, committed 10432K, reserved 1048576K
}
Event: 45.429 GC heap after
{Heap after GC invocations=43 (full 0):
 garbage-first heap   total 204800K, used 99028K [0x00000000a0000000, 0x0000000100000000)
  region size 1024K, 11 young (11264K), 11 survivors (11264K)
 Metaspace       used 73627K, committed 74304K, reserved 1114112K
  class space    used 10121K, committed 10432K, reserved 1048576K
}
Event: 46.467 GC heap before
{Heap before GC invocations=43 (full 0):
 garbage-first heap   total 204800K, used 157396K [0x00000000a0000000, 0x0000000100000000)
  region size 1024K, 68 young (69632K), 11 survivors (11264K)
 Metaspace       used 73663K, committed 74368K, reserved 1114112K
  class space    used 10122K, committed 10432K, reserved 1048576K
}
Event: 46.491 GC heap after
{Heap after GC invocations=44 (full 0):
 garbage-first heap   total 204800K, used 112340K [0x00000000a0000000, 0x0000000100000000)
  region size 1024K, 9 young (9216K), 9 survivors (9216K)
 Metaspace       used 73663K, committed 74368K, reserved 1114112K
  class space    used 10122K, committed 10432K, reserved 1048576K
}
Event: 48.335 GC heap before
{Heap before GC invocations=44 (full 0):
 garbage-first heap   total 204800K, used 160468K [0x00000000a0000000, 0x0000000100000000)
  region size 1024K, 56 young (57344K), 9 survivors (9216K)
 Metaspace       used 74022K, committed 74752K, reserved 1114112K
  class space    used 10149K, committed 10432K, reserved 1048576K
}
Event: 48.367 GC heap after
{Heap after GC invocations=45 (full 0):
 garbage-first heap   total 204800K, used 124628K [0x00000000a0000000, 0x0000000100000000)
  region size 1024K, 7 young (7168K), 7 survivors (7168K)
 Metaspace       used 74022K, committed 74752K, reserved 1114112K
  class space    used 10149K, committed 10432K, reserved 1048576K
}
Event: 50.401 GC heap before
{Heap before GC invocations=46 (full 0):
 garbage-first heap   total 217088K, used 162516K [0x00000000a0000000, 0x0000000100000000)
  region size 1024K, 44 young (45056K), 7 survivors (7168K)
 Metaspace       used 74635K, committed 75328K, reserved 1114112K
  class space    used 10198K, committed 10496K, reserved 1048576K
}
Event: 50.418 GC heap after
{Heap after GC invocations=47 (full 0):
 garbage-first heap   total 217088K, used 131023K [0x00000000a0000000, 0x0000000100000000)
  region size 1024K, 6 young (6144K), 6 survivors (6144K)
 Metaspace       used 74635K, committed 75328K, reserved 1114112K
  class space    used 10198K, committed 10496K, reserved 1048576K
}
Event: 50.461 GC heap before
{Heap before GC invocations=47 (full 0):
 garbage-first heap   total 217088K, used 135119K [0x00000000a0000000, 0x0000000100000000)
  region size 1024K, 10 young (10240K), 6 survivors (6144K)
 Metaspace       used 74657K, committed 75328K, reserved 1114112K
  class space    used 10198K, committed 10496K, reserved 1048576K
}
Event: 50.476 GC heap after
{Heap after GC invocations=48 (full 0):
 garbage-first heap   total 217088K, used 131196K [0x00000000a0000000, 0x0000000100000000)
  region size 1024K, 1 young (1024K), 1 survivors (1024K)
 Metaspace       used 74657K, committed 75328K, reserved 1114112K
  class space    used 10198K, committed 10496K, reserved 1048576K
}
Event: 51.015 GC heap before
{Heap before GC invocations=48 (full 0):
 garbage-first heap   total 217088K, used 172156K [0x00000000a0000000, 0x0000000100000000)
  region size 1024K, 41 young (41984K), 1 survivors (1024K)
 Metaspace       used 74744K, committed 75456K, reserved 1114112K
  class space    used 10198K, committed 10496K, reserved 1048576K
}
Event: 51.024 GC heap after
{Heap after GC invocations=49 (full 0):
 garbage-first heap   total 217088K, used 133865K [0x00000000a0000000, 0x0000000100000000)
  region size 1024K, 4 young (4096K), 4 survivors (4096K)
 Metaspace       used 74744K, committed 75456K, reserved 1114112K
  class space    used 10198K, committed 10496K, reserved 1048576K
}
Event: 51.688 GC heap before
{Heap before GC invocations=50 (full 0):
 garbage-first heap   total 247808K, used 174825K [0x00000000a0000000, 0x0000000100000000)
  region size 1024K, 44 young (45056K), 4 survivors (4096K)
 Metaspace       used 74760K, committed 75456K, reserved 1114112K
  class space    used 10199K, committed 10496K, reserved 1048576K
}
Event: 51.703 GC heap after
{Heap after GC invocations=51 (full 0):
 garbage-first heap   total 247808K, used 136666K [0x00000000a0000000, 0x0000000100000000)
  region size 1024K, 3 young (3072K), 3 survivors (3072K)
 Metaspace       used 74760K, committed 75456K, reserved 1114112K
  class space    used 10199K, committed 10496K, reserved 1048576K
}
Event: 51.754 GC heap before
{Heap before GC invocations=51 (full 0):
 garbage-first heap   total 247808K, used 145882K [0x00000000a0000000, 0x0000000100000000)
  region size 1024K, 12 young (12288K), 3 survivors (3072K)
 Metaspace       used 74760K, committed 75456K, reserved 1114112K
  class space    used 10199K, committed 10496K, reserved 1048576K
}
Event: 51.763 GC heap after
{Heap after GC invocations=52 (full 0):
 garbage-first heap   total 247808K, used 137016K [0x00000000a0000000, 0x0000000100000000)
  region size 1024K, 1 young (1024K), 1 survivors (1024K)
 Metaspace       used 74760K, committed 75456K, reserved 1114112K
  class space    used 10199K, committed 10496K, reserved 1048576K
}
Event: 54.617 GC heap before
{Heap before GC invocations=52 (full 0):
 garbage-first heap   total 247808K, used 197432K [0x00000000a0000000, 0x0000000100000000)
  region size 1024K, 60 young (61440K), 1 survivors (1024K)
 Metaspace       used 76563K, committed 77248K, reserved 1122304K
  class space    used 10390K, committed 10688K, reserved 1048576K
}

Deoptimization events (20 events):
Event: 54.300 Thread 0x0000022b64997cc0 Uncommon trap: trap_request=0xffffff45 fr.pc=0x0000022b522e0c34 relative=0x0000000000000514
Event: 54.300 Thread 0x0000022b64997cc0 Uncommon trap: reason=unstable_if action=reinterpret pc=0x0000022b522e0c34 method=com.sun.tools.javac.tree.TreeInfo.getStartPos(Lcom/sun/tools/javac/tree/JCTree;)I @ 17 c2
Event: 54.300 Thread 0x0000022b64997cc0 DEOPT PACKING pc=0x0000022b522e0c34 sp=0x000000da157f9110
Event: 54.300 Thread 0x0000022b64997cc0 DEOPT UNPACKING pc=0x0000022b515b5ba3 sp=0x000000da157f90a0 mode 2
Event: 54.313 Thread 0x0000022b64997cc0 Uncommon trap: trap_request=0xffffffc6 fr.pc=0x0000022b51d11f0c relative=0x000000000000142c
Event: 54.313 Thread 0x0000022b64997cc0 Uncommon trap: reason=bimorphic_or_optimized_type_check action=maybe_recompile pc=0x0000022b51d11f0c method=com.sun.tools.javac.code.Symbol$TypeSymbol.formFullName(Lcom/sun/tools/javac/util/Name;Lcom/sun/tools/javac/code/Symbol;)Lcom/sun/tools/javac/util/
Event: 54.313 Thread 0x0000022b64997cc0 DEOPT PACKING pc=0x0000022b51d11f0c sp=0x000000da157f8ce0
Event: 54.313 Thread 0x0000022b64997cc0 DEOPT UNPACKING pc=0x0000022b515b5ba3 sp=0x000000da157f8c68 mode 2
Event: 54.313 Thread 0x0000022b64997cc0 Uncommon trap: trap_request=0xffffffc6 fr.pc=0x0000022b51ccfa1c relative=0x000000000000043c
Event: 54.313 Thread 0x0000022b64997cc0 Uncommon trap: reason=bimorphic_or_optimized_type_check action=maybe_recompile pc=0x0000022b51ccfa1c method=com.sun.tools.javac.code.Symbol$TypeSymbol.formFlatName(Lcom/sun/tools/javac/util/Name;Lcom/sun/tools/javac/code/Symbol;)Lcom/sun/tools/javac/util/
Event: 54.313 Thread 0x0000022b64997cc0 DEOPT PACKING pc=0x0000022b51ccfa1c sp=0x000000da157f8c80
Event: 54.313 Thread 0x0000022b64997cc0 DEOPT UNPACKING pc=0x0000022b515b5ba3 sp=0x000000da157f8c50 mode 2
Event: 54.313 Thread 0x0000022b64997cc0 Uncommon trap: trap_request=0xffffffde fr.pc=0x0000022b52100060 relative=0x0000000000000060
Event: 54.313 Thread 0x0000022b64997cc0 Uncommon trap: reason=class_check action=maybe_recompile pc=0x0000022b52100060 method=com.sun.tools.javac.code.Symbol.flatName()Lcom/sun/tools/javac/util/Name; @ 1 c2
Event: 54.313 Thread 0x0000022b64997cc0 DEOPT PACKING pc=0x0000022b52100060 sp=0x000000da157f8c50
Event: 54.314 Thread 0x0000022b64997cc0 DEOPT UNPACKING pc=0x0000022b515b5ba3 sp=0x000000da157f8be0 mode 2
Event: 54.583 Thread 0x0000022b64997cc0 Uncommon trap: trap_request=0x00000360 fr.pc=0x0000022b522f3018 relative=0x0000000000000498
Event: 54.583 Thread 0x0000022b64997cc0 Uncommon trap: reason=unloaded action=reinterpret pc=0x0000022b522f3018 method=com.sun.tools.javac.code.Types.freshTypeVariables(Lcom/sun/tools/javac/util/List;)Lcom/sun/tools/javac/util/List; @ 69 c2
Event: 54.583 Thread 0x0000022b64997cc0 DEOPT PACKING pc=0x0000022b522f3018 sp=0x000000da157f81e0
Event: 54.583 Thread 0x0000022b64997cc0 DEOPT UNPACKING pc=0x0000022b515b5ba3 sp=0x000000da157f80d8 mode 2

Classes unloaded (0 events):
No events

Classes redefined (0 events):
No events

Internal exceptions (20 events):
Event: 52.303 Thread 0x0000022b64997cc0 Exception <a 'sun/nio/fs/WindowsException'{0x00000000ad3e8a90}> (0x00000000ad3e8a90) 
thrown [s\open\src\hotspot\share\prims\jni.cpp, line 516]
Event: 52.303 Thread 0x0000022b64997cc0 Exception <a 'sun/nio/fs/WindowsException'{0x00000000ad3e8d70}> (0x00000000ad3e8d70) 
thrown [s\open\src\hotspot\share\prims\jni.cpp, line 516]
Event: 52.770 Thread 0x0000022b64997cc0 Exception <a 'sun/nio/fs/WindowsException'{0x00000000acb71740}> (0x00000000acb71740) 
thrown [s\open\src\hotspot\share\prims\jni.cpp, line 516]
Event: 52.770 Thread 0x0000022b64997cc0 Exception <a 'sun/nio/fs/WindowsException'{0x00000000acb71a70}> (0x00000000acb71a70) 
thrown [s\open\src\hotspot\share\prims\jni.cpp, line 516]
Event: 52.770 Thread 0x0000022b64997cc0 Exception <a 'sun/nio/fs/WindowsException'{0x00000000acb73ea8}> (0x00000000acb73ea8) 
thrown [s\open\src\hotspot\share\prims\jni.cpp, line 516]
Event: 52.770 Thread 0x0000022b64997cc0 Exception <a 'sun/nio/fs/WindowsException'{0x00000000acb741c8}> (0x00000000acb741c8) 
thrown [s\open\src\hotspot\share\prims\jni.cpp, line 516]
Event: 52.770 Thread 0x0000022b64997cc0 Exception <a 'sun/nio/fs/WindowsException'{0x00000000acb765e8}> (0x00000000acb765e8) 
thrown [s\open\src\hotspot\share\prims\jni.cpp, line 516]
Event: 52.771 Thread 0x0000022b64997cc0 Exception <a 'sun/nio/fs/WindowsException'{0x00000000acb768e8}> (0x00000000acb768e8) 
thrown [s\open\src\hotspot\share\prims\jni.cpp, line 516]
Event: 53.254 Thread 0x0000022b64997cc0 Implicit null exception at 0x0000022b522565e8 to 0x0000022b5225a898
Event: 53.257 Thread 0x0000022b64997cc0 Implicit null exception at 0x0000022b52252330 to 0x0000022b522543b0
Event: 53.446 Thread 0x0000022b64997cc0 Exception <a 'java/lang/NoSuchMethodError'{0x00000000ac0d7c18}: 'int java.lang.invoke.DirectMethodHandle$Holder.invokeVirtual(java.lang.Object, java.lang.Object, java.lang.Object, java.lang.Object)'> (0x00000000ac0d7c18) 
thrown [s\open\src\hotspot\share\interpreter\linkResolver.cpp, line 759]
Event: 53.763 Thread 0x0000022b64997cc0 Exception <a 'sun/nio/fs/WindowsException'{0x00000000abee4cf0}> (0x00000000abee4cf0) 
thrown [s\open\src\hotspot\share\prims\jni.cpp, line 516]
Event: 54.052 Thread 0x0000022b64997cc0 Exception <a 'sun/nio/fs/WindowsException'{0x00000000abad3ed8}> (0x00000000abad3ed8) 
thrown [s\open\src\hotspot\share\prims\jni.cpp, line 516]
Event: 54.052 Thread 0x0000022b64997cc0 Exception <a 'sun/nio/fs/WindowsException'{0x00000000abad41d8}> (0x00000000abad41d8) 
thrown [s\open\src\hotspot\share\prims\jni.cpp, line 516]
Event: 54.052 Thread 0x0000022b64997cc0 Exception <a 'sun/nio/fs/WindowsException'{0x00000000abad75d0}> (0x00000000abad75d0) 
thrown [s\open\src\hotspot\share\prims\jni.cpp, line 516]
Event: 54.052 Thread 0x0000022b64997cc0 Exception <a 'sun/nio/fs/WindowsException'{0x00000000abad78c0}> (0x00000000abad78c0) 
thrown [s\open\src\hotspot\share\prims\jni.cpp, line 516]
Event: 54.052 Thread 0x0000022b64997cc0 Exception <a 'sun/nio/fs/WindowsException'{0x00000000abadaca0}> (0x00000000abadaca0) 
thrown [s\open\src\hotspot\share\prims\jni.cpp, line 516]
Event: 54.052 Thread 0x0000022b64997cc0 Exception <a 'sun/nio/fs/WindowsException'{0x00000000abadaf70}> (0x00000000abadaf70) 
thrown [s\open\src\hotspot\share\prims\jni.cpp, line 516]
Event: 54.319 Thread 0x0000022b64997cc0 Exception <a 'sun/nio/fs/WindowsException'{0x00000000ab8fb7e8}> (0x00000000ab8fb7e8) 
thrown [s\open\src\hotspot\share\prims\jni.cpp, line 516]
Event: 54.458 Thread 0x0000022b64997cc0 Exception <a 'sun/nio/fs/WindowsException'{0x00000000ab7626c0}> (0x00000000ab7626c0) 
thrown [s\open\src\hotspot\share\prims\jni.cpp, line 516]

VM Operations (20 events):
Event: 53.387 Executing VM operation: ICBufferFull done
Event: 53.602 Executing VM operation: HandshakeAllThreads
Event: 53.602 Executing VM operation: HandshakeAllThreads done
Event: 53.674 Executing VM operation: ICBufferFull
Event: 53.674 Executing VM operation: ICBufferFull done
Event: 53.695 Executing VM operation: HandshakeAllThreads
Event: 53.695 Executing VM operation: HandshakeAllThreads done
Event: 53.803 Executing VM operation: ICBufferFull
Event: 53.803 Executing VM operation: ICBufferFull done
Event: 54.070 Executing VM operation: ICBufferFull
Event: 54.070 Executing VM operation: ICBufferFull done
Event: 54.315 Executing VM operation: ICBufferFull
Event: 54.316 Executing VM operation: ICBufferFull done
Event: 54.585 Executing VM operation: HandshakeAllThreads
Event: 54.586 Executing VM operation: HandshakeAllThreads done
Event: 54.587 Executing VM operation: HandshakeAllThreads
Event: 54.587 Executing VM operation: HandshakeAllThreads done
Event: 54.595 Executing VM operation: ICBufferFull
Event: 54.596 Executing VM operation: ICBufferFull done
Event: 54.617 Executing VM operation: G1CollectForAllocation

Events (20 events):
Event: 48.661 Thread 0x0000022b6863a570 Thread added: 0x0000022b6863a570
Event: 49.565 Thread 0x0000022b6863a570 Thread exited: 0x0000022b6863a570
Event: 49.735 Thread 0x0000022b6863bec0 Thread added: 0x0000022b6863bec0
Event: 52.794 Thread 0x0000022b5f56e4d0 flushing nmethod 0x0000022b4b1f3c10
Event: 53.453 loading class java/util/EnumMap$EntrySet
Event: 53.454 loading class java/util/EnumMap$EntrySet done
Event: 53.454 loading class java/util/EnumMap$EntryIterator
Event: 53.454 loading class java/util/EnumMap$EnumMapIterator
Event: 53.454 loading class java/util/EnumMap$EnumMapIterator done
Event: 53.454 loading class java/util/EnumMap$EntryIterator done
Event: 53.454 loading class java/util/EnumMap$EntryIterator$Entry
Event: 53.454 loading class java/util/EnumMap$EntryIterator$Entry done
Event: 53.682 loading class java/text/BreakIterator
Event: 53.683 loading class java/text/BreakIterator done
Event: 53.740 loading class java/util/function/ToIntBiFunction
Event: 53.741 loading class java/util/function/ToIntBiFunction done
Event: 53.765 loading class java/nio/channels/Channels$1
Event: 53.770 loading class java/nio/channels/Channels$1 done
Event: 53.783 loading class java/util/regex/Pattern$Pos
Event: 53.783 loading class java/util/regex/Pattern$Pos done


Dynamic libraries:
0x00007ff7400e0000 - 0x00007ff7400f0000 	C:\Program Files\Java\jdk-17\bin\java.exe
0x00007ffcaac70000 - 0x00007ffcaae86000 	C:\WINDOWS\SYSTEM32\ntdll.dll
0x00007ffca8900000 - 0x00007ffca89c4000 	C:\WINDOWS\System32\KERNEL32.DLL
0x00007ffca7f90000 - 0x00007ffca8337000 	C:\WINDOWS\System32\KERNELBASE.dll
0x00007ffca85d0000 - 0x00007ffca86e1000 	C:\WINDOWS\System32\ucrtbase.dll
0x00007ffc72720000 - 0x00007ffc72739000 	C:\Program Files\Java\jdk-17\bin\jli.dll
0x00007ffc72940000 - 0x00007ffc7295b000 	C:\Program Files\Java\jdk-17\bin\VCRUNTIME140.dll
0x00007ffca93a0000 - 0x00007ffca9452000 	C:\WINDOWS\System32\ADVAPI32.dll
0x00007ffcaa370000 - 0x00007ffcaa417000 	C:\WINDOWS\System32\msvcrt.dll
0x00007ffca8a80000 - 0x00007ffca8b28000 	C:\WINDOWS\System32\sechost.dll
0x00007ffca87a0000 - 0x00007ffca87c8000 	C:\WINDOWS\System32\bcrypt.dll
0x00007ffcaab10000 - 0x00007ffcaac25000 	C:\WINDOWS\System32\RPCRT4.dll
0x00007ffca98f0000 - 0x00007ffca9a9e000 	C:\WINDOWS\System32\USER32.dll
0x00007ffca7c70000 - 0x00007ffca7c96000 	C:\WINDOWS\System32\win32u.dll
0x00007ffcaa100000 - 0x00007ffcaa129000 	C:\WINDOWS\System32\GDI32.dll
0x00007ffca7e20000 - 0x00007ffca7f39000 	C:\WINDOWS\System32\gdi32full.dll
0x00007ffca8350000 - 0x00007ffca83ea000 	C:\WINDOWS\System32\msvcp_win.dll
0x00007ffc902d0000 - 0x00007ffc90563000 	C:\WINDOWS\WinSxS\amd64_microsoft.windows.common-controls_6595b64144ccf1df_6.0.22621.3235_none_270f74e173860f98\COMCTL32.dll
0x00007ffca7700000 - 0x00007ffca770a000 	C:\WINDOWS\SYSTEM32\VERSION.dll
0x00007ffca89e0000 - 0x00007ffca8a11000 	C:\WINDOWS\System32\IMM32.DLL
0x0000000059bc0000 - 0x0000000059bcd000 	D:\360Safe\safemon\SafeWrapper.dll
0x00007ffc8a660000 - 0x00007ffc8a70e000 	D:\360Safe\safemon\libzdtp64.dll
0x00007ffca8b30000 - 0x00007ffca938c000 	C:\WINDOWS\System32\SHELL32.dll
0x00007ffca8a20000 - 0x00007ffca8a7e000 	C:\WINDOWS\System32\SHLWAPI.dll
0x00007ffc8de50000 - 0x00007ffc8de5c000 	C:\Program Files\Java\jdk-17\bin\vcruntime140_1.dll
0x00007ffc60a60000 - 0x00007ffc60aee000 	C:\Program Files\Java\jdk-17\bin\msvcp140.dll
0x00007ffc22950000 - 0x00007ffc2352d000 	C:\Program Files\Java\jdk-17\bin\server\jvm.dll
0x00007ffca97d0000 - 0x00007ffca97d8000 	C:\WINDOWS\System32\PSAPI.DLL
0x00007ffc9c950000 - 0x00007ffc9c984000 	C:\WINDOWS\SYSTEM32\WINMM.dll
0x00007ffca02a0000 - 0x00007ffca02a9000 	C:\WINDOWS\SYSTEM32\WSOCK32.dll
0x00007ffca8880000 - 0x00007ffca88f1000 	C:\WINDOWS\System32\WS2_32.dll
0x00007ffca6b80000 - 0x00007ffca6b98000 	C:\WINDOWS\SYSTEM32\kernel.appcore.dll
0x00007ffc8ddb0000 - 0x00007ffc8ddba000 	C:\Program Files\Java\jdk-17\bin\jimage.dll
0x00007ffca5400000 - 0x00007ffca5633000 	C:\WINDOWS\SYSTEM32\DBGHELP.DLL
0x00007ffca9aa0000 - 0x00007ffca9e28000 	C:\WINDOWS\System32\combase.dll
0x00007ffcaa130000 - 0x00007ffcaa207000 	C:\WINDOWS\System32\OLEAUT32.dll
0x00007ffc86890000 - 0x00007ffc868c2000 	C:\WINDOWS\SYSTEM32\dbgcore.DLL
0x00007ffca8720000 - 0x00007ffca8799000 	C:\WINDOWS\System32\bcryptPrimitives.dll
0x00007ffc6fe90000 - 0x00007ffc6feb5000 	C:\Program Files\Java\jdk-17\bin\java.dll
0x00007ffc575d0000 - 0x00007ffc576a7000 	C:\Program Files\Java\jdk-17\bin\jsvml.dll
0x00007ffca5aa0000 - 0x00007ffca6399000 	C:\WINDOWS\SYSTEM32\windows.storage.dll
0x00007ffca5960000 - 0x00007ffca5a9e000 	C:\WINDOWS\SYSTEM32\wintypes.dll
0x00007ffcaa000000 - 0x00007ffcaa0f3000 	C:\WINDOWS\System32\SHCORE.dll
0x00007ffca7a90000 - 0x00007ffca7ab1000 	C:\WINDOWS\SYSTEM32\profapi.dll
0x00007ffc72640000 - 0x00007ffc72659000 	C:\Program Files\Java\jdk-17\bin\net.dll
0x00007ffc9e890000 - 0x00007ffc9e9c6000 	C:\WINDOWS\SYSTEM32\WINHTTP.dll
0x00007ffca6ff0000 - 0x00007ffca7059000 	C:\WINDOWS\system32\mswsock.dll
0x00007ffc714c0000 - 0x00007ffc714d6000 	C:\Program Files\Java\jdk-17\bin\nio.dll
0x00007ffc70430000 - 0x00007ffc70448000 	C:\Program Files\Java\jdk-17\bin\zip.dll
0x00007ffc8d890000 - 0x00007ffc8d8a0000 	C:\Program Files\Java\jdk-17\bin\verify.dll
0x00007ffc6b930000 - 0x00007ffc6b957000 	C:\Users\A1333\.gradle\native\e1d6ef7f7dcc3fd88c89a11ec53ec762bb8ba0a96d01ffa2cd45eb1d1d8dd5c5\windows-amd64\native-platform.dll
0x00007ffc55400000 - 0x00007ffc55544000 	C:\Users\A1333\.gradle\native\0d407fdbe67a94daf76414ababcb853783967236a71b16ec16e742cd7a986fd3\windows-amd64\native-platform-file-events.dll
0x00007ffc8d1c0000 - 0x00007ffc8d1ca000 	C:\Program Files\Java\jdk-17\bin\management.dll
0x00007ffc8bd80000 - 0x00007ffc8bd8b000 	C:\Program Files\Java\jdk-17\bin\management_ext.dll
0x00007ffca7260000 - 0x00007ffca727b000 	C:\WINDOWS\SYSTEM32\CRYPTSP.dll
0x00007ffca6ae0000 - 0x00007ffca6b15000 	C:\WINDOWS\system32\rsaenh.dll
0x00007ffca70f0000 - 0x00007ffca7118000 	C:\WINDOWS\SYSTEM32\USERENV.dll
0x00007ffca7250000 - 0x00007ffca725c000 	C:\WINDOWS\SYSTEM32\CRYPTBASE.dll
0x00007ffca6600000 - 0x00007ffca662d000 	C:\WINDOWS\SYSTEM32\IPHLPAPI.DLL
0x00007ffca9390000 - 0x00007ffca9399000 	C:\WINDOWS\System32\NSI.dll
0x00007ffc9e680000 - 0x00007ffc9e699000 	C:\WINDOWS\SYSTEM32\dhcpcsvc6.DLL
0x00007ffc9e6e0000 - 0x00007ffc9e6ff000 	C:\WINDOWS\SYSTEM32\dhcpcsvc.DLL
0x00007ffca6670000 - 0x00007ffca6769000 	C:\WINDOWS\SYSTEM32\DNSAPI.dll
0x00007ffc8bac0000 - 0x00007ffc8bacd000 	C:\Program Files\Java\jdk-17\bin\sunmscapi.dll
0x00007ffca8460000 - 0x00007ffca85c7000 	C:\WINDOWS\System32\CRYPT32.dll
0x00007ffca73f0000 - 0x00007ffca741e000 	C:\WINDOWS\SYSTEM32\ncrypt.dll
0x00007ffca73b0000 - 0x00007ffca73e7000 	C:\WINDOWS\SYSTEM32\NTASN1.dll
0x00007ffc90570000 - 0x00007ffc90578000 	C:\WINDOWS\system32\wshunix.dll

dbghelp: loaded successfully - version: 4.0.5 - missing functions: none
symbol engine: initialized successfully - sym options: 0x614 - pdb path: .;C:\Program Files\Java\jdk-17\bin;C:\WINDOWS\SYSTEM32;C:\WINDOWS\WinSxS\amd64_microsoft.windows.common-controls_6595b64144ccf1df_6.0.22621.3235_none_270f74e173860f98;D:\360Safe\safemon;C:\Program Files\Java\jdk-17\bin\server;C:\Users\A1333\.gradle\native\e1d6ef7f7dcc3fd88c89a11ec53ec762bb8ba0a96d01ffa2cd45eb1d1d8dd5c5\windows-amd64;C:\Users\A1333\.gradle\native\0d407fdbe67a94daf76414ababcb853783967236a71b16ec16e742cd7a986fd3\windows-amd64

VM Arguments:
jvm_args: --add-opens=java.base/java.util=ALL-UNNAMED --add-opens=java.base/java.lang=ALL-UNNAMED --add-opens=java.base/java.lang.invoke=ALL-UNNAMED --add-opens=java.base/java.util=ALL-UNNAMED --add-opens=java.prefs/java.util.prefs=ALL-UNNAMED --add-opens=java.prefs/java.util.prefs=ALL-UNNAMED --add-opens=java.base/java.nio.charset=ALL-UNNAMED --add-opens=java.base/java.net=ALL-UNNAMED --add-opens=java.base/java.util.concurrent.atomic=ALL-UNNAMED -Xmx1536M -Dfile.encoding=GBK -Duser.country=CN -Duser.language=zh -Duser.variant 
java_command: org.gradle.launcher.daemon.bootstrap.GradleDaemon 7.5
java_class_path (initial): C:\Users\A1333\.gradle\wrapper\dists\gradle-7.5-all\6qsw290k5lz422uaf8jf6m7co\gradle-7.5\lib\gradle-launcher-7.5.jar
Launcher Type: SUN_STANDARD

[Global flags]
     intx CICompilerCount                          = 3                                         {product} {ergonomic}
     uint ConcGCThreads                            = 1                                         {product} {ergonomic}
     uint G1ConcRefinementThreads                  = 4                                         {product} {ergonomic}
   size_t G1HeapRegionSize                         = 1048576                                   {product} {ergonomic}
    uintx GCDrainStackTargetSize                   = 64                                        {product} {ergonomic}
   size_t InitialHeapSize                          = 130023424                                 {product} {ergonomic}
   size_t MarkStackSize                            = 4194304                                   {product} {ergonomic}
   size_t MaxHeapSize                              = 1610612736                                {product} {command line}
   size_t MaxNewSize                               = 965738496                                 {product} {ergonomic}
   size_t MinHeapDeltaBytes                        = 1048576                                   {product} {ergonomic}
   size_t MinHeapSize                              = 8388608                                   {product} {ergonomic}
    uintx NonNMethodCodeHeapSize                   = 5832780                                {pd product} {ergonomic}
    uintx NonProfiledCodeHeapSize                  = 122912730                              {pd product} {ergonomic}
    uintx ProfiledCodeHeapSize                     = 122912730                              {pd product} {ergonomic}
    uintx ReservedCodeCacheSize                    = 251658240                              {pd product} {ergonomic}
     bool SegmentedCodeCache                       = true                                      {product} {ergonomic}
   size_t SoftMaxHeapSize                          = 1610612736                             {manageable} {ergonomic}
     bool UseCompressedClassPointers               = true                           {product lp64_product} {ergonomic}
     bool UseCompressedOops                        = true                           {product lp64_product} {ergonomic}
     bool UseG1GC                                  = true                                      {product} {ergonomic}
     bool UseLargePagesIndividualAllocation        = false                                  {pd product} {ergonomic}

Logging:
Log output configuration:
 #0: stdout all=warning uptime,level,tags
 #1: stderr all=off uptime,level,tags

Environment Variables:
JAVA_HOME=C:\Program Files\Java\jdk-17
CLASSPATH=D:\Star-Pixel-Dungeon\\gradle\wrapper\gradle-wrapper.jar
PATH=C:\WINDOWS\system32;C:\WINDOWS;C:\WINDOWS\System32\Wbem;C:\WINDOWS\System32\WindowsPowerShell\v1.0\;C:\WINDOWS\System32\OpenSSH\;C:\Program Files\Java\jdk-17\bin;C:\Program Files\Common Files\Oracle\Java\javapath;C:\Program Files (x86)\Common Files\Oracle\Java\javapath;C:\Program Files (x86)\NVIDIA Corporation\PhysX\Common;%SystemRoot\C:\WINDOWS\system32\WBEMNote;D:\Git\cmd;C:\Program Files (x86)\NoteBook FanControl\;"C:\WINDOWS\system32;%SystemRoot\C:\WINDOWS\system32\WBEMNote";C:\Program Files\dotnet\;C:\Users\A1333\AppData\Local\Microsoft\WindowsApps;C:\Users\A1333\AppData\Local\GitHubDesktop\bin;C:\Users\A1333\AppData\Local\Microsoft\WindowsApps;C:\Users\A1333\Desktop\Warcraft III;D:\TIM\Bin;D:\WeChat;D:\VMware Workstation;D:\Honkai Impact 3\Games;D:\Normal\Plain Craft Launcher 2;D:\Steam+;D:\Steam;
USERNAME=Star
OS=Windows_NT
PROCESSOR_IDENTIFIER=Intel64 Family 6 Model 140 Stepping 1, GenuineIntel



---------------  S Y S T E M  ---------------

OS:
 Windows 11 , 64 bit Build 22621 (10.0.22621.3374)
OS uptime: 0 days 7:25 hours

CPU: total 4 (initial active 4) (2 cores per cpu, 2 threads per core) family 6 model 140 stepping 1 microcode 0xb4, cx8, cmov, fxsr, ht, mmx, 3dnowpref, sse, sse2, sse3, ssse3, sse4.1, sse4.2, popcnt, lzcnt, tsc, tscinvbit, avx, avx2, aes, erms, clmul, bmi1, bmi2, adx, avx512f, avx512dq, avx512cd, avx512bw, avx512vl, sha, fma, vzeroupper, avx512_vpopcntdq, avx512_vpclmulqdq, avx512_vaes, avx512_vnni, clflush, clflushopt, clwb, avx512_vbmi2, avx512_vbmi

Memory: 4k page, system-wide physical 7834M (329M free)
TotalPageFile size 24378M (AvailPageFile size 147M)
current process WorkingSet (physical memory assigned to process): 493M, peak: 494M
current process commit charge ("private bytes"): 519M, peak: 761M

vm_info: Java HotSpot(TM) 64-Bit Server VM (17.0.7+8-LTS-224) for windows-amd64 JRE (17.0.7+8-LTS-224), built on Feb 28 2023 23:03:02 by "mach5one" with MS VC++ 17.1 (VS2022)

END.
