#
# There is insufficient memory for the Java Runtime Environment to continue.
# Native memory allocation (malloc) failed to allocate 1190096 bytes for Chunk::new
# Possible reasons:
#   The system is out of physical RAM or swap space
#   The process is running with CompressedOops enabled, and the Java Heap may be blocking the growth of the native heap
# Possible solutions:
#   Reduce memory load on the system
#   Increase physical memory or swap space
#   Check if swap backing store is full
#   Decrease Java heap size (-Xmx/-Xms)
#   Decrease number of Java threads
#   Decrease Java thread stack sizes (-Xss)
#   Set larger code cache with -XX:ReservedCodeCacheSize=
#   JVM is running with Unscaled Compressed Oops mode in which the Java heap is
#     placed in the first 4GB address space. The Java Heap base address is the
#     maximum limit for the native heap growth. Please use -XX:HeapBaseMinAddress
#     to set the Java Heap base and to place the Java Heap above 4GB virtual address.
# This output file may be truncated or incomplete.
#
#  Out of Memory Error (./src/hotspot/share/memory/arena.cpp:197), pid=14044, tid=6004
#
# JRE version: OpenJDK Runtime Environment (11.0.13) (build 11.0.13+0-b1751.21-8125866)
# Java VM: OpenJDK 64-Bit Server VM (11.0.13+0-b1751.21-8125866, mixed mode, tiered, compressed oops, g1 gc, windows-amd64)
# No core dump will be written. Minidumps are not enabled by default on client versions of Windows
#

---------------  S U M M A R Y ------------

Command Line: -agentlib:jdwp=transport=dt_socket,server=n,suspend=y,address=127.0.0.1:51009 --add-opens=java.base/java.util=ALL-UNNAMED --add-opens=java.base/java.lang=ALL-UNNAMED --add-opens=java.base/java.lang.invoke=ALL-UNNAMED --add-opens=java.base/java.util=ALL-UNNAMED --add-opens=java.prefs/java.util.prefs=ALL-UNNAMED --add-opens=java.prefs/java.util.prefs=ALL-UNNAMED --add-opens=java.base/java.nio.charset=ALL-UNNAMED --add-opens=java.base/java.net=ALL-UNNAMED --add-opens=java.base/java.util.concurrent.atomic=ALL-UNNAMED -Xmx1536M -Dfile.encoding=GBK -Duser.country=CN -Duser.language=zh -Duser.variant org.gradle.launcher.daemon.bootstrap.GradleDaemon 7.4

Host: 11th Gen Intel(R) Core(TM) i3-1115G4 @ 3.00GHz, 4 cores, 7G,  Windows 11 , 64 bit Build 22621 (10.0.22621.1635)
Time: Sun Jun  4 11:14:07 2023 中国标准时间 elapsed time: 15.163379 seconds (0d 0h 0m 15s)

---------------  T H R E A D  ---------------

Current thread (0x000001e158186800):  JavaThread "C2 CompilerThread0" daemon [_thread_in_native, id=6004, stack(0x0000006b3e200000,0x0000006b3e300000)]


Current CompileTask:
C2:  15163 6606       4       java.lang.Class::getMethodsRecursive (99 bytes)

Stack: [0x0000006b3e200000,0x0000006b3e300000]
Native frames: (J=compiled Java code, j=interpreted, Vv=VM code, C=native code)
V  [jvm.dll+0x6100fa]
V  [jvm.dll+0x747090]
V  [jvm.dll+0x7486ad]
V  [jvm.dll+0x748d83]
V  [jvm.dll+0x24ab48]
V  [jvm.dll+0xc04dc]
V  [jvm.dll+0xc0a0c]
V  [jvm.dll+0x35eb9d]
V  [jvm.dll+0x32b833]
V  [jvm.dll+0x32ad2a]
V  [jvm.dll+0x2032b2]
V  [jvm.dll+0x202437]
V  [jvm.dll+0x188e01]
V  [jvm.dll+0x21106b]
V  [jvm.dll+0x20f8c1]
V  [jvm.dll+0x70de0f]
V  [jvm.dll+0x706a75]
V  [jvm.dll+0x60ed66]
C  [ucrtbase.dll+0x29363]
C  [KERNEL32.DLL+0x126ad]
C  [ntdll.dll+0x5a9f8]


---------------  P R O C E S S  ---------------

Threads class SMR info:
_java_thread_list=0x000001e15d8d6950, length=82, elements={
0x000001e13e57b800, 0x000001e158131800, 0x000001e158132000, 0x000001e15792e000,
0x000001e158184000, 0x000001e158185800, 0x000001e158186800, 0x000001e15818b800,
0x000001e15818f000, 0x000001e158305800, 0x000001e15832e000, 0x000001e158396800,
0x000001e158398000, 0x000001e15af38800, 0x000001e15abb3800, 0x000001e158457000,
0x000001e15a47d800, 0x000001e159b85800, 0x000001e1599e3800, 0x000001e1596be000,
0x000001e159935000, 0x000001e15ad20000, 0x000001e1596e7800, 0x000001e15b535800,
0x000001e15b536800, 0x000001e15b531800, 0x000001e15b534000, 0x000001e15b535000,
0x000001e15b531000, 0x000001e15b537800, 0x000001e15b533000, 0x000001e15ed8f800,
0x000001e15ed92800, 0x000001e15ed91000, 0x000001e15ed92000, 0x000001e15ed8e000,
0x000001e15ed8e800, 0x000001e15ed95000, 0x000001e15ed97000, 0x000001e15ed99800,
0x000001e15ed9b800, 0x000001e15ed9a000, 0x000001e15ed9b000, 0x000001e15ed96000,
0x000001e15ed97800, 0x000001e15ed9c800, 0x000001e15ed98800, 0x000001e15a979000,
0x000001e15a976000, 0x000001e15a975000, 0x000001e15a977000, 0x000001e15a97a000,
0x000001e15a977800, 0x000001e15a978800, 0x000001e15a974800, 0x000001e15a97b000,
0x000001e15e0c9800, 0x000001e15e0c5000, 0x000001e15e0c7800, 0x000001e15e0cb800,
0x000001e15e0cb000, 0x000001e15e0c6000, 0x000001e15e0ca000, 0x000001e15e0c8800,
0x000001e15e0cc800, 0x000001e15e0c7000, 0x000001e15e0ce000, 0x000001e15e0d1800,
0x000001e15e0d0800, 0x000001e15e0d2000, 0x000001e15e0d3000, 0x000001e15e0d0000,
0x000001e15e0cd800, 0x000001e15e0d4000, 0x000001e15e0cf000, 0x000001e159409800,
0x000001e15940b800, 0x000001e15940b000, 0x000001e15940c800, 0x000001e15940a000,
0x000001e15940f000, 0x000001e15ae9c800
}

Java Threads: ( => current thread )
  0x000001e13e57b800 JavaThread "main" [_thread_blocked, id=6880, stack(0x0000006b3d600000,0x0000006b3d700000)]
  0x000001e158131800 JavaThread "Reference Handler" daemon [_thread_blocked, id=13884, stack(0x0000006b3dd00000,0x0000006b3de00000)]
  0x000001e158132000 JavaThread "Finalizer" daemon [_thread_blocked, id=10336, stack(0x0000006b3de00000,0x0000006b3df00000)]
  0x000001e15792e000 JavaThread "Signal Dispatcher" daemon [_thread_blocked, id=8, stack(0x0000006b3df00000,0x0000006b3e000000)]
  0x000001e158184000 JavaThread "Attach Listener" daemon [_thread_blocked, id=11944, stack(0x0000006b3e000000,0x0000006b3e100000)]
  0x000001e158185800 JavaThread "Service Thread" daemon [_thread_blocked, id=8976, stack(0x0000006b3e100000,0x0000006b3e200000)]
=>0x000001e158186800 JavaThread "C2 CompilerThread0" daemon [_thread_in_native, id=6004, stack(0x0000006b3e200000,0x0000006b3e300000)]
  0x000001e15818b800 JavaThread "C1 CompilerThread0" daemon [_thread_blocked, id=9164, stack(0x0000006b3e300000,0x0000006b3e400000)]
  0x000001e15818f000 JavaThread "Sweeper thread" daemon [_thread_blocked, id=3736, stack(0x0000006b3e400000,0x0000006b3e500000)]
  0x000001e158305800 JavaThread "Common-Cleaner" daemon [_thread_blocked, id=8644, stack(0x0000006b3e500000,0x0000006b3e600000)]
  0x000001e15832e000 JavaThread "JDWP Transport Listener: dt_socket" daemon [_thread_blocked, id=6312, stack(0x0000006b3e600000,0x0000006b3e700000)]
  0x000001e158396800 JavaThread "JDWP Event Helper Thread" daemon [_thread_blocked, id=5768, stack(0x0000006b3e700000,0x0000006b3e800000)]
  0x000001e158398000 JavaThread "JDWP Command Reader" daemon [_thread_in_native, id=8364, stack(0x0000006b3e800000,0x0000006b3e900000)]
  0x000001e15af38800 JavaThread "Daemon health stats" [_thread_blocked, id=5812, stack(0x0000006b3ec00000,0x0000006b3ed00000)]
  0x000001e15abb3800 JavaThread "Incoming local TCP Connector on port 51016" [_thread_in_native, id=14248, stack(0x0000006b3ea00000,0x0000006b3eb00000)]
  0x000001e158457000 JavaThread "Daemon periodic checks" [_thread_blocked, id=1184, stack(0x0000006b3ed00000,0x0000006b3ee00000)]
  0x000001e15a47d800 JavaThread "Daemon" [_thread_blocked, id=3008, stack(0x0000006b3ee00000,0x0000006b3ef00000)]
  0x000001e159b85800 JavaThread "Handler for socket connection from /127.0.0.1:51016 to /127.0.0.1:51017" [_thread_in_native, id=5064, stack(0x0000006b3ef00000,0x0000006b3f000000)]
  0x000001e1599e3800 JavaThread "Cancel handler" [_thread_blocked, id=6100, stack(0x0000006b3f000000,0x0000006b3f100000)]
  0x000001e1596be000 JavaThread "Daemon worker" [_thread_in_Java, id=14500, stack(0x0000006b3f100000,0x0000006b3f200000)]
  0x000001e159935000 JavaThread "Asynchronous log dispatcher for DefaultDaemonConnection: socket connection from /127.0.0.1:51016 to /127.0.0.1:51017" [_thread_blocked, id=1124, stack(0x0000006b3f200000,0x0000006b3f300000)]
  0x000001e15ad20000 JavaThread "Stdin handler" [_thread_blocked, id=13532, stack(0x0000006b3f300000,0x0000006b3f400000)]
  0x000001e1596e7800 JavaThread "Daemon client event forwarder" [_thread_blocked, id=368, stack(0x0000006b3f400000,0x0000006b3f500000)]
  0x000001e15b535800 JavaThread "Cache worker for journal cache (C:\Users\HP\.gradle\caches\journal-1)" [_thread_blocked, id=5560, stack(0x0000006b3f800000,0x0000006b3f900000)]
  0x000001e15b536800 JavaThread "File lock request listener" [_thread_in_native, id=4004, stack(0x0000006b3f900000,0x0000006b3fa00000)]
  0x000001e15b531800 JavaThread "Cache worker for file hash cache (C:\Users\HP\.gradle\caches\7.4\fileHashes)" [_thread_blocked, id=4740, stack(0x0000006b3fa00000,0x0000006b3fb00000)]
  0x000001e15b534000 JavaThread "File watcher server" daemon [_thread_in_native, id=13032, stack(0x0000006b3fb00000,0x0000006b3fc00000)]
  0x000001e15b535000 JavaThread "File watcher consumer" daemon [_thread_blocked, id=8924, stack(0x0000006b3fc00000,0x0000006b3fd00000)]
  0x000001e15b531000 JavaThread "Cache worker for checksums cache (D:\Star-Pixel-Dungeon\.gradle\7.4\checksums)" [_thread_blocked, id=11132, stack(0x0000006b3fd00000,0x0000006b3fe00000)]
  0x000001e15b537800 JavaThread "Cache worker for cache directory md-rule (C:\Users\HP\.gradle\caches\7.4\md-rule)" [_thread_blocked, id=10288, stack(0x0000006b3fe00000,0x0000006b3ff00000)]
  0x000001e15b533000 JavaThread "Cache worker for file hash cache (D:\Star-Pixel-Dungeon\.gradle\7.4\fileHashes)" [_thread_blocked, id=14640, stack(0x0000006b3ff00000,0x0000006b40000000)]
  0x000001e15ed8f800 JavaThread "Cache worker for cache directory md-supplier (C:\Users\HP\.gradle\caches\7.4\md-supplier)" [_thread_blocked, id=13860, stack(0x0000006b40000000,0x0000006b40100000)]
  0x000001e15ed92800 JavaThread "Cache worker for execution history cache (C:\Users\HP\.gradle\caches\7.4\executionHistory)" [_thread_blocked, id=7196, stack(0x0000006b40100000,0x0000006b40200000)]
  0x000001e15ed91000 JavaThread "jar transforms" [_thread_blocked, id=3820, stack(0x0000006b40200000,0x0000006b40300000)]
  0x000001e15ed92000 JavaThread "jar transforms Thread 2" [_thread_blocked, id=8652, stack(0x0000006b40300000,0x0000006b40400000)]
  0x000001e15ed8e000 JavaThread "Cache worker for file content cache (C:\Users\HP\.gradle\caches\7.4\fileContent)" [_thread_blocked, id=14940, stack(0x0000006b40400000,0x0000006b40500000)]
  0x000001e15ed8e800 JavaThread "jar transforms Thread 3" [_thread_blocked, id=6904, stack(0x0000006b40500000,0x0000006b40600000)]
  0x000001e15ed95000 JavaThread "jar transforms Thread 4" [_thread_blocked, id=5616, stack(0x0000006b40600000,0x0000006b40700000)]
  0x000001e15ed97000 JavaThread "Cache worker for dependencies-accessors (D:\Star-Pixel-Dungeon\.gradle\7.4\dependencies-accessors)" [_thread_blocked, id=7268, stack(0x0000006b40700000,0x0000006b40800000)]
  0x000001e15ed99800 JavaThread "Cache worker for Build Output Cleanup Cache (D:\Star-Pixel-Dungeon\.gradle\buildOutputCleanup)" [_thread_blocked, id=6364, stack(0x0000006b40800000,0x0000006b40900000)]
  0x000001e15ed9b800 JavaThread "Unconstrained build operations" [_thread_blocked, id=6812, stack(0x0000006b40900000,0x0000006b40a00000)]
  0x000001e15ed9a000 JavaThread "Unconstrained build operations Thread 2" [_thread_blocked, id=5776, stack(0x0000006b40a00000,0x0000006b40b00000)]
  0x000001e15ed9b000 JavaThread "Unconstrained build operations Thread 3" [_thread_blocked, id=15260, stack(0x0000006b40b00000,0x0000006b40c00000)]
  0x000001e15ed96000 JavaThread "Unconstrained build operations Thread 4" [_thread_blocked, id=5668, stack(0x0000006b40c00000,0x0000006b40d00000)]
  0x000001e15ed97800 JavaThread "Unconstrained build operations Thread 5" [_thread_blocked, id=6532, stack(0x0000006b40d00000,0x0000006b40e00000)]
  0x000001e15ed9c800 JavaThread "Unconstrained build operations Thread 6" [_thread_blocked, id=11544, stack(0x0000006b40e00000,0x0000006b40f00000)]
  0x000001e15ed98800 JavaThread "Unconstrained build operations Thread 7" [_thread_blocked, id=4380, stack(0x0000006b40f00000,0x0000006b41000000)]
  0x000001e15a979000 JavaThread "Unconstrained build operations Thread 8" [_thread_blocked, id=1780, stack(0x0000006b41000000,0x0000006b41100000)]
  0x000001e15a976000 JavaThread "Unconstrained build operations Thread 9" [_thread_blocked, id=1600, stack(0x0000006b41100000,0x0000006b41200000)]
  0x000001e15a975000 JavaThread "Unconstrained build operations Thread 10" [_thread_blocked, id=1368, stack(0x0000006b41200000,0x0000006b41300000)]
  0x000001e15a977000 JavaThread "Unconstrained build operations Thread 11" [_thread_blocked, id=2436, stack(0x0000006b41300000,0x0000006b41400000)]
  0x000001e15a97a000 JavaThread "Unconstrained build operations Thread 12" [_thread_blocked, id=11980, stack(0x0000006b41400000,0x0000006b41500000)]
  0x000001e15a977800 JavaThread "Unconstrained build operations Thread 13" [_thread_blocked, id=3316, stack(0x0000006b41500000,0x0000006b41600000)]
  0x000001e15a978800 JavaThread "Unconstrained build operations Thread 14" [_thread_blocked, id=14708, stack(0x0000006b41600000,0x0000006b41700000)]
  0x000001e15a974800 JavaThread "Unconstrained build operations Thread 15" [_thread_blocked, id=13792, stack(0x0000006b41700000,0x0000006b41800000)]
  0x000001e15a97b000 JavaThread "Unconstrained build operations Thread 16" [_thread_blocked, id=6768, stack(0x0000006b41800000,0x0000006b41900000)]
  0x000001e15e0c9800 JavaThread "Unconstrained build operations Thread 17" [_thread_blocked, id=14828, stack(0x0000006b41900000,0x0000006b41a00000)]
  0x000001e15e0c5000 JavaThread "Unconstrained build operations Thread 18" [_thread_blocked, id=3676, stack(0x0000006b41a00000,0x0000006b41b00000)]
  0x000001e15e0c7800 JavaThread "Unconstrained build operations Thread 19" [_thread_blocked, id=12168, stack(0x0000006b41b00000,0x0000006b41c00000)]
  0x000001e15e0cb800 JavaThread "Unconstrained build operations Thread 20" [_thread_blocked, id=14268, stack(0x0000006b41c00000,0x0000006b41d00000)]
  0x000001e15e0cb000 JavaThread "Unconstrained build operations Thread 21" [_thread_blocked, id=14264, stack(0x0000006b41d00000,0x0000006b41e00000)]
  0x000001e15e0c6000 JavaThread "Unconstrained build operations Thread 22" [_thread_blocked, id=5348, stack(0x0000006b41e00000,0x0000006b41f00000)]
  0x000001e15e0ca000 JavaThread "Unconstrained build operations Thread 23" [_thread_blocked, id=14320, stack(0x0000006b41f00000,0x0000006b42000000)]
  0x000001e15e0c8800 JavaThread "Unconstrained build operations Thread 24" [_thread_blocked, id=15252, stack(0x0000006b42000000,0x0000006b42100000)]
  0x000001e15e0cc800 JavaThread "Unconstrained build operations Thread 25" [_thread_blocked, id=12556, stack(0x0000006b42100000,0x0000006b42200000)]
  0x000001e15e0c7000 JavaThread "Unconstrained build operations Thread 26" [_thread_blocked, id=14856, stack(0x0000006b42200000,0x0000006b42300000)]
  0x000001e15e0ce000 JavaThread "Unconstrained build operations Thread 27" [_thread_blocked, id=8680, stack(0x0000006b42300000,0x0000006b42400000)]
  0x000001e15e0d1800 JavaThread "Unconstrained build operations Thread 28" [_thread_blocked, id=4012, stack(0x0000006b42400000,0x0000006b42500000)]
  0x000001e15e0d0800 JavaThread "Unconstrained build operations Thread 29" [_thread_blocked, id=5284, stack(0x0000006b42500000,0x0000006b42600000)]
  0x000001e15e0d2000 JavaThread "Unconstrained build operations Thread 30" [_thread_blocked, id=8560, stack(0x0000006b42600000,0x0000006b42700000)]
  0x000001e15e0d3000 JavaThread "Unconstrained build operations Thread 31" [_thread_blocked, id=1332, stack(0x0000006b42700000,0x0000006b42800000)]
  0x000001e15e0d0000 JavaThread "Unconstrained build operations Thread 32" [_thread_blocked, id=13392, stack(0x0000006b42800000,0x0000006b42900000)]
  0x000001e15e0cd800 JavaThread "Unconstrained build operations Thread 33" [_thread_blocked, id=1116, stack(0x0000006b42900000,0x0000006b42a00000)]
  0x000001e15e0d4000 JavaThread "Unconstrained build operations Thread 34" [_thread_blocked, id=5980, stack(0x0000006b42a00000,0x0000006b42b00000)]
  0x000001e15e0cf000 JavaThread "Unconstrained build operations Thread 35" [_thread_blocked, id=15300, stack(0x0000006b42b00000,0x0000006b42c00000)]
  0x000001e159409800 JavaThread "Unconstrained build operations Thread 36" [_thread_blocked, id=7480, stack(0x0000006b42c00000,0x0000006b42d00000)]
  0x000001e15940b800 JavaThread "Unconstrained build operations Thread 37" [_thread_blocked, id=2428, stack(0x0000006b42d00000,0x0000006b42e00000)]
  0x000001e15940b000 JavaThread "Unconstrained build operations Thread 38" [_thread_blocked, id=14080, stack(0x0000006b42e00000,0x0000006b42f00000)]
  0x000001e15940c800 JavaThread "Unconstrained build operations Thread 39" [_thread_blocked, id=13080, stack(0x0000006b42f00000,0x0000006b43000000)]
  0x000001e15940a000 JavaThread "Unconstrained build operations Thread 40" [_thread_blocked, id=4068, stack(0x0000006b43000000,0x0000006b43100000)]
  0x000001e15940f000 JavaThread "Memory manager" [_thread_blocked, id=13008, stack(0x0000006b43100000,0x0000006b43200000)]
  0x000001e15ae9c800 JavaThread "C2 CompilerThread1" daemon [_thread_in_native, id=2692, stack(0x0000006b3f500000,0x0000006b3f600000)]

Other Threads:
  0x000001e1578ec800 VMThread "VM Thread" [stack: 0x0000006b3dc00000,0x0000006b3dd00000] [id=12320]
  0x000001e1583a4800 WatcherThread [stack: 0x0000006b3e900000,0x0000006b3ea00000] [id=10572]
  0x000001e13e595000 GCTaskThread "GC Thread#0" [stack: 0x0000006b3d700000,0x0000006b3d800000] [id=1960]
  0x000001e15868f800 GCTaskThread "GC Thread#1" [stack: 0x0000006b3eb00000,0x0000006b3ec00000] [id=7868]
  0x000001e159935800 GCTaskThread "GC Thread#2" [stack: 0x0000006b3f600000,0x0000006b3f700000] [id=12724]
  0x000001e1596e8800 GCTaskThread "GC Thread#3" [stack: 0x0000006b3f700000,0x0000006b3f800000] [id=10640]
  0x000001e13e5bb000 ConcurrentGCThread "G1 Main Marker" [stack: 0x0000006b3d800000,0x0000006b3d900000] [id=3020]
  0x000001e13e5bd000 ConcurrentGCThread "G1 Conc#0" [stack: 0x0000006b3d900000,0x0000006b3da00000] [id=3000]
  0x000001e157740800 ConcurrentGCThread "G1 Refine#0" [stack: 0x0000006b3da00000,0x0000006b3db00000] [id=14912]
  0x000001e157743800 ConcurrentGCThread "G1 Young RemSet Sampling" [stack: 0x0000006b3db00000,0x0000006b3dc00000] [id=15028]

Threads with active compile tasks:
C2 CompilerThread0  15226 6606       4       java.lang.Class::getMethodsRecursive (99 bytes)
C2 CompilerThread1  15226 6646       4       org.codehaus.groovy.reflection.ParameterTypes::getParameterTypes (16 bytes)

VM state:not at safepoint (normal execution)

VM Mutex/Monitor currently owned by a thread: None

Heap address: 0x00000000a0000000, size: 1536 MB, Compressed Oops mode: 32-bit
Narrow klass base: 0x0000000000000000, Narrow klass shift: 3
Compressed class space size: 1073741824 Address: 0x0000000100000000

Heap:
 garbage-first heap   total 152576K, used 95872K [0x00000000a0000000, 0x0000000100000000)
  region size 1024K, 50 young (51200K), 6 survivors (6144K)
 Metaspace       used 66269K, capacity 68006K, committed 68176K, reserved 1107968K
  class space    used 8259K, capacity 8902K, committed 8960K, reserved 1048576K
Heap Regions: E=young(eden), S=young(survivor), O=old, HS=humongous(starts), HC=humongous(continues), CS=collection set, F=free, A=archive, TAMS=top-at-mark-start (previous, next)
|   0|0x00000000a0000000, 0x00000000a0100000, 0x00000000a0100000|100%|HS|  |TAMS 0x00000000a0100000, 0x00000000a0000000| Complete 
|   1|0x00000000a0100000, 0x00000000a0200000, 0x00000000a0200000|100%|HC|  |TAMS 0x00000000a0200000, 0x00000000a0100000| Complete 
|   2|0x00000000a0200000, 0x00000000a0300000, 0x00000000a0300000|100%|HC|  |TAMS 0x00000000a0300000, 0x00000000a0200000| Complete 
|   3|0x00000000a0300000, 0x00000000a0400000, 0x00000000a0400000|100%| O|  |TAMS 0x00000000a0400000, 0x00000000a0300000| Untracked 
|   4|0x00000000a0400000, 0x00000000a0500000, 0x00000000a0500000|100%| O|  |TAMS 0x00000000a0500000, 0x00000000a0400000| Untracked 
|   5|0x00000000a0500000, 0x00000000a0600000, 0x00000000a0600000|100%| O|  |TAMS 0x00000000a0600000, 0x00000000a0500000| Untracked 
|   6|0x00000000a0600000, 0x00000000a0700000, 0x00000000a0700000|100%| O|  |TAMS 0x00000000a0700000, 0x00000000a0600000| Untracked 
|   7|0x00000000a0700000, 0x00000000a0800000, 0x00000000a0800000|100%| O|  |TAMS 0x00000000a0800000, 0x00000000a0700000| Untracked 
|   8|0x00000000a0800000, 0x00000000a0900000, 0x00000000a0900000|100%| O|  |TAMS 0x00000000a0900000, 0x00000000a0800000| Untracked 
|   9|0x00000000a0900000, 0x00000000a0a00000, 0x00000000a0a00000|100%| O|  |TAMS 0x00000000a0a00000, 0x00000000a0900000| Untracked 
|  10|0x00000000a0a00000, 0x00000000a0b00000, 0x00000000a0b00000|100%| O|  |TAMS 0x00000000a0b00000, 0x00000000a0a00000| Untracked 
|  11|0x00000000a0b00000, 0x00000000a0c00000, 0x00000000a0c00000|100%| O|  |TAMS 0x00000000a0c00000, 0x00000000a0b00000| Untracked 
|  12|0x00000000a0c00000, 0x00000000a0d00000, 0x00000000a0d00000|100%| O|  |TAMS 0x00000000a0d00000, 0x00000000a0c00000| Untracked 
|  13|0x00000000a0d00000, 0x00000000a0e00000, 0x00000000a0e00000|100%| O|  |TAMS 0x00000000a0e00000, 0x00000000a0d00000| Untracked 
|  14|0x00000000a0e00000, 0x00000000a0f00000, 0x00000000a0f00000|100%| O|  |TAMS 0x00000000a0f00000, 0x00000000a0e00000| Untracked 
|  15|0x00000000a0f00000, 0x00000000a1000000, 0x00000000a1000000|100%| O|  |TAMS 0x00000000a1000000, 0x00000000a0f00000| Untracked 
|  16|0x00000000a1000000, 0x00000000a1100000, 0x00000000a1100000|100%| O|  |TAMS 0x00000000a1100000, 0x00000000a1000000| Untracked 
|  17|0x00000000a1100000, 0x00000000a1200000, 0x00000000a1200000|100%| O|  |TAMS 0x00000000a1100000, 0x00000000a1100000| Untracked 
|  18|0x00000000a1200000, 0x00000000a1300000, 0x00000000a1300000|100%| O|  |TAMS 0x00000000a1200000, 0x00000000a1200000| Untracked 
|  19|0x00000000a1300000, 0x00000000a1400000, 0x00000000a1400000|100%| O|  |TAMS 0x00000000a1300000, 0x00000000a1300000| Untracked 
|  20|0x00000000a1400000, 0x00000000a1500000, 0x00000000a1500000|100%| O|  |TAMS 0x00000000a1500000, 0x00000000a1400000| Untracked 
|  21|0x00000000a1500000, 0x00000000a1600000, 0x00000000a1600000|100%| O|  |TAMS 0x00000000a1600000, 0x00000000a1500000| Untracked 
|  22|0x00000000a1600000, 0x00000000a1700000, 0x00000000a1700000|100%| O|  |TAMS 0x00000000a1675e00, 0x00000000a1600000| Untracked 
|  23|0x00000000a1700000, 0x00000000a1800000, 0x00000000a1800000|100%|HS|  |TAMS 0x00000000a1700000, 0x00000000a1700000| Complete 
|  24|0x00000000a1800000, 0x00000000a1900000, 0x00000000a1900000|100%| O|  |TAMS 0x00000000a1800000, 0x00000000a1800000| Untracked 
|  25|0x00000000a1900000, 0x00000000a1a00000, 0x00000000a1a00000|100%| O|  |TAMS 0x00000000a1900000, 0x00000000a1900000| Untracked 
|  26|0x00000000a1a00000, 0x00000000a1b00000, 0x00000000a1b00000|100%| O|  |TAMS 0x00000000a1a00000, 0x00000000a1a00000| Untracked 
|  27|0x00000000a1b00000, 0x00000000a1c00000, 0x00000000a1c00000|100%| O|  |TAMS 0x00000000a1b00000, 0x00000000a1b00000| Untracked 
|  28|0x00000000a1c00000, 0x00000000a1d00000, 0x00000000a1d00000|100%|HS|  |TAMS 0x00000000a1c00000, 0x00000000a1c00000| Complete 
|  29|0x00000000a1d00000, 0x00000000a1e00000, 0x00000000a1e00000|100%|HS|  |TAMS 0x00000000a1d00000, 0x00000000a1d00000| Complete 
|  30|0x00000000a1e00000, 0x00000000a1f00000, 0x00000000a1f00000|100%|HS|  |TAMS 0x00000000a1e00000, 0x00000000a1e00000| Complete 
|  31|0x00000000a1f00000, 0x00000000a2000000, 0x00000000a2000000|100%|HC|  |TAMS 0x00000000a1f00000, 0x00000000a1f00000| Complete 
|  32|0x00000000a2000000, 0x00000000a2100000, 0x00000000a2100000|100%| O|  |TAMS 0x00000000a2000000, 0x00000000a2000000| Untracked 
|  33|0x00000000a2100000, 0x00000000a2200000, 0x00000000a2200000|100%| O|  |TAMS 0x00000000a2100000, 0x00000000a2100000| Untracked 
|  34|0x00000000a2200000, 0x00000000a2300000, 0x00000000a2300000|100%| O|  |TAMS 0x00000000a2200000, 0x00000000a2200000| Untracked 
|  35|0x00000000a2300000, 0x00000000a2400000, 0x00000000a2400000|100%| O|  |TAMS 0x00000000a2300000, 0x00000000a2300000| Untracked 
|  36|0x00000000a2400000, 0x00000000a2400000, 0x00000000a2500000|  0%| F|  |TAMS 0x00000000a2400000, 0x00000000a2400000| Untracked 
|  37|0x00000000a2500000, 0x00000000a2500000, 0x00000000a2600000|  0%| F|  |TAMS 0x00000000a2500000, 0x00000000a2500000| Untracked 
|  38|0x00000000a2600000, 0x00000000a2600000, 0x00000000a2700000|  0%| F|  |TAMS 0x00000000a2600000, 0x00000000a2600000| Untracked 
|  39|0x00000000a2700000, 0x00000000a2700000, 0x00000000a2800000|  0%| F|  |TAMS 0x00000000a2700000, 0x00000000a2700000| Untracked 
|  40|0x00000000a2800000, 0x00000000a2800000, 0x00000000a2900000|  0%| F|  |TAMS 0x00000000a2800000, 0x00000000a2800000| Untracked 
|  41|0x00000000a2900000, 0x00000000a2900000, 0x00000000a2a00000|  0%| F|  |TAMS 0x00000000a2900000, 0x00000000a2900000| Untracked 
|  42|0x00000000a2a00000, 0x00000000a2b00000, 0x00000000a2b00000|100%| O|  |TAMS 0x00000000a2a00000, 0x00000000a2a00000| Untracked 
|  43|0x00000000a2b00000, 0x00000000a2c00000, 0x00000000a2c00000|100%| O|  |TAMS 0x00000000a2b00000, 0x00000000a2b00000| Untracked 
|  44|0x00000000a2c00000, 0x00000000a2d00000, 0x00000000a2d00000|100%| O|  |TAMS 0x00000000a2c00000, 0x00000000a2c00000| Untracked 
|  45|0x00000000a2d00000, 0x00000000a2e00000, 0x00000000a2e00000|100%| O|  |TAMS 0x00000000a2d00000, 0x00000000a2d00000| Untracked 
|  46|0x00000000a2e00000, 0x00000000a2f00000, 0x00000000a2f00000|100%| O|  |TAMS 0x00000000a2e00000, 0x00000000a2e00000| Untracked 
|  47|0x00000000a2f00000, 0x00000000a3000000, 0x00000000a3000000|100%| O|  |TAMS 0x00000000a2f00000, 0x00000000a2f00000| Untracked 
|  48|0x00000000a3000000, 0x00000000a3100000, 0x00000000a3100000|100%| O|  |TAMS 0x00000000a3000000, 0x00000000a3000000| Untracked 
|  49|0x00000000a3100000, 0x00000000a3200000, 0x00000000a3200000|100%| O|  |TAMS 0x00000000a3100000, 0x00000000a3100000| Untracked 
|  50|0x00000000a3200000, 0x00000000a3300000, 0x00000000a3300000|100%| O|  |TAMS 0x00000000a3200000, 0x00000000a3200000| Untracked 
|  51|0x00000000a3300000, 0x00000000a33e9a00, 0x00000000a3400000| 91%| O|  |TAMS 0x00000000a3300000, 0x00000000a3300000| Untracked 
|  52|0x00000000a3400000, 0x00000000a3400000, 0x00000000a3500000|  0%| F|  |TAMS 0x00000000a3400000, 0x00000000a3400000| Untracked 
|  53|0x00000000a3500000, 0x00000000a3500000, 0x00000000a3600000|  0%| F|  |TAMS 0x00000000a3500000, 0x00000000a3500000| Untracked 
|  54|0x00000000a3600000, 0x00000000a3600000, 0x00000000a3700000|  0%| F|  |TAMS 0x00000000a3600000, 0x00000000a3600000| Untracked 
|  55|0x00000000a3700000, 0x00000000a3700000, 0x00000000a3800000|  0%| F|  |TAMS 0x00000000a3700000, 0x00000000a3700000| Untracked 
|  56|0x00000000a3800000, 0x00000000a3800000, 0x00000000a3900000|  0%| F|  |TAMS 0x00000000a3800000, 0x00000000a3800000| Untracked 
|  57|0x00000000a3900000, 0x00000000a3900000, 0x00000000a3a00000|  0%| F|  |TAMS 0x00000000a3900000, 0x00000000a3900000| Untracked 
|  58|0x00000000a3a00000, 0x00000000a3a00000, 0x00000000a3b00000|  0%| F|  |TAMS 0x00000000a3a00000, 0x00000000a3a00000| Untracked 
|  59|0x00000000a3b00000, 0x00000000a3b00000, 0x00000000a3c00000|  0%| F|  |TAMS 0x00000000a3b00000, 0x00000000a3b00000| Untracked 
|  60|0x00000000a3c00000, 0x00000000a3c00000, 0x00000000a3d00000|  0%| F|  |TAMS 0x00000000a3c00000, 0x00000000a3c00000| Untracked 
|  61|0x00000000a3d00000, 0x00000000a3d00000, 0x00000000a3e00000|  0%| F|  |TAMS 0x00000000a3d00000, 0x00000000a3d00000| Untracked 
|  62|0x00000000a3e00000, 0x00000000a3e00000, 0x00000000a3f00000|  0%| F|  |TAMS 0x00000000a3e00000, 0x00000000a3e00000| Untracked 
|  63|0x00000000a3f00000, 0x00000000a3f00000, 0x00000000a4000000|  0%| F|  |TAMS 0x00000000a3f00000, 0x00000000a3f00000| Untracked 
|  64|0x00000000a4000000, 0x00000000a4000000, 0x00000000a4100000|  0%| F|  |TAMS 0x00000000a4000000, 0x00000000a4000000| Untracked 
|  65|0x00000000a4100000, 0x00000000a4100000, 0x00000000a4200000|  0%| F|  |TAMS 0x00000000a4100000, 0x00000000a4100000| Untracked 
|  66|0x00000000a4200000, 0x00000000a4200000, 0x00000000a4300000|  0%| F|  |TAMS 0x00000000a4200000, 0x00000000a4200000| Untracked 
|  67|0x00000000a4300000, 0x00000000a4300000, 0x00000000a4400000|  0%| F|  |TAMS 0x00000000a4300000, 0x00000000a4300000| Untracked 
|  68|0x00000000a4400000, 0x00000000a4400000, 0x00000000a4500000|  0%| F|  |TAMS 0x00000000a4400000, 0x00000000a4400000| Untracked 
|  69|0x00000000a4500000, 0x00000000a4500000, 0x00000000a4600000|  0%| F|  |TAMS 0x00000000a4500000, 0x00000000a4500000| Untracked 
|  70|0x00000000a4600000, 0x00000000a4600000, 0x00000000a4700000|  0%| F|  |TAMS 0x00000000a4600000, 0x00000000a4600000| Untracked 
|  71|0x00000000a4700000, 0x00000000a4700000, 0x00000000a4800000|  0%| F|  |TAMS 0x00000000a4700000, 0x00000000a4700000| Untracked 
|  72|0x00000000a4800000, 0x00000000a4800000, 0x00000000a4900000|  0%| F|  |TAMS 0x00000000a4800000, 0x00000000a4800000| Untracked 
|  73|0x00000000a4900000, 0x00000000a4900000, 0x00000000a4a00000|  0%| F|  |TAMS 0x00000000a4900000, 0x00000000a4900000| Untracked 
|  74|0x00000000a4a00000, 0x00000000a4a00000, 0x00000000a4b00000|  0%| F|  |TAMS 0x00000000a4a00000, 0x00000000a4a00000| Untracked 
|  75|0x00000000a4b00000, 0x00000000a4b00000, 0x00000000a4c00000|  0%| F|  |TAMS 0x00000000a4b00000, 0x00000000a4b00000| Untracked 
|  76|0x00000000a4c00000, 0x00000000a4c00000, 0x00000000a4d00000|  0%| F|  |TAMS 0x00000000a4c00000, 0x00000000a4c00000| Untracked 
|  77|0x00000000a4d00000, 0x00000000a4d00000, 0x00000000a4e00000|  0%| F|  |TAMS 0x00000000a4d00000, 0x00000000a4d00000| Untracked 
|  78|0x00000000a4e00000, 0x00000000a4eb6610, 0x00000000a4f00000| 71%| S|CS|TAMS 0x00000000a4e00000, 0x00000000a4e00000| Complete 
|  79|0x00000000a4f00000, 0x00000000a5000000, 0x00000000a5000000|100%| S|CS|TAMS 0x00000000a4f00000, 0x00000000a4f00000| Complete 
|  80|0x00000000a5000000, 0x00000000a5100000, 0x00000000a5100000|100%| S|CS|TAMS 0x00000000a5000000, 0x00000000a5000000| Complete 
|  81|0x00000000a5100000, 0x00000000a5200000, 0x00000000a5200000|100%| S|CS|TAMS 0x00000000a5100000, 0x00000000a5100000| Complete 
|  82|0x00000000a5200000, 0x00000000a5300000, 0x00000000a5300000|100%| S|CS|TAMS 0x00000000a5200000, 0x00000000a5200000| Complete 
|  83|0x00000000a5300000, 0x00000000a5400000, 0x00000000a5400000|100%| S|CS|TAMS 0x00000000a5300000, 0x00000000a5300000| Complete 
|  84|0x00000000a5400000, 0x00000000a5400000, 0x00000000a5500000|  0%| F|  |TAMS 0x00000000a5400000, 0x00000000a5400000| Untracked 
|  85|0x00000000a5500000, 0x00000000a5500000, 0x00000000a5600000|  0%| F|  |TAMS 0x00000000a5500000, 0x00000000a5500000| Untracked 
|  86|0x00000000a5600000, 0x00000000a5600000, 0x00000000a5700000|  0%| F|  |TAMS 0x00000000a5600000, 0x00000000a5600000| Untracked 
|  87|0x00000000a5700000, 0x00000000a5700000, 0x00000000a5800000|  0%| F|  |TAMS 0x00000000a5700000, 0x00000000a5700000| Untracked 
|  88|0x00000000a5800000, 0x00000000a5800000, 0x00000000a5900000|  0%| F|  |TAMS 0x00000000a5800000, 0x00000000a5800000| Untracked 
|  89|0x00000000a5900000, 0x00000000a5900000, 0x00000000a5a00000|  0%| F|  |TAMS 0x00000000a5900000, 0x00000000a5900000| Untracked 
|  90|0x00000000a5a00000, 0x00000000a5a00000, 0x00000000a5b00000|  0%| F|  |TAMS 0x00000000a5a00000, 0x00000000a5a00000| Untracked 
|  91|0x00000000a5b00000, 0x00000000a5b00000, 0x00000000a5c00000|  0%| F|  |TAMS 0x00000000a5b00000, 0x00000000a5b00000| Untracked 
|  92|0x00000000a5c00000, 0x00000000a5c00000, 0x00000000a5d00000|  0%| F|  |TAMS 0x00000000a5c00000, 0x00000000a5c00000| Untracked 
|  93|0x00000000a5d00000, 0x00000000a5d00000, 0x00000000a5e00000|  0%| F|  |TAMS 0x00000000a5d00000, 0x00000000a5d00000| Untracked 
|  94|0x00000000a5e00000, 0x00000000a5e00000, 0x00000000a5f00000|  0%| F|  |TAMS 0x00000000a5e00000, 0x00000000a5e00000| Untracked 
|  95|0x00000000a5f00000, 0x00000000a5f00000, 0x00000000a6000000|  0%| F|  |TAMS 0x00000000a5f00000, 0x00000000a5f00000| Untracked 
|  96|0x00000000a6000000, 0x00000000a6000000, 0x00000000a6100000|  0%| F|  |TAMS 0x00000000a6000000, 0x00000000a6000000| Untracked 
|  97|0x00000000a6100000, 0x00000000a6100000, 0x00000000a6200000|  0%| F|  |TAMS 0x00000000a6100000, 0x00000000a6100000| Untracked 
|  98|0x00000000a6200000, 0x00000000a6200000, 0x00000000a6300000|  0%| F|  |TAMS 0x00000000a6200000, 0x00000000a6200000| Untracked 
|  99|0x00000000a6300000, 0x00000000a6300000, 0x00000000a6400000|  0%| F|  |TAMS 0x00000000a6300000, 0x00000000a6300000| Untracked 
| 100|0x00000000a6400000, 0x00000000a6400000, 0x00000000a6500000|  0%| F|  |TAMS 0x00000000a6400000, 0x00000000a6400000| Untracked 
| 101|0x00000000a6500000, 0x00000000a6500000, 0x00000000a6600000|  0%| F|  |TAMS 0x00000000a6500000, 0x00000000a6500000| Untracked 
| 102|0x00000000a6600000, 0x00000000a6600000, 0x00000000a6700000|  0%| F|  |TAMS 0x00000000a6600000, 0x00000000a6600000| Untracked 
| 103|0x00000000a6700000, 0x00000000a6700000, 0x00000000a6800000|  0%| F|  |TAMS 0x00000000a6700000, 0x00000000a6700000| Untracked 
| 104|0x00000000a6800000, 0x00000000a6880800, 0x00000000a6900000| 50%| E|  |TAMS 0x00000000a6800000, 0x00000000a6800000| Complete 
| 105|0x00000000a6900000, 0x00000000a6a00000, 0x00000000a6a00000|100%| E|CS|TAMS 0x00000000a6900000, 0x00000000a6900000| Complete 
| 106|0x00000000a6a00000, 0x00000000a6b00000, 0x00000000a6b00000|100%| E|CS|TAMS 0x00000000a6a00000, 0x00000000a6a00000| Complete 
| 107|0x00000000a6b00000, 0x00000000a6c00000, 0x00000000a6c00000|100%| E|CS|TAMS 0x00000000a6b00000, 0x00000000a6b00000| Complete 
| 108|0x00000000a6c00000, 0x00000000a6d00000, 0x00000000a6d00000|100%| E|CS|TAMS 0x00000000a6c00000, 0x00000000a6c00000| Complete 
| 109|0x00000000a6d00000, 0x00000000a6e00000, 0x00000000a6e00000|100%| E|CS|TAMS 0x00000000a6d00000, 0x00000000a6d00000| Complete 
| 110|0x00000000a6e00000, 0x00000000a6f00000, 0x00000000a6f00000|100%| E|CS|TAMS 0x00000000a6e00000, 0x00000000a6e00000| Complete 
| 111|0x00000000a6f00000, 0x00000000a7000000, 0x00000000a7000000|100%| E|CS|TAMS 0x00000000a6f00000, 0x00000000a6f00000| Complete 
| 112|0x00000000a7000000, 0x00000000a7100000, 0x00000000a7100000|100%| E|CS|TAMS 0x00000000a7000000, 0x00000000a7000000| Complete 
| 113|0x00000000a7100000, 0x00000000a7200000, 0x00000000a7200000|100%| E|CS|TAMS 0x00000000a7100000, 0x00000000a7100000| Complete 
| 114|0x00000000a7200000, 0x00000000a7300000, 0x00000000a7300000|100%| E|CS|TAMS 0x00000000a7200000, 0x00000000a7200000| Complete 
| 115|0x00000000a7300000, 0x00000000a7400000, 0x00000000a7400000|100%| E|CS|TAMS 0x00000000a7300000, 0x00000000a7300000| Complete 
| 116|0x00000000a7400000, 0x00000000a7500000, 0x00000000a7500000|100%| E|CS|TAMS 0x00000000a7400000, 0x00000000a7400000| Complete 
| 117|0x00000000a7500000, 0x00000000a7600000, 0x00000000a7600000|100%| E|CS|TAMS 0x00000000a7500000, 0x00000000a7500000| Complete 
| 118|0x00000000a7600000, 0x00000000a7700000, 0x00000000a7700000|100%| E|CS|TAMS 0x00000000a7600000, 0x00000000a7600000| Complete 
| 119|0x00000000a7700000, 0x00000000a7800000, 0x00000000a7800000|100%| E|CS|TAMS 0x00000000a7700000, 0x00000000a7700000| Complete 
| 120|0x00000000a7800000, 0x00000000a7900000, 0x00000000a7900000|100%| E|CS|TAMS 0x00000000a7800000, 0x00000000a7800000| Complete 
| 121|0x00000000a7900000, 0x00000000a7a00000, 0x00000000a7a00000|100%| E|CS|TAMS 0x00000000a7900000, 0x00000000a7900000| Complete 
| 122|0x00000000a7a00000, 0x00000000a7b00000, 0x00000000a7b00000|100%| E|CS|TAMS 0x00000000a7a00000, 0x00000000a7a00000| Complete 
| 123|0x00000000a7b00000, 0x00000000a7c00000, 0x00000000a7c00000|100%| E|CS|TAMS 0x00000000a7b00000, 0x00000000a7b00000| Complete 
| 124|0x00000000a7c00000, 0x00000000a7d00000, 0x00000000a7d00000|100%| E|  |TAMS 0x00000000a7c00000, 0x00000000a7c00000| Complete 
| 125|0x00000000a7d00000, 0x00000000a7e00000, 0x00000000a7e00000|100%| E|CS|TAMS 0x00000000a7d00000, 0x00000000a7d00000| Complete 
| 126|0x00000000a7e00000, 0x00000000a7f00000, 0x00000000a7f00000|100%| E|CS|TAMS 0x00000000a7e00000, 0x00000000a7e00000| Complete 
| 127|0x00000000a7f00000, 0x00000000a8000000, 0x00000000a8000000|100%| E|CS|TAMS 0x00000000a7f00000, 0x00000000a7f00000| Complete 
| 128|0x00000000a8000000, 0x00000000a8100000, 0x00000000a8100000|100%| E|CS|TAMS 0x00000000a8000000, 0x00000000a8000000| Complete 
| 129|0x00000000a8100000, 0x00000000a8200000, 0x00000000a8200000|100%| E|CS|TAMS 0x00000000a8100000, 0x00000000a8100000| Complete 
| 130|0x00000000a8200000, 0x00000000a8300000, 0x00000000a8300000|100%| E|CS|TAMS 0x00000000a8200000, 0x00000000a8200000| Complete 
| 131|0x00000000a8300000, 0x00000000a8400000, 0x00000000a8400000|100%| E|CS|TAMS 0x00000000a8300000, 0x00000000a8300000| Complete 
| 132|0x00000000a8400000, 0x00000000a8500000, 0x00000000a8500000|100%| E|CS|TAMS 0x00000000a8400000, 0x00000000a8400000| Complete 
| 133|0x00000000a8500000, 0x00000000a8600000, 0x00000000a8600000|100%| E|CS|TAMS 0x00000000a8500000, 0x00000000a8500000| Complete 
| 134|0x00000000a8600000, 0x00000000a8700000, 0x00000000a8700000|100%| E|CS|TAMS 0x00000000a8600000, 0x00000000a8600000| Complete 
| 135|0x00000000a8700000, 0x00000000a8800000, 0x00000000a8800000|100%| E|CS|TAMS 0x00000000a8700000, 0x00000000a8700000| Complete 
| 136|0x00000000a8800000, 0x00000000a8900000, 0x00000000a8900000|100%| E|CS|TAMS 0x00000000a8800000, 0x00000000a8800000| Complete 
| 137|0x00000000a8900000, 0x00000000a8a00000, 0x00000000a8a00000|100%| E|CS|TAMS 0x00000000a8900000, 0x00000000a8900000| Complete 
| 138|0x00000000a8a00000, 0x00000000a8b00000, 0x00000000a8b00000|100%| E|CS|TAMS 0x00000000a8a00000, 0x00000000a8a00000| Complete 
| 139|0x00000000a8b00000, 0x00000000a8c00000, 0x00000000a8c00000|100%| E|CS|TAMS 0x00000000a8b00000, 0x00000000a8b00000| Complete 
| 140|0x00000000a8c00000, 0x00000000a8d00000, 0x00000000a8d00000|100%| E|CS|TAMS 0x00000000a8c00000, 0x00000000a8c00000| Complete 
| 141|0x00000000a8d00000, 0x00000000a8e00000, 0x00000000a8e00000|100%| E|CS|TAMS 0x00000000a8d00000, 0x00000000a8d00000| Complete 
| 142|0x00000000a8e00000, 0x00000000a8f00000, 0x00000000a8f00000|100%| E|CS|TAMS 0x00000000a8e00000, 0x00000000a8e00000| Complete 
| 143|0x00000000a8f00000, 0x00000000a9000000, 0x00000000a9000000|100%| E|CS|TAMS 0x00000000a8f00000, 0x00000000a8f00000| Complete 
| 144|0x00000000a9000000, 0x00000000a9100000, 0x00000000a9100000|100%| E|CS|TAMS 0x00000000a9000000, 0x00000000a9000000| Complete 
| 145|0x00000000a9100000, 0x00000000a9200000, 0x00000000a9200000|100%| E|CS|TAMS 0x00000000a9100000, 0x00000000a9100000| Complete 
| 146|0x00000000a9200000, 0x00000000a9300000, 0x00000000a9300000|100%| E|CS|TAMS 0x00000000a9200000, 0x00000000a9200000| Complete 
| 147|0x00000000a9300000, 0x00000000a9400000, 0x00000000a9400000|100%| E|CS|TAMS 0x00000000a9300000, 0x00000000a9300000| Complete 
| 148|0x00000000a9400000, 0x00000000a9500000, 0x00000000a9500000|100%| E|CS|TAMS 0x00000000a9400000, 0x00000000a9400000| Complete 

Card table byte_map: [0x000001e151ce0000,0x000001e151fe0000] _byte_map_base: 0x000001e1517e0000

Marking Bits (Prev, Next): (CMBitMap*) 0x000001e13e5b3f60, (CMBitMap*) 0x000001e13e5b3f28
 Prev Bits: [0x000001e153ae0000, 0x000001e1552e0000)
 Next Bits: [0x000001e1522e0000, 0x000001e153ae0000)

Polling page: 0x000001e13ccb0000

Metaspace:

Usage:
  Non-class:     57.72 MB capacity,    56.65 MB ( 98%) used,   924.87 KB (  2%) free+waste,   169.00 KB ( <1%) overhead. 
      Class:      8.69 MB capacity,     8.07 MB ( 93%) used,   564.73 KB (  6%) free+waste,    77.63 KB ( <1%) overhead. 
       Both:     66.41 MB capacity,    64.72 MB ( 97%) used,     1.45 MB (  2%) free+waste,   246.63 KB ( <1%) overhead. 

Virtual space:
  Non-class space:       58.00 MB reserved,      57.83 MB (>99%) committed 
      Class space:        1.00 GB reserved,       8.75 MB ( <1%) committed 
             Both:        1.06 GB reserved,      66.58 MB (  6%) committed 

Chunk freelists:
   Non-Class:  48.00 KB
       Class:  26.00 KB
        Both:  74.00 KB

MaxMetaspaceSize: 17179869184.00 GB
CompressedClassSpaceSize: 1.00 GB
Initial GC threshold: 20.80 MB
Current GC threshold: 68.26 MB
CDS: off

CodeHeap 'non-profiled nmethods': size=120064Kb used=4437Kb max_used=4437Kb free=115626Kb
 bounds [0x000001e149e80000, 0x000001e14a2e0000, 0x000001e1513c0000]
CodeHeap 'profiled nmethods': size=120000Kb used=15201Kb max_used=15201Kb free=104798Kb
 bounds [0x000001e142950000, 0x000001e143830000, 0x000001e149e80000]
CodeHeap 'non-nmethods': size=5696Kb used=2424Kb max_used=2477Kb free=3271Kb
 bounds [0x000001e1423c0000, 0x000001e142640000, 0x000001e142950000]
 total_blobs=7482 nmethods=6633 adapters=769
 compilation: enabled
              stopped_count=0, restarted_count=0
 full_count=0

Compilation events (20 events):
Event: 15.101 Thread 0x000001e158186800 6606       4       java.lang.Class::getMethodsRecursive (99 bytes)
Event: 15.115 Thread 0x000001e15ae9c800 6607  s    4       java.lang.Throwable::fillInStackTrace (29 bytes)
Event: 15.118 Thread 0x000001e15ae9c800 nmethod 6607 0x000001e14a2cfb90 code [0x000001e14a2cfd40, 0x000001e14a2d0128]
Event: 15.142 Thread 0x000001e15818b800 6608       3       java.util.Spliterators::checkFromToBounds (74 bytes)
Event: 15.143 Thread 0x000001e15818b800 nmethod 6608 0x000001e1437ffc90 code [0x000001e1437fff80, 0x000001e143800c48]
Event: 15.143 Thread 0x000001e15818b800 6609       3       org.codehaus.groovy.util.FastArray::set (8 bytes)
Event: 15.144 Thread 0x000001e15818b800 nmethod 6609 0x000001e143801190 code [0x000001e143801360, 0x000001e1438015f8]
Event: 15.156 Thread 0x000001e15818b800 6610   !   3       sun.reflect.misc.ReflectUtil::isPackageAccessible (12 bytes)
Event: 15.156 Thread 0x000001e15818b800 nmethod 6610 0x000001e143801710 code [0x000001e1438018e0, 0x000001e143801b48]
Event: 15.159 Thread 0x000001e15ae9c800 6611       4       com.sun.beans.introspect.MethodInfo$MethodOrder::compare (13 bytes)
Event: 15.159 Thread 0x000001e15818b800 6612       3       java.util.TimSort::countRunAndMakeAscending (128 bytes)
Event: 15.160 Thread 0x000001e15818b800 nmethod 6612 0x000001e143801c90 code [0x000001e143801ee0, 0x000001e143802a08]
Event: 15.160 Thread 0x000001e15818b800 6613       3       sun.reflect.generics.tree.ClassTypeSignature::make (9 bytes)
Event: 15.160 Thread 0x000001e15818b800 nmethod 6613 0x000001e143802d90 code [0x000001e143802f60, 0x000001e1438031b8]
Event: 15.160 Thread 0x000001e15818b800 6614       3       sun.reflect.generics.tree.ClassTypeSignature::<init> (10 bytes)
Event: 15.160 Thread 0x000001e15818b800 nmethod 6614 0x000001e143803290 code [0x000001e143803440, 0x000001e1438035f8]
Event: 15.160 Thread 0x000001e15818b800 6615       3       java.util.StringJoiner::add (104 bytes)
Event: 15.161 Thread 0x000001e15818b800 nmethod 6615 0x000001e143803690 code [0x000001e1438038e0, 0x000001e1438042d8]
Event: 15.161 Thread 0x000001e15818b800 6617       3       com.sun.beans.util.Cache$CacheEntry::matches (53 bytes)
Event: 15.161 Thread 0x000001e15818b800 nmethod 6617 0x000001e143804690 code [0x000001e143804880, 0x000001e143804e08]

GC Heap History (20 events):
Event: 3.429 GC heap before
{Heap before GC invocations=3 (full 0):
 garbage-first heap   total 126976K, used 52423K [0x00000000a0000000, 0x0000000100000000)
  region size 1024K, 44 young (45056K), 4 survivors (4096K)
 Metaspace       used 17671K, capacity 18057K, committed 18304K, reserved 1064960K
  class space    used 2025K, capacity 2149K, committed 2176K, reserved 1048576K
}
Event: 3.436 GC heap after
{Heap after GC invocations=4 (full 0):
 garbage-first heap   total 126976K, used 16112K [0x00000000a0000000, 0x0000000100000000)
  region size 1024K, 6 young (6144K), 6 survivors (6144K)
 Metaspace       used 17671K, capacity 18057K, committed 18304K, reserved 1064960K
  class space    used 2025K, capacity 2149K, committed 2176K, reserved 1048576K
}
Event: 3.906 GC heap before
{Heap before GC invocations=4 (full 0):
 garbage-first heap   total 126976K, used 45808K [0x00000000a0000000, 0x0000000100000000)
  region size 1024K, 36 young (36864K), 6 survivors (6144K)
 Metaspace       used 20754K, capacity 21123K, committed 21296K, reserved 1069056K
  class space    used 2474K, capacity 2617K, committed 2688K, reserved 1048576K
}
Event: 3.912 GC heap after
{Heap after GC invocations=5 (full 0):
 garbage-first heap   total 126976K, used 18018K [0x00000000a0000000, 0x0000000100000000)
  region size 1024K, 2 young (2048K), 2 survivors (2048K)
 Metaspace       used 20754K, capacity 21123K, committed 21296K, reserved 1069056K
  class space    used 2474K, capacity 2617K, committed 2688K, reserved 1048576K
}
Event: 4.569 GC heap before
{Heap before GC invocations=6 (full 0):
 garbage-first heap   total 126976K, used 64098K [0x00000000a0000000, 0x0000000100000000)
  region size 1024K, 48 young (49152K), 2 survivors (2048K)
 Metaspace       used 25680K, capacity 26267K, committed 26416K, reserved 1073152K
  class space    used 3233K, capacity 3421K, committed 3456K, reserved 1048576K
}
Event: 4.576 GC heap after
{Heap after GC invocations=7 (full 0):
 garbage-first heap   total 126976K, used 19426K [0x00000000a0000000, 0x0000000100000000)
  region size 1024K, 3 young (3072K), 3 survivors (3072K)
 Metaspace       used 25680K, capacity 26267K, committed 26416K, reserved 1073152K
  class space    used 3233K, capacity 3421K, committed 3456K, reserved 1048576K
}
Event: 5.548 GC heap before
{Heap before GC invocations=7 (full 0):
 garbage-first heap   total 126976K, used 83938K [0x00000000a0000000, 0x0000000100000000)
  region size 1024K, 66 young (67584K), 3 survivors (3072K)
 Metaspace       used 32349K, capacity 33092K, committed 33200K, reserved 1077248K
  class space    used 4268K, capacity 4571K, committed 4608K, reserved 1048576K
}
Event: 5.556 GC heap after
{Heap after GC invocations=8 (full 0):
 garbage-first heap   total 126976K, used 21483K [0x00000000a0000000, 0x0000000100000000)
  region size 1024K, 5 young (5120K), 5 survivors (5120K)
 Metaspace       used 32349K, capacity 33092K, committed 33200K, reserved 1077248K
  class space    used 4268K, capacity 4571K, committed 4608K, reserved 1048576K
}
Event: 5.850 GC heap before
{Heap before GC invocations=8 (full 0):
 garbage-first heap   total 126976K, used 29675K [0x00000000a0000000, 0x0000000100000000)
  region size 1024K, 15 young (15360K), 5 survivors (5120K)
 Metaspace       used 34988K, capacity 35775K, committed 35920K, reserved 1081344K
  class space    used 4472K, capacity 4807K, committed 4864K, reserved 1048576K
}
Event: 5.862 GC heap after
{Heap after GC invocations=9 (full 0):
 garbage-first heap   total 126976K, used 23012K [0x00000000a0000000, 0x0000000100000000)
  region size 1024K, 7 young (7168K), 7 survivors (7168K)
 Metaspace       used 34988K, capacity 35775K, committed 35920K, reserved 1081344K
  class space    used 4472K, capacity 4807K, committed 4864K, reserved 1048576K
}
Event: 7.042 GC heap before
{Heap before GC invocations=10 (full 0):
 garbage-first heap   total 126976K, used 79332K [0x00000000a0000000, 0x0000000100000000)
  region size 1024K, 60 young (61440K), 7 survivors (7168K)
 Metaspace       used 40879K, capacity 41782K, committed 41936K, reserved 1085440K
  class space    used 5084K, capacity 5416K, committed 5504K, reserved 1048576K
}
Event: 7.063 GC heap after
{Heap after GC invocations=11 (full 0):
 garbage-first heap   total 126976K, used 28119K [0x00000000a0000000, 0x0000000100000000)
  region size 1024K, 8 young (8192K), 8 survivors (8192K)
 Metaspace       used 40879K, capacity 41782K, committed 41936K, reserved 1085440K
  class space    used 5084K, capacity 5416K, committed 5504K, reserved 1048576K
}
Event: 8.098 GC heap before
{Heap before GC invocations=12 (full 0):
 garbage-first heap   total 126976K, used 83415K [0x00000000a0000000, 0x0000000100000000)
  region size 1024K, 62 young (63488K), 8 survivors (8192K)
 Metaspace       used 45254K, capacity 46321K, committed 46416K, reserved 1089536K
  class space    used 5734K, capacity 6129K, committed 6144K, reserved 1048576K
}
Event: 8.115 GC heap after
{Heap after GC invocations=13 (full 0):
 garbage-first heap   total 152576K, used 30968K [0x00000000a0000000, 0x0000000100000000)
  region size 1024K, 8 young (8192K), 8 survivors (8192K)
 Metaspace       used 45254K, capacity 46321K, committed 46416K, reserved 1089536K
  class space    used 5734K, capacity 6129K, committed 6144K, reserved 1048576K
}
Event: 9.638 GC heap before
{Heap before GC invocations=13 (full 0):
 garbage-first heap   total 152576K, used 100600K [0x00000000a0000000, 0x0000000100000000)
  region size 1024K, 76 young (77824K), 8 survivors (8192K)
 Metaspace       used 49310K, capacity 50637K, committed 50768K, reserved 1093632K
  class space    used 6143K, capacity 6627K, committed 6656K, reserved 1048576K
}
Event: 9.652 GC heap after
{Heap after GC invocations=14 (full 0):
 garbage-first heap   total 152576K, used 34130K [0x00000000a0000000, 0x0000000100000000)
  region size 1024K, 7 young (7168K), 7 survivors (7168K)
 Metaspace       used 49310K, capacity 50637K, committed 50768K, reserved 1093632K
  class space    used 6143K, capacity 6627K, committed 6656K, reserved 1048576K
}
Event: 11.938 GC heap before
{Heap before GC invocations=14 (full 0):
 garbage-first heap   total 152576K, used 109906K [0x00000000a0000000, 0x0000000100000000)
  region size 1024K, 77 young (78848K), 7 survivors (7168K)
 Metaspace       used 56370K, capacity 57894K, committed 58192K, reserved 1099776K
  class space    used 7000K, capacity 7578K, committed 7680K, reserved 1048576K
}
Event: 11.953 GC heap after
{Heap after GC invocations=15 (full 0):
 garbage-first heap   total 152576K, used 45606K [0x00000000a0000000, 0x0000000100000000)
  region size 1024K, 10 young (10240K), 10 survivors (10240K)
 Metaspace       used 56370K, capacity 57894K, committed 58192K, reserved 1099776K
  class space    used 7000K, capacity 7578K, committed 7680K, reserved 1048576K
}
Event: 14.117 GC heap before
{Heap before GC invocations=15 (full 0):
 garbage-first heap   total 152576K, used 118310K [0x00000000a0000000, 0x0000000100000000)
  region size 1024K, 75 young (76800K), 10 survivors (10240K)
 Metaspace       used 63503K, capacity 65142K, committed 65232K, reserved 1105920K
  class space    used 7891K, capacity 8533K, committed 8576K, reserved 1048576K
}
Event: 14.134 GC heap after
{Heap after GC invocations=16 (full 0):
 garbage-first heap   total 152576K, used 51840K [0x00000000a0000000, 0x0000000100000000)
  region size 1024K, 6 young (6144K), 6 survivors (6144K)
 Metaspace       used 63503K, capacity 65142K, committed 65232K, reserved 1105920K
  class space    used 7891K, capacity 8533K, committed 8576K, reserved 1048576K
}

Deoptimization events (20 events):
Event: 15.158 Thread 0x000001e1596be000 DEOPT PACKING pc=0x000001e14a114b98 sp=0x0000006b3f1f4fd0
Event: 15.158 Thread 0x000001e1596be000 DEOPT UNPACKING pc=0x000001e142409d0e sp=0x0000006b3f1f4488 mode 1
Event: 15.158 Thread 0x000001e1596be000 DEOPT PACKING pc=0x000001e14a00b0e8 sp=0x0000006b3f1f5080
Event: 15.158 Thread 0x000001e1596be000 DEOPT UNPACKING pc=0x000001e142409d0e sp=0x0000006b3f1f4518 mode 1
Event: 15.158 Thread 0x000001e1596be000 DEOPT PACKING pc=0x000001e142d6743c sp=0x0000006b3f1f5b00
Event: 15.158 Thread 0x000001e1596be000 DEOPT UNPACKING pc=0x000001e142409d0e sp=0x0000006b3f1f4ff0 mode 1
Event: 15.159 Thread 0x000001e1596be000 DEOPT PACKING pc=0x000001e1434ba149 sp=0x0000006b3f1f4f00
Event: 15.159 Thread 0x000001e1596be000 DEOPT UNPACKING pc=0x000001e142409d0e sp=0x0000006b3f1f43a8 mode 1
Event: 15.159 Thread 0x000001e1596be000 DEOPT PACKING pc=0x000001e14a114b98 sp=0x0000006b3f1f4f70
Event: 15.159 Thread 0x000001e1596be000 DEOPT UNPACKING pc=0x000001e142409d0e sp=0x0000006b3f1f4428 mode 1
Event: 15.159 Thread 0x000001e1596be000 DEOPT PACKING pc=0x000001e14a00b0e8 sp=0x0000006b3f1f5020
Event: 15.159 Thread 0x000001e1596be000 DEOPT UNPACKING pc=0x000001e142409d0e sp=0x0000006b3f1f44b8 mode 1
Event: 15.159 Thread 0x000001e1596be000 DEOPT PACKING pc=0x000001e142d6743c sp=0x0000006b3f1f5aa0
Event: 15.159 Thread 0x000001e1596be000 DEOPT UNPACKING pc=0x000001e142409d0e sp=0x0000006b3f1f4f90 mode 1
Event: 15.159 Thread 0x000001e1596be000 DEOPT PACKING pc=0x000001e142e2f48c sp=0x0000006b3f1f5ae0
Event: 15.159 Thread 0x000001e1596be000 DEOPT UNPACKING pc=0x000001e142409d0e sp=0x0000006b3f1f4fb0 mode 1
Event: 15.160 Thread 0x000001e1596be000 Uncommon trap: trap_request=0xffffff4d fr.pc=0x000001e14a065cc0 relative=0x0000000000000480
Event: 15.160 Thread 0x000001e1596be000 Uncommon trap: reason=unstable_if action=reinterpret pc=0x000001e14a065cc0 method=java.util.StringJoiner.add(Ljava/lang/CharSequence;)Ljava/util/StringJoiner; @ 33 c2
Event: 15.160 Thread 0x000001e1596be000 DEOPT PACKING pc=0x000001e14a065cc0 sp=0x0000006b3f1f57e0
Event: 15.160 Thread 0x000001e1596be000 DEOPT UNPACKING pc=0x000001e1423c85af sp=0x0000006b3f1f57a0 mode 2

Classes redefined (0 events):
No events

Internal exceptions (20 events):
Event: 13.146 Thread 0x000001e1596be000 Implicit null exception at 0x000001e14a03deac to 0x000001e14a03e11f
Event: 13.318 Thread 0x000001e158457000 Implicit null exception at 0x000001e14a210115 to 0x000001e14a210990
Event: 13.318 Thread 0x000001e158457000 Implicit null exception at 0x000001e14a211a15 to 0x000001e14a212258
Event: 13.660 Thread 0x000001e1596be000 Exception <a 'sun/nio/fs/WindowsException'{0x00000000a64a9518}> (0x00000000a64a9518) thrown at [./src/hotspot/share/prims/jni.cpp, line 616]
Event: 14.369 Thread 0x000001e1596be000 Exception <a 'java/lang/ClassNotFoundException'{0x00000000a8b837e8}: org/gradle/api/plugins/internal/DefaultBasePluginConventionBeanInfo> (0x00000000a8b837e8) thrown at [./src/hotspot/share/classfile/systemDictionary.cpp, line 231]
Event: 14.371 Thread 0x000001e1596be000 Exception <a 'java/lang/ClassNotFoundException'{0x00000000a8bc5c98}: org/gradle/api/plugins/BasePluginConventionBeanInfo> (0x00000000a8bc5c98) thrown at [./src/hotspot/share/classfile/systemDictionary.cpp, line 231]
Event: 14.373 Thread 0x000001e1596be000 Exception <a 'java/lang/ClassNotFoundException'{0x00000000a8a082e8}: org/gradle/api/plugins/BasePluginConventionCustomizer> (0x00000000a8a082e8) thrown at [./src/hotspot/share/classfile/systemDictionary.cpp, line 231]
Event: 14.376 Thread 0x000001e1596be000 Exception <a 'java/lang/ClassNotFoundException'{0x00000000a8a5b5c8}: org/gradle/api/plugins/internal/DefaultBasePluginConventionCustomizer> (0x00000000a8a5b5c8) thrown at [./src/hotspot/share/classfile/systemDictionary.cpp, line 231]
Event: 14.385 Thread 0x000001e1596be000 Exception <a 'java/lang/ClassNotFoundException'{0x00000000a8ae3208}: org/gradle/api/plugins/internal/DefaultJavaPluginConventionBeanInfo> (0x00000000a8ae3208) thrown at [./src/hotspot/share/classfile/systemDictionary.cpp, line 231]
Event: 14.387 Thread 0x000001e1596be000 Exception <a 'java/lang/ClassNotFoundException'{0x00000000a8925b88}: org/gradle/api/plugins/JavaPluginConventionBeanInfo> (0x00000000a8925b88) thrown at [./src/hotspot/share/classfile/systemDictionary.cpp, line 231]
Event: 14.389 Thread 0x000001e1596be000 Exception <a 'java/lang/ClassNotFoundException'{0x00000000a8967d00}: org/gradle/api/plugins/JavaPluginConventionCustomizer> (0x00000000a8967d00) thrown at [./src/hotspot/share/classfile/systemDictionary.cpp, line 231]
Event: 14.392 Thread 0x000001e1596be000 Exception <a 'java/lang/ClassNotFoundException'{0x00000000a89c4e98}: org/gradle/api/plugins/internal/DefaultJavaPluginConventionCustomizer> (0x00000000a89c4e98) thrown at [./src/hotspot/share/classfile/systemDictionary.cpp, line 231]
Event: 14.749 Thread 0x000001e1596be000 Implicit null exception at 0x000001e14a28156d to 0x000001e14a281690
Event: 15.147 Thread 0x000001e1596be000 Exception <a 'java/lang/ClassNotFoundException'{0x00000000a70fdcc8}: com/android/build/gradle/internal/dsl/BaseAppModuleExtension_DecoratedBeanInfo> (0x00000000a70fdcc8) thrown at [./src/hotspot/share/classfile/systemDictionary.cpp, line 231]
Event: 15.154 Thread 0x000001e1596be000 Exception <a 'java/lang/ClassNotFoundException'{0x00000000a6f1a4c0}: com/android/build/gradle/internal/dsl/BaseAppModuleExtensionBeanInfo> (0x00000000a6f1a4c0) thrown at [./src/hotspot/share/classfile/systemDictionary.cpp, line 231]
Event: 15.155 Thread 0x000001e1596be000 Exception <a 'java/lang/ClassNotFoundException'{0x00000000a6f32f78}: com/android/build/gradle/AppExtensionBeanInfo> (0x00000000a6f32f78) thrown at [./src/hotspot/share/classfile/systemDictionary.cpp, line 231]
Event: 15.156 Thread 0x000001e1596be000 Exception <a 'java/lang/ClassNotFoundException'{0x00000000a6f4d750}: com/android/build/gradle/AbstractAppExtensionBeanInfo> (0x00000000a6f4d750) thrown at [./src/hotspot/share/classfile/systemDictionary.cpp, line 231]
Event: 15.157 Thread 0x000001e1596be000 Exception <a 'java/lang/ClassNotFoundException'{0x00000000a6f66e70}: com/android/build/gradle/TestedExtensionBeanInfo> (0x00000000a6f66e70) thrown at [./src/hotspot/share/classfile/systemDictionary.cpp, line 231]
Event: 15.158 Thread 0x000001e1596be000 Exception <a 'java/lang/ClassNotFoundException'{0x00000000a6f80968}: com/android/build/gradle/BaseExtensionBeanInfo> (0x00000000a6f80968) thrown at [./src/hotspot/share/classfile/systemDictionary.cpp, line 231]
Event: 15.159 Thread 0x000001e1596be000 Exception <a 'java/lang/ClassNotFoundException'{0x00000000a6f9a2f8}: com/android/build/gradle/BaseExtensionCustomizer> (0x00000000a6f9a2f8) thrown at [./src/hotspot/share/classfile/systemDictionary.cpp, line 231]

Events (20 events):
Event: 15.155 loading class com/android/build/gradle/AppExtensionBeanInfo
Event: 15.155 loading class com/android/build/gradle/AppExtensionBeanInfo done
Event: 15.155 loading class com/android/build/gradle/AppExtensionBeanInfo
Event: 15.155 loading class com/android/build/gradle/AppExtensionBeanInfo done
Event: 15.156 loading class com/android/build/gradle/AbstractAppExtensionBeanInfo
Event: 15.156 loading class com/android/build/gradle/AbstractAppExtensionBeanInfo done
Event: 15.156 loading class com/android/build/gradle/AbstractAppExtensionBeanInfo
Event: 15.156 loading class com/android/build/gradle/AbstractAppExtensionBeanInfo done
Event: 15.156 loading class com/android/build/gradle/TestedExtensionBeanInfo
Event: 15.156 loading class com/android/build/gradle/TestedExtensionBeanInfo done
Event: 15.157 loading class com/android/build/gradle/TestedExtensionBeanInfo
Event: 15.157 loading class com/android/build/gradle/TestedExtensionBeanInfo done
Event: 15.157 loading class com/android/build/gradle/BaseExtensionBeanInfo
Event: 15.157 loading class com/android/build/gradle/BaseExtensionBeanInfo done
Event: 15.158 loading class com/android/build/gradle/BaseExtensionBeanInfo
Event: 15.158 loading class com/android/build/gradle/BaseExtensionBeanInfo done
Event: 15.158 loading class com/android/build/gradle/BaseExtensionCustomizer
Event: 15.158 loading class com/android/build/gradle/BaseExtensionCustomizer done
Event: 15.159 loading class com/android/build/gradle/BaseExtensionCustomizer
Event: 15.159 loading class com/android/build/gradle/BaseExtensionCustomizer done


Dynamic libraries:
0x00007ff7f78c0000 - 0x00007ff7f78ca000 	D:\Android Studio\jre\bin\java.exe
0x00007ff971eb0000 - 0x00007ff9720c4000 	C:\WINDOWS\SYSTEM32\ntdll.dll
0x00007ff971d90000 - 0x00007ff971e52000 	C:\WINDOWS\System32\KERNEL32.DLL
0x00007ff96ef10000 - 0x00007ff96f2b3000 	C:\WINDOWS\System32\KERNELBASE.dll
0x00007ff96f840000 - 0x00007ff96f951000 	C:\WINDOWS\System32\ucrtbase.dll
0x00007ff967690000 - 0x00007ff9676a7000 	D:\Android Studio\jre\bin\VCRUNTIME140.dll
0x00007ff965280000 - 0x00007ff965299000 	D:\Android Studio\jre\bin\jli.dll
0x00007ff970500000 - 0x00007ff9706ab000 	C:\WINDOWS\System32\USER32.dll
0x00007ff96f4f0000 - 0x00007ff96f516000 	C:\WINDOWS\System32\win32u.dll
0x00007ff971720000 - 0x00007ff971749000 	C:\WINDOWS\System32\GDI32.dll
0x00007ff96f720000 - 0x00007ff96f838000 	C:\WINDOWS\System32\gdi32full.dll
0x00007ff9558a0000 - 0x00007ff955b2e000 	C:\WINDOWS\WinSxS\amd64_microsoft.windows.common-controls_6595b64144ccf1df_6.0.22621.1635_none_270f70857386168e\COMCTL32.dll
0x00007ff96f680000 - 0x00007ff96f71a000 	C:\WINDOWS\System32\msvcp_win.dll
0x00007ff971670000 - 0x00007ff971717000 	C:\WINDOWS\System32\msvcrt.dll
0x00007ff971810000 - 0x00007ff971841000 	C:\WINDOWS\System32\IMM32.DLL
0x0000000051d60000 - 0x0000000051d6c000 	D:\360安全卫士\360Safe\safemon\SafeWrapper.dll
0x00007ff971940000 - 0x00007ff9719ee000 	C:\WINDOWS\System32\ADVAPI32.dll
0x00007ff9715c0000 - 0x00007ff971664000 	C:\WINDOWS\System32\sechost.dll
0x00007ff970de0000 - 0x00007ff970ef7000 	C:\WINDOWS\System32\RPCRT4.dll
0x00007ff952120000 - 0x00007ff9521cc000 	D:\360安全卫士\360Safe\safemon\libzdtp64.dll
0x00007ff96fbe0000 - 0x00007ff9703da000 	C:\WINDOWS\System32\SHELL32.dll
0x00007ff9719f0000 - 0x00007ff971a4e000 	C:\WINDOWS\System32\SHLWAPI.dll
0x00007ff96e940000 - 0x00007ff96e94a000 	C:\WINDOWS\SYSTEM32\VERSION.dll
0x00007ff9543f0000 - 0x00007ff95448d000 	D:\Android Studio\jre\bin\msvcp140.dll
0x00007ff90c4e0000 - 0x00007ff90cfe2000 	D:\Android Studio\jre\bin\server\jvm.dll
0x00007ff971310000 - 0x00007ff971318000 	C:\WINDOWS\System32\PSAPI.DLL
0x00007ff962ee0000 - 0x00007ff962f14000 	C:\WINDOWS\SYSTEM32\WINMM.dll
0x00007ff93bfd0000 - 0x00007ff93bfd9000 	C:\WINDOWS\SYSTEM32\WSOCK32.dll
0x00007ff970f00000 - 0x00007ff970f71000 	C:\WINDOWS\System32\WS2_32.dll
0x00007ff96de90000 - 0x00007ff96dea8000 	C:\WINDOWS\SYSTEM32\kernel.appcore.dll
0x00007ff966fa0000 - 0x00007ff966fb1000 	D:\Android Studio\jre\bin\verify.dll
0x00007ff96c790000 - 0x00007ff96c9be000 	C:\WINDOWS\SYSTEM32\DBGHELP.DLL
0x00007ff970f80000 - 0x00007ff971309000 	C:\WINDOWS\System32\combase.dll
0x00007ff971860000 - 0x00007ff971937000 	C:\WINDOWS\System32\OLEAUT32.dll
0x00007ff93b9a0000 - 0x00007ff93b9d2000 	C:\WINDOWS\SYSTEM32\dbgcore.DLL
0x00007ff96f960000 - 0x00007ff96f9db000 	C:\WINDOWS\System32\bcryptPrimitives.dll
0x00007ff963f30000 - 0x00007ff963f59000 	D:\Android Studio\jre\bin\java.dll
0x00007ff9676c0000 - 0x00007ff9676cb000 	D:\Android Studio\jre\bin\jimage.dll
0x00007ff951d10000 - 0x00007ff951d49000 	D:\Android Studio\jre\bin\jdwp.dll
0x00007ff963f10000 - 0x00007ff963f28000 	D:\Android Studio\jre\bin\zip.dll
0x00007ff96ce30000 - 0x00007ff96d6fe000 	C:\WINDOWS\SYSTEM32\windows.storage.dll
0x00007ff96ccf0000 - 0x00007ff96ce2e000 	C:\WINDOWS\SYSTEM32\wintypes.dll
0x00007ff96fae0000 - 0x00007ff96fbd1000 	C:\WINDOWS\System32\SHCORE.dll
0x00007ff96edd0000 - 0x00007ff96edf1000 	C:\WINDOWS\SYSTEM32\profapi.dll
0x00007ff95df20000 - 0x00007ff95df2b000 	D:\Android Studio\jre\bin\dt_socket.dll
0x00007ff96e300000 - 0x00007ff96e369000 	C:\WINDOWS\system32\mswsock.dll
0x00007ff963ef0000 - 0x00007ff963f0a000 	D:\Android Studio\jre\bin\net.dll
0x00007ff964f90000 - 0x00007ff9650c7000 	C:\WINDOWS\SYSTEM32\WINHTTP.dll
0x00007ff95eaa0000 - 0x00007ff95eab4000 	D:\Android Studio\jre\bin\nio.dll
0x00007ff96b5a0000 - 0x00007ff96b5c7000 	C:\Users\HP\.gradle\native\e1d6ef7f7dcc3fd88c89a11ec53ec762bb8ba0a96d01ffa2cd45eb1d1d8dd5c5\windows-amd64\native-platform.dll
0x00007ff9252b0000 - 0x00007ff9253f4000 	C:\Users\HP\.gradle\native\0d407fdbe67a94daf76414ababcb853783967236a71b16ec16e742cd7a986fd3\windows-amd64\native-platform-file-events.dll
0x00007ff966fe0000 - 0x00007ff966fea000 	D:\Android Studio\jre\bin\management.dll
0x00007ff966f90000 - 0x00007ff966f9d000 	D:\Android Studio\jre\bin\management_ext.dll
0x00007ff96e540000 - 0x00007ff96e55b000 	C:\WINDOWS\SYSTEM32\CRYPTSP.dll
0x00007ff96de00000 - 0x00007ff96de35000 	C:\WINDOWS\system32\rsaenh.dll
0x00007ff96e3d0000 - 0x00007ff96e3f8000 	C:\WINDOWS\SYSTEM32\USERENV.dll
0x00007ff96e7d0000 - 0x00007ff96e7f8000 	C:\WINDOWS\SYSTEM32\bcrypt.dll
0x00007ff96e560000 - 0x00007ff96e56c000 	C:\WINDOWS\SYSTEM32\CRYPTBASE.dll
0x00007ff96d960000 - 0x00007ff96d98d000 	C:\WINDOWS\SYSTEM32\IPHLPAPI.DLL
0x00007ff971e60000 - 0x00007ff971e69000 	C:\WINDOWS\System32\NSI.dll
0x00007ff962f20000 - 0x00007ff962f39000 	C:\WINDOWS\SYSTEM32\dhcpcsvc6.DLL
0x00007ff962ec0000 - 0x00007ff962edf000 	C:\WINDOWS\SYSTEM32\dhcpcsvc.DLL
0x00007ff96d9d0000 - 0x00007ff96dac3000 	C:\WINDOWS\SYSTEM32\DNSAPI.dll

dbghelp: loaded successfully - version: 4.0.5 - missing functions: none
symbol engine: initialized successfully - sym options: 0x614 - pdb path: .;D:\Android Studio\jre\bin;C:\WINDOWS\SYSTEM32;C:\WINDOWS\WinSxS\amd64_microsoft.windows.common-controls_6595b64144ccf1df_6.0.22621.1635_none_270f70857386168e;D:\360安全卫士\360Safe\safemon;D:\Android Studio\jre\bin\se;D:\Android Studio\jre\bin\se;D:\Android Studio\jre\bin\se;D:\Android Studio\jre\bin\se;D:\Android Studio\jre\bin\se;D:\Android Studio\jre\bin\se;D:\Android Studio\jre\bin\se;D:\Android Studio\jre\bin\server;C:\Users\HP\.gradle\native\e1d6ef7f7dcc3fd88c89a11ec53ec762bb8ba0a96d01ffa2cd45eb1d1d8dd5c5\windows-a;C:\Users\HP\.gradle\native\e1d6ef7f7dcc3fd88c89a11ec53ec762bb8ba0a96d01ffa2cd45eb1d1d8dd5c5\windows-amd64;C:\Users\HP\.gradle\native\0d407fdbe67a94daf76414ababcb853783967236a71b16ec16e742cd7a986fd3\windows-a;C:\Users\HP\.gradle\native\0d407fdbe67a94daf76414ababcb853783967236a71b16ec16e742cd7a986fd3\windows-a;C:\Users\HP\.gradle\native\0d407fdbe67a94daf76414ababcb853783967236a71b16ec16e742cd7a986fd3\windows-a;C:\Users\HP\.gradle\native\0d407fdbe67a94daf76414ababcb853783967236a71b16ec16e742cd7a986fd3\windows-a

VM Arguments:
jvm_args: -agentlib:jdwp=transport=dt_socket,server=n,suspend=y,address=127.0.0.1:51009 --add-opens=java.base/java.util=ALL-UNNAMED --add-opens=java.base/java.lang=ALL-UNNAMED --add-opens=java.base/java.lang.invoke=ALL-UNNAMED --add-opens=java.base/java.util=ALL-UNNAMED --add-opens=java.prefs/java.util.prefs=ALL-UNNAMED --add-opens=java.prefs/java.util.prefs=ALL-UNNAMED --add-opens=java.base/java.nio.charset=ALL-UNNAMED --add-opens=java.base/java.net=ALL-UNNAMED --add-opens=java.base/java.util.concurrent.atomic=ALL-UNNAMED -Xmx1536M -Dfile.encoding=GBK -Duser.country=CN -Duser.language=zh -Duser.variant 
java_command: org.gradle.launcher.daemon.bootstrap.GradleDaemon 7.4
java_class_path (initial): C:\Users\HP\.gradle\wrapper\dists\gradle-7.4-all\aadb4xli5jkdsnukm30eibyiu\gradle-7.4\lib\gradle-launcher-7.4.jar
Launcher Type: SUN_STANDARD

[Global flags]
     intx CICompilerCount                          = 3                                         {product} {ergonomic}
     uint ConcGCThreads                            = 1                                         {product} {ergonomic}
     uint G1ConcRefinementThreads                  = 4                                         {product} {ergonomic}
   size_t G1HeapRegionSize                         = 1048576                                   {product} {ergonomic}
    uintx GCDrainStackTargetSize                   = 64                                        {product} {ergonomic}
   size_t InitialHeapSize                          = 130023424                                 {product} {ergonomic}
   size_t MarkStackSize                            = 4194304                                   {product} {ergonomic}
   size_t MaxHeapSize                              = 1610612736                                {product} {command line}
   size_t MaxNewSize                               = 965738496                                 {product} {ergonomic}
   size_t MinHeapDeltaBytes                        = 1048576                                   {product} {ergonomic}
    uintx NonNMethodCodeHeapSize                   = 5830732                                {pd product} {ergonomic}
    uintx NonProfiledCodeHeapSize                  = 122913754                              {pd product} {ergonomic}
    uintx ProfiledCodeHeapSize                     = 122913754                              {pd product} {ergonomic}
    uintx ReservedCodeCacheSize                    = 251658240                              {pd product} {ergonomic}
     bool SegmentedCodeCache                       = true                                      {product} {ergonomic}
     bool UseCompressedClassPointers               = true                                 {lp64_product} {ergonomic}
     bool UseCompressedOops                        = true                                 {lp64_product} {ergonomic}
     bool UseG1GC                                  = true                                      {product} {ergonomic}
     bool UseLargePagesIndividualAllocation        = false                                  {pd product} {ergonomic}

Logging:
Log output configuration:
 #0: stdout all=warning uptime,level,tags
 #1: stderr all=off uptime,level,tags

Environment Variables:
JAVA_HOME=C:\Program Files\Java\jdk-17.0.5
CLASSPATH=.;C:\Program Files\Java\jdk-17.0.5\bin;C:\Program Files\Java\jdk-17.0.5\lib\dt.jar;C:\Program Files\Java\jdk-17.0.5\lib\tools.jar
PATH=D:\VMware Workstation\bin\;C:\Program Files\Common Files\Oracle\Java\javapath;C:\Program Files\Java\jdk-17.0.5\bin;C:\Program Files\Java\jdk-17.0.5\jre\bin;C:\Program Files (x86)\Common Files\Oracle\Java\javapath;C:\ProgramData\Oracle\Java\javapath;C:\windows\system32;C:\windows;C:\windows\System32\Wbem;C:\windows\System32\WindowsPowerShell\v1.0\;C:\windows\System32\OpenSSH\;C:\Program Files (x86)\NVIDIA Corporation\PhysX\Common;C:\Program Files\dotnet\;D:\Steam;D:\PCL2;D:\Geph4;D:\Steam+;D:\TIM\Bin;C:\Git\cmd;C:\Git;D:\WeChat;C:\Program Files\Intel\Intel(R) Memory and Storage Tool\;C:\WINDOWS\system32;C:\WINDOWS;C:\WINDOWS\System32\Wbem;C:\WINDOWS\System32\WindowsPowerShell\v1.0\;C:\WINDOWS\System32\OpenSSH\;C:\Program Files (x86)\dotnet\;D:\VMware Workstation;D:\Android Studio\bin;D:\Honkai Impact 3\Games;D:\Honkai Impact 3;D:\金山打字通\11.9;C:\Users\HP\AppData\Local\Microsoft\WindowsApps;C:\Users\HP\AppData\Local\GitHubDesktop\bin;
USERNAME=HP
OS=Windows_NT
PROCESSOR_IDENTIFIER=Intel64 Family 6 Model 140 Stepping 1, GenuineIntel



---------------  S Y S T E M  ---------------

OS: Windows 11 , 64 bit Build 22621 (10.0.22621.1635)
OS uptime: 0 days 0:56 hours
Hyper-V role detected

CPU:total 4 (initial active 4) (2 cores per cpu, 2 threads per core) family 6 model 140 stepping 1 microcode 0xa6, cmov, cx8, fxsr, mmx, sse, sse2, sse3, ssse3, sse4.1, sse4.2, popcnt, avx, avx2, aes, clmul, erms, 3dnowpref, lzcnt, ht, tsc, tscinvbit, bmi1, bmi2, adx, evex, sha, fma

Memory: 4k page, system-wide physical 7834M (2394M free)
TotalPageFile size 11930M (AvailPageFile size 8M)
current process WorkingSet (physical memory assigned to process): 362M, peak: 368M
current process commit charge ("private bytes"): 394M, peak: 399M

vm_info: OpenJDK 64-Bit Server VM (11.0.13+0-b1751.21-8125866) for windows-amd64 JRE (11.0.13+0-b1751.21-8125866), built on Feb  2 2022 03:00:22 by "builder" with MS VC++ 14.0 (VS2015)

END.
