#
# There is insufficient memory for the Java Runtime Environment to continue.
# Native memory allocation (malloc) failed to allocate 32744 bytes for ChunkPool::allocate
# Possible reasons:
#   The system is out of physical RAM or swap space
#   The process is running with CompressedOops enabled, and the Java Heap may be blocking the growth of the native heap
# Possible solutions:
#   Reduce memory load on the system
#   Increase physical memory or swap space
#   Check if swap backing store is full
#   Decrease Java heap size (-Xmx/-Xms)
#   Decrease number of Java threads
#   Decrease Java thread stack sizes (-Xss)
#   Set larger code cache with -XX:ReservedCodeCacheSize=
#   JVM is running with Unscaled Compressed Oops mode in which the Java heap is
#     placed in the first 4GB address space. The Java Heap base address is the
#     maximum limit for the native heap growth. Please use -XX:HeapBaseMinAddress
#     to set the Java Heap base and to place the Java Heap above 4GB virtual address.
# This output file may be truncated or incomplete.
#
#  Out of Memory Error (arena.cpp:78), pid=11312, tid=2316
#
# JRE version: Java(TM) SE Runtime Environment (17.0.5+9) (build 17.0.5+9-LTS-191)
# Java VM: Java HotSpot(TM) 64-Bit Server VM (17.0.5+9-LTS-191, mixed mode, sharing, tiered, compressed oops, compressed class ptrs, g1 gc, windows-amd64)
# No core dump will be written. Minidumps are not enabled by default on client versions of Windows
#

---------------  S U M M A R Y ------------

Command Line: -Xmx64m -Xms64m -Dorg.gradle.appname=gradlew org.gradle.wrapper.GradleWrapperMain desktop:debug

Host: 11th Gen Intel(R) Core(TM) i3-1115G4 @ 3.00GHz, 4 cores, 7G,  Windows 11 , 64 bit Build 22621 (10.0.22621.1635)
Time: Sun Jun  4 10:41:42 2023  Windows 11 , 64 bit Build 22621 (10.0.22621.1635) elapsed time: 192.959444 seconds (0d 0h 3m 12s)

---------------  T H R E A D  ---------------

Current thread (0x000002beb8b47600):  JavaThread "C1 CompilerThread0" daemon [_thread_in_native, id=2316, stack(0x000000ca59700000,0x000000ca59800000)]


Current CompileTask:
C1: 192959 1579   !   3      
[error occurred during error reporting (printing current compile task), id 0xe0000001, Out of Memory Error (s\open\src\hotspot\share\memory\arena.cpp:78)]

Stack: [0x000000ca59700000,0x000000ca59800000]
Native frames: (J=compiled Java code, j=interpreted, Vv=VM code, C=native code)
V  [jvm.dll+0x672eea]
V  [jvm.dll+0x7d2a04]
V  [jvm.dll+0x7d41ae]
V  [jvm.dll+0x7d4813]
V  [jvm.dll+0x242c15]
V  [jvm.dll+0xaa7c0]
V  [jvm.dll+0xaab0c]
V  [jvm.dll+0x73fe1c]
V  [jvm.dll+0x73ff09]
V  [jvm.dll+0x627d49]
V  [jvm.dll+0x229316]
V  [jvm.dll+0x229897]
V  [jvm.dll+0x7d289a]
V  [jvm.dll+0x7d41ae]
V  [jvm.dll+0x7d4813]
V  [jvm.dll+0x242c15]
V  [jvm.dll+0xaa7c0]
V  [jvm.dll+0xaab0c]
V  [jvm.dll+0x14b786]
V  [jvm.dll+0x167751]
V  [jvm.dll+0x1616d2]
V  [jvm.dll+0x15baae]
V  [jvm.dll+0x149dc0]
V  [jvm.dll+0x132907]
V  [jvm.dll+0x13228f]
V  [jvm.dll+0x1324c6]
V  [jvm.dll+0x13195a]
V  [jvm.dll+0x133621]
V  [jvm.dll+0x22493a]
V  [jvm.dll+0x222aa5]
V  [jvm.dll+0x7885db]
V  [jvm.dll+0x782b4a]
V  [jvm.dll+0x671d75]
C  [ucrtbase.dll+0x29363]
C  [KERNEL32.DLL+0x126ad]
C  [ntdll.dll+0x5a9f8]


---------------  P R O C E S S  ---------------

Threads class SMR info:
_java_thread_list=0x000002beba89c320, length=15, elements={
0x000002be9f15d390, 0x000002be9f1f5fb0, 0x000002be9f1f9980, 0x000002beb8b43f80,
0x000002beb8b44840, 0x000002beb8b45100, 0x000002beb8b45ab0, 0x000002beb8b46790,
0x000002beb8b47600, 0x000002beb8b4b2f0, 0x000002beb985a7a0, 0x000002beb986ecb0,
0x000002beba151700, 0x000002beba2a7840, 0x000002beba514330
}

Java Threads: ( => current thread )
  0x000002be9f15d390 JavaThread "main" [_thread_in_native, id=12812, stack(0x000000ca58900000,0x000000ca58a00000)]
  0x000002be9f1f5fb0 JavaThread "Reference Handler" daemon [_thread_blocked, id=10572, stack(0x000000ca59000000,0x000000ca59100000)]
  0x000002be9f1f9980 JavaThread "Finalizer" daemon [_thread_blocked, id=7108, stack(0x000000ca59100000,0x000000ca59200000)]
  0x000002beb8b43f80 JavaThread "Signal Dispatcher" daemon [_thread_blocked, id=1092, stack(0x000000ca59200000,0x000000ca59300000)]
  0x000002beb8b44840 JavaThread "Attach Listener" daemon [_thread_blocked, id=10828, stack(0x000000ca59300000,0x000000ca59400000)]
  0x000002beb8b45100 JavaThread "Service Thread" daemon [_thread_blocked, id=14632, stack(0x000000ca59400000,0x000000ca59500000)]
  0x000002beb8b45ab0 JavaThread "Monitor Deflation Thread" daemon [_thread_blocked, id=7400, stack(0x000000ca59500000,0x000000ca59600000)]
  0x000002beb8b46790 JavaThread "C2 CompilerThread0" daemon [_thread_blocked, id=10668, stack(0x000000ca59600000,0x000000ca59700000)]
=>0x000002beb8b47600 JavaThread "C1 CompilerThread0" daemon [_thread_in_native, id=2316, stack(0x000000ca59700000,0x000000ca59800000)]
  0x000002beb8b4b2f0 JavaThread "Sweeper thread" daemon [_thread_blocked, id=2256, stack(0x000000ca59800000,0x000000ca59900000)]
  0x000002beb985a7a0 JavaThread "Notification Thread" daemon [_thread_blocked, id=10024, stack(0x000000ca59900000,0x000000ca59a00000)]
  0x000002beb986ecb0 JavaThread "Common-Cleaner" daemon [_thread_blocked, id=10516, stack(0x000000ca59b00000,0x000000ca59c00000)]
  0x000002beba151700 JavaThread "pool-1-thread-1" [_thread_blocked, id=14272, stack(0x000000ca5a000000,0x000000ca5a100000)]
  0x000002beba2a7840 JavaThread "DisconnectableInputStream source reader" daemon [_thread_in_native, id=7520, stack(0x000000ca5a100000,0x000000ca5a200000)]
  0x000002beba514330 JavaThread "Forward input" [_thread_blocked, id=5680, stack(0x000000ca5a200000,0x000000ca5a300000)]

Other Threads:
  0x000002be9f1edb10 VMThread "VM Thread" [stack: 0x000000ca58f00000,0x000000ca59000000] [id=1748]
  0x000002beb9878780 WatcherThread [stack: 0x000000ca59a00000,0x000000ca59b00000] [id=11844]
  0x000002be9f17ceb0 GCTaskThread "GC Thread#0" [stack: 0x000000ca58a00000,0x000000ca58b00000] [id=10364]
  0x000002beb9c33e30 GCTaskThread "GC Thread#1" [stack: 0x000000ca59d00000,0x000000ca59e00000] [id=4344]
  0x000002beb9ca5080 GCTaskThread "GC Thread#2" [stack: 0x000000ca59e00000,0x000000ca59f00000] [id=11212]
  0x000002beb9c82350 GCTaskThread "GC Thread#3" [stack: 0x000000ca59f00000,0x000000ca5a000000] [id=2944]
  0x000002be9f17e5f0 ConcurrentGCThread "G1 Main Marker" [stack: 0x000000ca58b00000,0x000000ca58c00000] [id=3100]
  0x000002be9f180170 ConcurrentGCThread "G1 Conc#0" [stack: 0x000000ca58c00000,0x000000ca58d00000] [id=6120]
  0x000002be9f1d15b0 ConcurrentGCThread "G1 Refine#0" [stack: 0x000000ca58d00000,0x000000ca58e00000] [id=12356]
  0x000002be9f1d1ed0 ConcurrentGCThread "G1 Service" [stack: 0x000000ca58e00000,0x000000ca58f00000] [id=14224]

Threads with active compile tasks:
C1 CompilerThread0   193036 1579   !   3       sun.nio.cs.DoubleByte$Encoder::encodeArrayLoop (460 bytes)

VM state: not at safepoint (normal execution)

VM Mutex/Monitor currently owned by a thread: None

Heap address: 0x00000000fc000000, size: 64 MB, Compressed Oops mode: 32-bit

CDS archive(s) mapped at: [0x0000000800000000-0x0000000800bd0000-0x0000000800bd0000), size 12386304, SharedBaseAddress: 0x0000000800000000, ArchiveRelocationMode: 0.
Compressed class space mapped at: 0x0000000800c00000-0x0000000840c00000, reserved size: 1073741824
Narrow klass base: 0x0000000800000000, Narrow klass shift: 0, Narrow klass range: 0x100000000

GC Precious Log:
 CPUs: 4 total, 4 available
 Memory: 7834M
 Large Page Support: Disabled
 NUMA Support: Disabled
 Compressed Oops: Enabled (32-bit)
 Heap Region Size: 1M
 Heap Min Capacity: 64M
 Heap Initial Capacity: 64M
 Heap Max Capacity: 64M
 Pre-touch: Disabled
 Parallel Workers: 4
 Concurrent Workers: 1
 Concurrent Refinement Workers: 4
 Periodic GC: Disabled

Heap:
 garbage-first heap   total 65536K, used 22429K [0x00000000fc000000, 0x0000000100000000)
  region size 1024K, 16 young (16384K), 3 survivors (3072K)
 Metaspace       used 8811K, committed 9024K, reserved 1056768K
  class space    used 1175K, committed 1280K, reserved 1048576K

Heap Regions: E=young(eden), S=young(survivor), O=old, HS=humongous(starts), HC=humongous(continues), CS=collection set, F=free, OA=open archive, CA=closed archive, TAMS=top-at-mark-start (previous, next)
|   0|0x00000000fc000000, 0x00000000fc100000, 0x00000000fc100000|100%|HS|  |TAMS 0x00000000fc000000, 0x00000000fc000000| Complete 
|   1|0x00000000fc100000, 0x00000000fc200000, 0x00000000fc200000|100%|HC|  |TAMS 0x00000000fc100000, 0x00000000fc100000| Complete 
|   2|0x00000000fc200000, 0x00000000fc300000, 0x00000000fc300000|100%|HC|  |TAMS 0x00000000fc200000, 0x00000000fc200000| Complete 
|   3|0x00000000fc300000, 0x00000000fc400000, 0x00000000fc400000|100%| O|  |TAMS 0x00000000fc300000, 0x00000000fc300000| Untracked 
|   4|0x00000000fc400000, 0x00000000fc500000, 0x00000000fc500000|100%| O|  |TAMS 0x00000000fc400000, 0x00000000fc400000| Untracked 
|   5|0x00000000fc500000, 0x00000000fc600000, 0x00000000fc600000|100%| O|  |TAMS 0x00000000fc500000, 0x00000000fc500000| Untracked 
|   6|0x00000000fc600000, 0x00000000fc6e7600, 0x00000000fc700000| 90%| O|  |TAMS 0x00000000fc600000, 0x00000000fc600000| Untracked 
|   7|0x00000000fc700000, 0x00000000fc700000, 0x00000000fc800000|  0%| F|  |TAMS 0x00000000fc700000, 0x00000000fc700000| Untracked 
|   8|0x00000000fc800000, 0x00000000fc800000, 0x00000000fc900000|  0%| F|  |TAMS 0x00000000fc800000, 0x00000000fc800000| Untracked 
|   9|0x00000000fc900000, 0x00000000fc900000, 0x00000000fca00000|  0%| F|  |TAMS 0x00000000fc900000, 0x00000000fc900000| Untracked 
|  10|0x00000000fca00000, 0x00000000fca00000, 0x00000000fcb00000|  0%| F|  |TAMS 0x00000000fca00000, 0x00000000fca00000| Untracked 
|  11|0x00000000fcb00000, 0x00000000fcb00000, 0x00000000fcc00000|  0%| F|  |TAMS 0x00000000fcb00000, 0x00000000fcb00000| Untracked 
|  12|0x00000000fcc00000, 0x00000000fcc00000, 0x00000000fcd00000|  0%| F|  |TAMS 0x00000000fcc00000, 0x00000000fcc00000| Untracked 
|  13|0x00000000fcd00000, 0x00000000fcd00000, 0x00000000fce00000|  0%| F|  |TAMS 0x00000000fcd00000, 0x00000000fcd00000| Untracked 
|  14|0x00000000fce00000, 0x00000000fce00000, 0x00000000fcf00000|  0%| F|  |TAMS 0x00000000fce00000, 0x00000000fce00000| Untracked 
|  15|0x00000000fcf00000, 0x00000000fcf00000, 0x00000000fd000000|  0%| F|  |TAMS 0x00000000fcf00000, 0x00000000fcf00000| Untracked 
|  16|0x00000000fd000000, 0x00000000fd000000, 0x00000000fd100000|  0%| F|  |TAMS 0x00000000fd000000, 0x00000000fd000000| Untracked 
|  17|0x00000000fd100000, 0x00000000fd100000, 0x00000000fd200000|  0%| F|  |TAMS 0x00000000fd100000, 0x00000000fd100000| Untracked 
|  18|0x00000000fd200000, 0x00000000fd200000, 0x00000000fd300000|  0%| F|  |TAMS 0x00000000fd200000, 0x00000000fd200000| Untracked 
|  19|0x00000000fd300000, 0x00000000fd300000, 0x00000000fd400000|  0%| F|  |TAMS 0x00000000fd300000, 0x00000000fd300000| Untracked 
|  20|0x00000000fd400000, 0x00000000fd400000, 0x00000000fd500000|  0%| F|  |TAMS 0x00000000fd400000, 0x00000000fd400000| Untracked 
|  21|0x00000000fd500000, 0x00000000fd500000, 0x00000000fd600000|  0%| F|  |TAMS 0x00000000fd500000, 0x00000000fd500000| Untracked 
|  22|0x00000000fd600000, 0x00000000fd600000, 0x00000000fd700000|  0%| F|  |TAMS 0x00000000fd600000, 0x00000000fd600000| Untracked 
|  23|0x00000000fd700000, 0x00000000fd700000, 0x00000000fd800000|  0%| F|  |TAMS 0x00000000fd700000, 0x00000000fd700000| Untracked 
|  24|0x00000000fd800000, 0x00000000fd800000, 0x00000000fd900000|  0%| F|  |TAMS 0x00000000fd800000, 0x00000000fd800000| Untracked 
|  25|0x00000000fd900000, 0x00000000fd900000, 0x00000000fda00000|  0%| F|  |TAMS 0x00000000fd900000, 0x00000000fd900000| Untracked 
|  26|0x00000000fda00000, 0x00000000fda00000, 0x00000000fdb00000|  0%| F|  |TAMS 0x00000000fda00000, 0x00000000fda00000| Untracked 
|  27|0x00000000fdb00000, 0x00000000fdb00000, 0x00000000fdc00000|  0%| F|  |TAMS 0x00000000fdb00000, 0x00000000fdb00000| Untracked 
|  28|0x00000000fdc00000, 0x00000000fdc00000, 0x00000000fdd00000|  0%| F|  |TAMS 0x00000000fdc00000, 0x00000000fdc00000| Untracked 
|  29|0x00000000fdd00000, 0x00000000fdd00000, 0x00000000fde00000|  0%| F|  |TAMS 0x00000000fdd00000, 0x00000000fdd00000| Untracked 
|  30|0x00000000fde00000, 0x00000000fde00000, 0x00000000fdf00000|  0%| F|  |TAMS 0x00000000fde00000, 0x00000000fde00000| Untracked 
|  31|0x00000000fdf00000, 0x00000000fdf00000, 0x00000000fe000000|  0%| F|  |TAMS 0x00000000fdf00000, 0x00000000fdf00000| Untracked 
|  32|0x00000000fe000000, 0x00000000fe000000, 0x00000000fe100000|  0%| F|  |TAMS 0x00000000fe000000, 0x00000000fe000000| Untracked 
|  33|0x00000000fe100000, 0x00000000fe100000, 0x00000000fe200000|  0%| F|  |TAMS 0x00000000fe100000, 0x00000000fe100000| Untracked 
|  34|0x00000000fe200000, 0x00000000fe200000, 0x00000000fe300000|  0%| F|  |TAMS 0x00000000fe200000, 0x00000000fe200000| Untracked 
|  35|0x00000000fe300000, 0x00000000fe300000, 0x00000000fe400000|  0%| F|  |TAMS 0x00000000fe300000, 0x00000000fe300000| Untracked 
|  36|0x00000000fe400000, 0x00000000fe400000, 0x00000000fe500000|  0%| F|  |TAMS 0x00000000fe400000, 0x00000000fe400000| Untracked 
|  37|0x00000000fe500000, 0x00000000fe500000, 0x00000000fe600000|  0%| F|  |TAMS 0x00000000fe500000, 0x00000000fe500000| Untracked 
|  38|0x00000000fe600000, 0x00000000fe600000, 0x00000000fe700000|  0%| F|  |TAMS 0x00000000fe600000, 0x00000000fe600000| Untracked 
|  39|0x00000000fe700000, 0x00000000fe700000, 0x00000000fe800000|  0%| F|  |TAMS 0x00000000fe700000, 0x00000000fe700000| Untracked 
|  40|0x00000000fe800000, 0x00000000fe800000, 0x00000000fe900000|  0%| F|  |TAMS 0x00000000fe800000, 0x00000000fe800000| Untracked 
|  41|0x00000000fe900000, 0x00000000fe900000, 0x00000000fea00000|  0%| F|  |TAMS 0x00000000fe900000, 0x00000000fe900000| Untracked 
|  42|0x00000000fea00000, 0x00000000fea00000, 0x00000000feb00000|  0%| F|  |TAMS 0x00000000fea00000, 0x00000000fea00000| Untracked 
|  43|0x00000000feb00000, 0x00000000feb00000, 0x00000000fec00000|  0%| F|  |TAMS 0x00000000feb00000, 0x00000000feb00000| Untracked 
|  44|0x00000000fec00000, 0x00000000fed00000, 0x00000000fed00000|100%| S|CS|TAMS 0x00000000fec00000, 0x00000000fec00000| Complete 
|  45|0x00000000fed00000, 0x00000000fee00000, 0x00000000fee00000|100%| S|CS|TAMS 0x00000000fed00000, 0x00000000fed00000| Complete 
|  46|0x00000000fee00000, 0x00000000fef00000, 0x00000000fef00000|100%| S|CS|TAMS 0x00000000fee00000, 0x00000000fee00000| Complete 
|  47|0x00000000fef00000, 0x00000000fef00000, 0x00000000ff000000|  0%| F|  |TAMS 0x00000000fef00000, 0x00000000fef00000| Untracked 
|  48|0x00000000ff000000, 0x00000000ff000000, 0x00000000ff100000|  0%| F|  |TAMS 0x00000000ff000000, 0x00000000ff000000| Untracked 
|  49|0x00000000ff100000, 0x00000000ff100000, 0x00000000ff200000|  0%| F|  |TAMS 0x00000000ff100000, 0x00000000ff100000| Untracked 
|  50|0x00000000ff200000, 0x00000000ff200000, 0x00000000ff300000|  0%| F|  |TAMS 0x00000000ff200000, 0x00000000ff200000| Untracked 
|  51|0x00000000ff300000, 0x00000000ff33b638, 0x00000000ff400000| 23%| E|  |TAMS 0x00000000ff300000, 0x00000000ff300000| Complete 
|  52|0x00000000ff400000, 0x00000000ff500000, 0x00000000ff500000|100%| E|CS|TAMS 0x00000000ff400000, 0x00000000ff400000| Complete 
|  53|0x00000000ff500000, 0x00000000ff600000, 0x00000000ff600000|100%| E|CS|TAMS 0x00000000ff500000, 0x00000000ff500000| Complete 
|  54|0x00000000ff600000, 0x00000000ff700000, 0x00000000ff700000|100%| E|CS|TAMS 0x00000000ff600000, 0x00000000ff600000| Complete 
|  55|0x00000000ff700000, 0x00000000ff800000, 0x00000000ff800000|100%| E|CS|TAMS 0x00000000ff700000, 0x00000000ff700000| Complete 
|  56|0x00000000ff800000, 0x00000000ff900000, 0x00000000ff900000|100%| E|CS|TAMS 0x00000000ff800000, 0x00000000ff800000| Complete 
|  57|0x00000000ff900000, 0x00000000ffa00000, 0x00000000ffa00000|100%| E|CS|TAMS 0x00000000ff900000, 0x00000000ff900000| Complete 
|  58|0x00000000ffa00000, 0x00000000ffb00000, 0x00000000ffb00000|100%| E|CS|TAMS 0x00000000ffa00000, 0x00000000ffa00000| Complete 
|  59|0x00000000ffb00000, 0x00000000ffc00000, 0x00000000ffc00000|100%| E|CS|TAMS 0x00000000ffb00000, 0x00000000ffb00000| Complete 
|  60|0x00000000ffc00000, 0x00000000ffd00000, 0x00000000ffd00000|100%| E|CS|TAMS 0x00000000ffc00000, 0x00000000ffc00000| Complete 
|  61|0x00000000ffd00000, 0x00000000ffe00000, 0x00000000ffe00000|100%| E|CS|TAMS 0x00000000ffd00000, 0x00000000ffd00000| Complete 
|  62|0x00000000ffe00000, 0x00000000fff00000, 0x00000000fff00000|100%| E|CS|TAMS 0x00000000ffe00000, 0x00000000ffe00000| Complete 
|  63|0x00000000fff00000, 0x0000000100000000, 0x0000000100000000|100%| E|CS|TAMS 0x00000000fff00000, 0x00000000fff00000| Complete 

Card table byte_map: [0x000002be9f270000,0x000002be9f290000] _byte_map_base: 0x000002be9ea90000

Marking Bits (Prev, Next): (CMBitMap*) 0x000002be9f17d4c0, (CMBitMap*) 0x000002be9f17d500
 Prev Bits: [0x000002beb63b0000, 0x000002beb64b0000)
 Next Bits: [0x000002beb64b0000, 0x000002beb65b0000)

Polling page: 0x000002be9f210000

Metaspace:

Usage:
  Non-class:      7.46 MB used.
      Class:      1.15 MB used.
       Both:      8.61 MB used.

Virtual space:
  Non-class space:        8.00 MB reserved,       7.56 MB ( 95%) committed,  1 nodes.
      Class space:        1.00 GB reserved,       1.25 MB ( <1%) committed,  1 nodes.
             Both:        1.01 GB reserved,       8.81 MB ( <1%) committed. 

Chunk freelists:
   Non-Class:  176.00 KB
       Class:  2.64 MB
        Both:  2.81 MB

MaxMetaspaceSize: unlimited
CompressedClassSpaceSize: 1.00 GB
Initial GC threshold: 21.00 MB
Current GC threshold: 21.00 MB
CDS: on
MetaspaceReclaimPolicy: balanced
 - commit_granule_bytes: 65536.
 - commit_granule_words: 8192.
 - virtual_space_node_default_size: 1048576.
 - enlarge_chunks_in_place: 1.
 - new_chunks_are_fully_committed: 0.
 - uncommit_free_chunks: 1.
 - use_allocation_guard: 0.
 - handle_deallocations: 1.


Internal statistics:

num_allocs_failed_limit: 0.
num_arena_births: 78.
num_arena_deaths: 0.
num_vsnodes_births: 2.
num_vsnodes_deaths: 0.
num_space_committed: 141.
num_space_uncommitted: 0.
num_chunks_returned_to_freelist: 0.
num_chunks_taken_from_freelist: 301.
num_chunk_merges: 0.
num_chunk_splits: 208.
num_chunks_enlarged: 174.
num_purges: 0.
num_inconsistent_stats: 0.

CodeHeap 'non-profiled nmethods': size=120000Kb used=587Kb max_used=587Kb free=119413Kb
 bounds [0x000002beae860000, 0x000002beaead0000, 0x000002beb5d90000]
CodeHeap 'profiled nmethods': size=120000Kb used=2916Kb max_used=2916Kb free=117083Kb
 bounds [0x000002bea7330000, 0x000002bea7610000, 0x000002beae860000]
CodeHeap 'non-nmethods': size=5760Kb used=1184Kb max_used=1208Kb free=4575Kb
 bounds [0x000002bea6d90000, 0x000002bea7000000, 0x000002bea7330000]
 total_blobs=2042 nmethods=1575 adapters=380
 compilation: enabled
              stopped_count=0, restarted_count=0
 full_count=0

Compilation events (20 events):
Event: 188.032 Thread 0x000002beb8b46790 nmethod 1568 0x000002beae8f2010 code [0x000002beae8f2180, 0x000002beae8f21f8]
Event: 192.894 Thread 0x000002beb8b47600 1569       1       java.nio.DirectByteBuffer::base (2 bytes)
Event: 192.894 Thread 0x000002beb8b47600 nmethod 1569 0x000002beae8f2310 code [0x000002beae8f24a0, 0x000002beae8f2578]
Event: 192.895 Thread 0x000002beb8b47600 1570       1       java.nio.DirectByteBuffer::isReadOnly (2 bytes)
Event: 192.895 Thread 0x000002beb8b47600 nmethod 1570 0x000002beae8f2610 code [0x000002beae8f27a0, 0x000002beae8f2878]
Event: 192.895 Thread 0x000002beb8b47600 1571       3       org.gradle.internal.operations.OperationIdentifier::<init> (26 bytes)
Event: 192.895 Thread 0x000002beb8b47600 nmethod 1571 0x000002bea7605790 code [0x000002bea7605940, 0x000002bea7605bc8]
Event: 192.895 Thread 0x000002beb8b47600 1572   !   3       org.gradle.internal.serialize.kryo.KryoBackedDecoder::readSmallLong (16 bytes)
Event: 192.895 Thread 0x000002beb8b47600 nmethod 1572 0x000002bea7605d10 code [0x000002bea7605f20, 0x000002bea7606588]
Event: 192.895 Thread 0x000002beb8b47600 1573       3       com.esotericsoftware.kryo.io.Input::readLong (6 bytes)
Event: 192.895 Thread 0x000002beb8b47600 nmethod 1573 0x000002bea7606810 code [0x000002bea76069c0, 0x000002bea7606b08]
Event: 192.911 Thread 0x000002beb8b47600 1575       3       java.nio.channels.spi.AbstractSelector::isOpen (13 bytes)
Event: 192.911 Thread 0x000002beb8b47600 nmethod 1575 0x000002bea7606b90 code [0x000002bea7606d20, 0x000002bea7606e98]
Event: 192.911 Thread 0x000002beb8b47600 1576       3       org.gradle.internal.io.BufferCaster::cast (2 bytes)
Event: 192.911 Thread 0x000002beb8b47600 nmethod 1576 0x000002bea7606f10 code [0x000002bea76070a0, 0x000002bea7607198]
Event: 192.911 Thread 0x000002beb8b47600 1574       1       sun.nio.ch.SelectionKeyImpl::nioInterestOps (5 bytes)
Event: 192.911 Thread 0x000002beb8b47600 nmethod 1574 0x000002beae8f2910 code [0x000002beae8f2aa0, 0x000002beae8f2b78]
Event: 192.943 Thread 0x000002beb8b47600 1577   !   3       java.nio.charset.CharsetEncoder::encode (273 bytes)
Event: 192.945 Thread 0x000002beb8b47600 nmethod 1577 0x000002bea7607210 code [0x000002bea7607540, 0x000002bea7608af8]
Event: 192.945 Thread 0x000002beb8b47600 1579   !   3       sun.nio.cs.DoubleByte$Encoder::encodeArrayLoop (460 bytes)

GC Heap History (4 events):
Event: 0.462 GC heap before
{Heap before GC invocations=0 (full 0):
 garbage-first heap   total 65536K, used 15360K [0x00000000fc000000, 0x0000000100000000)
  region size 1024K, 13 young (13312K), 0 survivors (0K)
 Metaspace       used 1824K, committed 1984K, reserved 1056768K
  class space    used 170K, committed 256K, reserved 1048576K
}
Event: 0.465 GC heap after
{Heap after GC invocations=1 (full 0):
 garbage-first heap   total 65536K, used 3280K [0x00000000fc000000, 0x0000000100000000)
  region size 1024K, 2 young (2048K), 2 survivors (2048K)
 Metaspace       used 1824K, committed 1984K, reserved 1056768K
  class space    used 170K, committed 256K, reserved 1048576K
}
Event: 0.909 GC heap before
{Heap before GC invocations=1 (full 0):
 garbage-first heap   total 65536K, used 21712K [0x00000000fc000000, 0x0000000100000000)
  region size 1024K, 17 young (17408K), 2 survivors (2048K)
 Metaspace       used 5215K, committed 5440K, reserved 1056768K
  class space    used 706K, committed 832K, reserved 1048576K
}
Event: 0.912 GC heap after
{Heap after GC invocations=2 (full 0):
 garbage-first heap   total 65536K, used 10141K [0x00000000fc000000, 0x0000000100000000)
  region size 1024K, 3 young (3072K), 3 survivors (3072K)
 Metaspace       used 5215K, committed 5440K, reserved 1056768K
  class space    used 706K, committed 832K, reserved 1048576K
}

Deoptimization events (20 events):
Event: 2.335 Thread 0x000002beba151700 DEOPT PACKING pc=0x000002beae8d9818 sp=0x000000ca5a0fe640
Event: 2.335 Thread 0x000002beba151700 DEOPT UNPACKING pc=0x000002bea6de5ba3 sp=0x000000ca5a0fe520 mode 2
Event: 2.335 Thread 0x000002beba151700 Uncommon trap: trap_request=0xffffff45 fr.pc=0x000002beae8d80b8 relative=0x0000000000000418
Event: 2.335 Thread 0x000002beba151700 Uncommon trap: reason=unstable_if action=reinterpret pc=0x000002beae8d80b8 method=java.lang.AbstractStringBuilder.isLatin1()Z @ 10 c2
Event: 2.335 Thread 0x000002beba151700 DEOPT PACKING pc=0x000002beae8d80b8 sp=0x000000ca5a0fea00
Event: 2.335 Thread 0x000002beba151700 DEOPT UNPACKING pc=0x000002bea6de5ba3 sp=0x000000ca5a0fe980 mode 2
Event: 2.335 Thread 0x000002beba151700 Uncommon trap: trap_request=0xffffff45 fr.pc=0x000002beae87ae68 relative=0x00000000000002c8
Event: 2.335 Thread 0x000002beba151700 Uncommon trap: reason=unstable_if action=reinterpret pc=0x000002beae87ae68 method=java.lang.String.getChars(II[CI)V @ 23 c2
Event: 2.335 Thread 0x000002beba151700 DEOPT PACKING pc=0x000002beae87ae68 sp=0x000000ca5a0fe8b0
Event: 2.335 Thread 0x000002beba151700 DEOPT UNPACKING pc=0x000002bea6de5ba3 sp=0x000000ca5a0fe870 mode 2
Event: 2.335 Thread 0x000002beba151700 Uncommon trap: trap_request=0xffffff45 fr.pc=0x000002beae89dbf4 relative=0x0000000000000154
Event: 2.335 Thread 0x000002beba151700 Uncommon trap: reason=unstable_if action=reinterpret pc=0x000002beae89dbf4 method=java.lang.AbstractStringBuilder.putStringAt(ILjava/lang/String;II)V @ 8 c2
Event: 2.335 Thread 0x000002beba151700 DEOPT PACKING pc=0x000002beae89dbf4 sp=0x000000ca5a0fe5c0
Event: 2.335 Thread 0x000002beba151700 DEOPT UNPACKING pc=0x000002bea6de5ba3 sp=0x000000ca5a0fe508 mode 2
Event: 180.242 Thread 0x000002beba151700 Uncommon trap: trap_request=0xffffff45 fr.pc=0x000002beae8eeb64 relative=0x00000000000001a4
Event: 180.242 Thread 0x000002beba151700 Uncommon trap: reason=unstable_if action=reinterpret pc=0x000002beae8eeb64 method=org.gradle.internal.logging.console.DefaultRedrawableLabel.redraw(Lorg/gradle/internal/logging/console/AnsiContext;)V @ 95 c2
Event: 180.242 Thread 0x000002beba151700 DEOPT PACKING pc=0x000002beae8eeb64 sp=0x000000ca5a0fee80
Event: 180.242 Thread 0x000002beba151700 DEOPT UNPACKING pc=0x000002bea6de5ba3 sp=0x000000ca5a0fee30 mode 2
Event: 192.895 Thread 0x000002be9f15d390 DEOPT PACKING pc=0x000002bea75817fe sp=0x000000ca589fc240
Event: 192.895 Thread 0x000002be9f15d390 DEOPT UNPACKING pc=0x000002bea6de66e3 sp=0x000000ca589fb6b0 mode 0

Classes unloaded (0 events):
No events

Classes redefined (0 events):
No events

Internal exceptions (18 events):
Event: 0.194 Thread 0x000002be9f15d390 Exception <a 'java/lang/NoSuchMethodError'{0x00000000ffca4cb8}: 'int java.lang.invoke.DirectMethodHandle$Holder.invokeStaticInit(java.lang.Object, java.lang.Object)'> (0x00000000ffca4cb8) 
thrown [s\open\src\hotspot\share\interpreter\linkResolver.cpp, line 759]
Event: 0.675 Thread 0x000002be9f15d390 Exception <a 'java/lang/NoSuchMethodError'{0x00000000ff890548}: 'void java.lang.invoke.DirectMethodHandle$Holder.invokeStatic(java.lang.Object, java.lang.Object)'> (0x00000000ff890548) 
thrown [s\open\src\hotspot\share\interpreter\linkResolver.cpp, line 759]
Event: 0.708 Thread 0x000002be9f15d390 Exception <a 'java/lang/NoClassDefFoundError'{0x00000000ff712730}: org/slf4j/impl/StaticMarkerBinder> (0x00000000ff712730) 
thrown [s\open\src\hotspot\share\classfile\systemDictionary.cpp, line 245]
Event: 0.726 Thread 0x000002be9f15d390 Exception <a 'java/lang/NoSuchMethodError'{0x00000000ff7ad368}: 'java.lang.Object java.lang.invoke.DirectMethodHandle$Holder.invokeVirtual(java.lang.Object, java.lang.Object, java.lang.Object, java.lang.Object, java.lang.Object, java.lang.Object, java.lang.Object)'> (0x00000000ff7ad368) 
thrown [s\open\src\hotspot\share\interpreter\linkResolver.cpp, line 759]
Event: 0.729 Thread 0x000002be9f15d390 Exception <a 'java/lang/NoSuchMethodError'{0x00000000ff7be8e0}: 'java.lang.Object java.lang.invoke.Invokers$Holder.invoker(java.lang.Object, java.lang.Object, java.lang.Object)'> (0x00000000ff7be8e0) 
thrown [s\open\src\hotspot\share\interpreter\linkResolver.cpp, line 759]
Event: 0.731 Thread 0x000002be9f15d390 Exception <a 'java/lang/NoSuchMethodError'{0x00000000ff7c7a38}: 'java.lang.Object java.lang.invoke.DirectMethodHandle$Holder.invokeStatic(java.lang.Object, java.lang.Object, int)'> (0x00000000ff7c7a38) 
thrown [s\open\src\hotspot\share\interpreter\linkResolver.cpp, line 759]
Event: 0.734 Thread 0x000002be9f15d390 Exception <a 'java/lang/NoSuchMethodError'{0x00000000ff7d3728}: 'void java.lang.invoke.DelegatingMethodHandle$Holder.delegate(java.lang.Object, java.lang.Object, int, java.lang.Object)'> (0x00000000ff7d3728) 
thrown [s\open\src\hotspot\share\interpreter\linkResolver.cpp, line 759]
Event: 0.734 Thread 0x000002be9f15d390 Exception <a 'java/lang/NoSuchMethodError'{0x00000000ff7d7870}: 'int java.lang.invoke.DirectMethodHandle$Holder.invokeSpecial(java.lang.Object, java.lang.Object, java.lang.Object)'> (0x00000000ff7d7870) 
thrown [s\open\src\hotspot\share\interpreter\linkResolver.cpp, line 759]
Event: 0.740 Thread 0x000002be9f15d390 Exception <a 'java/lang/NoSuchMethodError'{0x00000000ff7eac38}: 'java.lang.Object java.lang.invoke.Invokers$Holder.invokeExact_MT(java.lang.Object, java.lang.Object, java.lang.Object, java.lang.Object)'> (0x00000000ff7eac38) 
thrown [s\open\src\hotspot\share\interpreter\linkResolver.cpp, line 759]
Event: 0.884 Thread 0x000002be9f15d390 Exception <a 'java/lang/NoSuchMethodError'{0x00000000ff0b0a58}: 'java.lang.Object java.lang.invoke.DirectMethodHandle$Holder.invokeInterface(java.lang.Object, java.lang.Object, java.lang.Object)'> (0x00000000ff0b0a58) 
thrown [s\open\src\hotspot\share\interpreter\linkResolver.cpp, line 759]
Event: 0.896 Thread 0x000002be9f15d390 Implicit null exception at 0x000002beae8a8313 to 0x000002beae8a874c
Event: 0.896 Thread 0x000002be9f15d390 Implicit null exception at 0x000002beae8a1991 to 0x000002beae8a1dbc
Event: 0.919 Thread 0x000002be9f15d390 Exception <a 'java/lang/NoSuchMethodError'{0x00000000fff5d860}: 'java.lang.Object java.lang.invoke.DirectMethodHandle$Holder.invokeStaticInit(java.lang.Object)'> (0x00000000fff5d860) 
thrown [s\open\src\hotspot\share\interpreter\linkResolver.cpp, line 759]
Event: 1.000 Thread 0x000002be9f15d390 Exception <a 'java/lang/NoSuchMethodError'{0x00000000ffa20360}: 'java.lang.Object java.lang.invoke.DirectMethodHandle$Holder.invokeStaticInit(java.lang.Object, int, int, int, int)'> (0x00000000ffa20360) 
thrown [s\open\src\hotspot\share\interpreter\linkResolver.cpp, line 759]
Event: 1.058 Thread 0x000002be9f15d390 Exception <a 'java/lang/NoSuchMethodError'{0x00000000ffa56118}: 'java.lang.Object java.lang.invoke.DirectMethodHandle$Holder.invokeStaticInit(java.lang.Object, java.lang.Object, int, int, int, int)'> (0x00000000ffa56118) 
thrown [s\open\src\hotspot\share\interpreter\linkResolver.cpp, line 759]
Event: 1.249 Thread 0x000002be9f15d390 Exception <a 'java/lang/NoSuchMethodError'{0x00000000ffa82908}: 'void java.lang.invoke.DirectMethodHandle$Holder.invokeStatic(java.lang.Object, java.lang.Object, java.lang.Object)'> (0x00000000ffa82908) 
thrown [s\open\src\hotspot\share\interpreter\linkResolver.cpp, line 759]
Event: 1.264 Thread 0x000002be9f15d390 Implicit null exception at 0x000002beae89c9f2 to 0x000002beae89d034
Event: 1.265 Thread 0x000002be9f15d390 Implicit null exception at 0x000002beae89bd72 to 0x000002beae89c3cc

VM Operations (20 events):
Event: 117.181 Executing VM operation: Cleanup
Event: 117.181 Executing VM operation: Cleanup done
Event: 118.182 Executing VM operation: Cleanup
Event: 118.182 Executing VM operation: Cleanup done
Event: 121.195 Executing VM operation: Cleanup
Event: 121.196 Executing VM operation: Cleanup done
Event: 132.246 Executing VM operation: Cleanup
Event: 132.247 Executing VM operation: Cleanup done
Event: 136.260 Executing VM operation: Cleanup
Event: 136.260 Executing VM operation: Cleanup done
Event: 149.324 Executing VM operation: Cleanup
Event: 149.324 Executing VM operation: Cleanup done
Event: 172.444 Executing VM operation: Cleanup
Event: 172.444 Executing VM operation: Cleanup done
Event: 175.460 Executing VM operation: Cleanup
Event: 175.460 Executing VM operation: Cleanup done
Event: 180.508 Executing VM operation: Cleanup
Event: 180.508 Executing VM operation: Cleanup done
Event: 183.546 Executing VM operation: Cleanup
Event: 183.546 Executing VM operation: Cleanup done

Events (20 events):
Event: 1.520 loading class jdk/internal/logger/LoggerFinderLoader
Event: 1.520 loading class jdk/internal/logger/LoggerFinderLoader done
Event: 1.521 loading class sun/util/logging/internal/LoggingProviderImpl$JULWrapper
Event: 1.521 loading class sun/util/logging/PlatformLogger$ConfigurableBridge$LoggerConfiguration
Event: 1.521 loading class sun/util/logging/PlatformLogger$ConfigurableBridge$LoggerConfiguration done
Event: 1.521 loading class sun/util/logging/internal/LoggingProviderImpl$JULWrapper done
Event: 1.521 loading class java/io/ObjectInputFilter
Event: 1.521 loading class java/io/ObjectInputFilter done
Event: 1.522 loading class java/io/ObjectInputFilter$Config$BuiltinFilterFactory
Event: 1.522 loading class java/io/ObjectInputFilter$Config$BuiltinFilterFactory done
Event: 1.522 loading class jdk/internal/access/JavaObjectInputFilterAccess
Event: 1.522 loading class jdk/internal/access/JavaObjectInputFilterAccess done
Event: 1.522 loading class java/lang/System$Logger$Level
Event: 1.522 loading class java/lang/System$Logger$Level done
Event: 1.523 loading class java/io/Bits
Event: 1.523 loading class java/io/Bits done
Event: 1.548 loading class java/util/ArrayList$ListItr
Event: 1.548 loading class java/util/ArrayList$ListItr done
Event: 1.549 loading class java/util/AbstractList$ListItr
Event: 1.549 loading class java/util/AbstractList$ListItr done


Dynamic libraries:
0x00007ff79d8c0000 - 0x00007ff79d8d0000 	C:\Program Files\Java\jdk-17.0.5\bin\java.exe
0x00007ff971eb0000 - 0x00007ff9720c4000 	C:\WINDOWS\SYSTEM32\ntdll.dll
0x00007ff971d90000 - 0x00007ff971e52000 	C:\WINDOWS\System32\KERNEL32.DLL
0x00007ff96ef10000 - 0x00007ff96f2b3000 	C:\WINDOWS\System32\KERNELBASE.dll
0x00007ff96f840000 - 0x00007ff96f951000 	C:\WINDOWS\System32\ucrtbase.dll
0x00007ff94ec00000 - 0x00007ff94ec18000 	C:\Program Files\Java\jdk-17.0.5\bin\jli.dll
0x00007ff971940000 - 0x00007ff9719ee000 	C:\WINDOWS\System32\ADVAPI32.dll
0x00007ff94ec20000 - 0x00007ff94ec3a000 	C:\Program Files\Java\jdk-17.0.5\bin\VCRUNTIME140.dll
0x00007ff971670000 - 0x00007ff971717000 	C:\WINDOWS\System32\msvcrt.dll
0x00007ff9715c0000 - 0x00007ff971664000 	C:\WINDOWS\System32\sechost.dll
0x00007ff970de0000 - 0x00007ff970ef7000 	C:\WINDOWS\System32\RPCRT4.dll
0x00007ff970500000 - 0x00007ff9706ab000 	C:\WINDOWS\System32\USER32.dll
0x00007ff96f4f0000 - 0x00007ff96f516000 	C:\WINDOWS\System32\win32u.dll
0x00007ff971720000 - 0x00007ff971749000 	C:\WINDOWS\System32\GDI32.dll
0x00007ff96f720000 - 0x00007ff96f838000 	C:\WINDOWS\System32\gdi32full.dll
0x00007ff9558a0000 - 0x00007ff955b2e000 	C:\WINDOWS\WinSxS\amd64_microsoft.windows.common-controls_6595b64144ccf1df_6.0.22621.1635_none_270f70857386168e\COMCTL32.dll
0x00007ff96f680000 - 0x00007ff96f71a000 	C:\WINDOWS\System32\msvcp_win.dll
0x00007ff96e940000 - 0x00007ff96e94a000 	C:\WINDOWS\SYSTEM32\VERSION.dll
0x00007ff971810000 - 0x00007ff971841000 	C:\WINDOWS\System32\IMM32.DLL
0x0000000051d60000 - 0x0000000051d6c000 	D:\360安全卫士\360Safe\safemon\SafeWrapper.dll
0x00007ff952120000 - 0x00007ff9521cc000 	D:\360安全卫士\360Safe\safemon\libzdtp64.dll
0x00007ff96fbe0000 - 0x00007ff9703da000 	C:\WINDOWS\System32\SHELL32.dll
0x00007ff9719f0000 - 0x00007ff971a4e000 	C:\WINDOWS\System32\SHLWAPI.dll
0x00007ff9543e0000 - 0x00007ff9543ec000 	C:\Program Files\Java\jdk-17.0.5\bin\vcruntime140_1.dll
0x00007ff94eb70000 - 0x00007ff94ebfd000 	C:\Program Files\Java\jdk-17.0.5\bin\msvcp140.dll
0x00007ff9118d0000 - 0x00007ff912492000 	C:\Program Files\Java\jdk-17.0.5\bin\server\jvm.dll
0x00007ff971310000 - 0x00007ff971318000 	C:\WINDOWS\System32\PSAPI.DLL
0x00007ff962ee0000 - 0x00007ff962f14000 	C:\WINDOWS\SYSTEM32\WINMM.dll
0x00007ff93bfd0000 - 0x00007ff93bfd9000 	C:\WINDOWS\SYSTEM32\WSOCK32.dll
0x00007ff970f00000 - 0x00007ff970f71000 	C:\WINDOWS\System32\WS2_32.dll
0x00007ff96de90000 - 0x00007ff96dea8000 	C:\WINDOWS\SYSTEM32\kernel.appcore.dll
0x00007ff952680000 - 0x00007ff95268a000 	C:\Program Files\Java\jdk-17.0.5\bin\jimage.dll
0x00007ff96c790000 - 0x00007ff96c9be000 	C:\WINDOWS\SYSTEM32\DBGHELP.DLL
0x00007ff970f80000 - 0x00007ff971309000 	C:\WINDOWS\System32\combase.dll
0x00007ff971860000 - 0x00007ff971937000 	C:\WINDOWS\System32\OLEAUT32.dll
0x00007ff93b9a0000 - 0x00007ff93b9d2000 	C:\WINDOWS\SYSTEM32\dbgcore.DLL
0x00007ff96f960000 - 0x00007ff96f9db000 	C:\WINDOWS\System32\bcryptPrimitives.dll
0x00007ff94c680000 - 0x00007ff94c6a5000 	C:\Program Files\Java\jdk-17.0.5\bin\java.dll
0x00007ff93b420000 - 0x00007ff93b4f6000 	C:\Program Files\Java\jdk-17.0.5\bin\jsvml.dll
0x00007ff96ce30000 - 0x00007ff96d6fe000 	C:\WINDOWS\SYSTEM32\windows.storage.dll
0x00007ff96ccf0000 - 0x00007ff96ce2e000 	C:\WINDOWS\SYSTEM32\wintypes.dll
0x00007ff96fae0000 - 0x00007ff96fbd1000 	C:\WINDOWS\System32\SHCORE.dll
0x00007ff96edd0000 - 0x00007ff96edf1000 	C:\WINDOWS\SYSTEM32\profapi.dll
0x00007ff94c660000 - 0x00007ff94c679000 	C:\Program Files\Java\jdk-17.0.5\bin\net.dll
0x00007ff964f90000 - 0x00007ff9650c7000 	C:\WINDOWS\SYSTEM32\WINHTTP.dll
0x00007ff96e300000 - 0x00007ff96e369000 	C:\WINDOWS\system32\mswsock.dll
0x00007ff94c640000 - 0x00007ff94c656000 	C:\Program Files\Java\jdk-17.0.5\bin\nio.dll
0x00007ff94c620000 - 0x00007ff94c638000 	C:\Program Files\Java\jdk-17.0.5\bin\zip.dll
0x00007ff951c50000 - 0x00007ff951c60000 	C:\Program Files\Java\jdk-17.0.5\bin\verify.dll
0x00007ff96b5a0000 - 0x00007ff96b5c7000 	C:\Users\HP\.gradle\native\e1d6ef7f7dcc3fd88c89a11ec53ec762bb8ba0a96d01ffa2cd45eb1d1d8dd5c5\windows-amd64\native-platform.dll
0x00007ff966fb0000 - 0x00007ff966fba000 	C:\Users\HP\.gradle\native\jansi\1.18\windows64\jansi.dll
0x00007ff94eb60000 - 0x00007ff94eb69000 	C:\Program Files\Java\jdk-17.0.5\bin\management.dll
0x00007ff94c610000 - 0x00007ff94c61b000 	C:\Program Files\Java\jdk-17.0.5\bin\management_ext.dll
0x00007ff96e540000 - 0x00007ff96e55b000 	C:\WINDOWS\SYSTEM32\CRYPTSP.dll
0x00007ff96de00000 - 0x00007ff96de35000 	C:\WINDOWS\system32\rsaenh.dll
0x00007ff96e3d0000 - 0x00007ff96e3f8000 	C:\WINDOWS\SYSTEM32\USERENV.dll
0x00007ff96e7d0000 - 0x00007ff96e7f8000 	C:\WINDOWS\SYSTEM32\bcrypt.dll
0x00007ff96e560000 - 0x00007ff96e56c000 	C:\WINDOWS\SYSTEM32\CRYPTBASE.dll
0x00007ff96d960000 - 0x00007ff96d98d000 	C:\WINDOWS\SYSTEM32\IPHLPAPI.DLL
0x00007ff971e60000 - 0x00007ff971e69000 	C:\WINDOWS\System32\NSI.dll
0x00007ff962f20000 - 0x00007ff962f39000 	C:\WINDOWS\SYSTEM32\dhcpcsvc6.DLL
0x00007ff962ec0000 - 0x00007ff962edf000 	C:\WINDOWS\SYSTEM32\dhcpcsvc.DLL
0x00007ff96d9d0000 - 0x00007ff96dac3000 	C:\WINDOWS\SYSTEM32\DNSAPI.dll
0x00007ff951da0000 - 0x00007ff951dae000 	C:\Program Files\Java\jdk-17.0.5\bin\sunmscapi.dll
0x00007ff96f2c0000 - 0x00007ff96f427000 	C:\WINDOWS\System32\CRYPT32.dll
0x00007ff96e7a0000 - 0x00007ff96e7ce000 	C:\WINDOWS\SYSTEM32\ncrypt.dll
0x00007ff96e760000 - 0x00007ff96e797000 	C:\WINDOWS\SYSTEM32\NTASN1.dll
0x00007ff951d90000 - 0x00007ff951d98000 	C:\WINDOWS\system32\wshunix.dll

dbghelp: loaded successfully - version: 4.0.5 - missing functions: none
symbol engine: initialized successfully - sym options: 0x614 - pdb path: .;C:\Program Files\Java\jdk-17.0.5\bin;C:\WINDOWS\SYSTEM32;C:\WINDOWS\WinSxS\amd64_microsoft.windows.common-controls_6595b64144ccf1df_6.0.22621.1635_none_270f70857386168e;D:\360安全卫士\360Safe\safemon;C:\Program Files\Java\jdk-17.0.5\bin\se;C:\Program Files\Java\jdk-17.0.5\bin\se;C:\Program Files\Java\jdk-17.0.5\bin\se;C:\Program Files\Java\jdk-17.0.5\bin\se;C:\Program Files\Java\jdk-17.0.5\bin\se;C:\Program Files\Java\jdk-17.0.5\bin\se;C:\Program Files\Java\jdk-17.0.5\bin\se;C:\Program Files\Java\jdk-17.0.5\bin\server;C:\Users\HP\.gradle\native\e1d6ef7f7dcc3fd88c89a11ec53ec762bb8ba0a96d01ffa2cd45eb1d1d8dd5c5\windows-a;C:\Users\HP\.gradle\native\e1d6ef7f7dcc3fd88c89a11ec53ec762bb8ba0a96d01ffa2cd45eb1d1d8dd5c5\windows-amd64;C:\Users\HP\.gradle\native\jansi\1.18\windo;C:\Users\HP\.gradle\native\jansi\1.18\windo;C:\Users\HP\.gradle\native\jansi\1.18\windo;C:\Users\HP\.gradle\native\jansi\1.18\windo;C:\Users\HP\.gradle\native\jansi\1.18\windo

VM Arguments:
jvm_args: -Xmx64m -Xms64m -Dorg.gradle.appname=gradlew 
java_command: org.gradle.wrapper.GradleWrapperMain desktop:debug
java_class_path (initial): D:\Star-Pixel-Dungeon\\gradle\wrapper\gradle-wrapper.jar
Launcher Type: SUN_STANDARD

[Global flags]
     intx CICompilerCount                          = 3                                         {product} {ergonomic}
     uint ConcGCThreads                            = 1                                         {product} {ergonomic}
     uint G1ConcRefinementThreads                  = 4                                         {product} {ergonomic}
   size_t G1HeapRegionSize                         = 1048576                                   {product} {ergonomic}
    uintx GCDrainStackTargetSize                   = 64                                        {product} {ergonomic}
   size_t InitialHeapSize                          = 67108864                                  {product} {command line}
   size_t MarkStackSize                            = 4194304                                   {product} {ergonomic}
   size_t MaxHeapSize                              = 67108864                                  {product} {command line}
   size_t MaxNewSize                               = 39845888                                  {product} {ergonomic}
   size_t MinHeapDeltaBytes                        = 1048576                                   {product} {ergonomic}
   size_t MinHeapSize                              = 67108864                                  {product} {command line}
    uintx NonNMethodCodeHeapSize                   = 5832780                                {pd product} {ergonomic}
    uintx NonProfiledCodeHeapSize                  = 122912730                              {pd product} {ergonomic}
    uintx ProfiledCodeHeapSize                     = 122912730                              {pd product} {ergonomic}
    uintx ReservedCodeCacheSize                    = 251658240                              {pd product} {ergonomic}
     bool SegmentedCodeCache                       = true                                      {product} {ergonomic}
   size_t SoftMaxHeapSize                          = 67108864                               {manageable} {ergonomic}
     bool UseCompressedClassPointers               = true                           {product lp64_product} {ergonomic}
     bool UseCompressedOops                        = true                           {product lp64_product} {ergonomic}
     bool UseG1GC                                  = true                                      {product} {ergonomic}
     bool UseLargePagesIndividualAllocation        = false                                  {pd product} {ergonomic}

Logging:
Log output configuration:
 #0: stdout all=warning uptime,level,tags
 #1: stderr all=off uptime,level,tags

Environment Variables:
JAVA_HOME=C:\Program Files\Java\jdk-17.0.5
CLASSPATH=D:\Star-Pixel-Dungeon\\gradle\wrapper\gradle-wrapper.jar
PATH=D:\VMware Workstation\bin\;C:\Program Files\Common Files\Oracle\Java\javapath;C:\Program Files\Java\jdk-17.0.5\bin;C:\Program Files\Java\jdk-17.0.5\jre\bin;C:\Program Files (x86)\Common Files\Oracle\Java\javapath;C:\ProgramData\Oracle\Java\javapath;C:\windows\system32;C:\windows;C:\windows\System32\Wbem;C:\windows\System32\WindowsPowerShell\v1.0\;C:\windows\System32\OpenSSH\;C:\Program Files (x86)\NVIDIA Corporation\PhysX\Common;C:\Program Files\dotnet\;D:\Steam;D:\PCL2;D:\Geph4;D:\Steam+;D:\TIM\Bin;C:\Git\cmd;C:\Git;D:\WeChat;C:\Program Files\Intel\Intel(R) Memory and Storage Tool\;C:\WINDOWS\system32;C:\WINDOWS;C:\WINDOWS\System32\Wbem;C:\WINDOWS\System32\WindowsPowerShell\v1.0\;C:\WINDOWS\System32\OpenSSH\;C:\Program Files (x86)\dotnet\;D:\VMware Workstation;D:\Android Studio\bin;D:\Honkai Impact 3\Games;D:\Honkai Impact 3;D:\金山打字通\11.9;C:\Users\HP\AppData\Local\Microsoft\WindowsApps;C:\Users\HP\AppData\Local\GitHubDesktop\bin;
USERNAME=HP
OS=Windows_NT
PROCESSOR_IDENTIFIER=Intel64 Family 6 Model 140 Stepping 1, GenuineIntel



---------------  S Y S T E M  ---------------

OS:
 Windows 11 , 64 bit Build 22621 (10.0.22621.1635)
OS uptime: 0 days 0:23 hours
Hyper-V role detected

CPU: total 4 (initial active 4) (2 cores per cpu, 2 threads per core) family 6 model 140 stepping 1 microcode 0xa6, cx8, cmov, fxsr, ht, mmx, 3dnowpref, sse, sse2, sse3, ssse3, sse4.1, sse4.2, popcnt, lzcnt, tsc, tscinvbit, avx, avx2, aes, erms, clmul, bmi1, bmi2, adx, avx512f, avx512dq, avx512cd, avx512bw, avx512vl, sha, fma, vzeroupper, avx512_vpopcntdq, avx512_vpclmulqdq, avx512_vaes, avx512_vnni, clflush, clflushopt, clwb, avx512_vbmi2, avx512_vbmi, hv

Memory: 4k page, system-wide physical 7834M (186M free)
TotalPageFile size 11930M (AvailPageFile size 0M)
current process WorkingSet (physical memory assigned to process): 81M, peak: 90M
current process commit charge ("private bytes"): 153M, peak: 162M

vm_info: Java HotSpot(TM) 64-Bit Server VM (17.0.5+9-LTS-191) for windows-amd64 JRE (17.0.5+9-LTS-191), built on Sep 13 2022 17:31:43 by "mach5one" with MS VC++ 16.8 / 16.9 (VS2019)

END.
