#
# There is insufficient memory for the Java Runtime Environment to continue.
# Native memory allocation (malloc) failed to allocate 1058656 bytes for Chunk::new
# Possible reasons:
#   The system is out of physical RAM or swap space
#   The process is running with CompressedOops enabled, and the Java Heap may be blocking the growth of the native heap
# Possible solutions:
#   Reduce memory load on the system
#   Increase physical memory or swap space
#   Check if swap backing store is full
#   Decrease Java heap size (-Xmx/-Xms)
#   Decrease number of Java threads
#   Decrease Java thread stack sizes (-Xss)
#   Set larger code cache with -XX:ReservedCodeCacheSize=
#   JVM is running with Unscaled Compressed Oops mode in which the Java heap is
#     placed in the first 4GB address space. The Java Heap base address is the
#     maximum limit for the native heap growth. Please use -XX:HeapBaseMinAddress
#     to set the Java Heap base and to place the Java Heap above 4GB virtual address.
# This output file may be truncated or incomplete.
#
#  Out of Memory Error (arena.cpp:189), pid=16416, tid=25060
#
# JRE version: Java(TM) SE Runtime Environment (17.0.5+9) (build 17.0.5+9-LTS-191)
# Java VM: Java HotSpot(TM) 64-Bit Server VM (17.0.5+9-LTS-191, mixed mode, sharing, tiered, compressed oops, compressed class ptrs, g1 gc, windows-amd64)
# No core dump will be written. Minidumps are not enabled by default on client versions of Windows
#

---------------  S U M M A R Y ------------

Command Line: --add-opens=java.base/java.util=ALL-UNNAMED --add-opens=java.base/java.lang=ALL-UNNAMED --add-opens=java.base/java.lang.invoke=ALL-UNNAMED --add-opens=java.base/java.util=ALL-UNNAMED --add-opens=java.prefs/java.util.prefs=ALL-UNNAMED --add-opens=java.prefs/java.util.prefs=ALL-UNNAMED --add-opens=java.base/java.nio.charset=ALL-UNNAMED --add-opens=java.base/java.net=ALL-UNNAMED --add-opens=java.base/java.util.concurrent.atomic=ALL-UNNAMED -Xmx1536M -Dfile.encoding=GBK -Duser.country=CN -Duser.language=zh -Duser.variant org.gradle.launcher.daemon.bootstrap.GradleDaemon 7.4

Host: 11th Gen Intel(R) Core(TM) i3-1115G4 @ 3.00GHz, 4 cores, 7G,  Windows 11 , 64 bit Build 22621 (10.0.22621.1485)
Time: Mon Apr 24 16:56:39 2023  Windows 11 , 64 bit Build 22621 (10.0.22621.1485) elapsed time: 3.454375 seconds (0d 0h 0m 3s)

---------------  T H R E A D  ---------------

Current thread (0x000002341a35e880):  JavaThread "C2 CompilerThread0" daemon [_thread_in_native, id=25060, stack(0x00000052cf700000,0x00000052cf800000)]


Current CompileTask:
C2:   3454 2047   !   4       java.lang.ClassLoader::loadClass (121 bytes)

Stack: [0x00000052cf700000,0x00000052cf800000]
Native frames: (J=compiled Java code, j=interpreted, Vv=VM code, C=native code)
V  [jvm.dll+0x672eea]
V  [jvm.dll+0x7d2a04]
V  [jvm.dll+0x7d41ae]
V  [jvm.dll+0x7d4813]
V  [jvm.dll+0x242c15]
V  [jvm.dll+0xaa57b]
V  [jvm.dll+0xaab0c]
V  [jvm.dll+0x2a997f]
V  [jvm.dll+0x57b307]
V  [jvm.dll+0x21de72]
V  [jvm.dll+0x21e24f]
V  [jvm.dll+0x217b15]
V  [jvm.dll+0x214fdb]
V  [jvm.dll+0x1a18ed]
V  [jvm.dll+0x22493a]
V  [jvm.dll+0x222aa5]
V  [jvm.dll+0x7885db]
V  [jvm.dll+0x782b4a]
V  [jvm.dll+0x671d75]
C  [ucrtbase.dll+0x29363]
C  [KERNEL32.DLL+0x1269d]
C  [ntdll.dll+0x5a9f8]


---------------  P R O C E S S  ---------------

Threads class SMR info:
_java_thread_list=0x000002341ca27210, length=25, elements={
0x000002347d270420, 0x000002341a32e9c0, 0x000002341a32f480, 0x000002341a354660,
0x000002341a354f20, 0x000002341a3557e0, 0x000002341a34a120, 0x000002341a35e880,
0x000002341a35ed90, 0x000002341a367e60, 0x000002341ad32f00, 0x000002341ad38c00,
0x000002341bced1a0, 0x000002341cbdf0b0, 0x000002341bce4ca0, 0x000002341b79a210,
0x000002341b79a6e0, 0x000002341bcfb460, 0x000002341b85bcb0, 0x000002341b8e3040,
0x000002341b8e3510, 0x000002341d1f06f0, 0x000002341d1f1a30, 0x000002341d1f1090,
0x000002341d1f23d0
}

Java Threads: ( => current thread )
  0x000002347d270420 JavaThread "main" [_thread_blocked, id=24644, stack(0x00000052cea00000,0x00000052ceb00000)]
  0x000002341a32e9c0 JavaThread "Reference Handler" daemon [_thread_blocked, id=18336, stack(0x00000052cf100000,0x00000052cf200000)]
  0x000002341a32f480 JavaThread "Finalizer" daemon [_thread_blocked, id=20836, stack(0x00000052cf200000,0x00000052cf300000)]
  0x000002341a354660 JavaThread "Signal Dispatcher" daemon [_thread_blocked, id=20520, stack(0x00000052cf300000,0x00000052cf400000)]
  0x000002341a354f20 JavaThread "Attach Listener" daemon [_thread_blocked, id=13236, stack(0x00000052cf400000,0x00000052cf500000)]
  0x000002341a3557e0 JavaThread "Service Thread" daemon [_thread_blocked, id=968, stack(0x00000052cf500000,0x00000052cf600000)]
  0x000002341a34a120 JavaThread "Monitor Deflation Thread" daemon [_thread_blocked, id=10292, stack(0x00000052cf600000,0x00000052cf700000)]
=>0x000002341a35e880 JavaThread "C2 CompilerThread0" daemon [_thread_in_native, id=25060, stack(0x00000052cf700000,0x00000052cf800000)]
  0x000002341a35ed90 JavaThread "C1 CompilerThread0" daemon [_thread_blocked, id=4076, stack(0x00000052cf800000,0x00000052cf900000)]
  0x000002341a367e60 JavaThread "Sweeper thread" daemon [_thread_blocked, id=3864, stack(0x00000052cf900000,0x00000052cfa00000)]
  0x000002341ad32f00 JavaThread "Common-Cleaner" daemon [_thread_blocked, id=19784, stack(0x00000052cfa00000,0x00000052cfb00000)]
  0x000002341ad38c00 JavaThread "Notification Thread" daemon [_thread_blocked, id=26132, stack(0x00000052cfb00000,0x00000052cfc00000)]
  0x000002341bced1a0 JavaThread "Daemon health stats" [_thread_blocked, id=17620, stack(0x00000052d0100000,0x00000052d0200000)]
  0x000002341cbdf0b0 JavaThread "Incoming local TCP Connector on port 52971" [_thread_in_native, id=5564, stack(0x00000052cfd00000,0x00000052cfe00000)]
  0x000002341bce4ca0 JavaThread "Daemon periodic checks" [_thread_blocked, id=13440, stack(0x00000052d0200000,0x00000052d0300000)]
  0x000002341b79a210 JavaThread "Daemon" [_thread_blocked, id=2496, stack(0x00000052d0300000,0x00000052d0400000)]
  0x000002341b79a6e0 JavaThread "Handler for socket connection from /127.0.0.1:52971 to /127.0.0.1:52972" [_thread_in_native, id=25160, stack(0x00000052d0400000,0x00000052d0500000)]
  0x000002341bcfb460 JavaThread "Cancel handler" [_thread_blocked, id=22424, stack(0x00000052d0500000,0x00000052d0600000)]
  0x000002341b85bcb0 JavaThread "Daemon worker" [_thread_in_Java, id=9872, stack(0x00000052d0600000,0x00000052d0700000)]
  0x000002341b8e3040 JavaThread "Asynchronous log dispatcher for DefaultDaemonConnection: socket connection from /127.0.0.1:52971 to /127.0.0.1:52972" [_thread_blocked, id=2728, stack(0x00000052d0800000,0x00000052d0900000)]
  0x000002341b8e3510 JavaThread "Stdin handler" [_thread_blocked, id=21496, stack(0x00000052d0900000,0x00000052d0a00000)]
  0x000002341d1f06f0 JavaThread "Daemon client event forwarder" [_thread_blocked, id=18792, stack(0x00000052d0a00000,0x00000052d0b00000)]
  0x000002341d1f1a30 JavaThread "Cache worker for journal cache (C:\Users\HP\.gradle\caches\journal-1)" [_thread_blocked, id=25448, stack(0x00000052d0700000,0x00000052d0800000)]
  0x000002341d1f1090 JavaThread "File lock request listener" [_thread_in_native, id=13396, stack(0x00000052d0b00000,0x00000052d0c00000)]
  0x000002341d1f23d0 JavaThread "Cache worker for file hash cache (C:\Users\HP\.gradle\caches\7.4\fileHashes)" [_thread_blocked, id=8944, stack(0x00000052d0c00000,0x00000052d0d00000)]

Other Threads:
  0x000002341a32a200 VMThread "VM Thread" [stack: 0x00000052cf000000,0x00000052cf100000] [id=13384]
  0x000002341ad390d0 WatcherThread [stack: 0x00000052cfc00000,0x00000052cfd00000] [id=8724]
  0x000002347d2bb4f0 GCTaskThread "GC Thread#0" [stack: 0x00000052ceb00000,0x00000052cec00000] [id=18036]
  0x000002341ad4bba0 GCTaskThread "GC Thread#1" [stack: 0x00000052cfe00000,0x00000052cff00000] [id=21668]
  0x000002341aeb16f0 GCTaskThread "GC Thread#2" [stack: 0x00000052cff00000,0x00000052d0000000] [id=5476]
  0x000002341b053a80 GCTaskThread "GC Thread#3" [stack: 0x00000052d0000000,0x00000052d0100000] [id=6252]
  0x000002347d2c81e0 ConcurrentGCThread "G1 Main Marker" [stack: 0x00000052cec00000,0x00000052ced00000] [id=3016]
  0x000002347d2c89a0 ConcurrentGCThread "G1 Conc#0" [stack: 0x00000052ced00000,0x00000052cee00000] [id=26476]
  0x000002347d3147e0 ConcurrentGCThread "G1 Refine#0" [stack: 0x00000052cee00000,0x00000052cef00000] [id=21740]
  0x000002341a1e20b0 ConcurrentGCThread "G1 Service" [stack: 0x00000052cef00000,0x00000052cf000000] [id=3160]

Threads with active compile tasks:
C2 CompilerThread0     3553 2047   !   4       java.lang.ClassLoader::loadClass (121 bytes)

VM state: not at safepoint (normal execution)

VM Mutex/Monitor currently owned by a thread: None

Heap address: 0x00000000a0000000, size: 1536 MB, Compressed Oops mode: 32-bit

CDS archive(s) mapped at: [0x0000000800000000-0x0000000800bd0000-0x0000000800bd0000), size 12386304, SharedBaseAddress: 0x0000000800000000, ArchiveRelocationMode: 0.
Compressed class space mapped at: 0x0000000800c00000-0x0000000840c00000, reserved size: 1073741824
Narrow klass base: 0x0000000800000000, Narrow klass shift: 0, Narrow klass range: 0x100000000

GC Precious Log:
 CPUs: 4 total, 4 available
 Memory: 7834M
 Large Page Support: Disabled
 NUMA Support: Disabled
 Compressed Oops: Enabled (32-bit)
 Heap Region Size: 1M
 Heap Min Capacity: 8M
 Heap Initial Capacity: 124M
 Heap Max Capacity: 1536M
 Pre-touch: Disabled
 Parallel Workers: 4
 Concurrent Workers: 1
 Concurrent Refinement Workers: 4
 Periodic GC: Disabled

Heap:
 garbage-first heap   total 126976K, used 68707K [0x00000000a0000000, 0x0000000100000000)
  region size 1024K, 58 young (59392K), 3 survivors (3072K)
 Metaspace       used 14641K, committed 14912K, reserved 1064960K
  class space    used 2093K, committed 2240K, reserved 1048576K

Heap Regions: E=young(eden), S=young(survivor), O=old, HS=humongous(starts), HC=humongous(continues), CS=collection set, F=free, OA=open archive, CA=closed archive, TAMS=top-at-mark-start (previous, next)
|   0|0x00000000a0000000, 0x00000000a0100000, 0x00000000a0100000|100%|HS|  |TAMS 0x00000000a0000000, 0x00000000a0000000| Complete 
|   1|0x00000000a0100000, 0x00000000a0200000, 0x00000000a0200000|100%|HC|  |TAMS 0x00000000a0100000, 0x00000000a0100000| Complete 
|   2|0x00000000a0200000, 0x00000000a0300000, 0x00000000a0300000|100%|HC|  |TAMS 0x00000000a0200000, 0x00000000a0200000| Complete 
|   3|0x00000000a0300000, 0x00000000a0400000, 0x00000000a0400000|100%| O|  |TAMS 0x00000000a0300000, 0x00000000a0300000| Untracked 
|   4|0x00000000a0400000, 0x00000000a0500000, 0x00000000a0500000|100%| O|  |TAMS 0x00000000a0400000, 0x00000000a0400000| Untracked 
|   5|0x00000000a0500000, 0x00000000a0600000, 0x00000000a0600000|100%| O|  |TAMS 0x00000000a0500000, 0x00000000a0500000| Untracked 
|   6|0x00000000a0600000, 0x00000000a0700000, 0x00000000a0700000|100%| O|  |TAMS 0x00000000a0600000, 0x00000000a0600000| Untracked 
|   7|0x00000000a0700000, 0x00000000a0700000, 0x00000000a0800000|  0%| F|  |TAMS 0x00000000a0700000, 0x00000000a0700000| Untracked 
|   8|0x00000000a0800000, 0x00000000a0900000, 0x00000000a0900000|100%| O|  |TAMS 0x00000000a0800000, 0x00000000a0800000| Untracked 
|   9|0x00000000a0900000, 0x00000000a0a00000, 0x00000000a0a00000|100%| O|  |TAMS 0x00000000a0900000, 0x00000000a0900000| Untracked 
|  10|0x00000000a0a00000, 0x00000000a0b00000, 0x00000000a0b00000|100%| O|  |TAMS 0x00000000a0a00000, 0x00000000a0a00000| Untracked 
|  11|0x00000000a0b00000, 0x00000000a0b18c00, 0x00000000a0c00000|  9%| O|  |TAMS 0x00000000a0b00000, 0x00000000a0b00000| Untracked 
|  12|0x00000000a0c00000, 0x00000000a0c00000, 0x00000000a0d00000|  0%| F|  |TAMS 0x00000000a0c00000, 0x00000000a0c00000| Untracked 
|  13|0x00000000a0d00000, 0x00000000a0d00000, 0x00000000a0e00000|  0%| F|  |TAMS 0x00000000a0d00000, 0x00000000a0d00000| Untracked 
|  14|0x00000000a0e00000, 0x00000000a0e00000, 0x00000000a0f00000|  0%| F|  |TAMS 0x00000000a0e00000, 0x00000000a0e00000| Untracked 
|  15|0x00000000a0f00000, 0x00000000a0f00000, 0x00000000a1000000|  0%| F|  |TAMS 0x00000000a0f00000, 0x00000000a0f00000| Untracked 
|  16|0x00000000a1000000, 0x00000000a1000000, 0x00000000a1100000|  0%| F|  |TAMS 0x00000000a1000000, 0x00000000a1000000| Untracked 
|  17|0x00000000a1100000, 0x00000000a1100000, 0x00000000a1200000|  0%| F|  |TAMS 0x00000000a1100000, 0x00000000a1100000| Untracked 
|  18|0x00000000a1200000, 0x00000000a1200000, 0x00000000a1300000|  0%| F|  |TAMS 0x00000000a1200000, 0x00000000a1200000| Untracked 
|  19|0x00000000a1300000, 0x00000000a1300000, 0x00000000a1400000|  0%| F|  |TAMS 0x00000000a1300000, 0x00000000a1300000| Untracked 
|  20|0x00000000a1400000, 0x00000000a1400000, 0x00000000a1500000|  0%| F|  |TAMS 0x00000000a1400000, 0x00000000a1400000| Untracked 
|  21|0x00000000a1500000, 0x00000000a1500000, 0x00000000a1600000|  0%| F|  |TAMS 0x00000000a1500000, 0x00000000a1500000| Untracked 
|  22|0x00000000a1600000, 0x00000000a1600000, 0x00000000a1700000|  0%| F|  |TAMS 0x00000000a1600000, 0x00000000a1600000| Untracked 
|  23|0x00000000a1700000, 0x00000000a1700000, 0x00000000a1800000|  0%| F|  |TAMS 0x00000000a1700000, 0x00000000a1700000| Untracked 
|  24|0x00000000a1800000, 0x00000000a1800000, 0x00000000a1900000|  0%| F|  |TAMS 0x00000000a1800000, 0x00000000a1800000| Untracked 
|  25|0x00000000a1900000, 0x00000000a1900000, 0x00000000a1a00000|  0%| F|  |TAMS 0x00000000a1900000, 0x00000000a1900000| Untracked 
|  26|0x00000000a1a00000, 0x00000000a1a00000, 0x00000000a1b00000|  0%| F|  |TAMS 0x00000000a1a00000, 0x00000000a1a00000| Untracked 
|  27|0x00000000a1b00000, 0x00000000a1b00000, 0x00000000a1c00000|  0%| F|  |TAMS 0x00000000a1b00000, 0x00000000a1b00000| Untracked 
|  28|0x00000000a1c00000, 0x00000000a1c00000, 0x00000000a1d00000|  0%| F|  |TAMS 0x00000000a1c00000, 0x00000000a1c00000| Untracked 
|  29|0x00000000a1d00000, 0x00000000a1d00000, 0x00000000a1e00000|  0%| F|  |TAMS 0x00000000a1d00000, 0x00000000a1d00000| Untracked 
|  30|0x00000000a1e00000, 0x00000000a1e00000, 0x00000000a1f00000|  0%| F|  |TAMS 0x00000000a1e00000, 0x00000000a1e00000| Untracked 
|  31|0x00000000a1f00000, 0x00000000a1f00000, 0x00000000a2000000|  0%| F|  |TAMS 0x00000000a1f00000, 0x00000000a1f00000| Untracked 
|  32|0x00000000a2000000, 0x00000000a2000000, 0x00000000a2100000|  0%| F|  |TAMS 0x00000000a2000000, 0x00000000a2000000| Untracked 
|  33|0x00000000a2100000, 0x00000000a2100000, 0x00000000a2200000|  0%| F|  |TAMS 0x00000000a2100000, 0x00000000a2100000| Untracked 
|  34|0x00000000a2200000, 0x00000000a2200000, 0x00000000a2300000|  0%| F|  |TAMS 0x00000000a2200000, 0x00000000a2200000| Untracked 
|  35|0x00000000a2300000, 0x00000000a2300000, 0x00000000a2400000|  0%| F|  |TAMS 0x00000000a2300000, 0x00000000a2300000| Untracked 
|  36|0x00000000a2400000, 0x00000000a2400000, 0x00000000a2500000|  0%| F|  |TAMS 0x00000000a2400000, 0x00000000a2400000| Untracked 
|  37|0x00000000a2500000, 0x00000000a2500000, 0x00000000a2600000|  0%| F|  |TAMS 0x00000000a2500000, 0x00000000a2500000| Untracked 
|  38|0x00000000a2600000, 0x00000000a2600000, 0x00000000a2700000|  0%| F|  |TAMS 0x00000000a2600000, 0x00000000a2600000| Untracked 
|  39|0x00000000a2700000, 0x00000000a2700000, 0x00000000a2800000|  0%| F|  |TAMS 0x00000000a2700000, 0x00000000a2700000| Untracked 
|  40|0x00000000a2800000, 0x00000000a2800000, 0x00000000a2900000|  0%| F|  |TAMS 0x00000000a2800000, 0x00000000a2800000| Untracked 
|  41|0x00000000a2900000, 0x00000000a2900000, 0x00000000a2a00000|  0%| F|  |TAMS 0x00000000a2900000, 0x00000000a2900000| Untracked 
|  42|0x00000000a2a00000, 0x00000000a2a00000, 0x00000000a2b00000|  0%| F|  |TAMS 0x00000000a2a00000, 0x00000000a2a00000| Untracked 
|  43|0x00000000a2b00000, 0x00000000a2b00000, 0x00000000a2c00000|  0%| F|  |TAMS 0x00000000a2b00000, 0x00000000a2b00000| Untracked 
|  44|0x00000000a2c00000, 0x00000000a2c00000, 0x00000000a2d00000|  0%| F|  |TAMS 0x00000000a2c00000, 0x00000000a2c00000| Untracked 
|  45|0x00000000a2d00000, 0x00000000a2d00000, 0x00000000a2e00000|  0%| F|  |TAMS 0x00000000a2d00000, 0x00000000a2d00000| Untracked 
|  46|0x00000000a2e00000, 0x00000000a2e00000, 0x00000000a2f00000|  0%| F|  |TAMS 0x00000000a2e00000, 0x00000000a2e00000| Untracked 
|  47|0x00000000a2f00000, 0x00000000a2f00000, 0x00000000a3000000|  0%| F|  |TAMS 0x00000000a2f00000, 0x00000000a2f00000| Untracked 
|  48|0x00000000a3000000, 0x00000000a3000000, 0x00000000a3100000|  0%| F|  |TAMS 0x00000000a3000000, 0x00000000a3000000| Untracked 
|  49|0x00000000a3100000, 0x00000000a3100000, 0x00000000a3200000|  0%| F|  |TAMS 0x00000000a3100000, 0x00000000a3100000| Untracked 
|  50|0x00000000a3200000, 0x00000000a3200000, 0x00000000a3300000|  0%| F|  |TAMS 0x00000000a3200000, 0x00000000a3200000| Untracked 
|  51|0x00000000a3300000, 0x00000000a3300000, 0x00000000a3400000|  0%| F|  |TAMS 0x00000000a3300000, 0x00000000a3300000| Untracked 
|  52|0x00000000a3400000, 0x00000000a3400000, 0x00000000a3500000|  0%| F|  |TAMS 0x00000000a3400000, 0x00000000a3400000| Untracked 
|  53|0x00000000a3500000, 0x00000000a3500000, 0x00000000a3600000|  0%| F|  |TAMS 0x00000000a3500000, 0x00000000a3500000| Untracked 
|  54|0x00000000a3600000, 0x00000000a3600000, 0x00000000a3700000|  0%| F|  |TAMS 0x00000000a3600000, 0x00000000a3600000| Untracked 
|  55|0x00000000a3700000, 0x00000000a3700000, 0x00000000a3800000|  0%| F|  |TAMS 0x00000000a3700000, 0x00000000a3700000| Untracked 
|  56|0x00000000a3800000, 0x00000000a3800000, 0x00000000a3900000|  0%| F|  |TAMS 0x00000000a3800000, 0x00000000a3800000| Untracked 
|  57|0x00000000a3900000, 0x00000000a3900000, 0x00000000a3a00000|  0%| F|  |TAMS 0x00000000a3900000, 0x00000000a3900000| Untracked 
|  58|0x00000000a3a00000, 0x00000000a3a00000, 0x00000000a3b00000|  0%| F|  |TAMS 0x00000000a3a00000, 0x00000000a3a00000| Untracked 
|  59|0x00000000a3b00000, 0x00000000a3b00000, 0x00000000a3c00000|  0%| F|  |TAMS 0x00000000a3b00000, 0x00000000a3b00000| Untracked 
|  60|0x00000000a3c00000, 0x00000000a3c00000, 0x00000000a3d00000|  0%| F|  |TAMS 0x00000000a3c00000, 0x00000000a3c00000| Untracked 
|  61|0x00000000a3d00000, 0x00000000a3d00000, 0x00000000a3e00000|  0%| F|  |TAMS 0x00000000a3d00000, 0x00000000a3d00000| Untracked 
|  62|0x00000000a3e00000, 0x00000000a3e00000, 0x00000000a3f00000|  0%| F|  |TAMS 0x00000000a3e00000, 0x00000000a3e00000| Untracked 
|  63|0x00000000a3f00000, 0x00000000a3f00000, 0x00000000a4000000|  0%| F|  |TAMS 0x00000000a3f00000, 0x00000000a3f00000| Untracked 
|  64|0x00000000a4000000, 0x00000000a4000000, 0x00000000a4100000|  0%| F|  |TAMS 0x00000000a4000000, 0x00000000a4000000| Untracked 
|  65|0x00000000a4100000, 0x00000000a4100000, 0x00000000a4200000|  0%| F|  |TAMS 0x00000000a4100000, 0x00000000a4100000| Untracked 
|  66|0x00000000a4200000, 0x00000000a4300000, 0x00000000a4300000|100%| E|  |TAMS 0x00000000a4200000, 0x00000000a4200000| Complete 
|  67|0x00000000a4300000, 0x00000000a4400000, 0x00000000a4400000|100%| E|CS|TAMS 0x00000000a4300000, 0x00000000a4300000| Complete 
|  68|0x00000000a4400000, 0x00000000a4500000, 0x00000000a4500000|100%| E|CS|TAMS 0x00000000a4400000, 0x00000000a4400000| Complete 
|  69|0x00000000a4500000, 0x00000000a4600000, 0x00000000a4600000|100%| E|CS|TAMS 0x00000000a4500000, 0x00000000a4500000| Complete 
|  70|0x00000000a4600000, 0x00000000a4700000, 0x00000000a4700000|100%| E|CS|TAMS 0x00000000a4600000, 0x00000000a4600000| Complete 
|  71|0x00000000a4700000, 0x00000000a4800000, 0x00000000a4800000|100%| E|CS|TAMS 0x00000000a4700000, 0x00000000a4700000| Complete 
|  72|0x00000000a4800000, 0x00000000a4900000, 0x00000000a4900000|100%| E|CS|TAMS 0x00000000a4800000, 0x00000000a4800000| Complete 
|  73|0x00000000a4900000, 0x00000000a4a00000, 0x00000000a4a00000|100%| E|CS|TAMS 0x00000000a4900000, 0x00000000a4900000| Complete 
|  74|0x00000000a4a00000, 0x00000000a4b00000, 0x00000000a4b00000|100%| E|CS|TAMS 0x00000000a4a00000, 0x00000000a4a00000| Complete 
|  75|0x00000000a4b00000, 0x00000000a4c00000, 0x00000000a4c00000|100%| E|CS|TAMS 0x00000000a4b00000, 0x00000000a4b00000| Complete 
|  76|0x00000000a4c00000, 0x00000000a4d00000, 0x00000000a4d00000|100%| E|CS|TAMS 0x00000000a4c00000, 0x00000000a4c00000| Complete 
|  77|0x00000000a4d00000, 0x00000000a4e00000, 0x00000000a4e00000|100%| E|CS|TAMS 0x00000000a4d00000, 0x00000000a4d00000| Complete 
|  78|0x00000000a4e00000, 0x00000000a4f00000, 0x00000000a4f00000|100%| E|CS|TAMS 0x00000000a4e00000, 0x00000000a4e00000| Complete 
|  79|0x00000000a4f00000, 0x00000000a5000000, 0x00000000a5000000|100%| E|CS|TAMS 0x00000000a4f00000, 0x00000000a4f00000| Complete 
|  80|0x00000000a5000000, 0x00000000a5100000, 0x00000000a5100000|100%| E|CS|TAMS 0x00000000a5000000, 0x00000000a5000000| Complete 
|  81|0x00000000a5100000, 0x00000000a5200000, 0x00000000a5200000|100%| E|CS|TAMS 0x00000000a5100000, 0x00000000a5100000| Complete 
|  82|0x00000000a5200000, 0x00000000a5300000, 0x00000000a5300000|100%| E|CS|TAMS 0x00000000a5200000, 0x00000000a5200000| Complete 
|  83|0x00000000a5300000, 0x00000000a5400000, 0x00000000a5400000|100%| E|CS|TAMS 0x00000000a5300000, 0x00000000a5300000| Complete 
|  84|0x00000000a5400000, 0x00000000a5500000, 0x00000000a5500000|100%| E|CS|TAMS 0x00000000a5400000, 0x00000000a5400000| Complete 
|  85|0x00000000a5500000, 0x00000000a5600000, 0x00000000a5600000|100%| E|CS|TAMS 0x00000000a5500000, 0x00000000a5500000| Complete 
|  86|0x00000000a5600000, 0x00000000a5700000, 0x00000000a5700000|100%| E|CS|TAMS 0x00000000a5600000, 0x00000000a5600000| Complete 
|  87|0x00000000a5700000, 0x00000000a5800000, 0x00000000a5800000|100%| E|CS|TAMS 0x00000000a5700000, 0x00000000a5700000| Complete 
|  88|0x00000000a5800000, 0x00000000a5900000, 0x00000000a5900000|100%| E|CS|TAMS 0x00000000a5800000, 0x00000000a5800000| Complete 
|  89|0x00000000a5900000, 0x00000000a5a00000, 0x00000000a5a00000|100%| E|CS|TAMS 0x00000000a5900000, 0x00000000a5900000| Complete 
|  90|0x00000000a5a00000, 0x00000000a5b00000, 0x00000000a5b00000|100%| E|CS|TAMS 0x00000000a5a00000, 0x00000000a5a00000| Complete 
|  91|0x00000000a5b00000, 0x00000000a5c00000, 0x00000000a5c00000|100%| E|CS|TAMS 0x00000000a5b00000, 0x00000000a5b00000| Complete 
|  92|0x00000000a5c00000, 0x00000000a5d00000, 0x00000000a5d00000|100%| E|CS|TAMS 0x00000000a5c00000, 0x00000000a5c00000| Complete 
|  93|0x00000000a5d00000, 0x00000000a5e00000, 0x00000000a5e00000|100%| E|CS|TAMS 0x00000000a5d00000, 0x00000000a5d00000| Complete 
|  94|0x00000000a5e00000, 0x00000000a5f00000, 0x00000000a5f00000|100%| E|CS|TAMS 0x00000000a5e00000, 0x00000000a5e00000| Complete 
|  95|0x00000000a5f00000, 0x00000000a6000000, 0x00000000a6000000|100%| E|CS|TAMS 0x00000000a5f00000, 0x00000000a5f00000| Complete 
|  96|0x00000000a6000000, 0x00000000a6100000, 0x00000000a6100000|100%| E|CS|TAMS 0x00000000a6000000, 0x00000000a6000000| Complete 
|  97|0x00000000a6100000, 0x00000000a6200000, 0x00000000a6200000|100%| S|CS|TAMS 0x00000000a6100000, 0x00000000a6100000| Complete 
|  98|0x00000000a6200000, 0x00000000a6300000, 0x00000000a6300000|100%| S|CS|TAMS 0x00000000a6200000, 0x00000000a6200000| Complete 
|  99|0x00000000a6300000, 0x00000000a6400000, 0x00000000a6400000|100%| S|CS|TAMS 0x00000000a6300000, 0x00000000a6300000| Complete 
| 100|0x00000000a6400000, 0x00000000a6500000, 0x00000000a6500000|100%| E|CS|TAMS 0x00000000a6400000, 0x00000000a6400000| Complete 
| 101|0x00000000a6500000, 0x00000000a6600000, 0x00000000a6600000|100%| E|CS|TAMS 0x00000000a6500000, 0x00000000a6500000| Complete 
| 102|0x00000000a6600000, 0x00000000a6700000, 0x00000000a6700000|100%| E|CS|TAMS 0x00000000a6600000, 0x00000000a6600000| Complete 
| 103|0x00000000a6700000, 0x00000000a6800000, 0x00000000a6800000|100%| E|CS|TAMS 0x00000000a6700000, 0x00000000a6700000| Complete 
| 104|0x00000000a6800000, 0x00000000a6900000, 0x00000000a6900000|100%| E|CS|TAMS 0x00000000a6800000, 0x00000000a6800000| Complete 
| 105|0x00000000a6900000, 0x00000000a6a00000, 0x00000000a6a00000|100%| E|CS|TAMS 0x00000000a6900000, 0x00000000a6900000| Complete 
| 106|0x00000000a6a00000, 0x00000000a6b00000, 0x00000000a6b00000|100%| E|CS|TAMS 0x00000000a6a00000, 0x00000000a6a00000| Complete 
| 107|0x00000000a6b00000, 0x00000000a6c00000, 0x00000000a6c00000|100%| E|CS|TAMS 0x00000000a6b00000, 0x00000000a6b00000| Complete 
| 108|0x00000000a6c00000, 0x00000000a6d00000, 0x00000000a6d00000|100%| E|CS|TAMS 0x00000000a6c00000, 0x00000000a6c00000| Complete 
| 109|0x00000000a6d00000, 0x00000000a6e00000, 0x00000000a6e00000|100%| E|CS|TAMS 0x00000000a6d00000, 0x00000000a6d00000| Complete 
| 110|0x00000000a6e00000, 0x00000000a6f00000, 0x00000000a6f00000|100%| E|CS|TAMS 0x00000000a6e00000, 0x00000000a6e00000| Complete 
| 111|0x00000000a6f00000, 0x00000000a7000000, 0x00000000a7000000|100%| E|CS|TAMS 0x00000000a6f00000, 0x00000000a6f00000| Complete 
| 112|0x00000000a7000000, 0x00000000a7100000, 0x00000000a7100000|100%| E|CS|TAMS 0x00000000a7000000, 0x00000000a7000000| Complete 
| 113|0x00000000a7100000, 0x00000000a7200000, 0x00000000a7200000|100%| E|CS|TAMS 0x00000000a7100000, 0x00000000a7100000| Complete 
| 114|0x00000000a7200000, 0x00000000a7300000, 0x00000000a7300000|100%| E|CS|TAMS 0x00000000a7200000, 0x00000000a7200000| Complete 
| 115|0x00000000a7300000, 0x00000000a7400000, 0x00000000a7400000|100%| E|CS|TAMS 0x00000000a7300000, 0x00000000a7300000| Complete 
| 116|0x00000000a7400000, 0x00000000a7500000, 0x00000000a7500000|100%| E|CS|TAMS 0x00000000a7400000, 0x00000000a7400000| Complete 
| 117|0x00000000a7500000, 0x00000000a7600000, 0x00000000a7600000|100%| E|CS|TAMS 0x00000000a7500000, 0x00000000a7500000| Complete 
| 118|0x00000000a7600000, 0x00000000a7700000, 0x00000000a7700000|100%| E|CS|TAMS 0x00000000a7600000, 0x00000000a7600000| Complete 
| 119|0x00000000a7700000, 0x00000000a7800000, 0x00000000a7800000|100%| E|CS|TAMS 0x00000000a7700000, 0x00000000a7700000| Complete 
| 120|0x00000000a7800000, 0x00000000a7900000, 0x00000000a7900000|100%| E|CS|TAMS 0x00000000a7800000, 0x00000000a7800000| Complete 
| 121|0x00000000a7900000, 0x00000000a7a00000, 0x00000000a7a00000|100%| E|CS|TAMS 0x00000000a7900000, 0x00000000a7900000| Complete 
| 122|0x00000000a7a00000, 0x00000000a7b00000, 0x00000000a7b00000|100%| E|CS|TAMS 0x00000000a7a00000, 0x00000000a7a00000| Complete 
| 123|0x00000000a7b00000, 0x00000000a7c00000, 0x00000000a7c00000|100%| E|CS|TAMS 0x00000000a7b00000, 0x00000000a7b00000| Complete 

Card table byte_map: [0x000002347df80000,0x000002347e280000] _byte_map_base: 0x000002347da80000

Marking Bits (Prev, Next): (CMBitMap*) 0x000002347d2bb8b0, (CMBitMap*) 0x000002347d2bb8f0
 Prev Bits: [0x000002347e580000, 0x000002347fd80000)
 Next Bits: [0x00000234167a0000, 0x0000023417fa0000)

Polling page: 0x000002347b9c0000

Metaspace:

Usage:
  Non-class:     12.28 MB used.
      Class:      2.05 MB used.
       Both:     14.33 MB used.

Virtual space:
  Non-class space:       16.00 MB reserved,      12.44 MB ( 78%) committed,  2 nodes.
      Class space:        1.00 GB reserved,       2.19 MB ( <1%) committed,  1 nodes.
             Both:        1.02 GB reserved,      14.62 MB (  1%) committed. 

Chunk freelists:
   Non-Class:  3.23 MB
       Class:  1.78 MB
        Both:  5.02 MB

MaxMetaspaceSize: unlimited
CompressedClassSpaceSize: 1.00 GB
Initial GC threshold: 21.00 MB
Current GC threshold: 21.00 MB
CDS: on
MetaspaceReclaimPolicy: balanced
 - commit_granule_bytes: 65536.
 - commit_granule_words: 8192.
 - virtual_space_node_default_size: 1048576.
 - enlarge_chunks_in_place: 1.
 - new_chunks_are_fully_committed: 0.
 - uncommit_free_chunks: 1.
 - use_allocation_guard: 0.
 - handle_deallocations: 1.


Internal statistics:

num_allocs_failed_limit: 0.
num_arena_births: 152.
num_arena_deaths: 0.
num_vsnodes_births: 3.
num_vsnodes_deaths: 0.
num_space_committed: 234.
num_space_uncommitted: 0.
num_chunks_returned_to_freelist: 0.
num_chunks_taken_from_freelist: 607.
num_chunk_merges: 0.
num_chunk_splits: 413.
num_chunks_enlarged: 318.
num_purges: 0.
num_inconsistent_stats: 0.

CodeHeap 'non-profiled nmethods': size=120000Kb used=1028Kb max_used=1028Kb free=118971Kb
 bounds [0x000002340f270000, 0x000002340f4e0000, 0x00000234167a0000]
CodeHeap 'profiled nmethods': size=120000Kb used=4291Kb max_used=4291Kb free=115708Kb
 bounds [0x0000023407d40000, 0x0000023408180000, 0x000002340f270000]
CodeHeap 'non-nmethods': size=5760Kb used=1229Kb max_used=1248Kb free=4530Kb
 bounds [0x00000234077a0000, 0x0000023407a10000, 0x0000023407d40000]
 total_blobs=2613 nmethods=2091 adapters=434
 compilation: enabled
              stopped_count=0, restarted_count=0
 full_count=0

Compilation events (20 events):
Event: 3.368 Thread 0x000002341a35ed90 2060       3       java.lang.AbstractStringBuilder::append (54 bytes)
Event: 3.369 Thread 0x000002341a35ed90 nmethod 2060 0x0000023408158310 code [0x0000023408158540, 0x0000023408158ea8]
Event: 3.378 Thread 0x000002341a35ed90 2062       3       java.util.concurrent.locks.ReentrantLock$Sync::tryRelease (51 bytes)
Event: 3.379 Thread 0x000002341a35ed90 nmethod 2062 0x0000023408159010 code [0x00000234081591c0, 0x0000023408159508]
Event: 3.385 Thread 0x000002341a35ed90 2063       3       java.lang.invoke.DirectMethodHandle::preparedLambdaForm (31 bytes)
Event: 3.385 Thread 0x000002341a35ed90 nmethod 2063 0x0000023408159610 code [0x0000023408159800, 0x0000023408159ca8]
Event: 3.385 Thread 0x000002341a35ed90 2065       3       java.lang.invoke.LambdaForm::useCount (61 bytes)
Event: 3.385 Thread 0x000002341a35ed90 nmethod 2065 0x0000023408159e90 code [0x000002340815a060, 0x000002340815a3c8]
Event: 3.392 Thread 0x000002341a35ed90 2066       3       jdk.internal.org.objectweb.asm.Frame::setInputFrameFromDescriptor (175 bytes)
Event: 3.393 Thread 0x000002341a35ed90 nmethod 2066 0x000002340815a590 code [0x000002340815a7a0, 0x000002340815af98]
Event: 3.393 Thread 0x000002341a35ed90 2067       3       jdk.internal.org.objectweb.asm.Type::getArgumentTypes (154 bytes)
Event: 3.395 Thread 0x000002341a35ed90 nmethod 2067 0x000002340815b390 code [0x000002340815b860, 0x000002340815e108]
Event: 3.396 Thread 0x000002341a35ed90 2068       1       java.util.concurrent.atomic.AtomicInteger::get (5 bytes)
Event: 3.396 Thread 0x000002341a35ed90 nmethod 2068 0x000002340f36ff10 code [0x000002340f3700a0, 0x000002340f370178]
Event: 3.429 Thread 0x000002341a35ed90 2070       1       sun.reflect.generics.repository.AbstractRepository::getFactory (5 bytes)
Event: 3.429 Thread 0x000002341a35ed90 nmethod 2070 0x000002340f370510 code [0x000002340f3706a0, 0x000002340f370778]
Event: 3.432 Thread 0x000002341a35ed90 2071       3       sun.reflect.generics.visitor.Reifier::getResult (26 bytes)
Event: 3.432 Thread 0x000002341a35ed90 nmethod 2071 0x000002340815f010 code [0x000002340815f1a0, 0x000002340815f2b8]
Event: 3.432 Thread 0x000002341a35ed90 2072       3       java.lang.reflect.Executable::getGenericParameterTypes (20 bytes)
Event: 3.432 Thread 0x000002341a35ed90 nmethod 2072 0x000002340815f390 code [0x000002340815f5a0, 0x000002340815fce8]

GC Heap History (6 events):
Event: 0.417 GC heap before
{Heap before GC invocations=0 (full 0):
 garbage-first heap   total 126976K, used 16384K [0x00000000a0000000, 0x0000000100000000)
  region size 1024K, 13 young (13312K), 0 survivors (0K)
 Metaspace       used 985K, committed 1152K, reserved 1056768K
  class space    used 78K, committed 128K, reserved 1048576K
}
Event: 0.422 GC heap after
{Heap after GC invocations=1 (full 0):
 garbage-first heap   total 126976K, used 3712K [0x00000000a0000000, 0x0000000100000000)
  region size 1024K, 2 young (2048K), 2 survivors (2048K)
 Metaspace       used 985K, committed 1152K, reserved 1056768K
  class space    used 78K, committed 128K, reserved 1048576K
}
Event: 0.939 GC heap before
{Heap before GC invocations=1 (full 0):
 garbage-first heap   total 126976K, used 22144K [0x00000000a0000000, 0x0000000100000000)
  region size 1024K, 17 young (17408K), 2 survivors (2048K)
 Metaspace       used 3820K, committed 4032K, reserved 1056768K
  class space    used 479K, committed 576K, reserved 1048576K
}
Event: 0.946 GC heap after
{Heap after GC invocations=2 (full 0):
 garbage-first heap   total 126976K, used 9537K [0x00000000a0000000, 0x0000000100000000)
  region size 1024K, 3 young (3072K), 3 survivors (3072K)
 Metaspace       used 3820K, committed 4032K, reserved 1056768K
  class space    used 479K, committed 576K, reserved 1048576K
}
Event: 1.483 GC heap before
{Heap before GC invocations=2 (full 0):
 garbage-first heap   total 126976K, used 31041K [0x00000000a0000000, 0x0000000100000000)
  region size 1024K, 24 young (24576K), 3 survivors (3072K)
 Metaspace       used 3951K, committed 4160K, reserved 1056768K
  class space    used 481K, committed 576K, reserved 1048576K
}
Event: 1.489 GC heap after
{Heap after GC invocations=3 (full 0):
 garbage-first heap   total 126976K, used 13411K [0x00000000a0000000, 0x0000000100000000)
  region size 1024K, 3 young (3072K), 3 survivors (3072K)
 Metaspace       used 3951K, committed 4160K, reserved 1056768K
  class space    used 481K, committed 576K, reserved 1048576K
}

Deoptimization events (20 events):
Event: 3.189 Thread 0x000002341d1f1090 Uncommon trap: trap_request=0xffffffc6 fr.pc=0x000002340f3626bc relative=0x0000000000000f9c
Event: 3.189 Thread 0x000002341d1f1090 Uncommon trap: reason=bimorphic_or_optimized_type_check action=maybe_recompile pc=0x000002340f3626bc method=java.util.HashMap.putVal(ILjava/lang/Object;Ljava/lang/Object;ZZ)Ljava/lang/Object; @ 91 c2
Event: 3.189 Thread 0x000002341d1f1090 DEOPT PACKING pc=0x000002340f3626bc sp=0x00000052d0bff0b0
Event: 3.189 Thread 0x000002341d1f1090 DEOPT UNPACKING pc=0x00000234077f5ba3 sp=0x00000052d0bff050 mode 2
Event: 3.207 Thread 0x000002341b85bcb0 Uncommon trap: trap_request=0xffffff45 fr.pc=0x000002340f285638 relative=0x0000000000000198
Event: 3.207 Thread 0x000002341b85bcb0 Uncommon trap: reason=unstable_if action=reinterpret pc=0x000002340f285638 method=java.util.regex.Matcher.reset()Ljava/util/regex/Matcher; @ 47 c2
Event: 3.207 Thread 0x000002341b85bcb0 DEOPT PACKING pc=0x000002340f285638 sp=0x00000052d06f8d20
Event: 3.207 Thread 0x000002341b85bcb0 DEOPT UNPACKING pc=0x00000234077f5ba3 sp=0x00000052d06f8ca8 mode 2
Event: 3.207 Thread 0x000002341b85bcb0 Uncommon trap: trap_request=0xffffff45 fr.pc=0x000002340f287d6c relative=0x000000000000060c
Event: 3.207 Thread 0x000002341b85bcb0 Uncommon trap: reason=unstable_if action=reinterpret pc=0x000002340f287d6c method=java.util.regex.Matcher.match(II)Z @ 76 c2
Event: 3.207 Thread 0x000002341b85bcb0 DEOPT PACKING pc=0x000002340f287d6c sp=0x00000052d06f8d60
Event: 3.207 Thread 0x000002341b85bcb0 DEOPT UNPACKING pc=0x00000234077f5ba3 sp=0x00000052d06f8d20 mode 2
Event: 3.256 Thread 0x000002341d1f1090 Uncommon trap: trap_request=0xffffffc6 fr.pc=0x000002340f3626bc relative=0x0000000000000f9c
Event: 3.256 Thread 0x000002341d1f1090 Uncommon trap: reason=bimorphic_or_optimized_type_check action=maybe_recompile pc=0x000002340f3626bc method=java.util.HashMap.putVal(ILjava/lang/Object;Ljava/lang/Object;ZZ)Ljava/lang/Object; @ 91 c2
Event: 3.256 Thread 0x000002341d1f1090 DEOPT PACKING pc=0x000002340f3626bc sp=0x00000052d0bff0b0
Event: 3.256 Thread 0x000002341d1f1090 DEOPT UNPACKING pc=0x00000234077f5ba3 sp=0x00000052d0bff050 mode 2
Event: 3.275 Thread 0x000002341b85bcb0 Uncommon trap: trap_request=0xffffff45 fr.pc=0x000002340f2bee18 relative=0x0000000000000b98
Event: 3.275 Thread 0x000002341b85bcb0 Uncommon trap: reason=unstable_if action=reinterpret pc=0x000002340f2bee18 method=java.io.WinNTFileSystem.resolve(Ljava/lang/String;Ljava/lang/String;)Ljava/lang/String; @ 19 c2
Event: 3.275 Thread 0x000002341b85bcb0 DEOPT PACKING pc=0x000002340f2bee18 sp=0x00000052d06fb460
Event: 3.275 Thread 0x000002341b85bcb0 DEOPT UNPACKING pc=0x00000234077f5ba3 sp=0x00000052d06fb408 mode 2

Classes unloaded (0 events):
No events

Classes redefined (0 events):
No events

Internal exceptions (20 events):
Event: 2.071 Thread 0x000002347d270420 Exception <a 'java/lang/NoSuchMethodError'{0x00000000a6bb7a68}: 'java.lang.Object java.lang.invoke.DirectMethodHandle$Holder.invokeStaticInit(java.lang.Object, int, int, int, int)'> (0x00000000a6bb7a68) 
thrown [s\open\src\hotspot\share\interpreter\linkResolver.cpp, line 759]
Event: 2.340 Thread 0x000002347d270420 Exception <a 'java/lang/NoSuchMethodError'{0x00000000a6a09e70}: 'java.lang.Object java.lang.invoke.DirectMethodHandle$Holder.invokeStaticInit(java.lang.Object, java.lang.Object, int, int, int, int)'> (0x00000000a6a09e70) 
thrown [s\open\src\hotspot\share\interpreter\linkResolver.cpp, line 759]
Event: 2.624 Thread 0x000002347d270420 Exception <a 'java/lang/NoSuchMethodError'{0x00000000a6aed418}: 'java.lang.Object java.lang.invoke.DirectMethodHandle$Holder.invokeStaticInit(java.lang.Object, int)'> (0x00000000a6aed418) 
thrown [s\open\src\hotspot\share\interpreter\linkResolver.cpp, line 759]
Event: 2.642 Thread 0x000002347d270420 Exception <a 'java/lang/NoSuchMethodError'{0x00000000a6958d18}: 'void java.lang.invoke.DirectMethodHandle$Holder.invokeStatic(java.lang.Object, java.lang.Object, java.lang.Object)'> (0x00000000a6958d18) 
thrown [s\open\src\hotspot\share\interpreter\linkResolver.cpp, line 759]
Event: 2.664 Thread 0x000002347d270420 Exception <a 'java/io/IOException'{0x00000000a69f55e8}> (0x00000000a69f55e8) 
thrown [s\open\src\hotspot\share\prims\jni.cpp, line 516]
Event: 2.889 Thread 0x000002341b85bcb0 Exception <a 'java/lang/NoSuchMethodError'{0x00000000a5f0f820}: 'long java.lang.invoke.DirectMethodHandle$Holder.invokeInterface(java.lang.Object, java.lang.Object)'> (0x00000000a5f0f820) 
thrown [s\open\src\hotspot\share\interpreter\linkResolver.cpp, line 759]
Event: 2.891 Thread 0x000002341b85bcb0 Exception <a 'java/lang/NoSuchMethodError'{0x00000000a5f1d998}: 'void java.lang.invoke.DelegatingMethodHandle$Holder.reinvoke_L(java.lang.Object, java.lang.Object, java.lang.Object, java.lang.Object, java.lang.Object, java.lang.Object, java.lang.Object)'> (0x00000000a5f1d998) 
thrown [s\open\src\hotspot\share\interpreter\linkResolver.cpp, line 759]
Event: 3.133 Thread 0x000002341b85bcb0 Exception <a 'java/lang/NoSuchMethodError'{0x00000000a5293090}: 'void java.lang.invoke.DirectMethodHandle$Holder.invokeStaticInit(java.lang.Object)'> (0x00000000a5293090) 
thrown [s\open\src\hotspot\share\interpreter\linkResolver.cpp, line 759]
Event: 3.135 Thread 0x000002341b85bcb0 Exception <a 'java/lang/NoSuchMethodError'{0x00000000a52a9b88}: 'void java.lang.invoke.DirectMethodHandle$Holder.invokeSpecial(java.lang.Object, java.lang.Object, java.lang.Object)'> (0x00000000a52a9b88) 
thrown [s\open\src\hotspot\share\interpreter\linkResolver.cpp, line 759]
Event: 3.147 Thread 0x000002341b85bcb0 Exception <a 'java/lang/NoSuchMethodError'{0x00000000a5134748}: 'java.lang.Object java.lang.invoke.DirectMethodHandle$Holder.newInvokeSpecial(java.lang.Object, java.lang.Object, java.lang.Object, int)'> (0x00000000a5134748) 
thrown [s\open\src\hotspot\share\interpreter\linkResolver.cpp, line 759]
Event: 3.148 Thread 0x000002341b85bcb0 Exception <a 'java/lang/NoSuchMethodError'{0x00000000a51395c8}: 'java.lang.Object java.lang.invoke.DirectMethodHandle$Holder.invokeSpecial(java.lang.Object, java.lang.Object, java.lang.Object, java.lang.Object, int)'> (0x00000000a51395c8) 
thrown [s\open\src\hotspot\share\interpreter\linkResolver.cpp, line 759]
Event: 3.148 Thread 0x000002341b85bcb0 Exception <a 'java/lang/NoSuchMethodError'{0x00000000a513dc30}: 'java.lang.Object java.lang.invoke.Invokers$Holder.linkToTargetMethod(java.lang.Object, java.lang.Object, int, java.lang.Object)'> (0x00000000a513dc30) 
thrown [s\open\src\hotspot\share\interpreter\linkResolver.cpp, line 759]
Event: 3.300 Thread 0x000002341b85bcb0 Exception <a 'java/lang/NoSuchMethodError'{0x00000000a4dc07c0}: 'java.lang.Object java.lang.invoke.DirectMethodHandle$Holder.newInvokeSpecial(java.lang.Object, java.lang.Object, java.lang.Object, java.lang.Object, java.lang.Object)'> (0x00000000a4dc07c0) 
thrown [s\open\src\hotspot\share\interpreter\linkResolver.cpp, line 759]
Event: 3.325 Thread 0x000002341b85bcb0 Exception <a 'java/lang/NoSuchMethodError'{0x00000000a4cbd458}: 'int java.lang.invoke.DirectMethodHandle$Holder.invokeSpecialIFC(java.lang.Object, java.lang.Object, java.lang.Object, java.lang.Object)'> (0x00000000a4cbd458) 
thrown [s\open\src\hotspot\share\interpreter\linkResolver.cpp, line 759]
Event: 3.327 Thread 0x000002341b85bcb0 Exception <a 'java/lang/NoSuchMethodError'{0x00000000a4ccc720}: 'java.lang.Object java.lang.invoke.DirectMethodHandle$Holder.invokeInterface(java.lang.Object, java.lang.Object, java.lang.Object)'> (0x00000000a4ccc720) 
thrown [s\open\src\hotspot\share\interpreter\linkResolver.cpp, line 759]
Event: 3.328 Thread 0x000002341b85bcb0 Exception <a 'java/lang/IncompatibleClassChangeError'{0x00000000a4cd05f8}: Found class java.lang.Object, but interface was expected> (0x00000000a4cd05f8) 
thrown [s\open\src\hotspot\share\interpreter\linkResolver.cpp, line 826]
Event: 3.385 Thread 0x000002341b85bcb0 Exception <a 'java/lang/NoSuchMethodError'{0x00000000a49865f0}: 'int java.lang.invoke.DirectMethodHandle$Holder.invokeStatic(java.lang.Object, java.lang.Object, java.lang.Object, java.lang.Object)'> (0x00000000a49865f0) 
thrown [s\open\src\hotspot\share\interpreter\linkResolver.cpp, line 759]
Event: 3.385 Thread 0x000002341b85bcb0 Exception <a 'java/lang/NoSuchMethodError'{0x00000000a498a4c0}: 'java.lang.Object java.lang.invoke.Invokers$Holder.invokeExact_MT(java.lang.Object, java.lang.Object, java.lang.Object, java.lang.Object, java.lang.Object, java.lang.Object)'> (0x00000000a498a4c0) 
thrown [s\open\src\hotspot\share\interpreter\linkResolver.cpp, line 759]
Event: 3.399 Thread 0x000002341b85bcb0 Exception <a 'java/lang/NoSuchMethodError'{0x00000000a4830628}: 'java.lang.Object java.lang.invoke.DirectMethodHandle$Holder.invokeInterface(java.lang.Object, java.lang.Object)'> (0x00000000a4830628) 
thrown [s\open\src\hotspot\share\interpreter\linkResolver.cpp, line 759]
Event: 3.432 Thread 0x000002341b85bcb0 Exception <a 'java/lang/NoSuchMethodError'{0x00000000a47bcc98}: 'void java.lang.invoke.DirectMethodHandle$Holder.invokeSpecial(java.lang.Object, java.lang.Object, java.lang.Object, java.lang.Object, java.lang.Object)'> (0x00000000a47bcc98) 
thrown [s\open\src\hotspot\share\interpreter\linkResolver.cpp, line 759]

VM Operations (20 events):
Event: 2.059 Executing VM operation: HandshakeAllThreads
Event: 2.059 Executing VM operation: HandshakeAllThreads done
Event: 2.116 Executing VM operation: HandshakeAllThreads
Event: 2.116 Executing VM operation: HandshakeAllThreads done
Event: 2.332 Executing VM operation: HandshakeAllThreads
Event: 2.332 Executing VM operation: HandshakeAllThreads done
Event: 2.640 Executing VM operation: HandshakeAllThreads
Event: 2.640 Executing VM operation: HandshakeAllThreads done
Event: 2.640 Executing VM operation: Cleanup
Event: 2.640 Executing VM operation: Cleanup done
Event: 2.704 Executing VM operation: HandshakeAllThreads
Event: 2.704 Executing VM operation: HandshakeAllThreads done
Event: 3.044 Executing VM operation: HandshakeAllThreads
Event: 3.044 Executing VM operation: HandshakeAllThreads done
Event: 3.044 Executing VM operation: HandshakeAllThreads
Event: 3.044 Executing VM operation: HandshakeAllThreads done
Event: 3.282 Executing VM operation: HandshakeAllThreads
Event: 3.282 Executing VM operation: HandshakeAllThreads done
Event: 3.283 Executing VM operation: HandshakeAllThreads
Event: 3.283 Executing VM operation: HandshakeAllThreads done

Events (20 events):
Event: 3.320 loading class java/util/concurrent/locks/ReadWriteLock
Event: 3.320 loading class java/util/concurrent/locks/ReadWriteLock done
Event: 3.322 loading class java/nio/file/FileVisitor
Event: 3.322 loading class java/nio/file/FileVisitor done
Event: 3.322 loading class java/nio/file/FileVisitOption
Event: 3.323 loading class java/nio/file/FileVisitOption done
Event: 3.328 loading class java/util/stream/ReduceOps$1
Event: 3.328 loading class java/util/stream/ReduceOps$1 done
Event: 3.328 loading class java/util/stream/ReduceOps$1ReducingSink
Event: 3.328 loading class java/util/stream/ReduceOps$1ReducingSink done
Event: 3.334 loading class java/io/ObjectOutputStream
Event: 3.334 loading class java/io/ObjectOutput
Event: 3.334 loading class java/io/ObjectOutput done
Event: 3.334 loading class java/io/ObjectStreamConstants
Event: 3.335 loading class java/io/ObjectStreamConstants done
Event: 3.335 loading class java/io/ObjectOutputStream done
Event: 3.335 loading class java/io/ObjectInputStream
Event: 3.336 loading class java/io/ObjectInput
Event: 3.336 loading class java/io/ObjectInput done
Event: 3.336 loading class java/io/ObjectInputStream done


Dynamic libraries:
0x00007ff650030000 - 0x00007ff650040000 	C:\Program Files\Java\jdk-17.0.5\bin\java.exe
0x00007ffd562d0000 - 0x00007ffd564e4000 	C:\WINDOWS\SYSTEM32\ntdll.dll
0x00007ffd55a60000 - 0x00007ffd55b22000 	C:\WINDOWS\System32\KERNEL32.DLL
0x00007ffd53750000 - 0x00007ffd53aec000 	C:\WINDOWS\System32\KERNELBASE.dll
0x00007ffd532f0000 - 0x00007ffd53401000 	C:\WINDOWS\System32\ucrtbase.dll
0x00007ffd1ab40000 - 0x00007ffd1ab5a000 	C:\Program Files\Java\jdk-17.0.5\bin\VCRUNTIME140.dll
0x00007ffd24c00000 - 0x00007ffd24c18000 	C:\Program Files\Java\jdk-17.0.5\bin\jli.dll
0x00007ffd555a0000 - 0x00007ffd5564e000 	C:\WINDOWS\System32\ADVAPI32.dll
0x00007ffd55680000 - 0x00007ffd55727000 	C:\WINDOWS\System32\msvcrt.dll
0x00007ffd558b0000 - 0x00007ffd55954000 	C:\WINDOWS\System32\sechost.dll
0x00007ffd55f70000 - 0x00007ffd56087000 	C:\WINDOWS\System32\RPCRT4.dll
0x00007ffd541c0000 - 0x00007ffd5436b000 	C:\WINDOWS\System32\USER32.dll
0x00007ffd53410000 - 0x00007ffd53436000 	C:\WINDOWS\System32\win32u.dll
0x00007ffd544f0000 - 0x00007ffd54519000 	C:\WINDOWS\System32\GDI32.dll
0x00007ffd53440000 - 0x00007ffd53553000 	C:\WINDOWS\System32\gdi32full.dll
0x00007ffd3d490000 - 0x00007ffd3d71e000 	C:\WINDOWS\WinSxS\amd64_microsoft.windows.common-controls_6595b64144ccf1df_6.0.22621.608_none_a9444ca7c10bb01d\COMCTL32.dll
0x00007ffd53560000 - 0x00007ffd535fa000 	C:\WINDOWS\System32\msvcp_win.dll
0x00007ffd52f40000 - 0x00007ffd52f4a000 	C:\WINDOWS\SYSTEM32\VERSION.dll
0x00007ffd54630000 - 0x00007ffd54661000 	C:\WINDOWS\System32\IMM32.DLL
0x0000000068370000 - 0x000000006837c000 	D:\360安全卫士\360Safe\safemon\SafeWrapper.dll
0x00007ffd38f80000 - 0x00007ffd39022000 	D:\360安全卫士\360Safe\safemon\libzdtp64.dll
0x00007ffd54680000 - 0x00007ffd54e70000 	C:\WINDOWS\System32\SHELL32.dll
0x00007ffd55f10000 - 0x00007ffd55f6e000 	C:\WINDOWS\System32\SHLWAPI.dll
0x00007ffd3cff0000 - 0x00007ffd3cffc000 	C:\Program Files\Java\jdk-17.0.5\bin\vcruntime140_1.dll
0x00007ffd11ed0000 - 0x00007ffd11f5d000 	C:\Program Files\Java\jdk-17.0.5\bin\msvcp140.dll
0x00007ffcd0780000 - 0x00007ffcd1342000 	C:\Program Files\Java\jdk-17.0.5\bin\server\jvm.dll
0x00007ffd55590000 - 0x00007ffd55598000 	C:\WINDOWS\System32\PSAPI.DLL
0x00007ffd4a2d0000 - 0x00007ffd4a2d9000 	C:\WINDOWS\SYSTEM32\WSOCK32.dll
0x00007ffd54470000 - 0x00007ffd544e1000 	C:\WINDOWS\System32\WS2_32.dll
0x00007ffd46520000 - 0x00007ffd46554000 	C:\WINDOWS\SYSTEM32\WINMM.dll
0x00007ffd52390000 - 0x00007ffd523a8000 	C:\WINDOWS\SYSTEM32\kernel.appcore.dll
0x00007ffd3ccb0000 - 0x00007ffd3ccba000 	C:\Program Files\Java\jdk-17.0.5\bin\jimage.dll
0x00007ffd50d70000 - 0x00007ffd50f9e000 	C:\WINDOWS\SYSTEM32\DBGHELP.DLL
0x00007ffd55b80000 - 0x00007ffd55f09000 	C:\WINDOWS\System32\combase.dll
0x00007ffd54550000 - 0x00007ffd54627000 	C:\WINDOWS\System32\OLEAUT32.dll
0x00007ffd27500000 - 0x00007ffd27532000 	C:\WINDOWS\SYSTEM32\dbgcore.DLL
0x00007ffd53bb0000 - 0x00007ffd53c2b000 	C:\WINDOWS\System32\bcryptPrimitives.dll
0x00007ffd17f80000 - 0x00007ffd17fa5000 	C:\Program Files\Java\jdk-17.0.5\bin\java.dll
0x00007ffceffc0000 - 0x00007ffcf0096000 	C:\Program Files\Java\jdk-17.0.5\bin\jsvml.dll
0x00007ffd510e0000 - 0x00007ffd519ad000 	C:\WINDOWS\SYSTEM32\windows.storage.dll
0x00007ffd50fa0000 - 0x00007ffd510de000 	C:\WINDOWS\SYSTEM32\wintypes.dll
0x00007ffd557b0000 - 0x00007ffd558a1000 	C:\WINDOWS\System32\SHCORE.dll
0x00007ffd53210000 - 0x00007ffd53231000 	C:\WINDOWS\SYSTEM32\profapi.dll
0x00007ffd1a2e0000 - 0x00007ffd1a2f9000 	C:\Program Files\Java\jdk-17.0.5\bin\net.dll
0x00007ffd49490000 - 0x00007ffd495c7000 	C:\WINDOWS\SYSTEM32\WINHTTP.dll
0x00007ffd52820000 - 0x00007ffd52889000 	C:\WINDOWS\system32\mswsock.dll
0x00007ffd17aa0000 - 0x00007ffd17ab6000 	C:\Program Files\Java\jdk-17.0.5\bin\nio.dll
0x00007ffd12090000 - 0x00007ffd120a8000 	C:\Program Files\Java\jdk-17.0.5\bin\zip.dll
0x00007ffd3c940000 - 0x00007ffd3c950000 	C:\Program Files\Java\jdk-17.0.5\bin\verify.dll
0x00007ffd11ea0000 - 0x00007ffd11ec7000 	C:\Users\HP\.gradle\native\e1d6ef7f7dcc3fd88c89a11ec53ec762bb8ba0a96d01ffa2cd45eb1d1d8dd5c5\windows-amd64\native-platform.dll
0x00007ffcefe70000 - 0x00007ffceffb4000 	C:\Users\HP\.gradle\native\0d407fdbe67a94daf76414ababcb853783967236a71b16ec16e742cd7a986fd3\windows-amd64\native-platform-file-events.dll
0x00007ffd3c3b0000 - 0x00007ffd3c3b9000 	C:\Program Files\Java\jdk-17.0.5\bin\management.dll
0x00007ffd3c1f0000 - 0x00007ffd3c1fb000 	C:\Program Files\Java\jdk-17.0.5\bin\management_ext.dll
0x00007ffd52a80000 - 0x00007ffd52a9b000 	C:\WINDOWS\SYSTEM32\CRYPTSP.dll
0x00007ffd522e0000 - 0x00007ffd52315000 	C:\WINDOWS\system32\rsaenh.dll
0x00007ffd52920000 - 0x00007ffd52948000 	C:\WINDOWS\SYSTEM32\USERENV.dll
0x00007ffd52c40000 - 0x00007ffd52c68000 	C:\WINDOWS\SYSTEM32\bcrypt.dll
0x00007ffd52aa0000 - 0x00007ffd52aac000 	C:\WINDOWS\SYSTEM32\CRYPTBASE.dll
0x00007ffd51ed0000 - 0x00007ffd51efd000 	C:\WINDOWS\SYSTEM32\IPHLPAPI.DLL
0x00007ffd55670000 - 0x00007ffd55679000 	C:\WINDOWS\System32\NSI.dll
0x00007ffd46430000 - 0x00007ffd46449000 	C:\WINDOWS\SYSTEM32\dhcpcsvc6.DLL
0x00007ffd45ff0000 - 0x00007ffd4600f000 	C:\WINDOWS\SYSTEM32\dhcpcsvc.DLL
0x00007ffd51f00000 - 0x00007ffd51ff3000 	C:\WINDOWS\SYSTEM32\DNSAPI.dll
0x00007ffd4f9f0000 - 0x00007ffd4f9fe000 	C:\Program Files\Java\jdk-17.0.5\bin\sunmscapi.dll
0x00007ffd53ca0000 - 0x00007ffd53e06000 	C:\WINDOWS\System32\CRYPT32.dll
0x00007ffd52c10000 - 0x00007ffd52c3e000 	C:\WINDOWS\SYSTEM32\ncrypt.dll
0x00007ffd52bd0000 - 0x00007ffd52c07000 	C:\WINDOWS\SYSTEM32\NTASN1.dll
0x00007ffd4f9e0000 - 0x00007ffd4f9e8000 	C:\WINDOWS\system32\wshunix.dll

dbghelp: loaded successfully - version: 4.0.5 - missing functions: none
symbol engine: initialized successfully - sym options: 0x614 - pdb path: .;C:\Program Files\Java\jdk-17.0.5\bin;C:\WINDOWS\SYSTEM32;C:\WINDOWS\WinSxS\amd64_microsoft.windows.common-controls_6595b64144ccf1df_6.0.22621.608_none_a9444ca7c10bb01d;D:\360安全卫士\360Safe\safemon;C:\Program Files\Java\jdk-17.0.5\bin\se;C:\Program Files\Java\jdk-17.0.5\bin\se;C:\Program Files\Java\jdk-17.0.5\bin\se;C:\Program Files\Java\jdk-17.0.5\bin\se;C:\Program Files\Java\jdk-17.0.5\bin\se;C:\Program Files\Java\jdk-17.0.5\bin\se;C:\Program Files\Java\jdk-17.0.5\bin\se;C:\Program Files\Java\jdk-17.0.5\bin\server;C:\Users\HP\.gradle\native\e1d6ef7f7dcc3fd88c89a11ec53ec762bb8ba0a96d01ffa2cd45eb1d1d8dd5c5\windows-a;C:\Users\HP\.gradle\native\e1d6ef7f7dcc3fd88c89a11ec53ec762bb8ba0a96d01ffa2cd45eb1d1d8dd5c5\windows-amd64;C:\Users\HP\.gradle\native\0d407fdbe67a94daf76414ababcb853783967236a71b16ec16e742cd7a986fd3\windows-a;C:\Users\HP\.gradle\native\0d407fdbe67a94daf76414ababcb853783967236a71b16ec16e742cd7a986fd3\windows-a;C:\Users\HP\.gradle\native\0d407fdbe67a94daf76414ababcb853783967236a71b16ec16e742cd7a986fd3\windows-a;C:\Users\HP\.gradle\native\0d407fdbe67a94daf76414ababcb853783967236a71b16ec16e742cd7a986fd3\windows-a;C:\Users\HP\.gradle\native\0d407fdbe67a94daf76414ababcb853783967236a71b16ec16e742cd7a986fd3\windows-a

VM Arguments:
jvm_args: --add-opens=java.base/java.util=ALL-UNNAMED --add-opens=java.base/java.lang=ALL-UNNAMED --add-opens=java.base/java.lang.invoke=ALL-UNNAMED --add-opens=java.base/java.util=ALL-UNNAMED --add-opens=java.prefs/java.util.prefs=ALL-UNNAMED --add-opens=java.prefs/java.util.prefs=ALL-UNNAMED --add-opens=java.base/java.nio.charset=ALL-UNNAMED --add-opens=java.base/java.net=ALL-UNNAMED --add-opens=java.base/java.util.concurrent.atomic=ALL-UNNAMED -Xmx1536M -Dfile.encoding=GBK -Duser.country=CN -Duser.language=zh -Duser.variant 
java_command: org.gradle.launcher.daemon.bootstrap.GradleDaemon 7.4
java_class_path (initial): C:\Users\HP\.gradle\wrapper\dists\gradle-7.4-all\aadb4xli5jkdsnukm30eibyiu\gradle-7.4\lib\gradle-launcher-7.4.jar
Launcher Type: SUN_STANDARD

[Global flags]
     intx CICompilerCount                          = 3                                         {product} {ergonomic}
     uint ConcGCThreads                            = 1                                         {product} {ergonomic}
     uint G1ConcRefinementThreads                  = 4                                         {product} {ergonomic}
   size_t G1HeapRegionSize                         = 1048576                                   {product} {ergonomic}
    uintx GCDrainStackTargetSize                   = 64                                        {product} {ergonomic}
   size_t InitialHeapSize                          = 130023424                                 {product} {ergonomic}
   size_t MarkStackSize                            = 4194304                                   {product} {ergonomic}
   size_t MaxHeapSize                              = 1610612736                                {product} {command line}
   size_t MaxNewSize                               = 965738496                                 {product} {ergonomic}
   size_t MinHeapDeltaBytes                        = 1048576                                   {product} {ergonomic}
   size_t MinHeapSize                              = 8388608                                   {product} {ergonomic}
    uintx NonNMethodCodeHeapSize                   = 5832780                                {pd product} {ergonomic}
    uintx NonProfiledCodeHeapSize                  = 122912730                              {pd product} {ergonomic}
    uintx ProfiledCodeHeapSize                     = 122912730                              {pd product} {ergonomic}
    uintx ReservedCodeCacheSize                    = 251658240                              {pd product} {ergonomic}
     bool SegmentedCodeCache                       = true                                      {product} {ergonomic}
   size_t SoftMaxHeapSize                          = 1610612736                             {manageable} {ergonomic}
     bool UseCompressedClassPointers               = true                           {product lp64_product} {ergonomic}
     bool UseCompressedOops                        = true                           {product lp64_product} {ergonomic}
     bool UseG1GC                                  = true                                      {product} {ergonomic}
     bool UseLargePagesIndividualAllocation        = false                                  {pd product} {ergonomic}

Logging:
Log output configuration:
 #0: stdout all=warning uptime,level,tags
 #1: stderr all=off uptime,level,tags

Environment Variables:
JAVA_HOME=C:\Program Files\Java\jdk-17.0.5
CLASSPATH=D:\Star-Pixel-Dungeon\\gradle\wrapper\gradle-wrapper.jar
PATH=D:\VMware Workstation\bin\;C:\Program Files\Common Files\Oracle\Java\javapath;C:\Program Files\Java\jdk-17.0.5\bin;C:\Program Files\Java\jdk-17.0.5\jre\bin;C:\Program Files (x86)\Common Files\Oracle\Java\javapath;C:\ProgramData\Oracle\Java\javapath;C:\windows\system32;C:\windows;C:\windows\System32\Wbem;C:\windows\System32\WindowsPowerShell\v1.0\;C:\windows\System32\OpenSSH\;C:\Program Files (x86)\NVIDIA Corporation\PhysX\Common;C:\Program Files\dotnet\;D:\Steam;D:\PCL2;D:\Geph4;D:\Steam+;D:\TIM\Bin;C:\Git\cmd;C:\Git;D:\WeChat;C:\Program Files\Intel\Intel(R) Memory and Storage Tool\;C:\WINDOWS\system32;C:\WINDOWS;C:\WINDOWS\System32\Wbem;C:\WINDOWS\System32\WindowsPowerShell\v1.0\;C:\WINDOWS\System32\OpenSSH\;C:\Program Files (x86)\dotnet\;D:\VMware Workstation;D:\Android Studio\bin;D:\Honkai Impact 3\Games;D:\Honkai Impact 3;C:\Users\HP\AppData\Local\Microsoft\WindowsApps;C:\Users\HP\AppData\Local\GitHubDesktop\bin;
USERNAME=HP
OS=Windows_NT
PROCESSOR_IDENTIFIER=Intel64 Family 6 Model 140 Stepping 1, GenuineIntel



---------------  S Y S T E M  ---------------

OS:
 Windows 11 , 64 bit Build 22621 (10.0.22621.1485)
OS uptime: 0 days 7:43 hours
Hyper-V role detected

CPU: total 4 (initial active 4) (2 cores per cpu, 2 threads per core) family 6 model 140 stepping 1 microcode 0x9a, cx8, cmov, fxsr, ht, mmx, 3dnowpref, sse, sse2, sse3, ssse3, sse4.1, sse4.2, popcnt, lzcnt, tsc, tscinvbit, avx, avx2, aes, erms, clmul, bmi1, bmi2, adx, avx512f, avx512dq, avx512cd, avx512bw, avx512vl, sha, fma, vzeroupper, avx512_vpopcntdq, avx512_vpclmulqdq, avx512_vaes, avx512_vnni, clflush, clflushopt, clwb, avx512_vbmi2, avx512_vbmi, hv

Memory: 4k page, system-wide physical 7834M (1149M free)
TotalPageFile size 16026M (AvailPageFile size 4M)
current process WorkingSet (physical memory assigned to process): 161M, peak: 161M
current process commit charge ("private bytes"): 256M, peak: 256M

vm_info: Java HotSpot(TM) 64-Bit Server VM (17.0.5+9-LTS-191) for windows-amd64 JRE (17.0.5+9-LTS-191), built on Sep 13 2022 17:31:43 by "mach5one" with MS VC++ 16.8 / 16.9 (VS2019)

END.
