#
# There is insufficient memory for the Java Runtime Environment to continue.
# Native memory allocation (malloc) failed to allocate 2039216 bytes for Chunk::new
# Possible reasons:
#   The system is out of physical RAM or swap space
#   The process is running with CompressedOops enabled, and the Java Heap may be blocking the growth of the native heap
# Possible solutions:
#   Reduce memory load on the system
#   Increase physical memory or swap space
#   Check if swap backing store is full
#   Decrease Java heap size (-Xmx/-Xms)
#   Decrease number of Java threads
#   Decrease Java thread stack sizes (-Xss)
#   Set larger code cache with -XX:ReservedCodeCacheSize=
#   JVM is running with Unscaled Compressed Oops mode in which the Java heap is
#     placed in the first 4GB address space. The Java Heap base address is the
#     maximum limit for the native heap growth. Please use -XX:HeapBaseMinAddress
#     to set the Java Heap base and to place the Java Heap above 4GB virtual address.
# This output file may be truncated or incomplete.
#
#  Out of Memory Error (arena.cpp:189), pid=16656, tid=25284
#
# JRE version: Java(TM) SE Runtime Environment (17.0.5+9) (build 17.0.5+9-LTS-191)
# Java VM: Java HotSpot(TM) 64-Bit Server VM (17.0.5+9-LTS-191, mixed mode, sharing, tiered, compressed oops, compressed class ptrs, g1 gc, windows-amd64)
# No core dump will be written. Minidumps are not enabled by default on client versions of Windows
#

---------------  S U M M A R Y ------------

Command Line: --add-opens=java.base/java.util=ALL-UNNAMED --add-opens=java.base/java.lang=ALL-UNNAMED --add-opens=java.base/java.lang.invoke=ALL-UNNAMED --add-opens=java.base/java.util=ALL-UNNAMED --add-opens=java.prefs/java.util.prefs=ALL-UNNAMED --add-opens=java.prefs/java.util.prefs=ALL-UNNAMED --add-opens=java.base/java.nio.charset=ALL-UNNAMED --add-opens=java.base/java.net=ALL-UNNAMED --add-opens=java.base/java.util.concurrent.atomic=ALL-UNNAMED -Xmx1536M -Dfile.encoding=GBK -Duser.country=CN -Duser.language=zh -Duser.variant org.gradle.launcher.daemon.bootstrap.GradleDaemon 7.4

Host: 11th Gen Intel(R) Core(TM) i3-1115G4 @ 3.00GHz, 4 cores, 7G,  Windows 11 , 64 bit Build 22621 (10.0.22621.1485)
Time: Mon Apr 24 16:56:52 2023  Windows 11 , 64 bit Build 22621 (10.0.22621.1485) elapsed time: 2.546300 seconds (0d 0h 0m 2s)

---------------  T H R E A D  ---------------

Current thread (0x000001b8d6956290):  JavaThread "C2 CompilerThread1" daemon [_thread_in_native, id=25284, stack(0x0000004c41000000,0x0000004c41100000)]


Current CompileTask:
C2:   2546 2035   !   4       java.lang.ClassLoader::loadClass (121 bytes)

Stack: [0x0000004c41000000,0x0000004c41100000]
Native frames: (J=compiled Java code, j=interpreted, Vv=VM code, C=native code)
V  [jvm.dll+0x672eea]
V  [jvm.dll+0x7d2a04]
V  [jvm.dll+0x7d41ae]
V  [jvm.dll+0x7d4813]
V  [jvm.dll+0x242c15]
V  [jvm.dll+0xaa57b]
V  [jvm.dll+0xaab0c]
V  [jvm.dll+0x35ff42]
V  [jvm.dll+0x32a631]
V  [jvm.dll+0x329ada]
V  [jvm.dll+0x215cc1]
V  [jvm.dll+0x2150e1]
V  [jvm.dll+0x1a18ed]
V  [jvm.dll+0x22493a]
V  [jvm.dll+0x222aa5]
V  [jvm.dll+0x7885db]
V  [jvm.dll+0x782b4a]
V  [jvm.dll+0x671d75]
C  [ucrtbase.dll+0x29363]
C  [KERNEL32.DLL+0x1269d]
C  [ntdll.dll+0x5a9f8]


---------------  P R O C E S S  ---------------

Threads class SMR info:
_java_thread_list=0x000001b8d89e6fd0, length=26, elements={
0x000001b8b8e7e340, 0x000001b8d5ef16f0, 0x000001b8d5ef22a0, 0x000001b8d5f05bb0,
0x000001b8d5f06670, 0x000001b8d5f0a040, 0x000001b8d5f12a00, 0x000001b8d5f47030,
0x000001b8d5f48940, 0x000001b8d5f5da20, 0x000001b8d68fc270, 0x000001b8d68fe750,
0x000001b8d6956290, 0x000001b8d6e8f580, 0x000001b8d741f150, 0x000001b8d75e5850,
0x000001b8d7c1ca20, 0x000001b8d7ee0000, 0x000001b8d7cd8040, 0x000001b8d7cd8510,
0x000001b8d7e34ec0, 0x000001b8d77ad7f0, 0x000001b8d77adcc0, 0x000001b8d77af000,
0x000001b8d77ad320, 0x000001b8d77af4d0
}

Java Threads: ( => current thread )
  0x000001b8b8e7e340 JavaThread "main" [_thread_blocked, id=25676, stack(0x0000004c3fd00000,0x0000004c3fe00000)]
  0x000001b8d5ef16f0 JavaThread "Reference Handler" daemon [_thread_blocked, id=16704, stack(0x0000004c40400000,0x0000004c40500000)]
  0x000001b8d5ef22a0 JavaThread "Finalizer" daemon [_thread_blocked, id=17864, stack(0x0000004c40500000,0x0000004c40600000)]
  0x000001b8d5f05bb0 JavaThread "Signal Dispatcher" daemon [_thread_blocked, id=15976, stack(0x0000004c40600000,0x0000004c40700000)]
  0x000001b8d5f06670 JavaThread "Attach Listener" daemon [_thread_blocked, id=7292, stack(0x0000004c40700000,0x0000004c40800000)]
  0x000001b8d5f0a040 JavaThread "Service Thread" daemon [_thread_blocked, id=14284, stack(0x0000004c40800000,0x0000004c40900000)]
  0x000001b8d5f12a00 JavaThread "Monitor Deflation Thread" daemon [_thread_blocked, id=9424, stack(0x0000004c40900000,0x0000004c40a00000)]
  0x000001b8d5f47030 JavaThread "C2 CompilerThread0" daemon [_thread_in_native, id=18788, stack(0x0000004c40a00000,0x0000004c40b00000)]
  0x000001b8d5f48940 JavaThread "C1 CompilerThread0" daemon [_thread_blocked, id=5688, stack(0x0000004c40b00000,0x0000004c40c00000)]
  0x000001b8d5f5da20 JavaThread "Sweeper thread" daemon [_thread_blocked, id=15424, stack(0x0000004c40c00000,0x0000004c40d00000)]
  0x000001b8d68fc270 JavaThread "Common-Cleaner" daemon [_thread_blocked, id=11880, stack(0x0000004c40d00000,0x0000004c40e00000)]
  0x000001b8d68fe750 JavaThread "Notification Thread" daemon [_thread_blocked, id=13072, stack(0x0000004c40e00000,0x0000004c40f00000)]
=>0x000001b8d6956290 JavaThread "C2 CompilerThread1" daemon [_thread_in_native, id=25284, stack(0x0000004c41000000,0x0000004c41100000)]
  0x000001b8d6e8f580 JavaThread "Daemon health stats" [_thread_blocked, id=21872, stack(0x0000004c41400000,0x0000004c41500000)]
  0x000001b8d741f150 JavaThread "Incoming local TCP Connector on port 52978" [_thread_in_native, id=4396, stack(0x0000004c41500000,0x0000004c41600000)]
  0x000001b8d75e5850 JavaThread "Daemon periodic checks" [_thread_blocked, id=16952, stack(0x0000004c41600000,0x0000004c41700000)]
  0x000001b8d7c1ca20 JavaThread "Daemon" [_thread_blocked, id=21736, stack(0x0000004c41700000,0x0000004c41800000)]
  0x000001b8d7ee0000 JavaThread "Handler for socket connection from /127.0.0.1:52978 to /127.0.0.1:52979" [_thread_in_native, id=5744, stack(0x0000004c41800000,0x0000004c41900000)]
  0x000001b8d7cd8040 JavaThread "Cancel handler" [_thread_blocked, id=23420, stack(0x0000004c41900000,0x0000004c41a00000)]
  0x000001b8d7cd8510 JavaThread "Daemon worker" [_thread_in_vm, id=11100, stack(0x0000004c41a00000,0x0000004c41b00000)]
  0x000001b8d7e34ec0 JavaThread "Asynchronous log dispatcher for DefaultDaemonConnection: socket connection from /127.0.0.1:52978 to /127.0.0.1:52979" [_thread_blocked, id=21452, stack(0x0000004c41b00000,0x0000004c41c00000)]
  0x000001b8d77ad7f0 JavaThread "Stdin handler" [_thread_blocked, id=10888, stack(0x0000004c41c00000,0x0000004c41d00000)]
  0x000001b8d77adcc0 JavaThread "Daemon client event forwarder" [_thread_blocked, id=8116, stack(0x0000004c41d00000,0x0000004c41e00000)]
  0x000001b8d77af000 JavaThread "Cache worker for journal cache (C:\Users\HP\.gradle\caches\journal-1)" [_thread_blocked, id=17484, stack(0x0000004c41e00000,0x0000004c41f00000)]
  0x000001b8d77ad320 JavaThread "File lock request listener" [_thread_in_native, id=6484, stack(0x0000004c41f00000,0x0000004c42000000)]
  0x000001b8d77af4d0 JavaThread "Cache worker for file hash cache (C:\Users\HP\.gradle\caches\7.4\fileHashes)" [_thread_blocked, id=26272, stack(0x0000004c42000000,0x0000004c42100000)]

Other Threads:
  0x000001b8d5eece40 VMThread "VM Thread" [stack: 0x0000004c40300000,0x0000004c40400000] [id=19228]
  0x000001b8b8ede1b0 WatcherThread [stack: 0x0000004c40f00000,0x0000004c41000000] [id=12732]
  0x000001b8b8ec93e0 GCTaskThread "GC Thread#0" [stack: 0x0000004c3fe00000,0x0000004c3ff00000] [id=22648]
  0x000001b8d72066a0 GCTaskThread "GC Thread#1" [stack: 0x0000004c41100000,0x0000004c41200000] [id=19832]
  0x000001b8d6912b30 GCTaskThread "GC Thread#2" [stack: 0x0000004c41200000,0x0000004c41300000] [id=3764]
  0x000001b8d7373030 GCTaskThread "GC Thread#3" [stack: 0x0000004c41300000,0x0000004c41400000] [id=24928]
  0x000001b8b8ed6320 ConcurrentGCThread "G1 Main Marker" [stack: 0x0000004c3ff00000,0x0000004c40000000] [id=8144]
  0x000001b8b8ed7ea0 ConcurrentGCThread "G1 Conc#0" [stack: 0x0000004c40000000,0x0000004c40100000] [id=24368]
  0x000001b8d5da20b0 ConcurrentGCThread "G1 Refine#0" [stack: 0x0000004c40100000,0x0000004c40200000] [id=19868]
  0x000001b8d5da2ad0 ConcurrentGCThread "G1 Service" [stack: 0x0000004c40200000,0x0000004c40300000] [id=19184]

Threads with active compile tasks:
C2 CompilerThread0     2633 2087   !   4       java.net.URLClassLoader::findClass (47 bytes)
C2 CompilerThread1     2633 2035   !   4       java.lang.ClassLoader::loadClass (121 bytes)

VM state: not at safepoint (normal execution)

VM Mutex/Monitor currently owned by a thread: None

Heap address: 0x00000000a0000000, size: 1536 MB, Compressed Oops mode: 32-bit

CDS archive(s) mapped at: [0x0000000800000000-0x0000000800bd0000-0x0000000800bd0000), size 12386304, SharedBaseAddress: 0x0000000800000000, ArchiveRelocationMode: 0.
Compressed class space mapped at: 0x0000000800c00000-0x0000000840c00000, reserved size: 1073741824
Narrow klass base: 0x0000000800000000, Narrow klass shift: 0, Narrow klass range: 0x100000000

GC Precious Log:
 CPUs: 4 total, 4 available
 Memory: 7834M
 Large Page Support: Disabled
 NUMA Support: Disabled
 Compressed Oops: Enabled (32-bit)
 Heap Region Size: 1M
 Heap Min Capacity: 8M
 Heap Initial Capacity: 124M
 Heap Max Capacity: 1536M
 Pre-touch: Disabled
 Parallel Workers: 4
 Concurrent Workers: 1
 Concurrent Refinement Workers: 4
 Periodic GC: Disabled

Heap:
 garbage-first heap   total 126976K, used 72630K [0x00000000a0000000, 0x0000000100000000)
  region size 1024K, 62 young (63488K), 3 survivors (3072K)
 Metaspace       used 15309K, committed 15616K, reserved 1064960K
  class space    used 2191K, committed 2304K, reserved 1048576K

Heap Regions: E=young(eden), S=young(survivor), O=old, HS=humongous(starts), HC=humongous(continues), CS=collection set, F=free, OA=open archive, CA=closed archive, TAMS=top-at-mark-start (previous, next)
|   0|0x00000000a0000000, 0x00000000a0100000, 0x00000000a0100000|100%|HS|  |TAMS 0x00000000a0000000, 0x00000000a0000000| Complete 
|   1|0x00000000a0100000, 0x00000000a0200000, 0x00000000a0200000|100%|HC|  |TAMS 0x00000000a0100000, 0x00000000a0100000| Complete 
|   2|0x00000000a0200000, 0x00000000a0300000, 0x00000000a0300000|100%|HC|  |TAMS 0x00000000a0200000, 0x00000000a0200000| Complete 
|   3|0x00000000a0300000, 0x00000000a0400000, 0x00000000a0400000|100%| O|  |TAMS 0x00000000a0300000, 0x00000000a0300000| Untracked 
|   4|0x00000000a0400000, 0x00000000a0500000, 0x00000000a0500000|100%| O|  |TAMS 0x00000000a0400000, 0x00000000a0400000| Untracked 
|   5|0x00000000a0500000, 0x00000000a0600000, 0x00000000a0600000|100%| O|  |TAMS 0x00000000a0500000, 0x00000000a0500000| Untracked 
|   6|0x00000000a0600000, 0x00000000a0700000, 0x00000000a0700000|100%| O|  |TAMS 0x00000000a0600000, 0x00000000a0600000| Untracked 
|   7|0x00000000a0700000, 0x00000000a0700000, 0x00000000a0800000|  0%| F|  |TAMS 0x00000000a0700000, 0x00000000a0700000| Untracked 
|   8|0x00000000a0800000, 0x00000000a0900000, 0x00000000a0900000|100%| O|  |TAMS 0x00000000a0800000, 0x00000000a0800000| Untracked 
|   9|0x00000000a0900000, 0x00000000a0a00000, 0x00000000a0a00000|100%| O|  |TAMS 0x00000000a0900000, 0x00000000a0900000| Untracked 
|  10|0x00000000a0a00000, 0x00000000a0aed800, 0x00000000a0b00000| 92%| O|  |TAMS 0x00000000a0a00000, 0x00000000a0a00000| Untracked 
|  11|0x00000000a0b00000, 0x00000000a0b00000, 0x00000000a0c00000|  0%| F|  |TAMS 0x00000000a0b00000, 0x00000000a0b00000| Untracked 
|  12|0x00000000a0c00000, 0x00000000a0c00000, 0x00000000a0d00000|  0%| F|  |TAMS 0x00000000a0c00000, 0x00000000a0c00000| Untracked 
|  13|0x00000000a0d00000, 0x00000000a0d00000, 0x00000000a0e00000|  0%| F|  |TAMS 0x00000000a0d00000, 0x00000000a0d00000| Untracked 
|  14|0x00000000a0e00000, 0x00000000a0e00000, 0x00000000a0f00000|  0%| F|  |TAMS 0x00000000a0e00000, 0x00000000a0e00000| Untracked 
|  15|0x00000000a0f00000, 0x00000000a0f00000, 0x00000000a1000000|  0%| F|  |TAMS 0x00000000a0f00000, 0x00000000a0f00000| Untracked 
|  16|0x00000000a1000000, 0x00000000a1000000, 0x00000000a1100000|  0%| F|  |TAMS 0x00000000a1000000, 0x00000000a1000000| Untracked 
|  17|0x00000000a1100000, 0x00000000a1100000, 0x00000000a1200000|  0%| F|  |TAMS 0x00000000a1100000, 0x00000000a1100000| Untracked 
|  18|0x00000000a1200000, 0x00000000a1200000, 0x00000000a1300000|  0%| F|  |TAMS 0x00000000a1200000, 0x00000000a1200000| Untracked 
|  19|0x00000000a1300000, 0x00000000a1300000, 0x00000000a1400000|  0%| F|  |TAMS 0x00000000a1300000, 0x00000000a1300000| Untracked 
|  20|0x00000000a1400000, 0x00000000a1400000, 0x00000000a1500000|  0%| F|  |TAMS 0x00000000a1400000, 0x00000000a1400000| Untracked 
|  21|0x00000000a1500000, 0x00000000a1500000, 0x00000000a1600000|  0%| F|  |TAMS 0x00000000a1500000, 0x00000000a1500000| Untracked 
|  22|0x00000000a1600000, 0x00000000a1600000, 0x00000000a1700000|  0%| F|  |TAMS 0x00000000a1600000, 0x00000000a1600000| Untracked 
|  23|0x00000000a1700000, 0x00000000a1700000, 0x00000000a1800000|  0%| F|  |TAMS 0x00000000a1700000, 0x00000000a1700000| Untracked 
|  24|0x00000000a1800000, 0x00000000a1800000, 0x00000000a1900000|  0%| F|  |TAMS 0x00000000a1800000, 0x00000000a1800000| Untracked 
|  25|0x00000000a1900000, 0x00000000a1900000, 0x00000000a1a00000|  0%| F|  |TAMS 0x00000000a1900000, 0x00000000a1900000| Untracked 
|  26|0x00000000a1a00000, 0x00000000a1a00000, 0x00000000a1b00000|  0%| F|  |TAMS 0x00000000a1a00000, 0x00000000a1a00000| Untracked 
|  27|0x00000000a1b00000, 0x00000000a1b00000, 0x00000000a1c00000|  0%| F|  |TAMS 0x00000000a1b00000, 0x00000000a1b00000| Untracked 
|  28|0x00000000a1c00000, 0x00000000a1c00000, 0x00000000a1d00000|  0%| F|  |TAMS 0x00000000a1c00000, 0x00000000a1c00000| Untracked 
|  29|0x00000000a1d00000, 0x00000000a1d00000, 0x00000000a1e00000|  0%| F|  |TAMS 0x00000000a1d00000, 0x00000000a1d00000| Untracked 
|  30|0x00000000a1e00000, 0x00000000a1e00000, 0x00000000a1f00000|  0%| F|  |TAMS 0x00000000a1e00000, 0x00000000a1e00000| Untracked 
|  31|0x00000000a1f00000, 0x00000000a1f00000, 0x00000000a2000000|  0%| F|  |TAMS 0x00000000a1f00000, 0x00000000a1f00000| Untracked 
|  32|0x00000000a2000000, 0x00000000a2000000, 0x00000000a2100000|  0%| F|  |TAMS 0x00000000a2000000, 0x00000000a2000000| Untracked 
|  33|0x00000000a2100000, 0x00000000a2100000, 0x00000000a2200000|  0%| F|  |TAMS 0x00000000a2100000, 0x00000000a2100000| Untracked 
|  34|0x00000000a2200000, 0x00000000a2200000, 0x00000000a2300000|  0%| F|  |TAMS 0x00000000a2200000, 0x00000000a2200000| Untracked 
|  35|0x00000000a2300000, 0x00000000a2300000, 0x00000000a2400000|  0%| F|  |TAMS 0x00000000a2300000, 0x00000000a2300000| Untracked 
|  36|0x00000000a2400000, 0x00000000a2400000, 0x00000000a2500000|  0%| F|  |TAMS 0x00000000a2400000, 0x00000000a2400000| Untracked 
|  37|0x00000000a2500000, 0x00000000a2500000, 0x00000000a2600000|  0%| F|  |TAMS 0x00000000a2500000, 0x00000000a2500000| Untracked 
|  38|0x00000000a2600000, 0x00000000a2600000, 0x00000000a2700000|  0%| F|  |TAMS 0x00000000a2600000, 0x00000000a2600000| Untracked 
|  39|0x00000000a2700000, 0x00000000a2700000, 0x00000000a2800000|  0%| F|  |TAMS 0x00000000a2700000, 0x00000000a2700000| Untracked 
|  40|0x00000000a2800000, 0x00000000a2800000, 0x00000000a2900000|  0%| F|  |TAMS 0x00000000a2800000, 0x00000000a2800000| Untracked 
|  41|0x00000000a2900000, 0x00000000a2900000, 0x00000000a2a00000|  0%| F|  |TAMS 0x00000000a2900000, 0x00000000a2900000| Untracked 
|  42|0x00000000a2a00000, 0x00000000a2a00000, 0x00000000a2b00000|  0%| F|  |TAMS 0x00000000a2a00000, 0x00000000a2a00000| Untracked 
|  43|0x00000000a2b00000, 0x00000000a2b00000, 0x00000000a2c00000|  0%| F|  |TAMS 0x00000000a2b00000, 0x00000000a2b00000| Untracked 
|  44|0x00000000a2c00000, 0x00000000a2c00000, 0x00000000a2d00000|  0%| F|  |TAMS 0x00000000a2c00000, 0x00000000a2c00000| Untracked 
|  45|0x00000000a2d00000, 0x00000000a2d00000, 0x00000000a2e00000|  0%| F|  |TAMS 0x00000000a2d00000, 0x00000000a2d00000| Untracked 
|  46|0x00000000a2e00000, 0x00000000a2e00000, 0x00000000a2f00000|  0%| F|  |TAMS 0x00000000a2e00000, 0x00000000a2e00000| Untracked 
|  47|0x00000000a2f00000, 0x00000000a2f00000, 0x00000000a3000000|  0%| F|  |TAMS 0x00000000a2f00000, 0x00000000a2f00000| Untracked 
|  48|0x00000000a3000000, 0x00000000a3000000, 0x00000000a3100000|  0%| F|  |TAMS 0x00000000a3000000, 0x00000000a3000000| Untracked 
|  49|0x00000000a3100000, 0x00000000a3100000, 0x00000000a3200000|  0%| F|  |TAMS 0x00000000a3100000, 0x00000000a3100000| Untracked 
|  50|0x00000000a3200000, 0x00000000a3200000, 0x00000000a3300000|  0%| F|  |TAMS 0x00000000a3200000, 0x00000000a3200000| Untracked 
|  51|0x00000000a3300000, 0x00000000a3300000, 0x00000000a3400000|  0%| F|  |TAMS 0x00000000a3300000, 0x00000000a3300000| Untracked 
|  52|0x00000000a3400000, 0x00000000a3400000, 0x00000000a3500000|  0%| F|  |TAMS 0x00000000a3400000, 0x00000000a3400000| Untracked 
|  53|0x00000000a3500000, 0x00000000a3500000, 0x00000000a3600000|  0%| F|  |TAMS 0x00000000a3500000, 0x00000000a3500000| Untracked 
|  54|0x00000000a3600000, 0x00000000a3600000, 0x00000000a3700000|  0%| F|  |TAMS 0x00000000a3600000, 0x00000000a3600000| Untracked 
|  55|0x00000000a3700000, 0x00000000a3700000, 0x00000000a3800000|  0%| F|  |TAMS 0x00000000a3700000, 0x00000000a3700000| Untracked 
|  56|0x00000000a3800000, 0x00000000a3800000, 0x00000000a3900000|  0%| F|  |TAMS 0x00000000a3800000, 0x00000000a3800000| Untracked 
|  57|0x00000000a3900000, 0x00000000a3900000, 0x00000000a3a00000|  0%| F|  |TAMS 0x00000000a3900000, 0x00000000a3900000| Untracked 
|  58|0x00000000a3a00000, 0x00000000a3a00000, 0x00000000a3b00000|  0%| F|  |TAMS 0x00000000a3a00000, 0x00000000a3a00000| Untracked 
|  59|0x00000000a3b00000, 0x00000000a3b00000, 0x00000000a3c00000|  0%| F|  |TAMS 0x00000000a3b00000, 0x00000000a3b00000| Untracked 
|  60|0x00000000a3c00000, 0x00000000a3c00000, 0x00000000a3d00000|  0%| F|  |TAMS 0x00000000a3c00000, 0x00000000a3c00000| Untracked 
|  61|0x00000000a3d00000, 0x00000000a3d00000, 0x00000000a3e00000|  0%| F|  |TAMS 0x00000000a3d00000, 0x00000000a3d00000| Untracked 
|  62|0x00000000a3e00000, 0x00000000a3f00000, 0x00000000a3f00000|100%| E|  |TAMS 0x00000000a3e00000, 0x00000000a3e00000| Complete 
|  63|0x00000000a3f00000, 0x00000000a4000000, 0x00000000a4000000|100%| E|CS|TAMS 0x00000000a3f00000, 0x00000000a3f00000| Complete 
|  64|0x00000000a4000000, 0x00000000a4100000, 0x00000000a4100000|100%| E|CS|TAMS 0x00000000a4000000, 0x00000000a4000000| Complete 
|  65|0x00000000a4100000, 0x00000000a4200000, 0x00000000a4200000|100%| E|CS|TAMS 0x00000000a4100000, 0x00000000a4100000| Complete 
|  66|0x00000000a4200000, 0x00000000a4300000, 0x00000000a4300000|100%| E|CS|TAMS 0x00000000a4200000, 0x00000000a4200000| Complete 
|  67|0x00000000a4300000, 0x00000000a4400000, 0x00000000a4400000|100%| E|CS|TAMS 0x00000000a4300000, 0x00000000a4300000| Complete 
|  68|0x00000000a4400000, 0x00000000a4500000, 0x00000000a4500000|100%| E|CS|TAMS 0x00000000a4400000, 0x00000000a4400000| Complete 
|  69|0x00000000a4500000, 0x00000000a4600000, 0x00000000a4600000|100%| E|CS|TAMS 0x00000000a4500000, 0x00000000a4500000| Complete 
|  70|0x00000000a4600000, 0x00000000a4700000, 0x00000000a4700000|100%| E|CS|TAMS 0x00000000a4600000, 0x00000000a4600000| Complete 
|  71|0x00000000a4700000, 0x00000000a4800000, 0x00000000a4800000|100%| E|CS|TAMS 0x00000000a4700000, 0x00000000a4700000| Complete 
|  72|0x00000000a4800000, 0x00000000a4900000, 0x00000000a4900000|100%| E|CS|TAMS 0x00000000a4800000, 0x00000000a4800000| Complete 
|  73|0x00000000a4900000, 0x00000000a4a00000, 0x00000000a4a00000|100%| E|CS|TAMS 0x00000000a4900000, 0x00000000a4900000| Complete 
|  74|0x00000000a4a00000, 0x00000000a4b00000, 0x00000000a4b00000|100%| E|CS|TAMS 0x00000000a4a00000, 0x00000000a4a00000| Complete 
|  75|0x00000000a4b00000, 0x00000000a4c00000, 0x00000000a4c00000|100%| E|CS|TAMS 0x00000000a4b00000, 0x00000000a4b00000| Complete 
|  76|0x00000000a4c00000, 0x00000000a4d00000, 0x00000000a4d00000|100%| E|CS|TAMS 0x00000000a4c00000, 0x00000000a4c00000| Complete 
|  77|0x00000000a4d00000, 0x00000000a4e00000, 0x00000000a4e00000|100%| E|CS|TAMS 0x00000000a4d00000, 0x00000000a4d00000| Complete 
|  78|0x00000000a4e00000, 0x00000000a4f00000, 0x00000000a4f00000|100%| E|CS|TAMS 0x00000000a4e00000, 0x00000000a4e00000| Complete 
|  79|0x00000000a4f00000, 0x00000000a5000000, 0x00000000a5000000|100%| E|CS|TAMS 0x00000000a4f00000, 0x00000000a4f00000| Complete 
|  80|0x00000000a5000000, 0x00000000a5100000, 0x00000000a5100000|100%| E|CS|TAMS 0x00000000a5000000, 0x00000000a5000000| Complete 
|  81|0x00000000a5100000, 0x00000000a5200000, 0x00000000a5200000|100%| E|CS|TAMS 0x00000000a5100000, 0x00000000a5100000| Complete 
|  82|0x00000000a5200000, 0x00000000a5300000, 0x00000000a5300000|100%| E|CS|TAMS 0x00000000a5200000, 0x00000000a5200000| Complete 
|  83|0x00000000a5300000, 0x00000000a5400000, 0x00000000a5400000|100%| E|CS|TAMS 0x00000000a5300000, 0x00000000a5300000| Complete 
|  84|0x00000000a5400000, 0x00000000a5500000, 0x00000000a5500000|100%| E|CS|TAMS 0x00000000a5400000, 0x00000000a5400000| Complete 
|  85|0x00000000a5500000, 0x00000000a5600000, 0x00000000a5600000|100%| E|CS|TAMS 0x00000000a5500000, 0x00000000a5500000| Complete 
|  86|0x00000000a5600000, 0x00000000a5700000, 0x00000000a5700000|100%| E|CS|TAMS 0x00000000a5600000, 0x00000000a5600000| Complete 
|  87|0x00000000a5700000, 0x00000000a5800000, 0x00000000a5800000|100%| E|CS|TAMS 0x00000000a5700000, 0x00000000a5700000| Complete 
|  88|0x00000000a5800000, 0x00000000a5900000, 0x00000000a5900000|100%| E|CS|TAMS 0x00000000a5800000, 0x00000000a5800000| Complete 
|  89|0x00000000a5900000, 0x00000000a5a00000, 0x00000000a5a00000|100%| E|CS|TAMS 0x00000000a5900000, 0x00000000a5900000| Complete 
|  90|0x00000000a5a00000, 0x00000000a5b00000, 0x00000000a5b00000|100%| E|CS|TAMS 0x00000000a5a00000, 0x00000000a5a00000| Complete 
|  91|0x00000000a5b00000, 0x00000000a5c00000, 0x00000000a5c00000|100%| E|CS|TAMS 0x00000000a5b00000, 0x00000000a5b00000| Complete 
|  92|0x00000000a5c00000, 0x00000000a5d00000, 0x00000000a5d00000|100%| E|CS|TAMS 0x00000000a5c00000, 0x00000000a5c00000| Complete 
|  93|0x00000000a5d00000, 0x00000000a5e00000, 0x00000000a5e00000|100%| E|CS|TAMS 0x00000000a5d00000, 0x00000000a5d00000| Complete 
|  94|0x00000000a5e00000, 0x00000000a5f00000, 0x00000000a5f00000|100%| E|CS|TAMS 0x00000000a5e00000, 0x00000000a5e00000| Complete 
|  95|0x00000000a5f00000, 0x00000000a6000000, 0x00000000a6000000|100%| E|CS|TAMS 0x00000000a5f00000, 0x00000000a5f00000| Complete 
|  96|0x00000000a6000000, 0x00000000a6100000, 0x00000000a6100000|100%| E|CS|TAMS 0x00000000a6000000, 0x00000000a6000000| Complete 
|  97|0x00000000a6100000, 0x00000000a6200000, 0x00000000a6200000|100%| S|CS|TAMS 0x00000000a6100000, 0x00000000a6100000| Complete 
|  98|0x00000000a6200000, 0x00000000a6300000, 0x00000000a6300000|100%| S|CS|TAMS 0x00000000a6200000, 0x00000000a6200000| Complete 
|  99|0x00000000a6300000, 0x00000000a6400000, 0x00000000a6400000|100%| S|CS|TAMS 0x00000000a6300000, 0x00000000a6300000| Complete 
| 100|0x00000000a6400000, 0x00000000a6500000, 0x00000000a6500000|100%| E|CS|TAMS 0x00000000a6400000, 0x00000000a6400000| Complete 
| 101|0x00000000a6500000, 0x00000000a6600000, 0x00000000a6600000|100%| E|CS|TAMS 0x00000000a6500000, 0x00000000a6500000| Complete 
| 102|0x00000000a6600000, 0x00000000a6700000, 0x00000000a6700000|100%| E|CS|TAMS 0x00000000a6600000, 0x00000000a6600000| Complete 
| 103|0x00000000a6700000, 0x00000000a6800000, 0x00000000a6800000|100%| E|CS|TAMS 0x00000000a6700000, 0x00000000a6700000| Complete 
| 104|0x00000000a6800000, 0x00000000a6900000, 0x00000000a6900000|100%| E|CS|TAMS 0x00000000a6800000, 0x00000000a6800000| Complete 
| 105|0x00000000a6900000, 0x00000000a6a00000, 0x00000000a6a00000|100%| E|CS|TAMS 0x00000000a6900000, 0x00000000a6900000| Complete 
| 106|0x00000000a6a00000, 0x00000000a6b00000, 0x00000000a6b00000|100%| E|CS|TAMS 0x00000000a6a00000, 0x00000000a6a00000| Complete 
| 107|0x00000000a6b00000, 0x00000000a6c00000, 0x00000000a6c00000|100%| E|CS|TAMS 0x00000000a6b00000, 0x00000000a6b00000| Complete 
| 108|0x00000000a6c00000, 0x00000000a6d00000, 0x00000000a6d00000|100%| E|CS|TAMS 0x00000000a6c00000, 0x00000000a6c00000| Complete 
| 109|0x00000000a6d00000, 0x00000000a6e00000, 0x00000000a6e00000|100%| E|CS|TAMS 0x00000000a6d00000, 0x00000000a6d00000| Complete 
| 110|0x00000000a6e00000, 0x00000000a6f00000, 0x00000000a6f00000|100%| E|CS|TAMS 0x00000000a6e00000, 0x00000000a6e00000| Complete 
| 111|0x00000000a6f00000, 0x00000000a7000000, 0x00000000a7000000|100%| E|CS|TAMS 0x00000000a6f00000, 0x00000000a6f00000| Complete 
| 112|0x00000000a7000000, 0x00000000a7100000, 0x00000000a7100000|100%| E|CS|TAMS 0x00000000a7000000, 0x00000000a7000000| Complete 
| 113|0x00000000a7100000, 0x00000000a7200000, 0x00000000a7200000|100%| E|CS|TAMS 0x00000000a7100000, 0x00000000a7100000| Complete 
| 114|0x00000000a7200000, 0x00000000a7300000, 0x00000000a7300000|100%| E|CS|TAMS 0x00000000a7200000, 0x00000000a7200000| Complete 
| 115|0x00000000a7300000, 0x00000000a7400000, 0x00000000a7400000|100%| E|CS|TAMS 0x00000000a7300000, 0x00000000a7300000| Complete 
| 116|0x00000000a7400000, 0x00000000a7500000, 0x00000000a7500000|100%| E|CS|TAMS 0x00000000a7400000, 0x00000000a7400000| Complete 
| 117|0x00000000a7500000, 0x00000000a7600000, 0x00000000a7600000|100%| E|CS|TAMS 0x00000000a7500000, 0x00000000a7500000| Complete 
| 118|0x00000000a7600000, 0x00000000a7700000, 0x00000000a7700000|100%| E|CS|TAMS 0x00000000a7600000, 0x00000000a7600000| Complete 
| 119|0x00000000a7700000, 0x00000000a7800000, 0x00000000a7800000|100%| E|CS|TAMS 0x00000000a7700000, 0x00000000a7700000| Complete 
| 120|0x00000000a7800000, 0x00000000a7900000, 0x00000000a7900000|100%| E|CS|TAMS 0x00000000a7800000, 0x00000000a7800000| Complete 
| 121|0x00000000a7900000, 0x00000000a7a00000, 0x00000000a7a00000|100%| E|CS|TAMS 0x00000000a7900000, 0x00000000a7900000| Complete 
| 122|0x00000000a7a00000, 0x00000000a7b00000, 0x00000000a7b00000|100%| E|CS|TAMS 0x00000000a7a00000, 0x00000000a7a00000| Complete 
| 123|0x00000000a7b00000, 0x00000000a7c00000, 0x00000000a7c00000|100%| E|CS|TAMS 0x00000000a7b00000, 0x00000000a7b00000| Complete 

Card table byte_map: [0x000001b8d0340000,0x000001b8d0640000] _byte_map_base: 0x000001b8cfe40000

Marking Bits (Prev, Next): (CMBitMap*) 0x000001b8b8ec99f0, (CMBitMap*) 0x000001b8b8ec9a30
 Prev Bits: [0x000001b8d0940000, 0x000001b8d2140000)
 Next Bits: [0x000001b8d2140000, 0x000001b8d3940000)

Polling page: 0x000001b8b75f0000

Metaspace:

Usage:
  Non-class:     12.85 MB used.
      Class:      2.15 MB used.
       Both:     15.00 MB used.

Virtual space:
  Non-class space:       16.00 MB reserved,      13.00 MB ( 81%) committed,  2 nodes.
      Class space:        1.00 GB reserved,       2.25 MB ( <1%) committed,  1 nodes.
             Both:        1.02 GB reserved,      15.25 MB (  1%) committed. 

Chunk freelists:
   Non-Class:  2.75 MB
       Class:  1.70 MB
        Both:  4.45 MB

MaxMetaspaceSize: unlimited
CompressedClassSpaceSize: 1.00 GB
Initial GC threshold: 21.00 MB
Current GC threshold: 21.00 MB
CDS: on
MetaspaceReclaimPolicy: balanced
 - commit_granule_bytes: 65536.
 - commit_granule_words: 8192.
 - virtual_space_node_default_size: 1048576.
 - enlarge_chunks_in_place: 1.
 - new_chunks_are_fully_committed: 0.
 - uncommit_free_chunks: 1.
 - use_allocation_guard: 0.
 - handle_deallocations: 1.


Internal statistics:

num_allocs_failed_limit: 0.
num_arena_births: 164.
num_arena_deaths: 0.
num_vsnodes_births: 3.
num_vsnodes_deaths: 0.
num_space_committed: 244.
num_space_uncommitted: 0.
num_chunks_returned_to_freelist: 0.
num_chunks_taken_from_freelist: 649.
num_chunk_merges: 0.
num_chunk_splits: 440.
num_chunks_enlarged: 334.
num_purges: 0.
num_inconsistent_stats: 0.

CodeHeap 'non-profiled nmethods': size=120000Kb used=1083Kb max_used=1083Kb free=118916Kb
 bounds [0x000001b8c84e0000, 0x000001b8c8750000, 0x000001b8cfa10000]
CodeHeap 'profiled nmethods': size=120000Kb used=4411Kb max_used=4411Kb free=115588Kb
 bounds [0x000001b8c0fb0000, 0x000001b8c1400000, 0x000001b8c84e0000]
CodeHeap 'non-nmethods': size=5760Kb used=1232Kb max_used=1248Kb free=4528Kb
 bounds [0x000001b8c0a10000, 0x000001b8c0c80000, 0x000001b8c0fb0000]
 total_blobs=2664 nmethods=2140 adapters=436
 compilation: enabled
              stopped_count=0, restarted_count=0
 full_count=0

Compilation events (20 events):
Event: 2.520 Thread 0x000001b8d5f48940 2076       3       java.lang.reflect.Method::hasGenericInformation (13 bytes)
Event: 2.520 Thread 0x000001b8d5f48940 nmethod 2076 0x000001b8c13db390 code [0x000001b8c13db520, 0x000001b8c13db698]
Event: 2.520 Thread 0x000001b8d5f48940 2080       3       org.gradle.internal.service.DefaultServiceRegistry$FactoryMethodService::<init> (22 bytes)
Event: 2.520 Thread 0x000001b8d5f47030 nmethod 2077 0x000001b8c85e8b10 code [0x000001b8c85e8cc0, 0x000001b8c85e8fb8]
Event: 2.520 Thread 0x000001b8d5f47030 2079       4       java.lang.ClassNotFoundException::<init> (7 bytes)
Event: 2.521 Thread 0x000001b8d5f48940 nmethod 2080 0x000001b8c13db710 code [0x000001b8c13db940, 0x000001b8c13dc3a8]
Event: 2.524 Thread 0x000001b8d5f47030 nmethod 2079 0x000001b8c85e9310 code [0x000001b8c85e94a0, 0x000001b8c85e9b88]
Event: 2.525 Thread 0x000001b8d5f47030 2081  s    4       java.lang.Throwable::fillInStackTrace (29 bytes)
Event: 2.527 Thread 0x000001b8d5f48940 2083       3       java.util.LinkedList$ListItr::<init> (47 bytes)
Event: 2.527 Thread 0x000001b8d5f47030 nmethod 2081 0x000001b8c85e9d10 code [0x000001b8c85e9ea0, 0x000001b8c85ea228]
Event: 2.527 Thread 0x000001b8d5f47030 2082       4       java.lang.ref.SoftReference::get (29 bytes)
Event: 2.527 Thread 0x000001b8d5f48940 nmethod 2083 0x000001b8c13dc710 code [0x000001b8c13dc8c0, 0x000001b8c13dcba8]
Event: 2.528 Thread 0x000001b8d5f47030 nmethod 2082 0x000001b8c85ea310 code [0x000001b8c85ea480, 0x000001b8c85ea578]
Event: 2.530 Thread 0x000001b8d5f48940 2084       3       java.lang.Class::privateGetDeclaredConstructors (79 bytes)
Event: 2.530 Thread 0x000001b8d5f48940 nmethod 2084 0x000001b8c13dcc90 code [0x000001b8c13dce80, 0x000001b8c13dd3c8]
Event: 2.530 Thread 0x000001b8d5f48940 2085       3       jdk.internal.reflect.ReflectionFactory::copyConstructor (11 bytes)
Event: 2.530 Thread 0x000001b8d5f48940 nmethod 2085 0x000001b8c13dd590 code [0x000001b8c13dd740, 0x000001b8c13dd928]
Event: 2.530 Thread 0x000001b8d5f48940 2086       3       java.lang.reflect.ReflectAccess::copyConstructor (5 bytes)
Event: 2.530 Thread 0x000001b8d5f48940 nmethod 2086 0x000001b8c13dda90 code [0x000001b8c13ddc40, 0x000001b8c13ddd88]
Event: 2.532 Thread 0x000001b8d5f47030 2087   !   4       java.net.URLClassLoader::findClass (47 bytes)

GC Heap History (6 events):
Event: 0.397 GC heap before
{Heap before GC invocations=0 (full 0):
 garbage-first heap   total 126976K, used 16384K [0x00000000a0000000, 0x0000000100000000)
  region size 1024K, 13 young (13312K), 0 survivors (0K)
 Metaspace       used 984K, committed 1152K, reserved 1056768K
  class space    used 78K, committed 128K, reserved 1048576K
}
Event: 0.401 GC heap after
{Heap after GC invocations=1 (full 0):
 garbage-first heap   total 126976K, used 3714K [0x00000000a0000000, 0x0000000100000000)
  region size 1024K, 2 young (2048K), 2 survivors (2048K)
 Metaspace       used 984K, committed 1152K, reserved 1056768K
  class space    used 78K, committed 128K, reserved 1048576K
}
Event: 0.810 GC heap before
{Heap before GC invocations=1 (full 0):
 garbage-first heap   total 126976K, used 22146K [0x00000000a0000000, 0x0000000100000000)
  region size 1024K, 17 young (17408K), 2 survivors (2048K)
 Metaspace       used 3824K, committed 4032K, reserved 1056768K
  class space    used 480K, committed 576K, reserved 1048576K
}
Event: 0.815 GC heap after
{Heap after GC invocations=2 (full 0):
 garbage-first heap   total 126976K, used 9516K [0x00000000a0000000, 0x0000000100000000)
  region size 1024K, 3 young (3072K), 3 survivors (3072K)
 Metaspace       used 3824K, committed 4032K, reserved 1056768K
  class space    used 480K, committed 576K, reserved 1048576K
}
Event: 1.103 GC heap before
{Heap before GC invocations=2 (full 0):
 garbage-first heap   total 126976K, used 31020K [0x00000000a0000000, 0x0000000100000000)
  region size 1024K, 24 young (24576K), 3 survivors (3072K)
 Metaspace       used 3945K, committed 4160K, reserved 1056768K
  class space    used 482K, committed 576K, reserved 1048576K
}
Event: 1.108 GC heap after
{Heap after GC invocations=3 (full 0):
 garbage-first heap   total 126976K, used 13238K [0x00000000a0000000, 0x0000000100000000)
  region size 1024K, 3 young (3072K), 3 survivors (3072K)
 Metaspace       used 3945K, committed 4160K, reserved 1056768K
  class space    used 482K, committed 576K, reserved 1048576K
}

Deoptimization events (20 events):
Event: 2.243 Thread 0x000001b8d7cd8510 Uncommon trap: trap_request=0xffffffde fr.pc=0x000001b8c84f8e90 relative=0x0000000000000530
Event: 2.243 Thread 0x000001b8d7cd8510 Uncommon trap: reason=class_check action=maybe_recompile pc=0x000001b8c84f8e90 method=java.util.regex.Matcher.match(II)Z @ 121 c2
Event: 2.243 Thread 0x000001b8d7cd8510 DEOPT PACKING pc=0x000001b8c84f8e90 sp=0x0000004c41afa080
Event: 2.243 Thread 0x000001b8d7cd8510 DEOPT UNPACKING pc=0x000001b8c0a65ba3 sp=0x0000004c41afa030 mode 2
Event: 2.255 Thread 0x000001b8d7cd8510 Uncommon trap: trap_request=0xffffffde fr.pc=0x000001b8c84f8e90 relative=0x0000000000000530
Event: 2.255 Thread 0x000001b8d7cd8510 Uncommon trap: reason=class_check action=maybe_recompile pc=0x000001b8c84f8e90 method=java.util.regex.Matcher.match(II)Z @ 121 c2
Event: 2.255 Thread 0x000001b8d7cd8510 DEOPT PACKING pc=0x000001b8c84f8e90 sp=0x0000004c41af9ce0
Event: 2.255 Thread 0x000001b8d7cd8510 DEOPT UNPACKING pc=0x000001b8c0a65ba3 sp=0x0000004c41af9c90 mode 2
Event: 2.280 Thread 0x000001b8d7cd8510 Uncommon trap: trap_request=0xffffff45 fr.pc=0x000001b8c84f5338 relative=0x0000000000000198
Event: 2.280 Thread 0x000001b8d7cd8510 Uncommon trap: reason=unstable_if action=reinterpret pc=0x000001b8c84f5338 method=java.util.regex.Matcher.reset()Ljava/util/regex/Matcher; @ 47 c2
Event: 2.280 Thread 0x000001b8d7cd8510 DEOPT PACKING pc=0x000001b8c84f5338 sp=0x0000004c41af8bd0
Event: 2.280 Thread 0x000001b8d7cd8510 DEOPT UNPACKING pc=0x000001b8c0a65ba3 sp=0x0000004c41af8b58 mode 2
Event: 2.280 Thread 0x000001b8d7cd8510 Uncommon trap: trap_request=0xffffff45 fr.pc=0x000001b8c84f8f6c relative=0x000000000000060c
Event: 2.280 Thread 0x000001b8d7cd8510 Uncommon trap: reason=unstable_if action=reinterpret pc=0x000001b8c84f8f6c method=java.util.regex.Matcher.match(II)Z @ 76 c2
Event: 2.280 Thread 0x000001b8d7cd8510 DEOPT PACKING pc=0x000001b8c84f8f6c sp=0x0000004c41af8c10
Event: 2.280 Thread 0x000001b8d7cd8510 DEOPT UNPACKING pc=0x000001b8c0a65ba3 sp=0x0000004c41af8bd0 mode 2
Event: 2.328 Thread 0x000001b8d7cd8510 Uncommon trap: trap_request=0xffffff45 fr.pc=0x000001b8c84fa96c relative=0x0000000000000a8c
Event: 2.328 Thread 0x000001b8d7cd8510 Uncommon trap: reason=unstable_if action=reinterpret pc=0x000001b8c84fa96c method=java.io.WinNTFileSystem.resolve(Ljava/lang/String;Ljava/lang/String;)Ljava/lang/String; @ 19 c2
Event: 2.328 Thread 0x000001b8d7cd8510 DEOPT PACKING pc=0x000001b8c84fa96c sp=0x0000004c41afb600
Event: 2.328 Thread 0x000001b8d7cd8510 DEOPT UNPACKING pc=0x000001b8c0a65ba3 sp=0x0000004c41afb5b8 mode 2

Classes unloaded (0 events):
No events

Classes redefined (0 events):
No events

Internal exceptions (20 events):
Event: 1.624 Thread 0x000001b8b8e7e340 Exception <a 'java/lang/NoSuchMethodError'{0x00000000a6a2d200}: 'java.lang.Object java.lang.invoke.DirectMethodHandle$Holder.invokeStaticInit(java.lang.Object, java.lang.Object, int, int, int, int)'> (0x00000000a6a2d200) 
thrown [s\open\src\hotspot\share\interpreter\linkResolver.cpp, line 759]
Event: 1.843 Thread 0x000001b8b8e7e340 Exception <a 'java/lang/NoSuchMethodError'{0x00000000a6911470}: 'java.lang.Object java.lang.invoke.DirectMethodHandle$Holder.invokeStaticInit(java.lang.Object, int)'> (0x00000000a6911470) 
thrown [s\open\src\hotspot\share\interpreter\linkResolver.cpp, line 759]
Event: 1.857 Thread 0x000001b8b8e7e340 Exception <a 'java/lang/NoSuchMethodError'{0x00000000a697c328}: 'void java.lang.invoke.DirectMethodHandle$Holder.invokeStatic(java.lang.Object, java.lang.Object, java.lang.Object)'> (0x00000000a697c328) 
thrown [s\open\src\hotspot\share\interpreter\linkResolver.cpp, line 759]
Event: 1.880 Thread 0x000001b8b8e7e340 Exception <a 'java/io/IOException'{0x00000000a681a848}> (0x00000000a681a848) 
thrown [s\open\src\hotspot\share\prims\jni.cpp, line 516]
Event: 2.072 Thread 0x000001b8d7cd8510 Exception <a 'java/lang/NoSuchMethodError'{0x00000000a5f0f820}: 'long java.lang.invoke.DirectMethodHandle$Holder.invokeInterface(java.lang.Object, java.lang.Object)'> (0x00000000a5f0f820) 
thrown [s\open\src\hotspot\share\interpreter\linkResolver.cpp, line 759]
Event: 2.074 Thread 0x000001b8d7cd8510 Exception <a 'java/lang/NoSuchMethodError'{0x00000000a5f1d998}: 'void java.lang.invoke.DelegatingMethodHandle$Holder.reinvoke_L(java.lang.Object, java.lang.Object, java.lang.Object, java.lang.Object, java.lang.Object, java.lang.Object, java.lang.Object)'> (0x00000000a5f1d998) 
thrown [s\open\src\hotspot\share\interpreter\linkResolver.cpp, line 759]
Event: 2.249 Thread 0x000001b8d7cd8510 Exception <a 'java/lang/NoSuchMethodError'{0x00000000a5283a38}: 'void java.lang.invoke.DirectMethodHandle$Holder.invokeStaticInit(java.lang.Object)'> (0x00000000a5283a38) 
thrown [s\open\src\hotspot\share\interpreter\linkResolver.cpp, line 759]
Event: 2.250 Thread 0x000001b8d7cd8510 Exception <a 'java/lang/NoSuchMethodError'{0x00000000a529a530}: 'void java.lang.invoke.DirectMethodHandle$Holder.invokeSpecial(java.lang.Object, java.lang.Object, java.lang.Object)'> (0x00000000a529a530) 
thrown [s\open\src\hotspot\share\interpreter\linkResolver.cpp, line 759]
Event: 2.263 Thread 0x000001b8d7cd8510 Exception <a 'java/lang/NoSuchMethodError'{0x00000000a5124f20}: 'java.lang.Object java.lang.invoke.DirectMethodHandle$Holder.newInvokeSpecial(java.lang.Object, java.lang.Object, java.lang.Object, int)'> (0x00000000a5124f20) 
thrown [s\open\src\hotspot\share\interpreter\linkResolver.cpp, line 759]
Event: 2.264 Thread 0x000001b8d7cd8510 Exception <a 'java/lang/NoSuchMethodError'{0x00000000a5129da0}: 'java.lang.Object java.lang.invoke.DirectMethodHandle$Holder.invokeSpecial(java.lang.Object, java.lang.Object, java.lang.Object, java.lang.Object, int)'> (0x00000000a5129da0) 
thrown [s\open\src\hotspot\share\interpreter\linkResolver.cpp, line 759]
Event: 2.264 Thread 0x000001b8d7cd8510 Exception <a 'java/lang/NoSuchMethodError'{0x00000000a512e408}: 'java.lang.Object java.lang.invoke.Invokers$Holder.linkToTargetMethod(java.lang.Object, java.lang.Object, int, java.lang.Object)'> (0x00000000a512e408) 
thrown [s\open\src\hotspot\share\interpreter\linkResolver.cpp, line 759]
Event: 2.348 Thread 0x000001b8d7cd8510 Exception <a 'java/lang/NoSuchMethodError'{0x00000000a4c18150}: 'java.lang.Object java.lang.invoke.DirectMethodHandle$Holder.newInvokeSpecial(java.lang.Object, java.lang.Object, java.lang.Object, java.lang.Object, java.lang.Object)'> (0x00000000a4c18150) 
thrown [s\open\src\hotspot\share\interpreter\linkResolver.cpp, line 759]
Event: 2.361 Thread 0x000001b8d7cd8510 Exception <a 'java/lang/NoSuchMethodError'{0x00000000a4b14f48}: 'int java.lang.invoke.DirectMethodHandle$Holder.invokeSpecialIFC(java.lang.Object, java.lang.Object, java.lang.Object, java.lang.Object)'> (0x00000000a4b14f48) 
thrown [s\open\src\hotspot\share\interpreter\linkResolver.cpp, line 759]
Event: 2.362 Thread 0x000001b8d7cd8510 Exception <a 'java/lang/NoSuchMethodError'{0x00000000a4b23f20}: 'java.lang.Object java.lang.invoke.DirectMethodHandle$Holder.invokeInterface(java.lang.Object, java.lang.Object, java.lang.Object)'> (0x00000000a4b23f20) 
thrown [s\open\src\hotspot\share\interpreter\linkResolver.cpp, line 759]
Event: 2.363 Thread 0x000001b8d7cd8510 Exception <a 'java/lang/IncompatibleClassChangeError'{0x00000000a4b27df8}: Found class java.lang.Object, but interface was expected> (0x00000000a4b27df8) 
thrown [s\open\src\hotspot\share\interpreter\linkResolver.cpp, line 826]
Event: 2.407 Thread 0x000001b8d7cd8510 Exception <a 'java/lang/NoSuchMethodError'{0x00000000a49de398}: 'int java.lang.invoke.DirectMethodHandle$Holder.invokeStatic(java.lang.Object, java.lang.Object, java.lang.Object, java.lang.Object)'> (0x00000000a49de398) 
thrown [s\open\src\hotspot\share\interpreter\linkResolver.cpp, line 759]
Event: 2.407 Thread 0x000001b8d7cd8510 Exception <a 'java/lang/NoSuchMethodError'{0x00000000a49e2268}: 'java.lang.Object java.lang.invoke.Invokers$Holder.invokeExact_MT(java.lang.Object, java.lang.Object, java.lang.Object, java.lang.Object, java.lang.Object, java.lang.Object)'> (0x00000000a49e2268) 
thrown [s\open\src\hotspot\share\interpreter\linkResolver.cpp, line 759]
Event: 2.421 Thread 0x000001b8d7cd8510 Exception <a 'java/lang/NoSuchMethodError'{0x00000000a4888eb0}: 'java.lang.Object java.lang.invoke.DirectMethodHandle$Holder.invokeInterface(java.lang.Object, java.lang.Object)'> (0x00000000a4888eb0) 
thrown [s\open\src\hotspot\share\interpreter\linkResolver.cpp, line 759]
Event: 2.458 Thread 0x000001b8d7cd8510 Exception <a 'java/lang/NoSuchMethodError'{0x00000000a4615470}: 'void java.lang.invoke.DirectMethodHandle$Holder.invokeSpecial(java.lang.Object, java.lang.Object, java.lang.Object, java.lang.Object, java.lang.Object)'> (0x00000000a4615470) 
thrown [s\open\src\hotspot\share\interpreter\linkResolver.cpp, line 759]
Event: 2.482 Thread 0x000001b8d7cd8510 Exception <a 'java/lang/NoSuchMethodError'{0x00000000a456f540}: 'java.lang.Object java.lang.invoke.DirectMethodHandle$Holder.invokeSpecial(java.lang.Object, java.lang.Object, java.lang.Object, java.lang.Object, java.lang.Object, java.lang.Object, java.lang.Object, java.lang.Object, java.lang.Object)'> (0x00000000a456f540) 
thrown [s\open\src\hotspot\share\interpreter\linkResolver.cpp, line 759]

VM Operations (20 events):
Event: 1.362 Executing VM operation: HandshakeAllThreads
Event: 1.362 Executing VM operation: HandshakeAllThreads done
Event: 1.515 Executing VM operation: HandshakeAllThreads
Event: 1.515 Executing VM operation: HandshakeAllThreads done
Event: 1.549 Executing VM operation: HandshakeAllThreads
Event: 1.549 Executing VM operation: HandshakeAllThreads done
Event: 1.620 Executing VM operation: HandshakeAllThreads
Event: 1.620 Executing VM operation: HandshakeAllThreads done
Event: 1.856 Executing VM operation: HandshakeAllThreads
Event: 1.856 Executing VM operation: HandshakeAllThreads done
Event: 1.908 Executing VM operation: HandshakeAllThreads
Event: 1.908 Executing VM operation: HandshakeAllThreads done
Event: 2.187 Executing VM operation: HandshakeAllThreads
Event: 2.187 Executing VM operation: HandshakeAllThreads done
Event: 2.187 Executing VM operation: Cleanup
Event: 2.187 Executing VM operation: Cleanup done
Event: 2.187 Executing VM operation: HandshakeAllThreads
Event: 2.188 Executing VM operation: HandshakeAllThreads done
Event: 2.335 Executing VM operation: HandshakeAllThreads
Event: 2.335 Executing VM operation: HandshakeAllThreads done

Events (20 events):
Event: 2.363 loading class java/util/stream/ReduceOps$1
Event: 2.363 loading class java/util/stream/ReduceOps$1 done
Event: 2.363 loading class java/util/stream/ReduceOps$1ReducingSink
Event: 2.363 loading class java/util/stream/ReduceOps$1ReducingSink done
Event: 2.370 loading class java/io/ObjectOutputStream
Event: 2.370 loading class java/io/ObjectOutput
Event: 2.370 loading class java/io/ObjectOutput done
Event: 2.370 loading class java/io/ObjectStreamConstants
Event: 2.370 loading class java/io/ObjectStreamConstants done
Event: 2.370 loading class java/io/ObjectOutputStream done
Event: 2.370 loading class java/io/ObjectInputStream
Event: 2.371 loading class java/io/ObjectInput
Event: 2.371 loading class java/io/ObjectInput done
Event: 2.371 loading class java/io/ObjectInputStream done
Event: 2.383 loading class java/lang/management/MemoryType
Event: 2.383 loading class java/lang/management/MemoryType done
Event: 2.384 loading class java/lang/management/MemoryUsage
Event: 2.384 loading class java/lang/management/MemoryUsage done
Event: 2.384 loading class java/util/concurrent/LinkedBlockingDeque$Node
Event: 2.384 loading class java/util/concurrent/LinkedBlockingDeque$Node done


Dynamic libraries:
0x00007ff650030000 - 0x00007ff650040000 	C:\Program Files\Java\jdk-17.0.5\bin\java.exe
0x00007ffd562d0000 - 0x00007ffd564e4000 	C:\WINDOWS\SYSTEM32\ntdll.dll
0x00007ffd55a60000 - 0x00007ffd55b22000 	C:\WINDOWS\System32\KERNEL32.DLL
0x00007ffd53750000 - 0x00007ffd53aec000 	C:\WINDOWS\System32\KERNELBASE.dll
0x00007ffd532f0000 - 0x00007ffd53401000 	C:\WINDOWS\System32\ucrtbase.dll
0x00007ffd1ab40000 - 0x00007ffd1ab5a000 	C:\Program Files\Java\jdk-17.0.5\bin\VCRUNTIME140.dll
0x00007ffd24c00000 - 0x00007ffd24c18000 	C:\Program Files\Java\jdk-17.0.5\bin\jli.dll
0x00007ffd555a0000 - 0x00007ffd5564e000 	C:\WINDOWS\System32\ADVAPI32.dll
0x00007ffd55680000 - 0x00007ffd55727000 	C:\WINDOWS\System32\msvcrt.dll
0x00007ffd558b0000 - 0x00007ffd55954000 	C:\WINDOWS\System32\sechost.dll
0x00007ffd55f70000 - 0x00007ffd56087000 	C:\WINDOWS\System32\RPCRT4.dll
0x00007ffd541c0000 - 0x00007ffd5436b000 	C:\WINDOWS\System32\USER32.dll
0x00007ffd53410000 - 0x00007ffd53436000 	C:\WINDOWS\System32\win32u.dll
0x00007ffd544f0000 - 0x00007ffd54519000 	C:\WINDOWS\System32\GDI32.dll
0x00007ffd53440000 - 0x00007ffd53553000 	C:\WINDOWS\System32\gdi32full.dll
0x00007ffd3d490000 - 0x00007ffd3d71e000 	C:\WINDOWS\WinSxS\amd64_microsoft.windows.common-controls_6595b64144ccf1df_6.0.22621.608_none_a9444ca7c10bb01d\COMCTL32.dll
0x00007ffd53560000 - 0x00007ffd535fa000 	C:\WINDOWS\System32\msvcp_win.dll
0x00007ffd52f40000 - 0x00007ffd52f4a000 	C:\WINDOWS\SYSTEM32\VERSION.dll
0x00007ffd54630000 - 0x00007ffd54661000 	C:\WINDOWS\System32\IMM32.DLL
0x0000000068370000 - 0x000000006837c000 	D:\360安全卫士\360Safe\safemon\SafeWrapper.dll
0x00007ffd38f80000 - 0x00007ffd39022000 	D:\360安全卫士\360Safe\safemon\libzdtp64.dll
0x00007ffd54680000 - 0x00007ffd54e70000 	C:\WINDOWS\System32\SHELL32.dll
0x00007ffd55f10000 - 0x00007ffd55f6e000 	C:\WINDOWS\System32\SHLWAPI.dll
0x00007ffd3cff0000 - 0x00007ffd3cffc000 	C:\Program Files\Java\jdk-17.0.5\bin\vcruntime140_1.dll
0x00007ffd11ed0000 - 0x00007ffd11f5d000 	C:\Program Files\Java\jdk-17.0.5\bin\msvcp140.dll
0x00007ffcd0780000 - 0x00007ffcd1342000 	C:\Program Files\Java\jdk-17.0.5\bin\server\jvm.dll
0x00007ffd55590000 - 0x00007ffd55598000 	C:\WINDOWS\System32\PSAPI.DLL
0x00007ffd4a2d0000 - 0x00007ffd4a2d9000 	C:\WINDOWS\SYSTEM32\WSOCK32.dll
0x00007ffd54470000 - 0x00007ffd544e1000 	C:\WINDOWS\System32\WS2_32.dll
0x00007ffd46520000 - 0x00007ffd46554000 	C:\WINDOWS\SYSTEM32\WINMM.dll
0x00007ffd52390000 - 0x00007ffd523a8000 	C:\WINDOWS\SYSTEM32\kernel.appcore.dll
0x00007ffd3ccb0000 - 0x00007ffd3ccba000 	C:\Program Files\Java\jdk-17.0.5\bin\jimage.dll
0x00007ffd50d70000 - 0x00007ffd50f9e000 	C:\WINDOWS\SYSTEM32\DBGHELP.DLL
0x00007ffd55b80000 - 0x00007ffd55f09000 	C:\WINDOWS\System32\combase.dll
0x00007ffd54550000 - 0x00007ffd54627000 	C:\WINDOWS\System32\OLEAUT32.dll
0x00007ffd27500000 - 0x00007ffd27532000 	C:\WINDOWS\SYSTEM32\dbgcore.DLL
0x00007ffd53bb0000 - 0x00007ffd53c2b000 	C:\WINDOWS\System32\bcryptPrimitives.dll
0x00007ffd17f80000 - 0x00007ffd17fa5000 	C:\Program Files\Java\jdk-17.0.5\bin\java.dll
0x00007ffceffc0000 - 0x00007ffcf0096000 	C:\Program Files\Java\jdk-17.0.5\bin\jsvml.dll
0x00007ffd510e0000 - 0x00007ffd519ad000 	C:\WINDOWS\SYSTEM32\windows.storage.dll
0x00007ffd50fa0000 - 0x00007ffd510de000 	C:\WINDOWS\SYSTEM32\wintypes.dll
0x00007ffd557b0000 - 0x00007ffd558a1000 	C:\WINDOWS\System32\SHCORE.dll
0x00007ffd53210000 - 0x00007ffd53231000 	C:\WINDOWS\SYSTEM32\profapi.dll
0x00007ffd1a2e0000 - 0x00007ffd1a2f9000 	C:\Program Files\Java\jdk-17.0.5\bin\net.dll
0x00007ffd49490000 - 0x00007ffd495c7000 	C:\WINDOWS\SYSTEM32\WINHTTP.dll
0x00007ffd52820000 - 0x00007ffd52889000 	C:\WINDOWS\system32\mswsock.dll
0x00007ffd17aa0000 - 0x00007ffd17ab6000 	C:\Program Files\Java\jdk-17.0.5\bin\nio.dll
0x00007ffd12090000 - 0x00007ffd120a8000 	C:\Program Files\Java\jdk-17.0.5\bin\zip.dll
0x00007ffd3c940000 - 0x00007ffd3c950000 	C:\Program Files\Java\jdk-17.0.5\bin\verify.dll
0x00007ffd11ea0000 - 0x00007ffd11ec7000 	C:\Users\HP\.gradle\native\e1d6ef7f7dcc3fd88c89a11ec53ec762bb8ba0a96d01ffa2cd45eb1d1d8dd5c5\windows-amd64\native-platform.dll
0x00007ffcefe70000 - 0x00007ffceffb4000 	C:\Users\HP\.gradle\native\0d407fdbe67a94daf76414ababcb853783967236a71b16ec16e742cd7a986fd3\windows-amd64\native-platform-file-events.dll
0x00007ffd3c3b0000 - 0x00007ffd3c3b9000 	C:\Program Files\Java\jdk-17.0.5\bin\management.dll
0x00007ffd3c1f0000 - 0x00007ffd3c1fb000 	C:\Program Files\Java\jdk-17.0.5\bin\management_ext.dll
0x00007ffd52a80000 - 0x00007ffd52a9b000 	C:\WINDOWS\SYSTEM32\CRYPTSP.dll
0x00007ffd522e0000 - 0x00007ffd52315000 	C:\WINDOWS\system32\rsaenh.dll
0x00007ffd52920000 - 0x00007ffd52948000 	C:\WINDOWS\SYSTEM32\USERENV.dll
0x00007ffd52c40000 - 0x00007ffd52c68000 	C:\WINDOWS\SYSTEM32\bcrypt.dll
0x00007ffd52aa0000 - 0x00007ffd52aac000 	C:\WINDOWS\SYSTEM32\CRYPTBASE.dll
0x00007ffd51ed0000 - 0x00007ffd51efd000 	C:\WINDOWS\SYSTEM32\IPHLPAPI.DLL
0x00007ffd55670000 - 0x00007ffd55679000 	C:\WINDOWS\System32\NSI.dll
0x00007ffd46430000 - 0x00007ffd46449000 	C:\WINDOWS\SYSTEM32\dhcpcsvc6.DLL
0x00007ffd45ff0000 - 0x00007ffd4600f000 	C:\WINDOWS\SYSTEM32\dhcpcsvc.DLL
0x00007ffd51f00000 - 0x00007ffd51ff3000 	C:\WINDOWS\SYSTEM32\DNSAPI.dll
0x00007ffd4f9f0000 - 0x00007ffd4f9fe000 	C:\Program Files\Java\jdk-17.0.5\bin\sunmscapi.dll
0x00007ffd53ca0000 - 0x00007ffd53e06000 	C:\WINDOWS\System32\CRYPT32.dll
0x00007ffd52c10000 - 0x00007ffd52c3e000 	C:\WINDOWS\SYSTEM32\ncrypt.dll
0x00007ffd52bd0000 - 0x00007ffd52c07000 	C:\WINDOWS\SYSTEM32\NTASN1.dll
0x00007ffd4f9e0000 - 0x00007ffd4f9e8000 	C:\WINDOWS\system32\wshunix.dll

dbghelp: loaded successfully - version: 4.0.5 - missing functions: none
symbol engine: initialized successfully - sym options: 0x614 - pdb path: .;C:\Program Files\Java\jdk-17.0.5\bin;C:\WINDOWS\SYSTEM32;C:\WINDOWS\WinSxS\amd64_microsoft.windows.common-controls_6595b64144ccf1df_6.0.22621.608_none_a9444ca7c10bb01d;D:\360安全卫士\360Safe\safemon;C:\Program Files\Java\jdk-17.0.5\bin\se;C:\Program Files\Java\jdk-17.0.5\bin\se;C:\Program Files\Java\jdk-17.0.5\bin\se;C:\Program Files\Java\jdk-17.0.5\bin\se;C:\Program Files\Java\jdk-17.0.5\bin\se;C:\Program Files\Java\jdk-17.0.5\bin\se;C:\Program Files\Java\jdk-17.0.5\bin\se;C:\Program Files\Java\jdk-17.0.5\bin\server;C:\Users\HP\.gradle\native\e1d6ef7f7dcc3fd88c89a11ec53ec762bb8ba0a96d01ffa2cd45eb1d1d8dd5c5\windows-a;C:\Users\HP\.gradle\native\e1d6ef7f7dcc3fd88c89a11ec53ec762bb8ba0a96d01ffa2cd45eb1d1d8dd5c5\windows-amd64;C:\Users\HP\.gradle\native\0d407fdbe67a94daf76414ababcb853783967236a71b16ec16e742cd7a986fd3\windows-a;C:\Users\HP\.gradle\native\0d407fdbe67a94daf76414ababcb853783967236a71b16ec16e742cd7a986fd3\windows-a;C:\Users\HP\.gradle\native\0d407fdbe67a94daf76414ababcb853783967236a71b16ec16e742cd7a986fd3\windows-a;C:\Users\HP\.gradle\native\0d407fdbe67a94daf76414ababcb853783967236a71b16ec16e742cd7a986fd3\windows-a;C:\Users\HP\.gradle\native\0d407fdbe67a94daf76414ababcb853783967236a71b16ec16e742cd7a986fd3\windows-a

VM Arguments:
jvm_args: --add-opens=java.base/java.util=ALL-UNNAMED --add-opens=java.base/java.lang=ALL-UNNAMED --add-opens=java.base/java.lang.invoke=ALL-UNNAMED --add-opens=java.base/java.util=ALL-UNNAMED --add-opens=java.prefs/java.util.prefs=ALL-UNNAMED --add-opens=java.prefs/java.util.prefs=ALL-UNNAMED --add-opens=java.base/java.nio.charset=ALL-UNNAMED --add-opens=java.base/java.net=ALL-UNNAMED --add-opens=java.base/java.util.concurrent.atomic=ALL-UNNAMED -Xmx1536M -Dfile.encoding=GBK -Duser.country=CN -Duser.language=zh -Duser.variant 
java_command: org.gradle.launcher.daemon.bootstrap.GradleDaemon 7.4
java_class_path (initial): C:\Users\HP\.gradle\wrapper\dists\gradle-7.4-all\aadb4xli5jkdsnukm30eibyiu\gradle-7.4\lib\gradle-launcher-7.4.jar
Launcher Type: SUN_STANDARD

[Global flags]
     intx CICompilerCount                          = 3                                         {product} {ergonomic}
     uint ConcGCThreads                            = 1                                         {product} {ergonomic}
     uint G1ConcRefinementThreads                  = 4                                         {product} {ergonomic}
   size_t G1HeapRegionSize                         = 1048576                                   {product} {ergonomic}
    uintx GCDrainStackTargetSize                   = 64                                        {product} {ergonomic}
   size_t InitialHeapSize                          = 130023424                                 {product} {ergonomic}
   size_t MarkStackSize                            = 4194304                                   {product} {ergonomic}
   size_t MaxHeapSize                              = 1610612736                                {product} {command line}
   size_t MaxNewSize                               = 965738496                                 {product} {ergonomic}
   size_t MinHeapDeltaBytes                        = 1048576                                   {product} {ergonomic}
   size_t MinHeapSize                              = 8388608                                   {product} {ergonomic}
    uintx NonNMethodCodeHeapSize                   = 5832780                                {pd product} {ergonomic}
    uintx NonProfiledCodeHeapSize                  = 122912730                              {pd product} {ergonomic}
    uintx ProfiledCodeHeapSize                     = 122912730                              {pd product} {ergonomic}
    uintx ReservedCodeCacheSize                    = 251658240                              {pd product} {ergonomic}
     bool SegmentedCodeCache                       = true                                      {product} {ergonomic}
   size_t SoftMaxHeapSize                          = 1610612736                             {manageable} {ergonomic}
     bool UseCompressedClassPointers               = true                           {product lp64_product} {ergonomic}
     bool UseCompressedOops                        = true                           {product lp64_product} {ergonomic}
     bool UseG1GC                                  = true                                      {product} {ergonomic}
     bool UseLargePagesIndividualAllocation        = false                                  {pd product} {ergonomic}

Logging:
Log output configuration:
 #0: stdout all=warning uptime,level,tags
 #1: stderr all=off uptime,level,tags

Environment Variables:
JAVA_HOME=C:\Program Files\Java\jdk-17.0.5
CLASSPATH=D:\Star-Pixel-Dungeon\\gradle\wrapper\gradle-wrapper.jar
PATH=D:\VMware Workstation\bin\;C:\Program Files\Common Files\Oracle\Java\javapath;C:\Program Files\Java\jdk-17.0.5\bin;C:\Program Files\Java\jdk-17.0.5\jre\bin;C:\Program Files (x86)\Common Files\Oracle\Java\javapath;C:\ProgramData\Oracle\Java\javapath;C:\windows\system32;C:\windows;C:\windows\System32\Wbem;C:\windows\System32\WindowsPowerShell\v1.0\;C:\windows\System32\OpenSSH\;C:\Program Files (x86)\NVIDIA Corporation\PhysX\Common;C:\Program Files\dotnet\;D:\Steam;D:\PCL2;D:\Geph4;D:\Steam+;D:\TIM\Bin;C:\Git\cmd;C:\Git;D:\WeChat;C:\Program Files\Intel\Intel(R) Memory and Storage Tool\;C:\WINDOWS\system32;C:\WINDOWS;C:\WINDOWS\System32\Wbem;C:\WINDOWS\System32\WindowsPowerShell\v1.0\;C:\WINDOWS\System32\OpenSSH\;C:\Program Files (x86)\dotnet\;D:\VMware Workstation;D:\Android Studio\bin;D:\Honkai Impact 3\Games;D:\Honkai Impact 3;C:\Users\HP\AppData\Local\Microsoft\WindowsApps;C:\Users\HP\AppData\Local\GitHubDesktop\bin;
USERNAME=HP
OS=Windows_NT
PROCESSOR_IDENTIFIER=Intel64 Family 6 Model 140 Stepping 1, GenuineIntel



---------------  S Y S T E M  ---------------

OS:
 Windows 11 , 64 bit Build 22621 (10.0.22621.1485)
OS uptime: 0 days 7:43 hours
Hyper-V role detected

CPU: total 4 (initial active 4) (2 cores per cpu, 2 threads per core) family 6 model 140 stepping 1 microcode 0x9a, cx8, cmov, fxsr, ht, mmx, 3dnowpref, sse, sse2, sse3, ssse3, sse4.1, sse4.2, popcnt, lzcnt, tsc, tscinvbit, avx, avx2, aes, erms, clmul, bmi1, bmi2, adx, avx512f, avx512dq, avx512cd, avx512bw, avx512vl, sha, fma, vzeroupper, avx512_vpopcntdq, avx512_vpclmulqdq, avx512_vaes, avx512_vnni, clflush, clflushopt, clwb, avx512_vbmi2, avx512_vbmi, hv

Memory: 4k page, system-wide physical 7834M (1109M free)
TotalPageFile size 16026M (AvailPageFile size 3M)
current process WorkingSet (physical memory assigned to process): 175M, peak: 175M
current process commit charge ("private bytes"): 264M, peak: 264M

vm_info: Java HotSpot(TM) 64-Bit Server VM (17.0.5+9-LTS-191) for windows-amd64 JRE (17.0.5+9-LTS-191), built on Sep 13 2022 17:31:43 by "mach5one" with MS VC++ 16.8 / 16.9 (VS2019)

END.
