#
# There is insufficient memory for the Java Runtime Environment to continue.
# Native memory allocation (malloc) failed to allocate 32744 bytes for ChunkPool::allocate
# Possible reasons:
#   The system is out of physical RAM or swap space
#   The process is running with CompressedOops enabled, and the Java Heap may be blocking the growth of the native heap
# Possible solutions:
#   Reduce memory load on the system
#   Increase physical memory or swap space
#   Check if swap backing store is full
#   Decrease Java heap size (-Xmx/-Xms)
#   Decrease number of Java threads
#   Decrease Java thread stack sizes (-Xss)
#   Set larger code cache with -XX:ReservedCodeCacheSize=
#   JVM is running with Unscaled Compressed Oops mode in which the Java heap is
#     placed in the first 4GB address space. The Java Heap base address is the
#     maximum limit for the native heap growth. Please use -XX:HeapBaseMinAddress
#     to set the Java Heap base and to place the Java Heap above 4GB virtual address.
# This output file may be truncated or incomplete.
#
#  Out of Memory Error (./src/hotspot/share/memory/arena.cpp:81), pid=200, tid=8560
#
# JRE version: OpenJDK Runtime Environment (11.0.13) (build 11.0.13+0-b1751.21-8125866)
# Java VM: OpenJDK 64-Bit Server VM (11.0.13+0-b1751.21-8125866, mixed mode, tiered, compressed oops, g1 gc, windows-amd64)
# No core dump will be written. Minidumps are not enabled by default on client versions of Windows
#

---------------  S U M M A R Y ------------

Command Line: -agentlib:jdwp=transport=dt_socket,server=n,suspend=y,address=127.0.0.1:50848 --add-opens=java.base/java.util=ALL-UNNAMED --add-opens=java.base/java.lang=ALL-UNNAMED --add-opens=java.base/java.lang.invoke=ALL-UNNAMED --add-opens=java.base/java.util=ALL-UNNAMED --add-opens=java.prefs/java.util.prefs=ALL-UNNAMED --add-opens=java.prefs/java.util.prefs=ALL-UNNAMED --add-opens=java.base/java.nio.charset=ALL-UNNAMED --add-opens=java.base/java.net=ALL-UNNAMED --add-opens=java.base/java.util.concurrent.atomic=ALL-UNNAMED -Xmx1536M -Dfile.encoding=GBK -Duser.country=CN -Duser.language=zh -Duser.variant org.gradle.launcher.daemon.bootstrap.GradleDaemon 7.4

Host: 11th Gen Intel(R) Core(TM) i3-1115G4 @ 3.00GHz, 4 cores, 7G,  Windows 11 , 64 bit Build 22621 (10.0.22621.1635)
Time: Sun Jun  4 11:08:07 2023 中国标准时间 elapsed time: 72.507289 seconds (0d 0h 1m 12s)

---------------  T H R E A D  ---------------

Current thread (0x00000236ff580000):  JavaThread "C1 CompilerThread0" daemon [_thread_in_native, id=8560, stack(0x000000b5e5b00000,0x000000b5e5c00000)]


Current CompileTask:
C1:  72507 15969       3       org.gradle.internal.io.LineBufferingOutputStream::write (59 bytes)

Stack: [0x000000b5e5b00000,0x000000b5e5c00000]
Native frames: (J=compiled Java code, j=interpreted, Vv=VM code, C=native code)
V  [jvm.dll+0x6100fa]
V  [jvm.dll+0x747090]
V  [jvm.dll+0x7486ad]
V  [jvm.dll+0x748d83]
V  [jvm.dll+0x24ab48]
V  [jvm.dll+0xc075b]
V  [jvm.dll+0xc0a0c]
V  [jvm.dll+0x12bdb4]
V  [jvm.dll+0x135fb5]
V  [jvm.dll+0x138ddd]
V  [jvm.dll+0x12c0db]
V  [jvm.dll+0x1384c2]
V  [jvm.dll+0x13b775]
V  [jvm.dll+0x13b1c0]
V  [jvm.dll+0x132350]
V  [jvm.dll+0x134845]
V  [jvm.dll+0x132d69]
V  [jvm.dll+0x13bb4d]
V  [jvm.dll+0x13b1c0]
V  [jvm.dll+0x132350]
V  [jvm.dll+0x134845]
V  [jvm.dll+0x132ea2]
V  [jvm.dll+0x13bb4d]
V  [jvm.dll+0x13b1c0]
V  [jvm.dll+0x132350]
V  [jvm.dll+0x134845]
V  [jvm.dll+0x132ea2]
V  [jvm.dll+0x12c6e6]
V  [jvm.dll+0x13ce16]
V  [jvm.dll+0x13ccc9]
V  [jvm.dll+0x128489]
V  [jvm.dll+0x1287da]
V  [jvm.dll+0x1289d3]
V  [jvm.dll+0x127ce7]
V  [jvm.dll+0x1298b7]
V  [jvm.dll+0x21106b]
V  [jvm.dll+0x20f8c1]
V  [jvm.dll+0x70de0f]
V  [jvm.dll+0x706a75]
V  [jvm.dll+0x60ed66]
C  [ucrtbase.dll+0x29363]
C  [KERNEL32.DLL+0x126ad]
C  [ntdll.dll+0x5a9f8]


---------------  P R O C E S S  ---------------

Threads class SMR info:
_java_thread_list=0x0000023690d02150, length=94, elements={
0x00000236f491d800, 0x00000236ff522800, 0x00000236fed01800, 0x00000236ff575000,
0x00000236ff576800, 0x00000236ff577800, 0x00000236ff57b000, 0x00000236ff580000,
0x00000236ff581800, 0x00000236ff6f0000, 0x00000236ff737000, 0x00000236ff751800,
0x00000236ff754800, 0x00000236912a6800, 0x00000236908b4000, 0x000002368ffee800,
0x000002368fecc800, 0x0000023691149800, 0x0000023690af9800, 0x0000023690113000,
0x00000236906e6000, 0x0000023691283000, 0x00000236914c6800, 0x00000236914c4800,
0x00000236914c4000, 0x00000236914c3000, 0x00000236914c8000, 0x00000236914c5800,
0x00000236914c7000, 0x00000236914c9800, 0x0000023693bef800, 0x0000023693bee000,
0x0000023693bf2800, 0x0000023693bf3800, 0x0000023693bf1000, 0x0000023693bf5000,
0x0000023693bf0000, 0x0000023693bfc800, 0x0000023693bf7000, 0x0000023693bf8800,
0x0000023693bfb800, 0x0000023693bf7800, 0x0000023693bf9000, 0x0000023693bfa000,
0x0000023693bfb000, 0x0000023694d29800, 0x0000023694d25000, 0x0000023694d23800,
0x0000023694d2a000, 0x0000023694d26000, 0x0000023694d24800, 0x0000023694d28800,
0x0000023694d2c800, 0x0000023694d27000, 0x0000023694d2d800, 0x0000023694d2b000,
0x0000023694d27800, 0x0000023694d2e000, 0x0000023694d30800, 0x0000023694d2f000,
0x0000023694d30000, 0x0000023694d31800, 0x0000023694d2c000, 0x0000023694d32800,
0x0000023693e72800, 0x0000023693e73000, 0x0000023693e75800, 0x0000023693e74000,
0x0000023693e75000, 0x0000023693e77800, 0x0000023693e71800, 0x0000023693e7c000,
0x0000023693e78000, 0x0000023693e79000, 0x0000023693e79800, 0x0000023693e76800,
0x0000023693e7b800, 0x0000023693e7a800, 0x0000023693e7d000, 0x0000023693e7e000,
0x0000023693e7e800, 0x0000023693e7f800, 0x0000023693e80000, 0x0000023690798000,
0x0000023690797000, 0x0000023690799800, 0x000002369079d800, 0x000002369079e800,
0x0000023690799000, 0x000002369079f800, 0x000002369079c000, 0x000002369079d000,
0x000002369079b800, 0x00000236907a2000
}

Java Threads: ( => current thread )
  0x00000236f491d800 JavaThread "main" [_thread_blocked, id=15280, stack(0x000000b5e4e00000,0x000000b5e4f00000)]
  0x00000236ff522800 JavaThread "Reference Handler" daemon [_thread_blocked, id=13436, stack(0x000000b5e5500000,0x000000b5e5600000)]
  0x00000236fed01800 JavaThread "Finalizer" daemon [_thread_blocked, id=13404, stack(0x000000b5e5600000,0x000000b5e5700000)]
  0x00000236ff575000 JavaThread "Signal Dispatcher" daemon [_thread_blocked, id=13360, stack(0x000000b5e5700000,0x000000b5e5800000)]
  0x00000236ff576800 JavaThread "Attach Listener" daemon [_thread_blocked, id=13440, stack(0x000000b5e5800000,0x000000b5e5900000)]
  0x00000236ff577800 JavaThread "Service Thread" daemon [_thread_blocked, id=14320, stack(0x000000b5e5900000,0x000000b5e5a00000)]
  0x00000236ff57b000 JavaThread "C2 CompilerThread0" daemon [_thread_in_vm, id=5892, stack(0x000000b5e5a00000,0x000000b5e5b00000)]
=>0x00000236ff580000 JavaThread "C1 CompilerThread0" daemon [_thread_in_native, id=8560, stack(0x000000b5e5b00000,0x000000b5e5c00000)]
  0x00000236ff581800 JavaThread "Sweeper thread" daemon [_thread_blocked, id=13392, stack(0x000000b5e5c00000,0x000000b5e5d00000)]
  0x00000236ff6f0000 JavaThread "Common-Cleaner" daemon [_thread_blocked, id=13712, stack(0x000000b5e5d00000,0x000000b5e5e00000)]
  0x00000236ff737000 JavaThread "JDWP Transport Listener: dt_socket" daemon [_thread_blocked, id=14112, stack(0x000000b5e5e00000,0x000000b5e5f00000)]
  0x00000236ff751800 JavaThread "JDWP Event Helper Thread" daemon [_thread_blocked, id=13764, stack(0x000000b5e5f00000,0x000000b5e6000000)]
  0x00000236ff754800 JavaThread "JDWP Command Reader" daemon [_thread_in_native, id=5776, stack(0x000000b5e6000000,0x000000b5e6100000)]
  0x00000236912a6800 JavaThread "Daemon health stats" [_thread_blocked, id=14588, stack(0x000000b5e6400000,0x000000b5e6500000)]
  0x00000236908b4000 JavaThread "Incoming local TCP Connector on port 50854" [_thread_in_native, id=14584, stack(0x000000b5e6200000,0x000000b5e6300000)]
  0x000002368ffee800 JavaThread "Daemon periodic checks" [_thread_blocked, id=14380, stack(0x000000b5e6700000,0x000000b5e6800000)]
  0x000002368fecc800 JavaThread "Daemon" [_thread_blocked, id=7292, stack(0x000000b5e6800000,0x000000b5e6900000)]
  0x0000023691149800 JavaThread "Handler for socket connection from /127.0.0.1:50854 to /127.0.0.1:50855" [_thread_in_native, id=6992, stack(0x000000b5e6900000,0x000000b5e6a00000)]
  0x0000023690af9800 JavaThread "Cancel handler" [_thread_blocked, id=11792, stack(0x000000b5e6a00000,0x000000b5e6b00000)]
  0x0000023690113000 JavaThread "Daemon worker" [_thread_blocked, id=1668, stack(0x000000b5e6b00000,0x000000b5e6c00000)]
  0x00000236906e6000 JavaThread "Asynchronous log dispatcher for DefaultDaemonConnection: socket connection from /127.0.0.1:50854 to /127.0.0.1:50855" [_thread_blocked, id=6664, stack(0x000000b5e6c00000,0x000000b5e6d00000)]
  0x0000023691283000 JavaThread "Daemon client event forwarder" [_thread_blocked, id=10000, stack(0x000000b5e6e00000,0x000000b5e6f00000)]
  0x00000236914c6800 JavaThread "Cache worker for journal cache (C:\Users\HP\.gradle\caches\journal-1)" [_thread_blocked, id=13684, stack(0x000000b5e6f00000,0x000000b5e7000000)]
  0x00000236914c4800 JavaThread "File lock request listener" [_thread_in_native, id=996, stack(0x000000b5e7000000,0x000000b5e7100000)]
  0x00000236914c4000 JavaThread "Cache worker for file hash cache (C:\Users\HP\.gradle\caches\7.4\fileHashes)" [_thread_blocked, id=10748, stack(0x000000b5e7100000,0x000000b5e7200000)]
  0x00000236914c3000 JavaThread "File watcher server" daemon [_thread_in_native, id=14764, stack(0x000000b5e7300000,0x000000b5e7400000)]
  0x00000236914c8000 JavaThread "File watcher consumer" daemon [_thread_blocked, id=4480, stack(0x000000b5e7400000,0x000000b5e7500000)]
  0x00000236914c5800 JavaThread "Cache worker for checksums cache (D:\Star-Pixel-Dungeon\.gradle\7.4\checksums)" [_thread_blocked, id=15104, stack(0x000000b5e7500000,0x000000b5e7600000)]
  0x00000236914c7000 JavaThread "Cache worker for cache directory md-rule (C:\Users\HP\.gradle\caches\7.4\md-rule)" [_thread_blocked, id=15040, stack(0x000000b5e7600000,0x000000b5e7700000)]
  0x00000236914c9800 JavaThread "Cache worker for file hash cache (D:\Star-Pixel-Dungeon\.gradle\7.4\fileHashes)" [_thread_blocked, id=88, stack(0x000000b5e7700000,0x000000b5e7800000)]
  0x0000023693bef800 JavaThread "Cache worker for cache directory md-supplier (C:\Users\HP\.gradle\caches\7.4\md-supplier)" [_thread_blocked, id=10636, stack(0x000000b5e7800000,0x000000b5e7900000)]
  0x0000023693bee000 JavaThread "Cache worker for execution history cache (C:\Users\HP\.gradle\caches\7.4\executionHistory)" [_thread_blocked, id=15328, stack(0x000000b5e7900000,0x000000b5e7a00000)]
  0x0000023693bf2800 JavaThread "jar transforms" [_thread_blocked, id=2780, stack(0x000000b5e7a00000,0x000000b5e7b00000)]
  0x0000023693bf3800 JavaThread "jar transforms Thread 2" [_thread_blocked, id=10300, stack(0x000000b5e7b00000,0x000000b5e7c00000)]
  0x0000023693bf1000 JavaThread "Cache worker for file content cache (C:\Users\HP\.gradle\caches\7.4\fileContent)" [_thread_blocked, id=488, stack(0x000000b5e7c00000,0x000000b5e7d00000)]
  0x0000023693bf5000 JavaThread "jar transforms Thread 3" [_thread_blocked, id=11388, stack(0x000000b5e7d00000,0x000000b5e7e00000)]
  0x0000023693bf0000 JavaThread "jar transforms Thread 4" [_thread_blocked, id=1596, stack(0x000000b5e7e00000,0x000000b5e7f00000)]
  0x0000023693bfc800 JavaThread "Cache worker for dependencies-accessors (D:\Star-Pixel-Dungeon\.gradle\7.4\dependencies-accessors)" [_thread_blocked, id=15324, stack(0x000000b5e7f00000,0x000000b5e8000000)]
  0x0000023693bf7000 JavaThread "Cache worker for Build Output Cleanup Cache (D:\Star-Pixel-Dungeon\.gradle\buildOutputCleanup)" [_thread_blocked, id=9856, stack(0x000000b5e8000000,0x000000b5e8100000)]
  0x0000023693bf8800 JavaThread "Unconstrained build operations" [_thread_blocked, id=15060, stack(0x000000b5e8100000,0x000000b5e8200000)]
  0x0000023693bfb800 JavaThread "Unconstrained build operations Thread 2" [_thread_blocked, id=12712, stack(0x000000b5e8200000,0x000000b5e8300000)]
  0x0000023693bf7800 JavaThread "Unconstrained build operations Thread 3" [_thread_blocked, id=13260, stack(0x000000b5e8300000,0x000000b5e8400000)]
  0x0000023693bf9000 JavaThread "Unconstrained build operations Thread 4" [_thread_blocked, id=4928, stack(0x000000b5e8400000,0x000000b5e8500000)]
  0x0000023693bfa000 JavaThread "Unconstrained build operations Thread 5" [_thread_blocked, id=4056, stack(0x000000b5e8500000,0x000000b5e8600000)]
  0x0000023693bfb000 JavaThread "Unconstrained build operations Thread 6" [_thread_blocked, id=9020, stack(0x000000b5e8600000,0x000000b5e8700000)]
  0x0000023694d29800 JavaThread "Unconstrained build operations Thread 7" [_thread_blocked, id=12328, stack(0x000000b5e8700000,0x000000b5e8800000)]
  0x0000023694d25000 JavaThread "Unconstrained build operations Thread 8" [_thread_blocked, id=9776, stack(0x000000b5e8800000,0x000000b5e8900000)]
  0x0000023694d23800 JavaThread "Unconstrained build operations Thread 9" [_thread_blocked, id=3852, stack(0x000000b5e8900000,0x000000b5e8a00000)]
  0x0000023694d2a000 JavaThread "Unconstrained build operations Thread 10" [_thread_blocked, id=10600, stack(0x000000b5e8a00000,0x000000b5e8b00000)]
  0x0000023694d26000 JavaThread "Unconstrained build operations Thread 11" [_thread_blocked, id=3040, stack(0x000000b5e8b00000,0x000000b5e8c00000)]
  0x0000023694d24800 JavaThread "Unconstrained build operations Thread 12" [_thread_blocked, id=11212, stack(0x000000b5e8c00000,0x000000b5e8d00000)]
  0x0000023694d28800 JavaThread "Unconstrained build operations Thread 13" [_thread_blocked, id=2276, stack(0x000000b5e8d00000,0x000000b5e8e00000)]
  0x0000023694d2c800 JavaThread "Unconstrained build operations Thread 14" [_thread_blocked, id=14476, stack(0x000000b5e8e00000,0x000000b5e8f00000)]
  0x0000023694d27000 JavaThread "Unconstrained build operations Thread 15" [_thread_blocked, id=8328, stack(0x000000b5e8f00000,0x000000b5e9000000)]
  0x0000023694d2d800 JavaThread "Unconstrained build operations Thread 16" [_thread_blocked, id=3876, stack(0x000000b5e9000000,0x000000b5e9100000)]
  0x0000023694d2b000 JavaThread "Unconstrained build operations Thread 17" [_thread_blocked, id=9716, stack(0x000000b5e9100000,0x000000b5e9200000)]
  0x0000023694d27800 JavaThread "Unconstrained build operations Thread 18" [_thread_blocked, id=12768, stack(0x000000b5e9200000,0x000000b5e9300000)]
  0x0000023694d2e000 JavaThread "Unconstrained build operations Thread 19" [_thread_blocked, id=11532, stack(0x000000b5e9300000,0x000000b5e9400000)]
  0x0000023694d30800 JavaThread "Unconstrained build operations Thread 20" [_thread_blocked, id=1192, stack(0x000000b5e9400000,0x000000b5e9500000)]
  0x0000023694d2f000 JavaThread "Unconstrained build operations Thread 21" [_thread_blocked, id=6964, stack(0x000000b5e9500000,0x000000b5e9600000)]
  0x0000023694d30000 JavaThread "Unconstrained build operations Thread 22" [_thread_blocked, id=6620, stack(0x000000b5e9600000,0x000000b5e9700000)]
  0x0000023694d31800 JavaThread "Unconstrained build operations Thread 23" [_thread_blocked, id=10828, stack(0x000000b5e9700000,0x000000b5e9800000)]
  0x0000023694d2c000 JavaThread "Unconstrained build operations Thread 24" [_thread_blocked, id=12460, stack(0x000000b5e9800000,0x000000b5e9900000)]
  0x0000023694d32800 JavaThread "Unconstrained build operations Thread 25" [_thread_blocked, id=6272, stack(0x000000b5e9900000,0x000000b5e9a00000)]
  0x0000023693e72800 JavaThread "Unconstrained build operations Thread 26" [_thread_blocked, id=6812, stack(0x000000b5e9a00000,0x000000b5e9b00000)]
  0x0000023693e73000 JavaThread "Unconstrained build operations Thread 27" [_thread_blocked, id=4784, stack(0x000000b5e9b00000,0x000000b5e9c00000)]
  0x0000023693e75800 JavaThread "Unconstrained build operations Thread 28" [_thread_blocked, id=14472, stack(0x000000b5e9c00000,0x000000b5e9d00000)]
  0x0000023693e74000 JavaThread "Unconstrained build operations Thread 29" [_thread_blocked, id=6364, stack(0x000000b5e9d00000,0x000000b5e9e00000)]
  0x0000023693e75000 JavaThread "Unconstrained build operations Thread 30" [_thread_blocked, id=12792, stack(0x000000b5e9e00000,0x000000b5e9f00000)]
  0x0000023693e77800 JavaThread "Unconstrained build operations Thread 31" [_thread_blocked, id=15068, stack(0x000000b5e9f00000,0x000000b5ea000000)]
  0x0000023693e71800 JavaThread "Unconstrained build operations Thread 32" [_thread_blocked, id=15064, stack(0x000000b5ea000000,0x000000b5ea100000)]
  0x0000023693e7c000 JavaThread "Unconstrained build operations Thread 33" [_thread_blocked, id=1152, stack(0x000000b5ea100000,0x000000b5ea200000)]
  0x0000023693e78000 JavaThread "Unconstrained build operations Thread 34" [_thread_blocked, id=9924, stack(0x000000b5ea200000,0x000000b5ea300000)]
  0x0000023693e79000 JavaThread "Unconstrained build operations Thread 35" [_thread_blocked, id=12472, stack(0x000000b5ea300000,0x000000b5ea400000)]
  0x0000023693e79800 JavaThread "Unconstrained build operations Thread 36" [_thread_blocked, id=12084, stack(0x000000b5ea400000,0x000000b5ea500000)]
  0x0000023693e76800 JavaThread "Unconstrained build operations Thread 37" [_thread_blocked, id=11684, stack(0x000000b5ea500000,0x000000b5ea600000)]
  0x0000023693e7b800 JavaThread "Unconstrained build operations Thread 38" [_thread_blocked, id=13156, stack(0x000000b5ea600000,0x000000b5ea700000)]
  0x0000023693e7a800 JavaThread "Unconstrained build operations Thread 39" [_thread_blocked, id=4976, stack(0x000000b5ea700000,0x000000b5ea800000)]
  0x0000023693e7d000 JavaThread "Unconstrained build operations Thread 40" [_thread_blocked, id=5856, stack(0x000000b5ea800000,0x000000b5ea900000)]
  0x0000023693e7e000 JavaThread "Memory manager" [_thread_blocked, id=14504, stack(0x000000b5ea900000,0x000000b5eaa00000)]
  0x0000023693e7e800 JavaThread "build event listener" [_thread_blocked, id=14008, stack(0x000000b5eaa00000,0x000000b5eab00000)]
  0x0000023693e7f800 JavaThread "included builds" [_thread_blocked, id=13900, stack(0x000000b5eab00000,0x000000b5eac00000)]
  0x0000023693e80000 JavaThread "Execution worker for ':'" [_thread_blocked, id=12708, stack(0x000000b5eac00000,0x000000b5ead00000)]
  0x0000023690798000 JavaThread "Execution worker for ':' Thread 2" [_thread_blocked, id=14952, stack(0x000000b5ead00000,0x000000b5eae00000)]
  0x0000023690797000 JavaThread "Execution worker for ':' Thread 3" [_thread_blocked, id=13876, stack(0x000000b5eae00000,0x000000b5eaf00000)]
  0x0000023690799800 JavaThread "Cache worker for execution history cache (D:\Star-Pixel-Dungeon\.gradle\7.4\executionHistory)" [_thread_blocked, id=4780, stack(0x000000b5eaf00000,0x000000b5eb000000)]
  0x000002369079d800 JavaThread "Cache worker for Java compile cache (C:\Users\HP\.gradle\caches\7.4\javaCompile)" [_thread_blocked, id=14120, stack(0x000000b5eb000000,0x000000b5eb100000)]
  0x000002369079e800 JavaThread "Build operations" [_thread_blocked, id=3884, stack(0x000000b5eb100000,0x000000b5eb200000)]
  0x0000023690799000 JavaThread "Build operations Thread 2" [_thread_blocked, id=10012, stack(0x000000b5eb200000,0x000000b5eb300000)]
  0x000002369079f800 JavaThread "Build operations Thread 3" [_thread_blocked, id=10016, stack(0x000000b5eb300000,0x000000b5eb400000)]
  0x000002369079c000 JavaThread "Build operations Thread 4" [_thread_blocked, id=15020, stack(0x000000b5eb400000,0x000000b5eb500000)]
  0x000002369079d000 JavaThread "Exec process" [_thread_in_native, id=3204, stack(0x000000b5e4b00000,0x000000b5e4c00000)]
  0x000002369079b800 JavaThread "Exec process Thread 2" [_thread_in_native, id=5908, stack(0x000000b5e4c00000,0x000000b5e4d00000)]
  0x00000236907a2000 JavaThread "Exec process Thread 3" [_thread_in_native, id=4604, stack(0x000000b5e4d00000,0x000000b5e4e00000)]

Other Threads:
  0x00000236fecdc800 VMThread "VM Thread" [stack: 0x000000b5e5400000,0x000000b5e5500000] [id=13396]
  0x00000236ff761000 WatcherThread [stack: 0x000000b5e6100000,0x000000b5e6200000] [id=14244]
  0x00000236f4936000 GCTaskThread "GC Thread#0" [stack: 0x000000b5e4f00000,0x000000b5e5000000] [id=2892]
  0x000002368f71f800 GCTaskThread "GC Thread#1" [stack: 0x000000b5e6300000,0x000000b5e6400000] [id=4224]
  0x000002369028e000 GCTaskThread "GC Thread#2" [stack: 0x000000b5e6500000,0x000000b5e6600000] [id=15032]
  0x00000236902c2800 GCTaskThread "GC Thread#3" [stack: 0x000000b5e6600000,0x000000b5e6700000] [id=8684]
  0x00000236f495f000 ConcurrentGCThread "G1 Main Marker" [stack: 0x000000b5e5000000,0x000000b5e5100000] [id=10428]
  0x00000236f4961000 ConcurrentGCThread "G1 Conc#0" [stack: 0x000000b5e5100000,0x000000b5e5200000] [id=5348]
  0x00000236feb34800 ConcurrentGCThread "G1 Refine#0" [stack: 0x000000b5e5200000,0x000000b5e5300000] [id=14264]
  0x00000236feb37000 ConcurrentGCThread "G1 Young RemSet Sampling" [stack: 0x000000b5e5300000,0x000000b5e5400000] [id=14268]

Threads with active compile tasks:
C2 CompilerThread0  72605 15971       4       org.gradle.internal.io.StreamByteBuffer::allocateSpace (73 bytes)
C1 CompilerThread0  72605 15969       3       org.gradle.internal.io.LineBufferingOutputStream::write (59 bytes)

VM state:synchronizing (normal execution)

VM Mutex/Monitor currently owned by a thread:  ([mutex/lock_event])
[0x00000236f491a270] Threads_lock - owner thread: 0x00000236fecdc800

Heap address: 0x00000000a0000000, size: 1536 MB, Compressed Oops mode: 32-bit
Narrow klass base: 0x0000000000000000, Narrow klass shift: 3
Compressed class space size: 1073741824 Address: 0x0000000100000000

Heap:
 garbage-first heap   total 264192K, used 127218K [0x00000000a0000000, 0x0000000100000000)
  region size 1024K, 23 young (23552K), 2 survivors (2048K)
 Metaspace       used 94473K, capacity 97381K, committed 97628K, reserved 1134592K
  class space    used 11814K, capacity 12898K, committed 13068K, reserved 1048576K
Heap Regions: E=young(eden), S=young(survivor), O=old, HS=humongous(starts), HC=humongous(continues), CS=collection set, F=free, A=archive, TAMS=top-at-mark-start (previous, next)
|   0|0x00000000a0000000, 0x00000000a0100000, 0x00000000a0100000|100%|HS|  |TAMS 0x00000000a0100000, 0x00000000a0000000| Complete 
|   1|0x00000000a0100000, 0x00000000a0200000, 0x00000000a0200000|100%|HC|  |TAMS 0x00000000a0200000, 0x00000000a0100000| Complete 
|   2|0x00000000a0200000, 0x00000000a0300000, 0x00000000a0300000|100%|HC|  |TAMS 0x00000000a0300000, 0x00000000a0200000| Complete 
|   3|0x00000000a0300000, 0x00000000a0400000, 0x00000000a0400000|100%| O|  |TAMS 0x00000000a0400000, 0x00000000a0300000| Untracked 
|   4|0x00000000a0400000, 0x00000000a0500000, 0x00000000a0500000|100%| O|  |TAMS 0x00000000a0500000, 0x00000000a0400000| Untracked 
|   5|0x00000000a0500000, 0x00000000a0600000, 0x00000000a0600000|100%| O|  |TAMS 0x00000000a0600000, 0x00000000a0500000| Untracked 
|   6|0x00000000a0600000, 0x00000000a0700000, 0x00000000a0700000|100%| O|  |TAMS 0x00000000a0700000, 0x00000000a0600000| Untracked 
|   7|0x00000000a0700000, 0x00000000a0800000, 0x00000000a0800000|100%| O|  |TAMS 0x00000000a0800000, 0x00000000a0700000| Untracked 
|   8|0x00000000a0800000, 0x00000000a0900000, 0x00000000a0900000|100%| O|  |TAMS 0x00000000a0900000, 0x00000000a0800000| Untracked 
|   9|0x00000000a0900000, 0x00000000a0a00000, 0x00000000a0a00000|100%| O|  |TAMS 0x00000000a0a00000, 0x00000000a0900000| Untracked 
|  10|0x00000000a0a00000, 0x00000000a0b00000, 0x00000000a0b00000|100%| O|  |TAMS 0x00000000a0b00000, 0x00000000a0a00000| Untracked 
|  11|0x00000000a0b00000, 0x00000000a0c00000, 0x00000000a0c00000|100%| O|  |TAMS 0x00000000a0c00000, 0x00000000a0b00000| Untracked 
|  12|0x00000000a0c00000, 0x00000000a0d00000, 0x00000000a0d00000|100%| O|  |TAMS 0x00000000a0d00000, 0x00000000a0c00000| Untracked 
|  13|0x00000000a0d00000, 0x00000000a0e00000, 0x00000000a0e00000|100%| O|  |TAMS 0x00000000a0e00000, 0x00000000a0d00000| Untracked 
|  14|0x00000000a0e00000, 0x00000000a0f00000, 0x00000000a0f00000|100%| O|  |TAMS 0x00000000a0f00000, 0x00000000a0e00000| Untracked 
|  15|0x00000000a0f00000, 0x00000000a1000000, 0x00000000a1000000|100%| O|  |TAMS 0x00000000a1000000, 0x00000000a0f00000| Untracked 
|  16|0x00000000a1000000, 0x00000000a1100000, 0x00000000a1100000|100%| O|  |TAMS 0x00000000a1100000, 0x00000000a1000000| Untracked 
|  17|0x00000000a1100000, 0x00000000a1200000, 0x00000000a1200000|100%|HS|  |TAMS 0x00000000a1200000, 0x00000000a1100000| Complete 
|  18|0x00000000a1200000, 0x00000000a1300000, 0x00000000a1300000|100%| O|  |TAMS 0x00000000a1300000, 0x00000000a1200000| Untracked 
|  19|0x00000000a1300000, 0x00000000a1400000, 0x00000000a1400000|100%| O|  |TAMS 0x00000000a1400000, 0x00000000a1300000| Untracked 
|  20|0x00000000a1400000, 0x00000000a1500000, 0x00000000a1500000|100%| O|  |TAMS 0x00000000a1500000, 0x00000000a1400000| Untracked 
|  21|0x00000000a1500000, 0x00000000a1600000, 0x00000000a1600000|100%| O|  |TAMS 0x00000000a1600000, 0x00000000a1500000| Untracked 
|  22|0x00000000a1600000, 0x00000000a1700000, 0x00000000a1700000|100%| O|  |TAMS 0x00000000a1700000, 0x00000000a1600000| Untracked 
|  23|0x00000000a1700000, 0x00000000a1800000, 0x00000000a1800000|100%| O|  |TAMS 0x00000000a1800000, 0x00000000a1700000| Untracked 
|  24|0x00000000a1800000, 0x00000000a1900000, 0x00000000a1900000|100%| O|  |TAMS 0x00000000a1900000, 0x00000000a1800000| Untracked 
|  25|0x00000000a1900000, 0x00000000a1a00000, 0x00000000a1a00000|100%| O|  |TAMS 0x00000000a1a00000, 0x00000000a1900000| Untracked 
|  26|0x00000000a1a00000, 0x00000000a1b00000, 0x00000000a1b00000|100%| O|  |TAMS 0x00000000a1b00000, 0x00000000a1a00000| Untracked 
|  27|0x00000000a1b00000, 0x00000000a1c00000, 0x00000000a1c00000|100%| O|  |TAMS 0x00000000a1c00000, 0x00000000a1b00000| Untracked 
|  28|0x00000000a1c00000, 0x00000000a1d00000, 0x00000000a1d00000|100%|HS|  |TAMS 0x00000000a1d00000, 0x00000000a1c00000| Complete 
|  29|0x00000000a1d00000, 0x00000000a1e00000, 0x00000000a1e00000|100%| O|  |TAMS 0x00000000a1e00000, 0x00000000a1d00000| Untracked 
|  30|0x00000000a1e00000, 0x00000000a1f00000, 0x00000000a1f00000|100%|HS|  |TAMS 0x00000000a1f00000, 0x00000000a1e00000| Complete 
|  31|0x00000000a1f00000, 0x00000000a2000000, 0x00000000a2000000|100%|HC|  |TAMS 0x00000000a2000000, 0x00000000a1f00000| Complete 
|  32|0x00000000a2000000, 0x00000000a2100000, 0x00000000a2100000|100%| O|  |TAMS 0x00000000a2100000, 0x00000000a2000000| Untracked 
|  33|0x00000000a2100000, 0x00000000a2200000, 0x00000000a2200000|100%| O|  |TAMS 0x00000000a2200000, 0x00000000a2100000| Untracked 
|  34|0x00000000a2200000, 0x00000000a2300000, 0x00000000a2300000|100%| O|  |TAMS 0x00000000a2300000, 0x00000000a2200000| Untracked 
|  35|0x00000000a2300000, 0x00000000a2400000, 0x00000000a2400000|100%| O|  |TAMS 0x00000000a2400000, 0x00000000a2300000| Untracked 
|  36|0x00000000a2400000, 0x00000000a2500000, 0x00000000a2500000|100%| O|  |TAMS 0x00000000a2500000, 0x00000000a2400000| Untracked 
|  37|0x00000000a2500000, 0x00000000a2600000, 0x00000000a2600000|100%| O|  |TAMS 0x00000000a2600000, 0x00000000a2500000| Untracked 
|  38|0x00000000a2600000, 0x00000000a2700000, 0x00000000a2700000|100%| O|  |TAMS 0x00000000a2700000, 0x00000000a2600000| Untracked 
|  39|0x00000000a2700000, 0x00000000a2800000, 0x00000000a2800000|100%| O|  |TAMS 0x00000000a2800000, 0x00000000a2700000| Untracked 
|  40|0x00000000a2800000, 0x00000000a2900000, 0x00000000a2900000|100%| O|  |TAMS 0x00000000a2900000, 0x00000000a2800000| Untracked 
|  41|0x00000000a2900000, 0x00000000a2a00000, 0x00000000a2a00000|100%| O|  |TAMS 0x00000000a2a00000, 0x00000000a2900000| Untracked 
|  42|0x00000000a2a00000, 0x00000000a2b00000, 0x00000000a2b00000|100%| O|  |TAMS 0x00000000a2b00000, 0x00000000a2a00000| Untracked 
|  43|0x00000000a2b00000, 0x00000000a2c00000, 0x00000000a2c00000|100%| O|  |TAMS 0x00000000a2c00000, 0x00000000a2b00000| Untracked 
|  44|0x00000000a2c00000, 0x00000000a2d00000, 0x00000000a2d00000|100%| O|  |TAMS 0x00000000a2d00000, 0x00000000a2c00000| Untracked 
|  45|0x00000000a2d00000, 0x00000000a2e00000, 0x00000000a2e00000|100%| O|  |TAMS 0x00000000a2e00000, 0x00000000a2d00000| Untracked 
|  46|0x00000000a2e00000, 0x00000000a2f00000, 0x00000000a2f00000|100%| O|  |TAMS 0x00000000a2f00000, 0x00000000a2e00000| Untracked 
|  47|0x00000000a2f00000, 0x00000000a3000000, 0x00000000a3000000|100%| O|  |TAMS 0x00000000a3000000, 0x00000000a2f00000| Untracked 
|  48|0x00000000a3000000, 0x00000000a3100000, 0x00000000a3100000|100%| O|  |TAMS 0x00000000a3100000, 0x00000000a3000000| Untracked 
|  49|0x00000000a3100000, 0x00000000a3200000, 0x00000000a3200000|100%| O|  |TAMS 0x00000000a3200000, 0x00000000a3100000| Untracked 
|  50|0x00000000a3200000, 0x00000000a3300000, 0x00000000a3300000|100%| O|  |TAMS 0x00000000a3300000, 0x00000000a3200000| Untracked 
|  51|0x00000000a3300000, 0x00000000a3400000, 0x00000000a3400000|100%| O|  |TAMS 0x00000000a3400000, 0x00000000a3300000| Untracked 
|  52|0x00000000a3400000, 0x00000000a3500000, 0x00000000a3500000|100%| O|  |TAMS 0x00000000a3500000, 0x00000000a3400000| Untracked 
|  53|0x00000000a3500000, 0x00000000a3600000, 0x00000000a3600000|100%| O|  |TAMS 0x00000000a3600000, 0x00000000a3500000| Untracked 
|  54|0x00000000a3600000, 0x00000000a3700000, 0x00000000a3700000|100%| O|  |TAMS 0x00000000a3700000, 0x00000000a3600000| Untracked 
|  55|0x00000000a3700000, 0x00000000a3800000, 0x00000000a3800000|100%| O|  |TAMS 0x00000000a3800000, 0x00000000a3700000| Untracked 
|  56|0x00000000a3800000, 0x00000000a3900000, 0x00000000a3900000|100%|HS|  |TAMS 0x00000000a3900000, 0x00000000a3800000| Complete 
|  57|0x00000000a3900000, 0x00000000a3a00000, 0x00000000a3a00000|100%| O|  |TAMS 0x00000000a3a00000, 0x00000000a3900000| Untracked 
|  58|0x00000000a3a00000, 0x00000000a3b00000, 0x00000000a3b00000|100%| O|  |TAMS 0x00000000a3b00000, 0x00000000a3a00000| Untracked 
|  59|0x00000000a3b00000, 0x00000000a3c00000, 0x00000000a3c00000|100%| O|  |TAMS 0x00000000a3c00000, 0x00000000a3b00000| Untracked 
|  60|0x00000000a3c00000, 0x00000000a3d00000, 0x00000000a3d00000|100%| O|  |TAMS 0x00000000a3d00000, 0x00000000a3c00000| Untracked 
|  61|0x00000000a3d00000, 0x00000000a3e00000, 0x00000000a3e00000|100%| O|  |TAMS 0x00000000a3e00000, 0x00000000a3d00000| Untracked 
|  62|0x00000000a3e00000, 0x00000000a3f00000, 0x00000000a3f00000|100%| O|  |TAMS 0x00000000a3f00000, 0x00000000a3e00000| Untracked 
|  63|0x00000000a3f00000, 0x00000000a4000000, 0x00000000a4000000|100%| O|  |TAMS 0x00000000a4000000, 0x00000000a3f00000| Untracked 
|  64|0x00000000a4000000, 0x00000000a4100000, 0x00000000a4100000|100%| O|  |TAMS 0x00000000a4100000, 0x00000000a4000000| Untracked 
|  65|0x00000000a4100000, 0x00000000a4200000, 0x00000000a4200000|100%| O|  |TAMS 0x00000000a4200000, 0x00000000a4100000| Untracked 
|  66|0x00000000a4200000, 0x00000000a4300000, 0x00000000a4300000|100%| O|  |TAMS 0x00000000a4300000, 0x00000000a4200000| Untracked 
|  67|0x00000000a4300000, 0x00000000a4400000, 0x00000000a4400000|100%| O|  |TAMS 0x00000000a4400000, 0x00000000a4300000| Untracked 
|  68|0x00000000a4400000, 0x00000000a4500000, 0x00000000a4500000|100%| O|  |TAMS 0x00000000a4500000, 0x00000000a4400000| Untracked 
|  69|0x00000000a4500000, 0x00000000a4600000, 0x00000000a4600000|100%| O|  |TAMS 0x00000000a4600000, 0x00000000a4500000| Untracked 
|  70|0x00000000a4600000, 0x00000000a4700000, 0x00000000a4700000|100%| O|  |TAMS 0x00000000a4700000, 0x00000000a4600000| Untracked 
|  71|0x00000000a4700000, 0x00000000a4800000, 0x00000000a4800000|100%| O|  |TAMS 0x00000000a4800000, 0x00000000a4700000| Untracked 
|  72|0x00000000a4800000, 0x00000000a4900000, 0x00000000a4900000|100%| O|  |TAMS 0x00000000a4900000, 0x00000000a4800000| Untracked 
|  73|0x00000000a4900000, 0x00000000a4a00000, 0x00000000a4a00000|100%| O|  |TAMS 0x00000000a4a00000, 0x00000000a4900000| Untracked 
|  74|0x00000000a4a00000, 0x00000000a4b00000, 0x00000000a4b00000|100%| O|  |TAMS 0x00000000a4b00000, 0x00000000a4a00000| Untracked 
|  75|0x00000000a4b00000, 0x00000000a4c00000, 0x00000000a4c00000|100%| O|  |TAMS 0x00000000a4c00000, 0x00000000a4b00000| Untracked 
|  76|0x00000000a4c00000, 0x00000000a4d00000, 0x00000000a4d00000|100%| O|  |TAMS 0x00000000a4d00000, 0x00000000a4c00000| Untracked 
|  77|0x00000000a4d00000, 0x00000000a4e00000, 0x00000000a4e00000|100%| O|  |TAMS 0x00000000a4e00000, 0x00000000a4d00000| Untracked 
|  78|0x00000000a4e00000, 0x00000000a4f00000, 0x00000000a4f00000|100%| O|  |TAMS 0x00000000a4f00000, 0x00000000a4e00000| Untracked 
|  79|0x00000000a4f00000, 0x00000000a5000000, 0x00000000a5000000|100%| O|  |TAMS 0x00000000a5000000, 0x00000000a4f00000| Untracked 
|  80|0x00000000a5000000, 0x00000000a5100000, 0x00000000a5100000|100%| O|  |TAMS 0x00000000a5100000, 0x00000000a5000000| Untracked 
|  81|0x00000000a5100000, 0x00000000a5200000, 0x00000000a5200000|100%| O|  |TAMS 0x00000000a5200000, 0x00000000a5100000| Untracked 
|  82|0x00000000a5200000, 0x00000000a5300000, 0x00000000a5300000|100%| O|  |TAMS 0x00000000a5300000, 0x00000000a5200000| Untracked 
|  83|0x00000000a5300000, 0x00000000a5400000, 0x00000000a5400000|100%| O|  |TAMS 0x00000000a5400000, 0x00000000a5300000| Untracked 
|  84|0x00000000a5400000, 0x00000000a5500000, 0x00000000a5500000|100%| O|  |TAMS 0x00000000a5500000, 0x00000000a5400000| Untracked 
|  85|0x00000000a5500000, 0x00000000a5600000, 0x00000000a5600000|100%| O|  |TAMS 0x00000000a5500000, 0x00000000a5500000| Untracked 
|  86|0x00000000a5600000, 0x00000000a5700000, 0x00000000a5700000|100%| O|  |TAMS 0x00000000a5600000, 0x00000000a5600000| Untracked 
|  87|0x00000000a5700000, 0x00000000a5800000, 0x00000000a5800000|100%| O|  |TAMS 0x00000000a5700000, 0x00000000a5700000| Untracked 
|  88|0x00000000a5800000, 0x00000000a5900000, 0x00000000a5900000|100%| O|  |TAMS 0x00000000a5800000, 0x00000000a5800000| Untracked 
|  89|0x00000000a5900000, 0x00000000a5a00000, 0x00000000a5a00000|100%| O|  |TAMS 0x00000000a5900000, 0x00000000a5900000| Untracked 
|  90|0x00000000a5a00000, 0x00000000a5b00000, 0x00000000a5b00000|100%| O|  |TAMS 0x00000000a5a00000, 0x00000000a5a00000| Untracked 
|  91|0x00000000a5b00000, 0x00000000a5c00000, 0x00000000a5c00000|100%| O|  |TAMS 0x00000000a5b00000, 0x00000000a5b00000| Untracked 
|  92|0x00000000a5c00000, 0x00000000a5d00000, 0x00000000a5d00000|100%| O|  |TAMS 0x00000000a5c00000, 0x00000000a5c00000| Untracked 
|  93|0x00000000a5d00000, 0x00000000a5d41400, 0x00000000a5e00000| 25%| O|  |TAMS 0x00000000a5d00000, 0x00000000a5d00000| Untracked 
|  94|0x00000000a5e00000, 0x00000000a5e00000, 0x00000000a5f00000|  0%| F|  |TAMS 0x00000000a5e00000, 0x00000000a5e00000| Untracked 
|  95|0x00000000a5f00000, 0x00000000a5f00000, 0x00000000a6000000|  0%| F|  |TAMS 0x00000000a5f00000, 0x00000000a5f00000| Untracked 
|  96|0x00000000a6000000, 0x00000000a6000000, 0x00000000a6100000|  0%| F|  |TAMS 0x00000000a6000000, 0x00000000a6000000| Untracked 
|  97|0x00000000a6100000, 0x00000000a6100000, 0x00000000a6200000|  0%| F|  |TAMS 0x00000000a6100000, 0x00000000a6100000| Untracked 
|  98|0x00000000a6200000, 0x00000000a6200000, 0x00000000a6300000|  0%| F|  |TAMS 0x00000000a6200000, 0x00000000a6200000| Untracked 
|  99|0x00000000a6300000, 0x00000000a6300000, 0x00000000a6400000|  0%| F|  |TAMS 0x00000000a6300000, 0x00000000a6300000| Untracked 
| 100|0x00000000a6400000, 0x00000000a6400000, 0x00000000a6500000|  0%| F|  |TAMS 0x00000000a6400000, 0x00000000a6400000| Untracked 
| 101|0x00000000a6500000, 0x00000000a6500000, 0x00000000a6600000|  0%| F|  |TAMS 0x00000000a6500000, 0x00000000a6500000| Untracked 
| 102|0x00000000a6600000, 0x00000000a6600000, 0x00000000a6700000|  0%| F|  |TAMS 0x00000000a6600000, 0x00000000a6600000| Untracked 
| 103|0x00000000a6700000, 0x00000000a6700000, 0x00000000a6800000|  0%| F|  |TAMS 0x00000000a6700000, 0x00000000a6700000| Untracked 
| 104|0x00000000a6800000, 0x00000000a6800000, 0x00000000a6900000|  0%| F|  |TAMS 0x00000000a6800000, 0x00000000a6800000| Untracked 
| 105|0x00000000a6900000, 0x00000000a6900000, 0x00000000a6a00000|  0%| F|  |TAMS 0x00000000a6900000, 0x00000000a6900000| Untracked 
| 106|0x00000000a6a00000, 0x00000000a6a00000, 0x00000000a6b00000|  0%| F|  |TAMS 0x00000000a6a00000, 0x00000000a6a00000| Untracked 
| 107|0x00000000a6b00000, 0x00000000a6b00000, 0x00000000a6c00000|  0%| F|  |TAMS 0x00000000a6b00000, 0x00000000a6b00000| Untracked 
| 108|0x00000000a6c00000, 0x00000000a6c00000, 0x00000000a6d00000|  0%| F|  |TAMS 0x00000000a6c00000, 0x00000000a6c00000| Untracked 
| 109|0x00000000a6d00000, 0x00000000a6d00000, 0x00000000a6e00000|  0%| F|  |TAMS 0x00000000a6d00000, 0x00000000a6d00000| Untracked 
| 110|0x00000000a6e00000, 0x00000000a6e00000, 0x00000000a6f00000|  0%| F|  |TAMS 0x00000000a6e00000, 0x00000000a6e00000| Untracked 
| 111|0x00000000a6f00000, 0x00000000a6f00000, 0x00000000a7000000|  0%| F|  |TAMS 0x00000000a6f00000, 0x00000000a6f00000| Untracked 
| 112|0x00000000a7000000, 0x00000000a7000000, 0x00000000a7100000|  0%| F|  |TAMS 0x00000000a7000000, 0x00000000a7000000| Untracked 
| 113|0x00000000a7100000, 0x00000000a7100000, 0x00000000a7200000|  0%| F|  |TAMS 0x00000000a7100000, 0x00000000a7100000| Untracked 
| 114|0x00000000a7200000, 0x00000000a7200000, 0x00000000a7300000|  0%| F|  |TAMS 0x00000000a7200000, 0x00000000a7200000| Untracked 
| 115|0x00000000a7300000, 0x00000000a7300000, 0x00000000a7400000|  0%| F|  |TAMS 0x00000000a7300000, 0x00000000a7300000| Untracked 
| 116|0x00000000a7400000, 0x00000000a7400000, 0x00000000a7500000|  0%| F|  |TAMS 0x00000000a7400000, 0x00000000a7400000| Untracked 
| 117|0x00000000a7500000, 0x00000000a7500000, 0x00000000a7600000|  0%| F|  |TAMS 0x00000000a7500000, 0x00000000a7500000| Untracked 
| 118|0x00000000a7600000, 0x00000000a7600000, 0x00000000a7700000|  0%| F|  |TAMS 0x00000000a7600000, 0x00000000a7600000| Untracked 
| 119|0x00000000a7700000, 0x00000000a7700000, 0x00000000a7800000|  0%| F|  |TAMS 0x00000000a7700000, 0x00000000a7700000| Untracked 
| 120|0x00000000a7800000, 0x00000000a7800000, 0x00000000a7900000|  0%| F|  |TAMS 0x00000000a7800000, 0x00000000a7800000| Untracked 
| 121|0x00000000a7900000, 0x00000000a7900000, 0x00000000a7a00000|  0%| F|  |TAMS 0x00000000a7900000, 0x00000000a7900000| Untracked 
| 122|0x00000000a7a00000, 0x00000000a7a00000, 0x00000000a7b00000|  0%| F|  |TAMS 0x00000000a7a00000, 0x00000000a7a00000| Untracked 
| 123|0x00000000a7b00000, 0x00000000a7b00000, 0x00000000a7c00000|  0%| F|  |TAMS 0x00000000a7b00000, 0x00000000a7b00000| Untracked 
| 124|0x00000000a7c00000, 0x00000000a7c00000, 0x00000000a7d00000|  0%| F|  |TAMS 0x00000000a7c00000, 0x00000000a7c00000| Untracked 
| 125|0x00000000a7d00000, 0x00000000a7d00000, 0x00000000a7e00000|  0%| F|  |TAMS 0x00000000a7d00000, 0x00000000a7d00000| Untracked 
| 126|0x00000000a7e00000, 0x00000000a7e00000, 0x00000000a7f00000|  0%| F|  |TAMS 0x00000000a7e00000, 0x00000000a7e00000| Untracked 
| 127|0x00000000a7f00000, 0x00000000a7f00000, 0x00000000a8000000|  0%| F|  |TAMS 0x00000000a7f00000, 0x00000000a7f00000| Untracked 
| 128|0x00000000a8000000, 0x00000000a8000000, 0x00000000a8100000|  0%| F|  |TAMS 0x00000000a8000000, 0x00000000a8000000| Untracked 
| 129|0x00000000a8100000, 0x00000000a8100000, 0x00000000a8200000|  0%| F|  |TAMS 0x00000000a8100000, 0x00000000a8100000| Untracked 
| 130|0x00000000a8200000, 0x00000000a8200000, 0x00000000a8300000|  0%| F|  |TAMS 0x00000000a8200000, 0x00000000a8200000| Untracked 
| 131|0x00000000a8300000, 0x00000000a8300000, 0x00000000a8400000|  0%| F|  |TAMS 0x00000000a8300000, 0x00000000a8300000| Untracked 
| 132|0x00000000a8400000, 0x00000000a8400000, 0x00000000a8500000|  0%| F|  |TAMS 0x00000000a8400000, 0x00000000a8400000| Untracked 
| 133|0x00000000a8500000, 0x00000000a8600000, 0x00000000a8600000|100%| O|  |TAMS 0x00000000a8600000, 0x00000000a8500000| Untracked 
| 134|0x00000000a8600000, 0x00000000a8700000, 0x00000000a8700000|100%| O|  |TAMS 0x00000000a8700000, 0x00000000a8600000| Untracked 
| 135|0x00000000a8700000, 0x00000000a8700000, 0x00000000a8800000|  0%| F|  |TAMS 0x00000000a8700000, 0x00000000a8700000| Untracked 
| 136|0x00000000a8800000, 0x00000000a8800000, 0x00000000a8900000|  0%| F|  |TAMS 0x00000000a8800000, 0x00000000a8800000| Untracked 
| 137|0x00000000a8900000, 0x00000000a8900000, 0x00000000a8a00000|  0%| F|  |TAMS 0x00000000a8900000, 0x00000000a8900000| Untracked 
| 138|0x00000000a8a00000, 0x00000000a8a00000, 0x00000000a8b00000|  0%| F|  |TAMS 0x00000000a8a00000, 0x00000000a8a00000| Untracked 
| 139|0x00000000a8b00000, 0x00000000a8b00000, 0x00000000a8c00000|  0%| F|  |TAMS 0x00000000a8b00000, 0x00000000a8b00000| Untracked 
| 140|0x00000000a8c00000, 0x00000000a8c00000, 0x00000000a8d00000|  0%| F|  |TAMS 0x00000000a8c00000, 0x00000000a8c00000| Untracked 
| 141|0x00000000a8d00000, 0x00000000a8d00000, 0x00000000a8e00000|  0%| F|  |TAMS 0x00000000a8d00000, 0x00000000a8d00000| Untracked 
| 142|0x00000000a8e00000, 0x00000000a8e00000, 0x00000000a8f00000|  0%| F|  |TAMS 0x00000000a8e00000, 0x00000000a8e00000| Untracked 
| 143|0x00000000a8f00000, 0x00000000a9000000, 0x00000000a9000000|100%| O|  |TAMS 0x00000000a9000000, 0x00000000a8f00000| Untracked 
| 144|0x00000000a9000000, 0x00000000a9100000, 0x00000000a9100000|100%| O|  |TAMS 0x00000000a9100000, 0x00000000a9000000| Untracked 
| 145|0x00000000a9100000, 0x00000000a9100000, 0x00000000a9200000|  0%| F|  |TAMS 0x00000000a9100000, 0x00000000a9100000| Untracked 
| 146|0x00000000a9200000, 0x00000000a9200000, 0x00000000a9300000|  0%| F|  |TAMS 0x00000000a9200000, 0x00000000a9200000| Untracked 
| 147|0x00000000a9300000, 0x00000000a9300000, 0x00000000a9400000|  0%| F|  |TAMS 0x00000000a9300000, 0x00000000a9300000| Untracked 
| 148|0x00000000a9400000, 0x00000000a9500000, 0x00000000a9500000|100%| O|  |TAMS 0x00000000a9500000, 0x00000000a9400000| Untracked 
| 149|0x00000000a9500000, 0x00000000a9500000, 0x00000000a9600000|  0%| F|  |TAMS 0x00000000a9500000, 0x00000000a9500000| Untracked 
| 150|0x00000000a9600000, 0x00000000a9600000, 0x00000000a9700000|  0%| F|  |TAMS 0x00000000a9600000, 0x00000000a9600000| Untracked 
| 151|0x00000000a9700000, 0x00000000a9700000, 0x00000000a9800000|  0%| F|  |TAMS 0x00000000a9700000, 0x00000000a9700000| Untracked 
| 152|0x00000000a9800000, 0x00000000a9800000, 0x00000000a9900000|  0%| F|  |TAMS 0x00000000a9800000, 0x00000000a9800000| Untracked 
| 153|0x00000000a9900000, 0x00000000a9900000, 0x00000000a9a00000|  0%| F|  |TAMS 0x00000000a9900000, 0x00000000a9900000| Untracked 
| 154|0x00000000a9a00000, 0x00000000a9a00000, 0x00000000a9b00000|  0%| F|  |TAMS 0x00000000a9a00000, 0x00000000a9a00000| Untracked 
| 155|0x00000000a9b00000, 0x00000000a9b00000, 0x00000000a9c00000|  0%| F|  |TAMS 0x00000000a9b00000, 0x00000000a9b00000| Untracked 
| 156|0x00000000a9c00000, 0x00000000a9c00000, 0x00000000a9d00000|  0%| F|  |TAMS 0x00000000a9c00000, 0x00000000a9c00000| Untracked 
| 157|0x00000000a9d00000, 0x00000000a9d00000, 0x00000000a9e00000|  0%| F|  |TAMS 0x00000000a9d00000, 0x00000000a9d00000| Untracked 
| 158|0x00000000a9e00000, 0x00000000a9e00000, 0x00000000a9f00000|  0%| F|  |TAMS 0x00000000a9e00000, 0x00000000a9e00000| Untracked 
| 159|0x00000000a9f00000, 0x00000000a9f00000, 0x00000000aa000000|  0%| F|  |TAMS 0x00000000a9f00000, 0x00000000a9f00000| Untracked 
| 160|0x00000000aa000000, 0x00000000aa000000, 0x00000000aa100000|  0%| F|  |TAMS 0x00000000aa000000, 0x00000000aa000000| Untracked 
| 161|0x00000000aa100000, 0x00000000aa100000, 0x00000000aa200000|  0%| F|  |TAMS 0x00000000aa100000, 0x00000000aa100000| Untracked 
| 162|0x00000000aa200000, 0x00000000aa300000, 0x00000000aa300000|100%| O|  |TAMS 0x00000000aa300000, 0x00000000aa200000| Untracked 
| 163|0x00000000aa300000, 0x00000000aa300000, 0x00000000aa400000|  0%| F|  |TAMS 0x00000000aa300000, 0x00000000aa300000| Untracked 
| 164|0x00000000aa400000, 0x00000000aa400000, 0x00000000aa500000|  0%| F|  |TAMS 0x00000000aa400000, 0x00000000aa400000| Untracked 
| 165|0x00000000aa500000, 0x00000000aa600000, 0x00000000aa600000|100%| O|  |TAMS 0x00000000aa600000, 0x00000000aa500000| Untracked 
| 166|0x00000000aa600000, 0x00000000aa700000, 0x00000000aa700000|100%| O|  |TAMS 0x00000000aa700000, 0x00000000aa600000| Untracked 
| 167|0x00000000aa700000, 0x00000000aa800000, 0x00000000aa800000|100%| O|  |TAMS 0x00000000aa800000, 0x00000000aa700000| Untracked 
| 168|0x00000000aa800000, 0x00000000aa900000, 0x00000000aa900000|100%| O|  |TAMS 0x00000000aa87f800, 0x00000000aa800000| Untracked 
| 169|0x00000000aa900000, 0x00000000aa900000, 0x00000000aaa00000|  0%| F|  |TAMS 0x00000000aa900000, 0x00000000aa900000| Untracked 
| 170|0x00000000aaa00000, 0x00000000aaa00000, 0x00000000aab00000|  0%| F|  |TAMS 0x00000000aaa00000, 0x00000000aaa00000| Untracked 
| 171|0x00000000aab00000, 0x00000000aab00000, 0x00000000aac00000|  0%| F|  |TAMS 0x00000000aab00000, 0x00000000aab00000| Untracked 
| 172|0x00000000aac00000, 0x00000000aac00000, 0x00000000aad00000|  0%| F|  |TAMS 0x00000000aac00000, 0x00000000aac00000| Untracked 
| 173|0x00000000aad00000, 0x00000000aad00000, 0x00000000aae00000|  0%| F|  |TAMS 0x00000000aad00000, 0x00000000aad00000| Untracked 
| 174|0x00000000aae00000, 0x00000000aae00000, 0x00000000aaf00000|  0%| F|  |TAMS 0x00000000aae00000, 0x00000000aae00000| Untracked 
| 175|0x00000000aaf00000, 0x00000000aaf00000, 0x00000000ab000000|  0%| F|  |TAMS 0x00000000aaf00000, 0x00000000aaf00000| Untracked 
| 176|0x00000000ab000000, 0x00000000ab000000, 0x00000000ab100000|  0%| F|  |TAMS 0x00000000ab000000, 0x00000000ab000000| Untracked 
| 177|0x00000000ab100000, 0x00000000ab100000, 0x00000000ab200000|  0%| F|  |TAMS 0x00000000ab100000, 0x00000000ab100000| Untracked 
| 178|0x00000000ab200000, 0x00000000ab200000, 0x00000000ab300000|  0%| F|  |TAMS 0x00000000ab200000, 0x00000000ab200000| Untracked 
| 179|0x00000000ab300000, 0x00000000ab300000, 0x00000000ab400000|  0%| F|  |TAMS 0x00000000ab300000, 0x00000000ab300000| Untracked 
| 180|0x00000000ab400000, 0x00000000ab400000, 0x00000000ab500000|  0%| F|  |TAMS 0x00000000ab400000, 0x00000000ab400000| Untracked 
| 181|0x00000000ab500000, 0x00000000ab500000, 0x00000000ab600000|  0%| F|  |TAMS 0x00000000ab500000, 0x00000000ab500000| Untracked 
| 182|0x00000000ab600000, 0x00000000ab600000, 0x00000000ab700000|  0%| F|  |TAMS 0x00000000ab600000, 0x00000000ab600000| Untracked 
| 183|0x00000000ab700000, 0x00000000ab700000, 0x00000000ab800000|  0%| F|  |TAMS 0x00000000ab700000, 0x00000000ab700000| Untracked 
| 184|0x00000000ab800000, 0x00000000ab800000, 0x00000000ab900000|  0%| F|  |TAMS 0x00000000ab800000, 0x00000000ab800000| Untracked 
| 185|0x00000000ab900000, 0x00000000ab900000, 0x00000000aba00000|  0%| F|  |TAMS 0x00000000ab900000, 0x00000000ab900000| Untracked 
| 186|0x00000000aba00000, 0x00000000aba00000, 0x00000000abb00000|  0%| F|  |TAMS 0x00000000aba00000, 0x00000000aba00000| Untracked 
| 187|0x00000000abb00000, 0x00000000abb00000, 0x00000000abc00000|  0%| F|  |TAMS 0x00000000abb00000, 0x00000000abb00000| Untracked 
| 188|0x00000000abc00000, 0x00000000abc00000, 0x00000000abd00000|  0%| F|  |TAMS 0x00000000abc00000, 0x00000000abc00000| Untracked 
| 189|0x00000000abd00000, 0x00000000abd00000, 0x00000000abe00000|  0%| F|  |TAMS 0x00000000abd00000, 0x00000000abd00000| Untracked 
| 190|0x00000000abe00000, 0x00000000abe00000, 0x00000000abf00000|  0%| F|  |TAMS 0x00000000abe00000, 0x00000000abe00000| Untracked 
| 191|0x00000000abf00000, 0x00000000abf00000, 0x00000000ac000000|  0%| F|  |TAMS 0x00000000abf00000, 0x00000000abf00000| Untracked 
| 192|0x00000000ac000000, 0x00000000ac000000, 0x00000000ac100000|  0%| F|  |TAMS 0x00000000ac000000, 0x00000000ac000000| Untracked 
| 193|0x00000000ac100000, 0x00000000ac100000, 0x00000000ac200000|  0%| F|  |TAMS 0x00000000ac100000, 0x00000000ac100000| Untracked 
| 194|0x00000000ac200000, 0x00000000ac200000, 0x00000000ac300000|  0%| F|  |TAMS 0x00000000ac200000, 0x00000000ac200000| Untracked 
| 195|0x00000000ac300000, 0x00000000ac300000, 0x00000000ac400000|  0%| F|  |TAMS 0x00000000ac300000, 0x00000000ac300000| Untracked 
| 196|0x00000000ac400000, 0x00000000ac400000, 0x00000000ac500000|  0%| F|  |TAMS 0x00000000ac400000, 0x00000000ac400000| Untracked 
| 197|0x00000000ac500000, 0x00000000ac500000, 0x00000000ac600000|  0%| F|  |TAMS 0x00000000ac500000, 0x00000000ac500000| Untracked 
| 198|0x00000000ac600000, 0x00000000ac600000, 0x00000000ac700000|  0%| F|  |TAMS 0x00000000ac600000, 0x00000000ac600000| Untracked 
| 199|0x00000000ac700000, 0x00000000ac700000, 0x00000000ac800000|  0%| F|  |TAMS 0x00000000ac700000, 0x00000000ac700000| Untracked 
| 200|0x00000000ac800000, 0x00000000ac800000, 0x00000000ac900000|  0%| F|  |TAMS 0x00000000ac800000, 0x00000000ac800000| Untracked 
| 201|0x00000000ac900000, 0x00000000ac900000, 0x00000000aca00000|  0%| F|  |TAMS 0x00000000ac900000, 0x00000000ac900000| Untracked 
| 202|0x00000000aca00000, 0x00000000aca00000, 0x00000000acb00000|  0%| F|  |TAMS 0x00000000aca00000, 0x00000000aca00000| Untracked 
| 203|0x00000000acb00000, 0x00000000acb00000, 0x00000000acc00000|  0%| F|  |TAMS 0x00000000acb00000, 0x00000000acb00000| Untracked 
| 204|0x00000000acc00000, 0x00000000acc00000, 0x00000000acd00000|  0%| F|  |TAMS 0x00000000acc00000, 0x00000000acc00000| Untracked 
| 205|0x00000000acd00000, 0x00000000acd00000, 0x00000000ace00000|  0%| F|  |TAMS 0x00000000acd00000, 0x00000000acd00000| Untracked 
| 206|0x00000000ace00000, 0x00000000ace00000, 0x00000000acf00000|  0%| F|  |TAMS 0x00000000ace00000, 0x00000000ace00000| Untracked 
| 207|0x00000000acf00000, 0x00000000acf00000, 0x00000000ad000000|  0%| F|  |TAMS 0x00000000acf00000, 0x00000000acf00000| Untracked 
| 208|0x00000000ad000000, 0x00000000ad000000, 0x00000000ad100000|  0%| F|  |TAMS 0x00000000ad000000, 0x00000000ad000000| Untracked 
| 209|0x00000000ad100000, 0x00000000ad100000, 0x00000000ad200000|  0%| F|  |TAMS 0x00000000ad100000, 0x00000000ad100000| Untracked 
| 210|0x00000000ad200000, 0x00000000ad200000, 0x00000000ad300000|  0%| F|  |TAMS 0x00000000ad200000, 0x00000000ad200000| Untracked 
| 211|0x00000000ad300000, 0x00000000ad300000, 0x00000000ad400000|  0%| F|  |TAMS 0x00000000ad300000, 0x00000000ad300000| Untracked 
| 212|0x00000000ad400000, 0x00000000ad400000, 0x00000000ad500000|  0%| F|  |TAMS 0x00000000ad400000, 0x00000000ad400000| Untracked 
| 213|0x00000000ad500000, 0x00000000ad500000, 0x00000000ad600000|  0%| F|  |TAMS 0x00000000ad500000, 0x00000000ad500000| Untracked 
| 214|0x00000000ad600000, 0x00000000ad600000, 0x00000000ad700000|  0%| F|  |TAMS 0x00000000ad600000, 0x00000000ad600000| Untracked 
| 215|0x00000000ad700000, 0x00000000ad700000, 0x00000000ad800000|  0%| F|  |TAMS 0x00000000ad700000, 0x00000000ad700000| Untracked 
| 216|0x00000000ad800000, 0x00000000ad800000, 0x00000000ad900000|  0%| F|  |TAMS 0x00000000ad800000, 0x00000000ad800000| Untracked 
| 217|0x00000000ad900000, 0x00000000ad900000, 0x00000000ada00000|  0%| F|  |TAMS 0x00000000ad900000, 0x00000000ad900000| Untracked 
| 218|0x00000000ada00000, 0x00000000ada00000, 0x00000000adb00000|  0%| F|  |TAMS 0x00000000ada00000, 0x00000000ada00000| Untracked 
| 219|0x00000000adb00000, 0x00000000adb00000, 0x00000000adc00000|  0%| F|  |TAMS 0x00000000adb00000, 0x00000000adb00000| Untracked 
| 220|0x00000000adc00000, 0x00000000adc00000, 0x00000000add00000|  0%| F|  |TAMS 0x00000000adc00000, 0x00000000adc00000| Untracked 
| 221|0x00000000add00000, 0x00000000add00000, 0x00000000ade00000|  0%| F|  |TAMS 0x00000000add00000, 0x00000000add00000| Untracked 
| 222|0x00000000ade00000, 0x00000000ade00000, 0x00000000adf00000|  0%| F|  |TAMS 0x00000000ade00000, 0x00000000ade00000| Untracked 
| 223|0x00000000adf00000, 0x00000000adf00000, 0x00000000ae000000|  0%| F|  |TAMS 0x00000000adf00000, 0x00000000adf00000| Untracked 
| 224|0x00000000ae000000, 0x00000000ae000000, 0x00000000ae100000|  0%| F|  |TAMS 0x00000000ae000000, 0x00000000ae000000| Untracked 
| 225|0x00000000ae100000, 0x00000000ae100000, 0x00000000ae200000|  0%| F|  |TAMS 0x00000000ae100000, 0x00000000ae100000| Untracked 
| 226|0x00000000ae200000, 0x00000000ae200000, 0x00000000ae300000|  0%| F|  |TAMS 0x00000000ae200000, 0x00000000ae200000| Untracked 
| 227|0x00000000ae300000, 0x00000000ae300000, 0x00000000ae400000|  0%| F|  |TAMS 0x00000000ae300000, 0x00000000ae300000| Untracked 
| 228|0x00000000ae400000, 0x00000000ae400000, 0x00000000ae500000|  0%| F|  |TAMS 0x00000000ae400000, 0x00000000ae400000| Untracked 
| 229|0x00000000ae500000, 0x00000000ae500000, 0x00000000ae600000|  0%| F|  |TAMS 0x00000000ae500000, 0x00000000ae500000| Untracked 
| 230|0x00000000ae600000, 0x00000000ae600000, 0x00000000ae700000|  0%| F|  |TAMS 0x00000000ae600000, 0x00000000ae600000| Untracked 
| 231|0x00000000ae700000, 0x00000000ae700000, 0x00000000ae800000|  0%| F|  |TAMS 0x00000000ae700000, 0x00000000ae700000| Untracked 
| 232|0x00000000ae800000, 0x00000000ae800000, 0x00000000ae900000|  0%| F|  |TAMS 0x00000000ae800000, 0x00000000ae800000| Untracked 
| 233|0x00000000ae900000, 0x00000000ae900000, 0x00000000aea00000|  0%| F|  |TAMS 0x00000000ae900000, 0x00000000ae900000| Untracked 
| 234|0x00000000aea00000, 0x00000000aea00000, 0x00000000aeb00000|  0%| F|  |TAMS 0x00000000aea00000, 0x00000000aea00000| Untracked 
| 235|0x00000000aeb00000, 0x00000000aeb2d658, 0x00000000aec00000| 17%| E|  |TAMS 0x00000000aeb00000, 0x00000000aeb00000| Complete 
| 236|0x00000000aec00000, 0x00000000aed00000, 0x00000000aed00000|100%| E|CS|TAMS 0x00000000aec00000, 0x00000000aec00000| Complete 
| 237|0x00000000aed00000, 0x00000000aee00000, 0x00000000aee00000|100%| E|CS|TAMS 0x00000000aed00000, 0x00000000aed00000| Complete 
| 238|0x00000000aee00000, 0x00000000aef00000, 0x00000000aef00000|100%| E|CS|TAMS 0x00000000aee00000, 0x00000000aee00000| Complete 
| 239|0x00000000aef00000, 0x00000000af000000, 0x00000000af000000|100%| E|CS|TAMS 0x00000000aef00000, 0x00000000aef00000| Complete 
| 240|0x00000000af000000, 0x00000000af100000, 0x00000000af100000|100%| E|CS|TAMS 0x00000000af000000, 0x00000000af000000| Complete 
| 241|0x00000000af100000, 0x00000000af200000, 0x00000000af200000|100%| E|CS|TAMS 0x00000000af100000, 0x00000000af100000| Complete 
| 242|0x00000000af200000, 0x00000000af300000, 0x00000000af300000|100%| E|CS|TAMS 0x00000000af200000, 0x00000000af200000| Complete 
| 243|0x00000000af300000, 0x00000000af400000, 0x00000000af400000|100%| E|CS|TAMS 0x00000000af300000, 0x00000000af300000| Complete 
| 244|0x00000000af400000, 0x00000000af4fb680, 0x00000000af500000| 98%| S|CS|TAMS 0x00000000af400000, 0x00000000af400000| Complete 
| 245|0x00000000af500000, 0x00000000af600000, 0x00000000af600000|100%| S|CS|TAMS 0x00000000af500000, 0x00000000af500000| Complete 
| 246|0x00000000af600000, 0x00000000af700000, 0x00000000af700000|100%| E|CS|TAMS 0x00000000af600000, 0x00000000af600000| Complete 
| 247|0x00000000af700000, 0x00000000af800000, 0x00000000af800000|100%| E|  |TAMS 0x00000000af700000, 0x00000000af700000| Complete 
| 248|0x00000000af800000, 0x00000000af900000, 0x00000000af900000|100%| E|CS|TAMS 0x00000000af800000, 0x00000000af800000| Complete 
| 249|0x00000000af900000, 0x00000000afa00000, 0x00000000afa00000|100%| E|CS|TAMS 0x00000000af900000, 0x00000000af900000| Complete 
| 250|0x00000000afa00000, 0x00000000afb00000, 0x00000000afb00000|100%| E|CS|TAMS 0x00000000afa00000, 0x00000000afa00000| Complete 
| 251|0x00000000afb00000, 0x00000000afc00000, 0x00000000afc00000|100%| E|CS|TAMS 0x00000000afb00000, 0x00000000afb00000| Complete 
| 252|0x00000000afc00000, 0x00000000afd00000, 0x00000000afd00000|100%| E|CS|TAMS 0x00000000afc00000, 0x00000000afc00000| Complete 
| 253|0x00000000afd00000, 0x00000000afe00000, 0x00000000afe00000|100%| E|CS|TAMS 0x00000000afd00000, 0x00000000afd00000| Complete 
| 254|0x00000000afe00000, 0x00000000aff00000, 0x00000000aff00000|100%| E|CS|TAMS 0x00000000afe00000, 0x00000000afe00000| Complete 
| 255|0x00000000aff00000, 0x00000000b0000000, 0x00000000b0000000|100%| E|CS|TAMS 0x00000000aff00000, 0x00000000aff00000| Complete 
| 256|0x00000000b0000000, 0x00000000b0100000, 0x00000000b0100000|100%| E|CS|TAMS 0x00000000b0000000, 0x00000000b0000000| Complete 
| 257|0x00000000b0100000, 0x00000000b0200000, 0x00000000b0200000|100%| E|CS|TAMS 0x00000000b0100000, 0x00000000b0100000| Complete 

Card table byte_map: [0x00000236f90e0000,0x00000236f93e0000] _byte_map_base: 0x00000236f8be0000

Marking Bits (Prev, Next): (CMBitMap*) 0x00000236f4958228, (CMBitMap*) 0x00000236f4958260
 Prev Bits: [0x00000236f96e0000, 0x00000236faee0000)
 Next Bits: [0x00000236faee0000, 0x00000236fc6e0000)

Polling page: 0x00000236f30e0000

Metaspace:

Usage:
  Non-class:     82.50 MB capacity,    80.72 MB ( 98%) used,     1.48 MB (  2%) free+waste,   308.25 KB ( <1%) overhead. 
      Class:     12.60 MB capacity,    11.54 MB ( 92%) used,   945.45 KB (  7%) free+waste,   138.06 KB (  1%) overhead. 
       Both:     95.10 MB capacity,    92.26 MB ( 97%) used,     2.40 MB (  3%) free+waste,   446.31 KB ( <1%) overhead. 

Virtual space:
  Non-class space:       84.00 MB reserved,      82.58 MB ( 98%) committed 
      Class space:        1.00 GB reserved,      12.76 MB (  1%) committed 
             Both:        1.08 GB reserved,      95.34 MB (  9%) committed 

Chunk freelists:
   Non-Class:  13.00 KB
       Class:  62.00 KB
        Both:  75.00 KB

MaxMetaspaceSize: 17179869184.00 GB
CompressedClassSpaceSize: 1.00 GB
Initial GC threshold: 20.80 MB
Current GC threshold: 157.86 MB
CDS: off

CodeHeap 'non-profiled nmethods': size=120064Kb used=17319Kb max_used=17319Kb free=102744Kb
 bounds [0x0000023687ac0000, 0x0000023688bb0000, 0x000002368f000000]
CodeHeap 'profiled nmethods': size=120000Kb used=33998Kb max_used=33998Kb free=86002Kb
 bounds [0x0000023680590000, 0x0000023682770000, 0x0000023687ac0000]
CodeHeap 'non-nmethods': size=5696Kb used=2470Kb max_used=2649Kb free=3225Kb
 bounds [0x0000023680000000, 0x00000236802b0000, 0x0000023680590000]
 total_blobs=14832 nmethods=13933 adapters=818
 compilation: enabled
              stopped_count=0, restarted_count=0
 full_count=0

Compilation events (20 events):
Event: 69.558 Thread 0x00000236ff580000 15954       3       java.lang.ProcessEnvironment$CheckedEntry::getKey (13 bytes)
Event: 69.558 Thread 0x00000236ff580000 nmethod 15954 0x0000023681e4cf10 code [0x0000023681e4d0e0, 0x0000023681e4d388]
Event: 69.558 Thread 0x00000236ff580000 15955       3       java.lang.StringUTF16::inflate (42 bytes)
Event: 69.559 Thread 0x00000236ff580000 nmethod 15955 0x0000023681e4c810 code [0x0000023681e4c9e0, 0x0000023681e4cce8]
Event: 69.559 Thread 0x00000236ff580000 15956       3       java.lang.ProcessEnvironment$CheckedEntry::getValue (5 bytes)
Event: 69.559 Thread 0x00000236ff580000 nmethod 15956 0x0000023681e4c210 code [0x0000023681e4c3e0, 0x0000023681e4c708]
Event: 69.624 Thread 0x0000023690d37000 nmethod 15723 0x0000023688b7c410 code [0x0000023688b7cb00, 0x0000023688b86ba0]
Event: 69.624 Thread 0x0000023690d37000 15721       4       com.google.common.collect.HashBiMap$Inverse::get (16 bytes)
Event: 69.629 Thread 0x0000023690d37000 nmethod 15721 0x0000023688b8ca10 code [0x0000023688b8cbc0, 0x0000023688b8ce38]
Event: 69.697 Thread 0x00000236ff580000 15957       3       java.util.concurrent.ThreadPoolExecutor::isShutdown (12 bytes)
Event: 69.698 Thread 0x00000236ff580000 nmethod 15957 0x0000023681e4bd90 code [0x0000023681e4bf40, 0x0000023681e4c118]
Event: 69.755 Thread 0x0000023690d37000 15960       4       jdk.internal.org.objectweb.asm.Frame::execute (2264 bytes)
Event: 69.935 Thread 0x00000236ff57b000 nmethod 15720 0x0000023688b8e910 code [0x0000023688b8f000, 0x0000023688b97c20]
Event: 69.973 Thread 0x0000023690d37000 nmethod 15960 0x0000023688b9d110 code [0x0000023688b9e280, 0x0000023688ba5c88]
Event: 70.689 Thread 0x00000236ff580000 15967       3       java.util.concurrent.ScheduledThreadPoolExecutor::canRunInCurrentRunState (61 bytes)
Event: 70.689 Thread 0x00000236ff580000 nmethod 15967 0x0000023681e4b090 code [0x0000023681e4b2c0, 0x0000023681e4bb08]
Event: 72.502 Thread 0x00000236ff580000 15968       3       org.gradle.internal.logging.text.AbstractStyledTextOutput::style (20 bytes)
Event: 72.503 Thread 0x00000236ff580000 nmethod 15968 0x0000023681e4ab90 code [0x0000023681e4ad60, 0x0000023681e4afc8]
Event: 72.503 Thread 0x00000236ff580000 15969       3       org.gradle.internal.io.LineBufferingOutputStream::write (59 bytes)
Event: 72.504 Thread 0x00000236ff57b000 15971       4       org.gradle.internal.io.StreamByteBuffer::allocateSpace (73 bytes)

GC Heap History (20 events):
Event: 61.651 GC heap before
{Heap before GC invocations=85 (full 0):
 garbage-first heap   total 264192K, used 220821K [0x00000000a0000000, 0x0000000100000000)
  region size 1024K, 64 young (65536K), 6 survivors (6144K)
 Metaspace       used 93441K, capacity 96316K, committed 96476K, reserved 1132544K
  class space    used 11738K, capacity 12836K, committed 12940K, reserved 1048576K
}
Event: 61.670 GC heap after
{Heap after GC invocations=86 (full 0):
 garbage-first heap   total 264192K, used 163127K [0x00000000a0000000, 0x0000000100000000)
  region size 1024K, 5 young (5120K), 5 survivors (5120K)
 Metaspace       used 93441K, capacity 96316K, committed 96476K, reserved 1132544K
  class space    used 11738K, capacity 12836K, committed 12940K, reserved 1048576K
}
Event: 62.871 GC heap before
{Heap before GC invocations=87 (full 0):
 garbage-first heap   total 264192K, used 222519K [0x00000000a0000000, 0x0000000100000000)
  region size 1024K, 63 young (64512K), 5 survivors (5120K)
 Metaspace       used 93449K, capacity 96316K, committed 96476K, reserved 1132544K
  class space    used 11738K, capacity 12836K, committed 12940K, reserved 1048576K
}
Event: 62.898 GC heap after
{Heap after GC invocations=88 (full 0):
 garbage-first heap   total 264192K, used 164283K [0x00000000a0000000, 0x0000000100000000)
  region size 1024K, 5 young (5120K), 5 survivors (5120K)
 Metaspace       used 93449K, capacity 96316K, committed 96476K, reserved 1132544K
  class space    used 11738K, capacity 12836K, committed 12940K, reserved 1048576K
}
Event: 64.219 GC heap before
{Heap before GC invocations=88 (full 0):
 garbage-first heap   total 264192K, used 224699K [0x00000000a0000000, 0x0000000100000000)
  region size 1024K, 64 young (65536K), 5 survivors (5120K)
 Metaspace       used 93463K, capacity 96316K, committed 96476K, reserved 1132544K
  class space    used 11738K, capacity 12836K, committed 12940K, reserved 1048576K
}
Event: 64.242 GC heap after
{Heap after GC invocations=89 (full 0):
 garbage-first heap   total 264192K, used 166105K [0x00000000a0000000, 0x0000000100000000)
  region size 1024K, 5 young (5120K), 5 survivors (5120K)
 Metaspace       used 93463K, capacity 96316K, committed 96476K, reserved 1132544K
  class space    used 11738K, capacity 12836K, committed 12940K, reserved 1048576K
}
Event: 65.326 GC heap before
{Heap before GC invocations=90 (full 0):
 garbage-first heap   total 264192K, used 226521K [0x00000000a0000000, 0x0000000100000000)
  region size 1024K, 64 young (65536K), 5 survivors (5120K)
 Metaspace       used 93464K, capacity 96316K, committed 96476K, reserved 1132544K
  class space    used 11738K, capacity 12836K, committed 12940K, reserved 1048576K
}
Event: 65.347 GC heap after
{Heap after GC invocations=91 (full 0):
 garbage-first heap   total 264192K, used 167715K [0x00000000a0000000, 0x0000000100000000)
  region size 1024K, 5 young (5120K), 5 survivors (5120K)
 Metaspace       used 93464K, capacity 96316K, committed 96476K, reserved 1132544K
  class space    used 11738K, capacity 12836K, committed 12940K, reserved 1048576K
}
Event: 66.047 GC heap before
{Heap before GC invocations=91 (full 0):
 garbage-first heap   total 264192K, used 228131K [0x00000000a0000000, 0x0000000100000000)
  region size 1024K, 64 young (65536K), 5 survivors (5120K)
 Metaspace       used 93468K, capacity 96316K, committed 96476K, reserved 1132544K
  class space    used 11738K, capacity 12836K, committed 12940K, reserved 1048576K
}
Event: 66.063 GC heap after
{Heap after GC invocations=92 (full 0):
 garbage-first heap   total 264192K, used 169235K [0x00000000a0000000, 0x0000000100000000)
  region size 1024K, 5 young (5120K), 5 survivors (5120K)
 Metaspace       used 93468K, capacity 96316K, committed 96476K, reserved 1132544K
  class space    used 11738K, capacity 12836K, committed 12940K, reserved 1048576K
}
Event: 67.165 GC heap before
{Heap before GC invocations=93 (full 0):
 garbage-first heap   total 264192K, used 228627K [0x00000000a0000000, 0x0000000100000000)
  region size 1024K, 63 young (64512K), 5 survivors (5120K)
 Metaspace       used 93614K, capacity 96448K, committed 96732K, reserved 1132544K
  class space    used 11748K, capacity 12836K, committed 12940K, reserved 1048576K
}
Event: 67.199 GC heap after
{Heap after GC invocations=94 (full 0):
 garbage-first heap   total 264192K, used 173278K [0x00000000a0000000, 0x0000000100000000)
  region size 1024K, 8 young (8192K), 8 survivors (8192K)
 Metaspace       used 93614K, capacity 96448K, committed 96732K, reserved 1132544K
  class space    used 11748K, capacity 12836K, committed 12940K, reserved 1048576K
}
Event: 67.849 GC heap before
{Heap before GC invocations=94 (full 0):
 garbage-first heap   total 264192K, used 226526K [0x00000000a0000000, 0x0000000100000000)
  region size 1024K, 61 young (62464K), 8 survivors (8192K)
 Metaspace       used 93723K, capacity 96475K, committed 96732K, reserved 1132544K
  class space    used 11751K, capacity 12840K, committed 12940K, reserved 1048576K
}
Event: 67.869 GC heap after
{Heap after GC invocations=95 (full 0):
 garbage-first heap   total 264192K, used 175931K [0x00000000a0000000, 0x0000000100000000)
  region size 1024K, 4 young (4096K), 4 survivors (4096K)
 Metaspace       used 93723K, capacity 96475K, committed 96732K, reserved 1132544K
  class space    used 11751K, capacity 12840K, committed 12940K, reserved 1048576K
}
Event: 68.786 GC heap before
{Heap before GC invocations=96 (full 0):
 garbage-first heap   total 264192K, used 192315K [0x00000000a0000000, 0x0000000100000000)
  region size 1024K, 55 young (56320K), 4 survivors (4096K)
 Metaspace       used 93928K, capacity 96747K, committed 96988K, reserved 1134592K
  class space    used 11765K, capacity 12843K, committed 12940K, reserved 1048576K
}
Event: 68.802 GC heap after
{Heap after GC invocations=97 (full 0):
 garbage-first heap   total 264192K, used 145154K [0x00000000a0000000, 0x0000000100000000)
  region size 1024K, 7 young (7168K), 7 survivors (7168K)
 Metaspace       used 93928K, capacity 96747K, committed 96988K, reserved 1134592K
  class space    used 11765K, capacity 12843K, committed 12940K, reserved 1048576K
}
Event: 68.901 GC heap before
{Heap before GC invocations=97 (full 0):
 garbage-first heap   total 264192K, used 149250K [0x00000000a0000000, 0x0000000100000000)
  region size 1024K, 12 young (12288K), 7 survivors (7168K)
 Metaspace       used 93933K, capacity 96747K, committed 96988K, reserved 1134592K
  class space    used 11765K, capacity 12843K, committed 12940K, reserved 1048576K
}
Event: 68.913 GC heap after
{Heap after GC invocations=98 (full 0):
 garbage-first heap   total 264192K, used 120001K [0x00000000a0000000, 0x0000000100000000)
  region size 1024K, 2 young (2048K), 2 survivors (2048K)
 Metaspace       used 93933K, capacity 96747K, committed 96988K, reserved 1134592K
  class space    used 11765K, capacity 12843K, committed 12940K, reserved 1048576K
}
Event: 69.066 GC heap before
{Heap before GC invocations=98 (full 0):
 garbage-first heap   total 264192K, used 130241K [0x00000000a0000000, 0x0000000100000000)
  region size 1024K, 12 young (12288K), 2 survivors (2048K)
 Metaspace       used 93943K, capacity 96748K, committed 96988K, reserved 1134592K
  class space    used 11765K, capacity 12843K, committed 12940K, reserved 1048576K
}
Event: 69.074 GC heap after
{Heap after GC invocations=99 (full 0):
 garbage-first heap   total 264192K, used 107762K [0x00000000a0000000, 0x0000000100000000)
  region size 1024K, 2 young (2048K), 2 survivors (2048K)
 Metaspace       used 93943K, capacity 96748K, committed 96988K, reserved 1134592K
  class space    used 11765K, capacity 12843K, committed 12940K, reserved 1048576K
}

Deoptimization events (20 events):
Event: 69.552 Thread 0x0000023690797000 DEOPT PACKING pc=0x00000236880c635c sp=0x000000b5eaef9f00
Event: 69.552 Thread 0x0000023690797000 DEOPT UNPACKING pc=0x0000023680049d0e sp=0x000000b5eaef93c8 mode 1
Event: 69.552 Thread 0x0000023690797000 DEOPT PACKING pc=0x00000236880c635c sp=0x000000b5eaef9fc0
Event: 69.552 Thread 0x0000023690797000 DEOPT UNPACKING pc=0x0000023680049d0e sp=0x000000b5eaef9488 mode 1
Event: 69.554 Thread 0x0000023690797000 DEOPT PACKING pc=0x00000236880c635c sp=0x000000b5eaef9e80
Event: 69.554 Thread 0x0000023690797000 DEOPT UNPACKING pc=0x0000023680049d0e sp=0x000000b5eaef9348 mode 1
Event: 69.554 Thread 0x0000023690797000 DEOPT PACKING pc=0x00000236880c635c sp=0x000000b5eaef9f40
Event: 69.554 Thread 0x0000023690797000 DEOPT UNPACKING pc=0x0000023680049d0e sp=0x000000b5eaef9408 mode 1
Event: 69.554 Thread 0x0000023690797000 DEOPT PACKING pc=0x00000236880c635c sp=0x000000b5eaef9f10
Event: 69.554 Thread 0x0000023690797000 DEOPT UNPACKING pc=0x0000023680049d0e sp=0x000000b5eaef93d8 mode 1
Event: 69.554 Thread 0x0000023690797000 DEOPT PACKING pc=0x00000236880c635c sp=0x000000b5eaef9fd0
Event: 69.554 Thread 0x0000023690797000 DEOPT UNPACKING pc=0x0000023680049d0e sp=0x000000b5eaef9498 mode 1
Event: 69.557 Thread 0x000002369079d000 DEOPT PACKING pc=0x00000236880c635c sp=0x000000b5e4bfdfc0
Event: 69.557 Thread 0x000002369079d000 DEOPT UNPACKING pc=0x0000023680049d0e sp=0x000000b5e4bfd488 mode 1
Event: 69.557 Thread 0x000002369079d000 DEOPT PACKING pc=0x00000236880c635c sp=0x000000b5e4bfe080
Event: 69.557 Thread 0x000002369079d000 DEOPT UNPACKING pc=0x0000023680049d0e sp=0x000000b5e4bfd548 mode 1
Event: 69.761 Thread 0x000002369079d000 DEOPT PACKING pc=0x00000236880c635c sp=0x000000b5e4bfe260
Event: 69.761 Thread 0x000002369079d000 DEOPT UNPACKING pc=0x0000023680049d0e sp=0x000000b5e4bfd728 mode 1
Event: 69.761 Thread 0x000002369079d000 DEOPT PACKING pc=0x00000236880c635c sp=0x000000b5e4bfe320
Event: 69.761 Thread 0x000002369079d000 DEOPT UNPACKING pc=0x0000023680049d0e sp=0x000000b5e4bfd7e8 mode 1

Classes redefined (0 events):
No events

Internal exceptions (20 events):
Event: 68.926 Thread 0x0000023690797000 Exception <a 'sun/nio/fs/WindowsException'{0x00000000b01c2670}> (0x00000000b01c2670) thrown at [./src/hotspot/share/prims/jni.cpp, line 616]
Event: 68.926 Thread 0x0000023690797000 Exception <a 'sun/nio/fs/WindowsException'{0x00000000b01c2790}> (0x00000000b01c2790) thrown at [./src/hotspot/share/prims/jni.cpp, line 616]
Event: 68.927 Thread 0x0000023690797000 Exception <a 'sun/nio/fs/WindowsException'{0x00000000b01c4948}> (0x00000000b01c4948) thrown at [./src/hotspot/share/prims/jni.cpp, line 616]
Event: 68.927 Thread 0x0000023690797000 Exception <a 'sun/nio/fs/WindowsException'{0x00000000b01c4a50}> (0x00000000b01c4a50) thrown at [./src/hotspot/share/prims/jni.cpp, line 616]
Event: 68.927 Thread 0x0000023690797000 Exception <a 'sun/nio/fs/WindowsException'{0x00000000b01c6bf8}> (0x00000000b01c6bf8) thrown at [./src/hotspot/share/prims/jni.cpp, line 616]
Event: 68.934 Thread 0x0000023690797000 Exception <a 'sun/nio/fs/WindowsException'{0x00000000b000e640}> (0x00000000b000e640) thrown at [./src/hotspot/share/prims/jni.cpp, line 616]
Event: 68.962 Thread 0x0000023690797000 Exception <a 'sun/nio/fs/WindowsException'{0x00000000aff93628}> (0x00000000aff93628) thrown at [./src/hotspot/share/prims/jni.cpp, line 616]
Event: 68.976 Thread 0x0000023690797000 Exception <a 'sun/nio/fs/WindowsException'{0x00000000afee0aa8}> (0x00000000afee0aa8) thrown at [./src/hotspot/share/prims/jni.cpp, line 616]
Event: 68.978 Thread 0x0000023690797000 Exception <a 'sun/nio/fs/WindowsException'{0x00000000afef0358}> (0x00000000afef0358) thrown at [./src/hotspot/share/prims/jni.cpp, line 616]
Event: 68.982 Thread 0x0000023690797000 Exception <a 'sun/nio/fs/WindowsException'{0x00000000afd1f990}> (0x00000000afd1f990) thrown at [./src/hotspot/share/prims/jni.cpp, line 616]
Event: 69.451 Thread 0x0000023690797000 Exception <a 'java/lang/ClassNotFoundException'{0x00000000aefb5808}: com/intellij/openapi/externalSystem/rt/execution/ForkedDebuggerHelperBeanInfo> (0x00000000aefb5808) thrown at [./src/hotspot/share/classfile/systemDictionary.cpp, line 231]
Event: 69.452 Thread 0x0000023690797000 Exception <a 'java/lang/ClassNotFoundException'{0x00000000aefbd210}: com/intellij/openapi/externalSystem/rt/execution/ForkedDebuggerHelperCustomizer> (0x00000000aefbd210) thrown at [./src/hotspot/share/classfile/systemDictionary.cpp, line 231]
Event: 69.513 Thread 0x0000023690797000 Exception <a 'java/lang/ClassNotFoundException'{0x00000000aeecf550}: org/gradle/api/internal/file/collections/DefaultConfigurableFileCollectionBeanInfo> (0x00000000aeecf550) thrown at [./src/hotspot/share/classfile/systemDictionary.cpp, line 231]
Event: 69.515 Thread 0x0000023690797000 Exception <a 'java/lang/ClassNotFoundException'{0x00000000aeefd128}: org/gradle/api/internal/file/collections/DefaultConfigurableFileCollectionCustomizer> (0x00000000aeefd128) thrown at [./src/hotspot/share/classfile/systemDictionary.cpp, line 231]
Event: 69.754 Thread 0x000002369079d000 Exception <a 'java/lang/NoSuchMethodError'{0x00000000aeca1630}: 'void java.lang.invoke.DirectMethodHandle$Holder.invokeStatic(java.lang.Object, long)'> (0x00000000aeca1630) thrown at [./src/hotspot/share/interpreter/linkResolver.cpp, line 773]
Event: 69.755 Thread 0x000002369079d000 Exception <a 'java/lang/NoSuchMethodError'{0x00000000aeca65a0}: 'java.lang.Object java.lang.invoke.DirectMethodHandle$Holder.invokeStatic(java.lang.Object, long)'> (0x00000000aeca65a0) thrown at [./src/hotspot/share/interpreter/linkResolver.cpp, line 773]
Event: 69.756 Thread 0x000002369079d000 Exception <a 'java/lang/NoSuchMethodError'{0x00000000aecac678}: 'java.lang.Object java.lang.invoke.Invokers$Holder.linkToTargetMethod(long, java.lang.Object)'> (0x00000000aecac678) thrown at [./src/hotspot/share/interpreter/linkResolver.cpp, line 773]
Event: 69.758 Thread 0x000002369079d000 Exception <a 'java/lang/NoSuchMethodError'{0x00000000aecb49b8}: 'java.lang.Object java.lang.invoke.DirectMethodHandle$Holder.invokeStaticInit(java.lang.Object, java.lang.Object, long, java.lang.Object)'> (0x00000000aecb49b8) thrown at [./src/hotspot/share/interpreter/linkResolver.cpp, line 773]
Event: 69.758 Thread 0x000002369079d000 Exception <a 'java/lang/NoSuchMethodError'{0x00000000aecba8a8}: 'java.lang.Object java.lang.invoke.DirectMethodHandle$Holder.invokeStatic(java.lang.Object, java.lang.Object, long)'> (0x00000000aecba8a8) thrown at [./src/hotspot/share/interpreter/linkResolver.cpp, line 773]
Event: 69.759 Thread 0x000002369079d000 Exception <a 'java/lang/NoSuchMethodError'{0x00000000aecc0db8}: 'java.lang.Object java.lang.invoke.Invokers$Holder.linkToTargetMethod(java.lang.Object, long, java.lang.Object)'> (0x00000000aecc0db8) thrown at [./src/hotspot/share/interpreter/linkResolver.cpp, line 773]

Events (20 events):
Event: 69.554 loading class org/gradle/internal/operations/CurrentBuildOperationPreservingRunnable
Event: 69.554 loading class org/gradle/internal/operations/CurrentBuildOperationPreservingRunnable done
Event: 69.555 Thread 0x000002369079d000 Thread added: 0x000002369079d000
Event: 69.556 loading class java/lang/ProcessBuilder
Event: 69.556 loading class java/lang/ProcessBuilder done
Event: 69.557 loading class net/rubygrapefruit/platform/internal/jni/WindowsHandleFunctions
Event: 69.557 loading class net/rubygrapefruit/platform/internal/jni/WindowsHandleFunctions done
Event: 69.557 loading class java/lang/ProcessImpl
Event: 69.558 loading class java/lang/ProcessImpl done
Event: 69.756 loading class java/lang/ProcessHandleImpl
Event: 69.757 loading class java/lang/ProcessHandleImpl done
Event: 69.759 loading class java/lang/ProcessImpl$2
Event: 69.759 loading class java/lang/ProcessImpl$2 done
Event: 69.759 loading class java/lang/Process$PipeInputStream
Event: 69.761 loading class java/lang/Process$PipeInputStream done
Event: 69.761 loading class org/gradle/process/internal/streams/ExecOutputHandleRunner
Event: 69.761 loading class org/gradle/process/internal/streams/ExecOutputHandleRunner done
Event: 69.764 Thread 0x000002369079b800 Thread added: 0x000002369079b800
Event: 69.764 Thread 0x00000236907a2000 Thread added: 0x00000236907a2000
Event: 70.689 Thread 0x0000023690d37000 Thread exited: 0x0000023690d37000


Dynamic libraries:
0x00007ff7f78c0000 - 0x00007ff7f78ca000 	D:\Android Studio\jre\bin\java.exe
0x00007ff971eb0000 - 0x00007ff9720c4000 	C:\WINDOWS\SYSTEM32\ntdll.dll
0x00007ff971d90000 - 0x00007ff971e52000 	C:\WINDOWS\System32\KERNEL32.DLL
0x00007ff96ef10000 - 0x00007ff96f2b3000 	C:\WINDOWS\System32\KERNELBASE.dll
0x00007ff96f840000 - 0x00007ff96f951000 	C:\WINDOWS\System32\ucrtbase.dll
0x00007ff967690000 - 0x00007ff9676a9000 	D:\Android Studio\jre\bin\jli.dll
0x00007ff965280000 - 0x00007ff965297000 	D:\Android Studio\jre\bin\VCRUNTIME140.dll
0x00007ff970500000 - 0x00007ff9706ab000 	C:\WINDOWS\System32\USER32.dll
0x00007ff96f4f0000 - 0x00007ff96f516000 	C:\WINDOWS\System32\win32u.dll
0x00007ff971720000 - 0x00007ff971749000 	C:\WINDOWS\System32\GDI32.dll
0x00007ff96f720000 - 0x00007ff96f838000 	C:\WINDOWS\System32\gdi32full.dll
0x00007ff9558a0000 - 0x00007ff955b2e000 	C:\WINDOWS\WinSxS\amd64_microsoft.windows.common-controls_6595b64144ccf1df_6.0.22621.1635_none_270f70857386168e\COMCTL32.dll
0x00007ff96f680000 - 0x00007ff96f71a000 	C:\WINDOWS\System32\msvcp_win.dll
0x00007ff971670000 - 0x00007ff971717000 	C:\WINDOWS\System32\msvcrt.dll
0x00007ff971810000 - 0x00007ff971841000 	C:\WINDOWS\System32\IMM32.DLL
0x0000000051d60000 - 0x0000000051d6c000 	D:\360安全卫士\360Safe\safemon\SafeWrapper.dll
0x00007ff971940000 - 0x00007ff9719ee000 	C:\WINDOWS\System32\ADVAPI32.dll
0x00007ff9715c0000 - 0x00007ff971664000 	C:\WINDOWS\System32\sechost.dll
0x00007ff970de0000 - 0x00007ff970ef7000 	C:\WINDOWS\System32\RPCRT4.dll
0x00007ff952120000 - 0x00007ff9521cc000 	D:\360安全卫士\360Safe\safemon\libzdtp64.dll
0x00007ff96fbe0000 - 0x00007ff9703da000 	C:\WINDOWS\System32\SHELL32.dll
0x00007ff9719f0000 - 0x00007ff971a4e000 	C:\WINDOWS\System32\SHLWAPI.dll
0x00007ff96e940000 - 0x00007ff96e94a000 	C:\WINDOWS\SYSTEM32\VERSION.dll
0x00007ff939910000 - 0x00007ff9399ad000 	D:\Android Studio\jre\bin\msvcp140.dll
0x00007ff90c4e0000 - 0x00007ff90cfe2000 	D:\Android Studio\jre\bin\server\jvm.dll
0x00007ff971310000 - 0x00007ff971318000 	C:\WINDOWS\System32\PSAPI.DLL
0x00007ff962ee0000 - 0x00007ff962f14000 	C:\WINDOWS\SYSTEM32\WINMM.dll
0x00007ff93bfd0000 - 0x00007ff93bfd9000 	C:\WINDOWS\SYSTEM32\WSOCK32.dll
0x00007ff970f00000 - 0x00007ff970f71000 	C:\WINDOWS\System32\WS2_32.dll
0x00007ff96de90000 - 0x00007ff96dea8000 	C:\WINDOWS\SYSTEM32\kernel.appcore.dll
0x00007ff966fa0000 - 0x00007ff966fb1000 	D:\Android Studio\jre\bin\verify.dll
0x00007ff96c790000 - 0x00007ff96c9be000 	C:\WINDOWS\SYSTEM32\DBGHELP.DLL
0x00007ff970f80000 - 0x00007ff971309000 	C:\WINDOWS\System32\combase.dll
0x00007ff971860000 - 0x00007ff971937000 	C:\WINDOWS\System32\OLEAUT32.dll
0x00007ff93b9a0000 - 0x00007ff93b9d2000 	C:\WINDOWS\SYSTEM32\dbgcore.DLL
0x00007ff96f960000 - 0x00007ff96f9db000 	C:\WINDOWS\System32\bcryptPrimitives.dll
0x00007ff963f30000 - 0x00007ff963f59000 	D:\Android Studio\jre\bin\java.dll
0x00007ff9676c0000 - 0x00007ff9676cb000 	D:\Android Studio\jre\bin\jimage.dll
0x00007ff93d090000 - 0x00007ff93d0c9000 	D:\Android Studio\jre\bin\jdwp.dll
0x00007ff963f10000 - 0x00007ff963f28000 	D:\Android Studio\jre\bin\zip.dll
0x00007ff96ce30000 - 0x00007ff96d6fe000 	C:\WINDOWS\SYSTEM32\windows.storage.dll
0x00007ff96ccf0000 - 0x00007ff96ce2e000 	C:\WINDOWS\SYSTEM32\wintypes.dll
0x00007ff96fae0000 - 0x00007ff96fbd1000 	C:\WINDOWS\System32\SHCORE.dll
0x00007ff96edd0000 - 0x00007ff96edf1000 	C:\WINDOWS\SYSTEM32\profapi.dll
0x00007ff95df20000 - 0x00007ff95df2b000 	D:\Android Studio\jre\bin\dt_socket.dll
0x00007ff96e300000 - 0x00007ff96e369000 	C:\WINDOWS\system32\mswsock.dll
0x00007ff963ef0000 - 0x00007ff963f0a000 	D:\Android Studio\jre\bin\net.dll
0x00007ff964f90000 - 0x00007ff9650c7000 	C:\WINDOWS\SYSTEM32\WINHTTP.dll
0x00007ff95eaa0000 - 0x00007ff95eab4000 	D:\Android Studio\jre\bin\nio.dll
0x00007ff96b5a0000 - 0x00007ff96b5c7000 	C:\Users\HP\.gradle\native\e1d6ef7f7dcc3fd88c89a11ec53ec762bb8ba0a96d01ffa2cd45eb1d1d8dd5c5\windows-amd64\native-platform.dll
0x00007ff9252b0000 - 0x00007ff9253f4000 	C:\Users\HP\.gradle\native\0d407fdbe67a94daf76414ababcb853783967236a71b16ec16e742cd7a986fd3\windows-amd64\native-platform-file-events.dll
0x00007ff966fe0000 - 0x00007ff966fea000 	D:\Android Studio\jre\bin\management.dll
0x00007ff966f90000 - 0x00007ff966f9d000 	D:\Android Studio\jre\bin\management_ext.dll
0x00007ff96e540000 - 0x00007ff96e55b000 	C:\WINDOWS\SYSTEM32\CRYPTSP.dll
0x00007ff96de00000 - 0x00007ff96de35000 	C:\WINDOWS\system32\rsaenh.dll
0x00007ff96e3d0000 - 0x00007ff96e3f8000 	C:\WINDOWS\SYSTEM32\USERENV.dll
0x00007ff96e7d0000 - 0x00007ff96e7f8000 	C:\WINDOWS\SYSTEM32\bcrypt.dll
0x00007ff96e560000 - 0x00007ff96e56c000 	C:\WINDOWS\SYSTEM32\CRYPTBASE.dll
0x00007ff96d960000 - 0x00007ff96d98d000 	C:\WINDOWS\SYSTEM32\IPHLPAPI.DLL
0x00007ff971e60000 - 0x00007ff971e69000 	C:\WINDOWS\System32\NSI.dll
0x00007ff962f20000 - 0x00007ff962f39000 	C:\WINDOWS\SYSTEM32\dhcpcsvc6.DLL
0x00007ff962ec0000 - 0x00007ff962edf000 	C:\WINDOWS\SYSTEM32\dhcpcsvc.DLL
0x00007ff96d9d0000 - 0x00007ff96dac3000 	C:\WINDOWS\SYSTEM32\DNSAPI.dll

dbghelp: loaded successfully - version: 4.0.5 - missing functions: none
symbol engine: initialized successfully - sym options: 0x614 - pdb path: .;D:\Android Studio\jre\bin;C:\WINDOWS\SYSTEM32;C:\WINDOWS\WinSxS\amd64_microsoft.windows.common-controls_6595b64144ccf1df_6.0.22621.1635_none_270f70857386168e;D:\360安全卫士\360Safe\safemon;D:\Android Studio\jre\bin\se;D:\Android Studio\jre\bin\se;D:\Android Studio\jre\bin\se;D:\Android Studio\jre\bin\se;D:\Android Studio\jre\bin\se;D:\Android Studio\jre\bin\se;D:\Android Studio\jre\bin\se;D:\Android Studio\jre\bin\server;C:\Users\HP\.gradle\native\e1d6ef7f7dcc3fd88c89a11ec53ec762bb8ba0a96d01ffa2cd45eb1d1d8dd5c5\windows-a;C:\Users\HP\.gradle\native\e1d6ef7f7dcc3fd88c89a11ec53ec762bb8ba0a96d01ffa2cd45eb1d1d8dd5c5\windows-amd64;C:\Users\HP\.gradle\native\0d407fdbe67a94daf76414ababcb853783967236a71b16ec16e742cd7a986fd3\windows-a;C:\Users\HP\.gradle\native\0d407fdbe67a94daf76414ababcb853783967236a71b16ec16e742cd7a986fd3\windows-a;C:\Users\HP\.gradle\native\0d407fdbe67a94daf76414ababcb853783967236a71b16ec16e742cd7a986fd3\windows-a;C:\Users\HP\.gradle\native\0d407fdbe67a94daf76414ababcb853783967236a71b16ec16e742cd7a986fd3\windows-a

VM Arguments:
jvm_args: -agentlib:jdwp=transport=dt_socket,server=n,suspend=y,address=127.0.0.1:50848 --add-opens=java.base/java.util=ALL-UNNAMED --add-opens=java.base/java.lang=ALL-UNNAMED --add-opens=java.base/java.lang.invoke=ALL-UNNAMED --add-opens=java.base/java.util=ALL-UNNAMED --add-opens=java.prefs/java.util.prefs=ALL-UNNAMED --add-opens=java.prefs/java.util.prefs=ALL-UNNAMED --add-opens=java.base/java.nio.charset=ALL-UNNAMED --add-opens=java.base/java.net=ALL-UNNAMED --add-opens=java.base/java.util.concurrent.atomic=ALL-UNNAMED -Xmx1536M -Dfile.encoding=GBK -Duser.country=CN -Duser.language=zh -Duser.variant 
java_command: org.gradle.launcher.daemon.bootstrap.GradleDaemon 7.4
java_class_path (initial): C:\Users\HP\.gradle\wrapper\dists\gradle-7.4-all\aadb4xli5jkdsnukm30eibyiu\gradle-7.4\lib\gradle-launcher-7.4.jar
Launcher Type: SUN_STANDARD

[Global flags]
     intx CICompilerCount                          = 3                                         {product} {ergonomic}
     uint ConcGCThreads                            = 1                                         {product} {ergonomic}
     uint G1ConcRefinementThreads                  = 4                                         {product} {ergonomic}
   size_t G1HeapRegionSize                         = 1048576                                   {product} {ergonomic}
    uintx GCDrainStackTargetSize                   = 64                                        {product} {ergonomic}
   size_t InitialHeapSize                          = 130023424                                 {product} {ergonomic}
   size_t MarkStackSize                            = 4194304                                   {product} {ergonomic}
   size_t MaxHeapSize                              = 1610612736                                {product} {command line}
   size_t MaxNewSize                               = 965738496                                 {product} {ergonomic}
   size_t MinHeapDeltaBytes                        = 1048576                                   {product} {ergonomic}
    uintx NonNMethodCodeHeapSize                   = 5830732                                {pd product} {ergonomic}
    uintx NonProfiledCodeHeapSize                  = 122913754                              {pd product} {ergonomic}
    uintx ProfiledCodeHeapSize                     = 122913754                              {pd product} {ergonomic}
    uintx ReservedCodeCacheSize                    = 251658240                              {pd product} {ergonomic}
     bool SegmentedCodeCache                       = true                                      {product} {ergonomic}
     bool UseCompressedClassPointers               = true                                 {lp64_product} {ergonomic}
     bool UseCompressedOops                        = true                                 {lp64_product} {ergonomic}
     bool UseG1GC                                  = true                                      {product} {ergonomic}
     bool UseLargePagesIndividualAllocation        = false                                  {pd product} {ergonomic}

Logging:
Log output configuration:
 #0: stdout all=warning uptime,level,tags
 #1: stderr all=off uptime,level,tags

Environment Variables:
JAVA_HOME=C:\Program Files\Java\jdk-17.0.5
CLASSPATH=.;C:\Program Files\Java\jdk-17.0.5\bin;C:\Program Files\Java\jdk-17.0.5\lib\dt.jar;C:\Program Files\Java\jdk-17.0.5\lib\tools.jar
PATH=D:\VMware Workstation\bin\;C:\Program Files\Common Files\Oracle\Java\javapath;C:\Program Files\Java\jdk-17.0.5\bin;C:\Program Files\Java\jdk-17.0.5\jre\bin;C:\Program Files (x86)\Common Files\Oracle\Java\javapath;C:\ProgramData\Oracle\Java\javapath;C:\windows\system32;C:\windows;C:\windows\System32\Wbem;C:\windows\System32\WindowsPowerShell\v1.0\;C:\windows\System32\OpenSSH\;C:\Program Files (x86)\NVIDIA Corporation\PhysX\Common;C:\Program Files\dotnet\;D:\Steam;D:\PCL2;D:\Geph4;D:\Steam+;D:\TIM\Bin;C:\Git\cmd;C:\Git;D:\WeChat;C:\Program Files\Intel\Intel(R) Memory and Storage Tool\;C:\WINDOWS\system32;C:\WINDOWS;C:\WINDOWS\System32\Wbem;C:\WINDOWS\System32\WindowsPowerShell\v1.0\;C:\WINDOWS\System32\OpenSSH\;C:\Program Files (x86)\dotnet\;D:\VMware Workstation;D:\Android Studio\bin;D:\Honkai Impact 3\Games;D:\Honkai Impact 3;D:\金山打字通\11.9;C:\Users\HP\AppData\Local\Microsoft\WindowsApps;C:\Users\HP\AppData\Local\GitHubDesktop\bin;
USERNAME=HP
OS=Windows_NT
PROCESSOR_IDENTIFIER=Intel64 Family 6 Model 140 Stepping 1, GenuineIntel



---------------  S Y S T E M  ---------------

OS: Windows 11 , 64 bit Build 22621 (10.0.22621.1635)
OS uptime: 0 days 0:50 hours
Hyper-V role detected

CPU:total 4 (initial active 4) (2 cores per cpu, 2 threads per core) family 6 model 140 stepping 1 microcode 0xa6, cmov, cx8, fxsr, mmx, sse, sse2, sse3, ssse3, sse4.1, sse4.2, popcnt, avx, avx2, aes, clmul, erms, 3dnowpref, lzcnt, ht, tsc, tscinvbit, bmi1, bmi2, adx, evex, sha, fma

Memory: 4k page, system-wide physical 7834M (3240M free)
TotalPageFile size 11930M (AvailPageFile size 19M)
current process WorkingSet (physical memory assigned to process): 474M, peak: 569M
current process commit charge ("private bytes"): 560M, peak: 657M

vm_info: OpenJDK 64-Bit Server VM (11.0.13+0-b1751.21-8125866) for windows-amd64 JRE (11.0.13+0-b1751.21-8125866), built on Feb  2 2022 03:00:22 by "builder" with MS VC++ 14.0 (VS2015)

END.
