#
# There is insufficient memory for the Java Runtime Environment to continue.
# Native memory allocation (malloc) failed to allocate 960656 bytes for Chunk::new
# Possible reasons:
#   The system is out of physical RAM or swap space
#   The process is running with CompressedOops enabled, and the Java Heap may be blocking the growth of the native heap
# Possible solutions:
#   Reduce memory load on the system
#   Increase physical memory or swap space
#   Check if swap backing store is full
#   Decrease Java heap size (-Xmx/-Xms)
#   Decrease number of Java threads
#   Decrease Java thread stack sizes (-Xss)
#   Set larger code cache with -XX:ReservedCodeCacheSize=
#   JVM is running with Unscaled Compressed Oops mode in which the Java heap is
#     placed in the first 4GB address space. The Java Heap base address is the
#     maximum limit for the native heap growth. Please use -XX:HeapBaseMinAddress
#     to set the Java Heap base and to place the Java Heap above 4GB virtual address.
# This output file may be truncated or incomplete.
#
#  Out of Memory Error (arena.cpp:189), pid=4000, tid=6100
#
# JRE version: Java(TM) SE Runtime Environment (17.0.5+9) (build 17.0.5+9-LTS-191)
# Java VM: Java HotSpot(TM) 64-Bit Server VM (17.0.5+9-LTS-191, mixed mode, sharing, tiered, compressed oops, compressed class ptrs, g1 gc, windows-amd64)
# No core dump will be written. Minidumps are not enabled by default on client versions of Windows
#

---------------  S U M M A R Y ------------

Command Line: -DImplementation-Version=588 -DSpecification-Title=Star Pixel Dungeon -DSpecification-Version=0.1.1-INDEV -Dfile.encoding=GBK -Duser.country=CN -Duser.language=zh -Duser.variant com.shatteredpixel.shatteredpixeldungeon.desktop.DesktopLauncher

Host: 11th Gen Intel(R) Core(TM) i3-1115G4 @ 3.00GHz, 4 cores, 7G,  Windows 11 , 64 bit Build 22621 (10.0.22621.1635)
Time: Sun Jun  4 11:02:12 2023  Windows 11 , 64 bit Build 22621 (10.0.22621.1635) elapsed time: 79.465512 seconds (0d 0h 1m 19s)

---------------  T H R E A D  ---------------

Current thread (0x000001f38f68e6b0):  JavaThread "C2 CompilerThread1" daemon [_thread_in_native, id=6100, stack(0x0000004815f00000,0x0000004816000000)]


Current CompileTask:
C2:  79465 1660       4       jdk.internal.module.SystemModuleFinders$SystemModuleReader::find (59 bytes)

Stack: [0x0000004815f00000,0x0000004816000000]
Native frames: (J=compiled Java code, j=interpreted, Vv=VM code, C=native code)
V  [jvm.dll+0x672eea]
V  [jvm.dll+0x7d2a04]
V  [jvm.dll+0x7d41ae]
V  [jvm.dll+0x7d4813]
V  [jvm.dll+0x242c15]
V  [jvm.dll+0xaa57b]
V  [jvm.dll+0xaab0c]
V  [jvm.dll+0x2a997f]
V  [jvm.dll+0x57b307]
V  [jvm.dll+0x21de72]
V  [jvm.dll+0x21e24f]
V  [jvm.dll+0x217b15]
V  [jvm.dll+0x214fdb]
V  [jvm.dll+0x1a18ed]
V  [jvm.dll+0x22493a]
V  [jvm.dll+0x222aa5]
V  [jvm.dll+0x7885db]
V  [jvm.dll+0x782b4a]
V  [jvm.dll+0x671d75]
C  [ucrtbase.dll+0x29363]
C  [KERNEL32.DLL+0x126ad]
C  [ntdll.dll+0x5a9f8]


---------------  P R O C E S S  ---------------

Threads class SMR info:
_java_thread_list=0x000001f38f773e00, length=14, elements={
0x000001f3ebdcbf70, 0x000001f3fc86cb20, 0x000001f3fc86d4d0, 0x000001f3fc8801c0,
0x000001f3fc880b70, 0x000001f3fc881930, 0x000001f3fc8822e0, 0x000001f3fc88c3d0,
0x000001f3fc8a4400, 0x000001f3fc8b4d00, 0x000001f3fd503910, 0x000001f3fd506e90,
0x000001f38f68e6b0, 0x000001f38f65ecf0
}

Java Threads: ( => current thread )
  0x000001f3ebdcbf70 JavaThread "SHPD Render Thread" [_thread_in_native, id=10740, stack(0x0000004816000000,0x0000004816100000)]
  0x000001f3fc86cb20 JavaThread "Reference Handler" daemon [_thread_blocked, id=3720, stack(0x0000004816700000,0x0000004816800000)]
  0x000001f3fc86d4d0 JavaThread "Finalizer" daemon [_thread_blocked, id=3996, stack(0x0000004816800000,0x0000004816900000)]
  0x000001f3fc8801c0 JavaThread "Signal Dispatcher" daemon [_thread_blocked, id=7172, stack(0x0000004816900000,0x0000004816a00000)]
  0x000001f3fc880b70 JavaThread "Attach Listener" daemon [_thread_blocked, id=7436, stack(0x0000004816a00000,0x0000004816b00000)]
  0x000001f3fc881930 JavaThread "Service Thread" daemon [_thread_blocked, id=5272, stack(0x0000004816b00000,0x0000004816c00000)]
  0x000001f3fc8822e0 JavaThread "Monitor Deflation Thread" daemon [_thread_blocked, id=12004, stack(0x0000004816c00000,0x0000004816d00000)]
  0x000001f3fc88c3d0 JavaThread "C2 CompilerThread0" daemon [_thread_in_native, id=6240, stack(0x0000004816d00000,0x0000004816e00000)]
  0x000001f3fc8a4400 JavaThread "C1 CompilerThread0" daemon [_thread_blocked, id=10852, stack(0x0000004816e00000,0x0000004816f00000)]
  0x000001f3fc8b4d00 JavaThread "Sweeper thread" daemon [_thread_blocked, id=8852, stack(0x0000004816f00000,0x0000004817000000)]
  0x000001f3fd503910 JavaThread "Notification Thread" daemon [_thread_blocked, id=2220, stack(0x0000004817000000,0x0000004817100000)]
  0x000001f3fd506e90 JavaThread "Common-Cleaner" daemon [_thread_blocked, id=4676, stack(0x0000004817200000,0x0000004817300000)]
=>0x000001f38f68e6b0 JavaThread "C2 CompilerThread1" daemon [_thread_in_native, id=6100, stack(0x0000004815f00000,0x0000004816000000)]
  0x000001f38f65ecf0 JavaThread "SHPD Actor Thread" [_thread_blocked, id=8344, stack(0x0000004815e00000,0x0000004815f00000)]

Other Threads:
  0x000001f3fc866380 VMThread "VM Thread" [stack: 0x0000004816600000,0x0000004816700000] [id=3168]
  0x000001f3ed7e9f00 WatcherThread [stack: 0x0000004817100000,0x0000004817200000] [id=5556]
  0x000001f3ed7cc4d0 GCTaskThread "GC Thread#0" [stack: 0x0000004816100000,0x0000004816200000] [id=9856]
  0x000001f38f656830 GCTaskThread "GC Thread#1" [stack: 0x0000004818100000,0x0000004818200000] [id=8904]
  0x000001f38f656ae0 GCTaskThread "GC Thread#2" [stack: 0x0000004818200000,0x0000004818300000] [id=6768]
  0x000001f38f656d90 GCTaskThread "GC Thread#3" [stack: 0x0000004818300000,0x0000004818400000] [id=11144]
  0x000001f3ed7dda80 ConcurrentGCThread "G1 Main Marker" [stack: 0x0000004816200000,0x0000004816300000] [id=10640]
  0x000001f3ed7dff50 ConcurrentGCThread "G1 Conc#0" [stack: 0x0000004816300000,0x0000004816400000] [id=3180]
  0x000001f3fc70e520 ConcurrentGCThread "G1 Refine#0" [stack: 0x0000004816400000,0x0000004816500000] [id=11612]
  0x000001f3fc70fc00 ConcurrentGCThread "G1 Service" [stack: 0x0000004816500000,0x0000004816600000] [id=3784]

Threads with active compile tasks:
C2 CompilerThread0    79544 1659       4       jdk.internal.module.SystemModuleFinders$SystemModuleReader::containsImageLocation (42 bytes)
C2 CompilerThread1    79545 1660       4       jdk.internal.module.SystemModuleFinders$SystemModuleReader::find (59 bytes)

VM state: not at safepoint (normal execution)

VM Mutex/Monitor currently owned by a thread: None

Heap address: 0x0000000085800000, size: 1960 MB, Compressed Oops mode: 32-bit

CDS archive(s) mapped at: [0x0000000800000000-0x0000000800bd0000-0x0000000800bd0000), size 12386304, SharedBaseAddress: 0x0000000800000000, ArchiveRelocationMode: 0.
Compressed class space mapped at: 0x0000000800c00000-0x0000000840c00000, reserved size: 1073741824
Narrow klass base: 0x0000000800000000, Narrow klass shift: 0, Narrow klass range: 0x100000000

GC Precious Log:
 CPUs: 4 total, 4 available
 Memory: 7834M
 Large Page Support: Disabled
 NUMA Support: Disabled
 Compressed Oops: Enabled (32-bit)
 Heap Region Size: 1M
 Heap Min Capacity: 8M
 Heap Initial Capacity: 124M
 Heap Max Capacity: 1960M
 Pre-touch: Disabled
 Parallel Workers: 4
 Concurrent Workers: 1
 Concurrent Refinement Workers: 4
 Periodic GC: Disabled

Heap:
 garbage-first heap   total 126976K, used 22912K [0x0000000085800000, 0x0000000100000000)
  region size 1024K, 23 young (23552K), 4 survivors (4096K)
 Metaspace       used 12184K, committed 12416K, reserved 1064960K
  class space    used 1162K, committed 1280K, reserved 1048576K

Heap Regions: E=young(eden), S=young(survivor), O=old, HS=humongous(starts), HC=humongous(continues), CS=collection set, F=free, OA=open archive, CA=closed archive, TAMS=top-at-mark-start (previous, next)
|   0|0x0000000085800000, 0x0000000085900000, 0x0000000085900000|100%| O|  |TAMS 0x0000000085800000, 0x0000000085800000| Untracked 
|   1|0x0000000085900000, 0x0000000085a00000, 0x0000000085a00000|100%| O|  |TAMS 0x0000000085900000, 0x0000000085900000| Untracked 
|   2|0x0000000085a00000, 0x0000000085a4d000, 0x0000000085b00000| 30%| O|  |TAMS 0x0000000085a00000, 0x0000000085a00000| Untracked 
|   3|0x0000000085b00000, 0x0000000085b00000, 0x0000000085c00000|  0%| F|  |TAMS 0x0000000085b00000, 0x0000000085b00000| Untracked 
|   4|0x0000000085c00000, 0x0000000085c00000, 0x0000000085d00000|  0%| F|  |TAMS 0x0000000085c00000, 0x0000000085c00000| Untracked 
|   5|0x0000000085d00000, 0x0000000085d00000, 0x0000000085e00000|  0%| F|  |TAMS 0x0000000085d00000, 0x0000000085d00000| Untracked 
|   6|0x0000000085e00000, 0x0000000085e00000, 0x0000000085f00000|  0%| F|  |TAMS 0x0000000085e00000, 0x0000000085e00000| Untracked 
|   7|0x0000000085f00000, 0x0000000085f00000, 0x0000000086000000|  0%| F|  |TAMS 0x0000000085f00000, 0x0000000085f00000| Untracked 
|   8|0x0000000086000000, 0x0000000086000000, 0x0000000086100000|  0%| F|  |TAMS 0x0000000086000000, 0x0000000086000000| Untracked 
|   9|0x0000000086100000, 0x0000000086100000, 0x0000000086200000|  0%| F|  |TAMS 0x0000000086100000, 0x0000000086100000| Untracked 
|  10|0x0000000086200000, 0x0000000086200000, 0x0000000086300000|  0%| F|  |TAMS 0x0000000086200000, 0x0000000086200000| Untracked 
|  11|0x0000000086300000, 0x0000000086300000, 0x0000000086400000|  0%| F|  |TAMS 0x0000000086300000, 0x0000000086300000| Untracked 
|  12|0x0000000086400000, 0x0000000086400000, 0x0000000086500000|  0%| F|  |TAMS 0x0000000086400000, 0x0000000086400000| Untracked 
|  13|0x0000000086500000, 0x0000000086500000, 0x0000000086600000|  0%| F|  |TAMS 0x0000000086500000, 0x0000000086500000| Untracked 
|  14|0x0000000086600000, 0x0000000086600000, 0x0000000086700000|  0%| F|  |TAMS 0x0000000086600000, 0x0000000086600000| Untracked 
|  15|0x0000000086700000, 0x0000000086700000, 0x0000000086800000|  0%| F|  |TAMS 0x0000000086700000, 0x0000000086700000| Untracked 
|  16|0x0000000086800000, 0x0000000086800000, 0x0000000086900000|  0%| F|  |TAMS 0x0000000086800000, 0x0000000086800000| Untracked 
|  17|0x0000000086900000, 0x0000000086900000, 0x0000000086a00000|  0%| F|  |TAMS 0x0000000086900000, 0x0000000086900000| Untracked 
|  18|0x0000000086a00000, 0x0000000086a00000, 0x0000000086b00000|  0%| F|  |TAMS 0x0000000086a00000, 0x0000000086a00000| Untracked 
|  19|0x0000000086b00000, 0x0000000086b00000, 0x0000000086c00000|  0%| F|  |TAMS 0x0000000086b00000, 0x0000000086b00000| Untracked 
|  20|0x0000000086c00000, 0x0000000086c00000, 0x0000000086d00000|  0%| F|  |TAMS 0x0000000086c00000, 0x0000000086c00000| Untracked 
|  21|0x0000000086d00000, 0x0000000086d00000, 0x0000000086e00000|  0%| F|  |TAMS 0x0000000086d00000, 0x0000000086d00000| Untracked 
|  22|0x0000000086e00000, 0x0000000086e00000, 0x0000000086f00000|  0%| F|  |TAMS 0x0000000086e00000, 0x0000000086e00000| Untracked 
|  23|0x0000000086f00000, 0x0000000086f00000, 0x0000000087000000|  0%| F|  |TAMS 0x0000000086f00000, 0x0000000086f00000| Untracked 
|  24|0x0000000087000000, 0x0000000087000000, 0x0000000087100000|  0%| F|  |TAMS 0x0000000087000000, 0x0000000087000000| Untracked 
|  25|0x0000000087100000, 0x0000000087100000, 0x0000000087200000|  0%| F|  |TAMS 0x0000000087100000, 0x0000000087100000| Untracked 
|  26|0x0000000087200000, 0x0000000087200000, 0x0000000087300000|  0%| F|  |TAMS 0x0000000087200000, 0x0000000087200000| Untracked 
|  27|0x0000000087300000, 0x0000000087300000, 0x0000000087400000|  0%| F|  |TAMS 0x0000000087300000, 0x0000000087300000| Untracked 
|  28|0x0000000087400000, 0x0000000087400000, 0x0000000087500000|  0%| F|  |TAMS 0x0000000087400000, 0x0000000087400000| Untracked 
|  29|0x0000000087500000, 0x0000000087500000, 0x0000000087600000|  0%| F|  |TAMS 0x0000000087500000, 0x0000000087500000| Untracked 
|  30|0x0000000087600000, 0x0000000087600000, 0x0000000087700000|  0%| F|  |TAMS 0x0000000087600000, 0x0000000087600000| Untracked 
|  31|0x0000000087700000, 0x0000000087700000, 0x0000000087800000|  0%| F|  |TAMS 0x0000000087700000, 0x0000000087700000| Untracked 
|  32|0x0000000087800000, 0x0000000087800000, 0x0000000087900000|  0%| F|  |TAMS 0x0000000087800000, 0x0000000087800000| Untracked 
|  33|0x0000000087900000, 0x0000000087900000, 0x0000000087a00000|  0%| F|  |TAMS 0x0000000087900000, 0x0000000087900000| Untracked 
|  34|0x0000000087a00000, 0x0000000087a00000, 0x0000000087b00000|  0%| F|  |TAMS 0x0000000087a00000, 0x0000000087a00000| Untracked 
|  35|0x0000000087b00000, 0x0000000087b00000, 0x0000000087c00000|  0%| F|  |TAMS 0x0000000087b00000, 0x0000000087b00000| Untracked 
|  36|0x0000000087c00000, 0x0000000087c00000, 0x0000000087d00000|  0%| F|  |TAMS 0x0000000087c00000, 0x0000000087c00000| Untracked 
|  37|0x0000000087d00000, 0x0000000087d00000, 0x0000000087e00000|  0%| F|  |TAMS 0x0000000087d00000, 0x0000000087d00000| Untracked 
|  38|0x0000000087e00000, 0x0000000087e00000, 0x0000000087f00000|  0%| F|  |TAMS 0x0000000087e00000, 0x0000000087e00000| Untracked 
|  39|0x0000000087f00000, 0x0000000087f00000, 0x0000000088000000|  0%| F|  |TAMS 0x0000000087f00000, 0x0000000087f00000| Untracked 
|  40|0x0000000088000000, 0x0000000088000000, 0x0000000088100000|  0%| F|  |TAMS 0x0000000088000000, 0x0000000088000000| Untracked 
|  41|0x0000000088100000, 0x0000000088100000, 0x0000000088200000|  0%| F|  |TAMS 0x0000000088100000, 0x0000000088100000| Untracked 
|  42|0x0000000088200000, 0x0000000088200000, 0x0000000088300000|  0%| F|  |TAMS 0x0000000088200000, 0x0000000088200000| Untracked 
|  43|0x0000000088300000, 0x0000000088300000, 0x0000000088400000|  0%| F|  |TAMS 0x0000000088300000, 0x0000000088300000| Untracked 
|  44|0x0000000088400000, 0x0000000088400000, 0x0000000088500000|  0%| F|  |TAMS 0x0000000088400000, 0x0000000088400000| Untracked 
|  45|0x0000000088500000, 0x0000000088500000, 0x0000000088600000|  0%| F|  |TAMS 0x0000000088500000, 0x0000000088500000| Untracked 
|  46|0x0000000088600000, 0x0000000088600000, 0x0000000088700000|  0%| F|  |TAMS 0x0000000088600000, 0x0000000088600000| Untracked 
|  47|0x0000000088700000, 0x0000000088700000, 0x0000000088800000|  0%| F|  |TAMS 0x0000000088700000, 0x0000000088700000| Untracked 
|  48|0x0000000088800000, 0x0000000088800000, 0x0000000088900000|  0%| F|  |TAMS 0x0000000088800000, 0x0000000088800000| Untracked 
|  49|0x0000000088900000, 0x0000000088900000, 0x0000000088a00000|  0%| F|  |TAMS 0x0000000088900000, 0x0000000088900000| Untracked 
|  50|0x0000000088a00000, 0x0000000088a00000, 0x0000000088b00000|  0%| F|  |TAMS 0x0000000088a00000, 0x0000000088a00000| Untracked 
|  51|0x0000000088b00000, 0x0000000088b00000, 0x0000000088c00000|  0%| F|  |TAMS 0x0000000088b00000, 0x0000000088b00000| Untracked 
|  52|0x0000000088c00000, 0x0000000088c00000, 0x0000000088d00000|  0%| F|  |TAMS 0x0000000088c00000, 0x0000000088c00000| Untracked 
|  53|0x0000000088d00000, 0x0000000088d00000, 0x0000000088e00000|  0%| F|  |TAMS 0x0000000088d00000, 0x0000000088d00000| Untracked 
|  54|0x0000000088e00000, 0x0000000088e00000, 0x0000000088f00000|  0%| F|  |TAMS 0x0000000088e00000, 0x0000000088e00000| Untracked 
|  55|0x0000000088f00000, 0x0000000088f00000, 0x0000000089000000|  0%| F|  |TAMS 0x0000000088f00000, 0x0000000088f00000| Untracked 
|  56|0x0000000089000000, 0x0000000089000000, 0x0000000089100000|  0%| F|  |TAMS 0x0000000089000000, 0x0000000089000000| Untracked 
|  57|0x0000000089100000, 0x0000000089100000, 0x0000000089200000|  0%| F|  |TAMS 0x0000000089100000, 0x0000000089100000| Untracked 
|  58|0x0000000089200000, 0x0000000089200000, 0x0000000089300000|  0%| F|  |TAMS 0x0000000089200000, 0x0000000089200000| Untracked 
|  59|0x0000000089300000, 0x0000000089300000, 0x0000000089400000|  0%| F|  |TAMS 0x0000000089300000, 0x0000000089300000| Untracked 
|  60|0x0000000089400000, 0x0000000089400000, 0x0000000089500000|  0%| F|  |TAMS 0x0000000089400000, 0x0000000089400000| Untracked 
|  61|0x0000000089500000, 0x0000000089500000, 0x0000000089600000|  0%| F|  |TAMS 0x0000000089500000, 0x0000000089500000| Untracked 
|  62|0x0000000089600000, 0x0000000089600000, 0x0000000089700000|  0%| F|  |TAMS 0x0000000089600000, 0x0000000089600000| Untracked 
|  63|0x0000000089700000, 0x0000000089700000, 0x0000000089800000|  0%| F|  |TAMS 0x0000000089700000, 0x0000000089700000| Untracked 
|  64|0x0000000089800000, 0x0000000089800000, 0x0000000089900000|  0%| F|  |TAMS 0x0000000089800000, 0x0000000089800000| Untracked 
|  65|0x0000000089900000, 0x0000000089900000, 0x0000000089a00000|  0%| F|  |TAMS 0x0000000089900000, 0x0000000089900000| Untracked 
|  66|0x0000000089a00000, 0x0000000089a00000, 0x0000000089b00000|  0%| F|  |TAMS 0x0000000089a00000, 0x0000000089a00000| Untracked 
|  67|0x0000000089b00000, 0x0000000089b00000, 0x0000000089c00000|  0%| F|  |TAMS 0x0000000089b00000, 0x0000000089b00000| Untracked 
|  68|0x0000000089c00000, 0x0000000089c00000, 0x0000000089d00000|  0%| F|  |TAMS 0x0000000089c00000, 0x0000000089c00000| Untracked 
|  69|0x0000000089d00000, 0x0000000089d00000, 0x0000000089e00000|  0%| F|  |TAMS 0x0000000089d00000, 0x0000000089d00000| Untracked 
|  70|0x0000000089e00000, 0x0000000089e00000, 0x0000000089f00000|  0%| F|  |TAMS 0x0000000089e00000, 0x0000000089e00000| Untracked 
|  71|0x0000000089f00000, 0x0000000089f00000, 0x000000008a000000|  0%| F|  |TAMS 0x0000000089f00000, 0x0000000089f00000| Untracked 
|  72|0x000000008a000000, 0x000000008a000000, 0x000000008a100000|  0%| F|  |TAMS 0x000000008a000000, 0x000000008a000000| Untracked 
|  73|0x000000008a100000, 0x000000008a100000, 0x000000008a200000|  0%| F|  |TAMS 0x000000008a100000, 0x000000008a100000| Untracked 
|  74|0x000000008a200000, 0x000000008a200000, 0x000000008a300000|  0%| F|  |TAMS 0x000000008a200000, 0x000000008a200000| Untracked 
|  75|0x000000008a300000, 0x000000008a300000, 0x000000008a400000|  0%| F|  |TAMS 0x000000008a300000, 0x000000008a300000| Untracked 
|  76|0x000000008a400000, 0x000000008a400000, 0x000000008a500000|  0%| F|  |TAMS 0x000000008a400000, 0x000000008a400000| Untracked 
|  77|0x000000008a500000, 0x000000008a500000, 0x000000008a600000|  0%| F|  |TAMS 0x000000008a500000, 0x000000008a500000| Untracked 
|  78|0x000000008a600000, 0x000000008a600000, 0x000000008a700000|  0%| F|  |TAMS 0x000000008a600000, 0x000000008a600000| Untracked 
|  79|0x000000008a700000, 0x000000008a700000, 0x000000008a800000|  0%| F|  |TAMS 0x000000008a700000, 0x000000008a700000| Untracked 
|  80|0x000000008a800000, 0x000000008a800000, 0x000000008a900000|  0%| F|  |TAMS 0x000000008a800000, 0x000000008a800000| Untracked 
|  81|0x000000008a900000, 0x000000008a900000, 0x000000008aa00000|  0%| F|  |TAMS 0x000000008a900000, 0x000000008a900000| Untracked 
|  82|0x000000008aa00000, 0x000000008aa00000, 0x000000008ab00000|  0%| F|  |TAMS 0x000000008aa00000, 0x000000008aa00000| Untracked 
|  83|0x000000008ab00000, 0x000000008ab00000, 0x000000008ac00000|  0%| F|  |TAMS 0x000000008ab00000, 0x000000008ab00000| Untracked 
|  84|0x000000008ac00000, 0x000000008ac00000, 0x000000008ad00000|  0%| F|  |TAMS 0x000000008ac00000, 0x000000008ac00000| Untracked 
|  85|0x000000008ad00000, 0x000000008ad00000, 0x000000008ae00000|  0%| F|  |TAMS 0x000000008ad00000, 0x000000008ad00000| Untracked 
|  86|0x000000008ae00000, 0x000000008ae00000, 0x000000008af00000|  0%| F|  |TAMS 0x000000008ae00000, 0x000000008ae00000| Untracked 
|  87|0x000000008af00000, 0x000000008af00000, 0x000000008b000000|  0%| F|  |TAMS 0x000000008af00000, 0x000000008af00000| Untracked 
|  88|0x000000008b000000, 0x000000008b000000, 0x000000008b100000|  0%| F|  |TAMS 0x000000008b000000, 0x000000008b000000| Untracked 
|  89|0x000000008b100000, 0x000000008b100000, 0x000000008b200000|  0%| F|  |TAMS 0x000000008b100000, 0x000000008b100000| Untracked 
|  90|0x000000008b200000, 0x000000008b2131b0, 0x000000008b300000|  7%| S|CS|TAMS 0x000000008b200000, 0x000000008b200000| Complete 
|  91|0x000000008b300000, 0x000000008b400000, 0x000000008b400000|100%| S|CS|TAMS 0x000000008b300000, 0x000000008b300000| Complete 
|  92|0x000000008b400000, 0x000000008b500000, 0x000000008b500000|100%| S|CS|TAMS 0x000000008b400000, 0x000000008b400000| Complete 
|  93|0x000000008b500000, 0x000000008b600000, 0x000000008b600000|100%| S|CS|TAMS 0x000000008b500000, 0x000000008b500000| Complete 
|  94|0x000000008b600000, 0x000000008b600000, 0x000000008b700000|  0%| F|  |TAMS 0x000000008b600000, 0x000000008b600000| Untracked 
|  95|0x000000008b700000, 0x000000008b700000, 0x000000008b800000|  0%| F|  |TAMS 0x000000008b700000, 0x000000008b700000| Untracked 
|  96|0x000000008b800000, 0x000000008b800000, 0x000000008b900000|  0%| F|  |TAMS 0x000000008b800000, 0x000000008b800000| Untracked 
|  97|0x000000008b900000, 0x000000008b900000, 0x000000008ba00000|  0%| F|  |TAMS 0x000000008b900000, 0x000000008b900000| Untracked 
|  98|0x000000008ba00000, 0x000000008ba00000, 0x000000008bb00000|  0%| F|  |TAMS 0x000000008ba00000, 0x000000008ba00000| Untracked 
|  99|0x000000008bb00000, 0x000000008bb00000, 0x000000008bc00000|  0%| F|  |TAMS 0x000000008bb00000, 0x000000008bb00000| Untracked 
| 100|0x000000008bc00000, 0x000000008bc00000, 0x000000008bd00000|  0%| F|  |TAMS 0x000000008bc00000, 0x000000008bc00000| Untracked 
| 101|0x000000008bd00000, 0x000000008bd00000, 0x000000008be00000|  0%| F|  |TAMS 0x000000008bd00000, 0x000000008bd00000| Untracked 
| 102|0x000000008be00000, 0x000000008be00000, 0x000000008bf00000|  0%| F|  |TAMS 0x000000008be00000, 0x000000008be00000| Untracked 
| 103|0x000000008bf00000, 0x000000008bf00000, 0x000000008c000000|  0%| F|  |TAMS 0x000000008bf00000, 0x000000008bf00000| Untracked 
| 104|0x000000008c000000, 0x000000008c000000, 0x000000008c100000|  0%| F|  |TAMS 0x000000008c000000, 0x000000008c000000| Untracked 
| 105|0x000000008c100000, 0x000000008c150ba8, 0x000000008c200000| 31%| E|  |TAMS 0x000000008c100000, 0x000000008c100000| Complete 
| 106|0x000000008c200000, 0x000000008c300000, 0x000000008c300000|100%| E|CS|TAMS 0x000000008c200000, 0x000000008c200000| Complete 
| 107|0x000000008c300000, 0x000000008c400000, 0x000000008c400000|100%| E|CS|TAMS 0x000000008c300000, 0x000000008c300000| Complete 
| 108|0x000000008c400000, 0x000000008c500000, 0x000000008c500000|100%| E|CS|TAMS 0x000000008c400000, 0x000000008c400000| Complete 
| 109|0x000000008c500000, 0x000000008c600000, 0x000000008c600000|100%| E|CS|TAMS 0x000000008c500000, 0x000000008c500000| Complete 
| 110|0x000000008c600000, 0x000000008c700000, 0x000000008c700000|100%| E|CS|TAMS 0x000000008c600000, 0x000000008c600000| Complete 
| 111|0x000000008c700000, 0x000000008c800000, 0x000000008c800000|100%| E|CS|TAMS 0x000000008c700000, 0x000000008c700000| Complete 
| 112|0x000000008c800000, 0x000000008c900000, 0x000000008c900000|100%| E|CS|TAMS 0x000000008c800000, 0x000000008c800000| Complete 
| 113|0x000000008c900000, 0x000000008ca00000, 0x000000008ca00000|100%| E|CS|TAMS 0x000000008c900000, 0x000000008c900000| Complete 
| 114|0x000000008ca00000, 0x000000008cb00000, 0x000000008cb00000|100%| E|CS|TAMS 0x000000008ca00000, 0x000000008ca00000| Complete 
| 115|0x000000008cb00000, 0x000000008cc00000, 0x000000008cc00000|100%| E|CS|TAMS 0x000000008cb00000, 0x000000008cb00000| Complete 
| 116|0x000000008cc00000, 0x000000008cd00000, 0x000000008cd00000|100%| E|CS|TAMS 0x000000008cc00000, 0x000000008cc00000| Complete 
| 117|0x000000008cd00000, 0x000000008ce00000, 0x000000008ce00000|100%| E|CS|TAMS 0x000000008cd00000, 0x000000008cd00000| Complete 
| 118|0x000000008ce00000, 0x000000008cf00000, 0x000000008cf00000|100%| E|CS|TAMS 0x000000008ce00000, 0x000000008ce00000| Complete 
| 119|0x000000008cf00000, 0x000000008d000000, 0x000000008d000000|100%| E|  |TAMS 0x000000008cf00000, 0x000000008cf00000| Complete 
| 120|0x000000008d000000, 0x000000008d100000, 0x000000008d100000|100%| E|CS|TAMS 0x000000008d000000, 0x000000008d000000| Complete 
| 121|0x000000008d100000, 0x000000008d200000, 0x000000008d200000|100%| E|CS|TAMS 0x000000008d100000, 0x000000008d100000| Complete 
| 122|0x000000008d200000, 0x000000008d300000, 0x000000008d300000|100%| E|CS|TAMS 0x000000008d200000, 0x000000008d200000| Complete 
| 123|0x000000008d300000, 0x000000008d400000, 0x000000008d400000|100%| E|CS|TAMS 0x000000008d300000, 0x000000008d300000| Complete 

Card table byte_map: [0x000001f3f5d40000,0x000001f3f6120000] _byte_map_base: 0x000001f3f5914000

Marking Bits (Prev, Next): (CMBitMap*) 0x000001f3ed7ccae0, (CMBitMap*) 0x000001f3ed7ccb20
 Prev Bits: [0x000001f3f6500000, 0x000001f3f83a0000)
 Next Bits: [0x000001f3f83a0000, 0x000001f3fa240000)

Polling page: 0x000001f3ed810000

Metaspace:

Usage:
  Non-class:     10.76 MB used.
      Class:      1.14 MB used.
       Both:     11.90 MB used.

Virtual space:
  Non-class space:       16.00 MB reserved,      10.88 MB ( 68%) committed,  2 nodes.
      Class space:        1.00 GB reserved,       1.25 MB ( <1%) committed,  1 nodes.
             Both:        1.02 GB reserved,      12.12 MB (  1%) committed. 

Chunk freelists:
   Non-Class:  3.48 MB
       Class:  2.80 MB
        Both:  6.28 MB

MaxMetaspaceSize: unlimited
CompressedClassSpaceSize: 1.00 GB
Initial GC threshold: 21.00 MB
Current GC threshold: 21.00 MB
CDS: on
MetaspaceReclaimPolicy: balanced
 - commit_granule_bytes: 65536.
 - commit_granule_words: 8192.
 - virtual_space_node_default_size: 1048576.
 - enlarge_chunks_in_place: 1.
 - new_chunks_are_fully_committed: 0.
 - uncommit_free_chunks: 1.
 - use_allocation_guard: 0.
 - handle_deallocations: 1.


Internal statistics:

num_allocs_failed_limit: 0.
num_arena_births: 56.
num_arena_deaths: 0.
num_vsnodes_births: 3.
num_vsnodes_deaths: 0.
num_space_committed: 192.
num_space_uncommitted: 0.
num_chunks_returned_to_freelist: 0.
num_chunks_taken_from_freelist: 412.
num_chunk_merges: 0.
num_chunk_splits: 327.
num_chunks_enlarged: 285.
num_purges: 0.
num_inconsistent_stats: 0.

CodeHeap 'non-profiled nmethods': size=120000Kb used=1107Kb max_used=1107Kb free=118892Kb
 bounds [0x000001f387ad0000, 0x000001f387d40000, 0x000001f38f000000]
CodeHeap 'profiled nmethods': size=120000Kb used=3528Kb max_used=3528Kb free=116471Kb
 bounds [0x000001f3805a0000, 0x000001f380920000, 0x000001f387ad0000]
CodeHeap 'non-nmethods': size=5760Kb used=1619Kb max_used=1641Kb free=4140Kb
 bounds [0x000001f380000000, 0x000001f380270000, 0x000001f3805a0000]
 total_blobs=2853 nmethods=1813 adapters=953
 compilation: enabled
              stopped_count=0, restarted_count=0
 full_count=0

Compilation events (20 events):
Event: 79.445 Thread 0x000001f3fc8a4400 1780       3       java.text.DecimalFormatSymbols::findNonFormatChar (25 bytes)
Event: 79.445 Thread 0x000001f3fc8a4400 nmethod 1780 0x000001f380901410 code [0x000001f380901620, 0x000001f380901e68]
Event: 79.445 Thread 0x000001f3fc8a4400 1781       3       java.lang.String::chars (43 bytes)
Event: 79.446 Thread 0x000001f3fc8a4400 nmethod 1781 0x000001f380902110 code [0x000001f3809022e0, 0x000001f380902688]
Event: 79.448 Thread 0x000001f3fc8a4400 1782       3       com.shatteredpixel.shatteredpixeldungeon.effects.particles.WindParticle$Wind::update (46 bytes)
Event: 79.449 Thread 0x000001f3fc8a4400 nmethod 1782 0x000001f380902790 code [0x000001f380902940, 0x000001f380902b88]
Event: 79.449 Thread 0x000001f3fc8a4400 1783       3       com.shatteredpixel.shatteredpixeldungeon.effects.particles.levelparticle.SandLevelParticles$Sand::update (46 bytes)
Event: 79.449 Thread 0x000001f3fc8a4400 nmethod 1783 0x000001f380902c90 code [0x000001f380902e40, 0x000001f380903088]
Event: 79.449 Thread 0x000001f3fc8a4400 1784       3       java.lang.String::startsWith (138 bytes)
Event: 79.450 Thread 0x000001f3fc8a4400 nmethod 1784 0x000001f380903190 code [0x000001f3809033a0, 0x000001f380903c38]
Event: 79.456 Thread 0x000001f3fc8a4400 1785       3       java.lang.reflect.Constructor::newInstanceWithCaller (75 bytes)
Event: 79.457 Thread 0x000001f3fc8a4400 nmethod 1785 0x000001f380903f10 code [0x000001f380904100, 0x000001f380904518]
Event: 79.457 Thread 0x000001f3fc8a4400 1787       3       java.util.regex.Matcher::reset (128 bytes)
Event: 79.457 Thread 0x000001f3fc8a4400 nmethod 1787 0x000001f380904690 code [0x000001f380904880, 0x000001f380904e38]
Event: 79.457 Thread 0x000001f3fc8a4400 1786       3       jdk.internal.reflect.DelegatingConstructorAccessorImpl::newInstance (9 bytes)
Event: 79.458 Thread 0x000001f3fc8a4400 nmethod 1786 0x000001f380905090 code [0x000001f380905240, 0x000001f380905408]
Event: 79.458 Thread 0x000001f3fc8a4400 1788       3       com.badlogic.gdx.graphics.Pixmap::getPixels (25 bytes)
Event: 79.458 Thread 0x000001f3fc8a4400 nmethod 1788 0x000001f380905510 code [0x000001f3809056c0, 0x000001f380905908]
Event: 79.460 Thread 0x000001f3fc8a4400 1789       3       com.badlogic.gdx.graphics.Pixmap::drawPixmap (18 bytes)
Event: 79.460 Thread 0x000001f3fc8a4400 nmethod 1789 0x000001f380905a10 code [0x000001f380905bc0, 0x000001f380905e08]

GC Heap History (6 events):
Event: 1.063 GC heap before
{Heap before GC invocations=0 (full 0):
 garbage-first heap   total 126976K, used 13312K [0x0000000085800000, 0x0000000100000000)
  region size 1024K, 13 young (13312K), 0 survivors (0K)
 Metaspace       used 3868K, committed 4032K, reserved 1056768K
  class space    used 320K, committed 384K, reserved 1048576K
}
Event: 1.071 GC heap after
{Heap after GC invocations=1 (full 0):
 garbage-first heap   total 126976K, used 2512K [0x0000000085800000, 0x0000000100000000)
  region size 1024K, 2 young (2048K), 2 survivors (2048K)
 Metaspace       used 3868K, committed 4032K, reserved 1056768K
  class space    used 320K, committed 384K, reserved 1048576K
}
Event: 1.477 GC heap before
{Heap before GC invocations=1 (full 0):
 garbage-first heap   total 126976K, used 16848K [0x0000000085800000, 0x0000000100000000)
  region size 1024K, 17 young (17408K), 2 survivors (2048K)
 Metaspace       used 8444K, committed 8576K, reserved 1064960K
  class space    used 605K, committed 640K, reserved 1048576K
}
Event: 1.481 GC heap after
{Heap after GC invocations=2 (full 0):
 garbage-first heap   total 126976K, used 4240K [0x0000000085800000, 0x0000000100000000)
  region size 1024K, 2 young (2048K), 2 survivors (2048K)
 Metaspace       used 8444K, committed 8576K, reserved 1064960K
  class space    used 605K, committed 640K, reserved 1048576K
}
Event: 1.845 GC heap before
{Heap before GC invocations=2 (full 0):
 garbage-first heap   total 126976K, used 32912K [0x0000000085800000, 0x0000000100000000)
  region size 1024K, 30 young (30720K), 2 survivors (2048K)
 Metaspace       used 9407K, committed 9536K, reserved 1064960K
  class space    used 708K, committed 768K, reserved 1048576K
}
Event: 1.848 GC heap after
{Heap after GC invocations=3 (full 0):
 garbage-first heap   total 126976K, used 5504K [0x0000000085800000, 0x0000000100000000)
  region size 1024K, 4 young (4096K), 4 survivors (4096K)
 Metaspace       used 9407K, committed 9536K, reserved 1064960K
  class space    used 708K, committed 768K, reserved 1048576K
}

Deoptimization events (20 events):
Event: 79.294 Thread 0x000001f38fed3310 Uncommon trap: trap_request=0xffffffde fr.pc=0x000001f387bddb34 relative=0x0000000000000114
Event: 79.294 Thread 0x000001f38fed3310 Uncommon trap: reason=class_check action=maybe_recompile pc=0x000001f387bddb34 method=jdk.internal.misc.Unsafe.allocateUninitializedArray(Ljava/lang/Class;I)Ljava/lang/Object; @ 51 c2
Event: 79.294 Thread 0x000001f38fed3310 DEOPT PACKING pc=0x000001f387bddb34 sp=0x0000004815efcf40
Event: 79.294 Thread 0x000001f38fed3310 DEOPT UNPACKING pc=0x000001f380055ba3 sp=0x0000004815efcec8 mode 2
Event: 79.294 Thread 0x000001f38fed3310 Uncommon trap: trap_request=0xffffffde fr.pc=0x000001f387bddb34 relative=0x0000000000000114
Event: 79.294 Thread 0x000001f38fed3310 Uncommon trap: reason=class_check action=maybe_recompile pc=0x000001f387bddb34 method=jdk.internal.misc.Unsafe.allocateUninitializedArray(Ljava/lang/Class;I)Ljava/lang/Object; @ 51 c2
Event: 79.294 Thread 0x000001f38fed3310 DEOPT PACKING pc=0x000001f387bddb34 sp=0x0000004815efd340
Event: 79.294 Thread 0x000001f38fed3310 DEOPT UNPACKING pc=0x000001f380055ba3 sp=0x0000004815efd2c8 mode 2
Event: 79.448 Thread 0x000001f3ebdcbf70 Uncommon trap: trap_request=0xffffff45 fr.pc=0x000001f387b8d71c relative=0x000000000000027c
Event: 79.449 Thread 0x000001f3ebdcbf70 Uncommon trap: reason=unstable_if action=reinterpret pc=0x000001f387b8d71c method=com.watabou.noosa.Group.update()V @ 37 c2
Event: 79.449 Thread 0x000001f3ebdcbf70 DEOPT PACKING pc=0x000001f387b8d71c sp=0x00000048160fef20
Event: 79.449 Thread 0x000001f3ebdcbf70 DEOPT UNPACKING pc=0x000001f380055ba3 sp=0x00000048160feed0 mode 2
Event: 79.449 Thread 0x000001f3ebdcbf70 Uncommon trap: trap_request=0xffffff45 fr.pc=0x000001f387b08b74 relative=0x00000000000001d4
Event: 79.449 Thread 0x000001f3ebdcbf70 Uncommon trap: reason=unstable_if action=reinterpret pc=0x000001f387b08b74 method=java.lang.String.startsWith(Ljava/lang/String;I)Z @ 50 c2
Event: 79.449 Thread 0x000001f3ebdcbf70 DEOPT PACKING pc=0x000001f387b08b74 sp=0x00000048160fef20
Event: 79.449 Thread 0x000001f3ebdcbf70 DEOPT UNPACKING pc=0x000001f380055ba3 sp=0x00000048160fee28 mode 2
Event: 79.449 Thread 0x000001f3ebdcbf70 Uncommon trap: trap_request=0xffffff45 fr.pc=0x000001f387ae895c relative=0x000000000000023c
Event: 79.449 Thread 0x000001f3ebdcbf70 Uncommon trap: reason=unstable_if action=reinterpret pc=0x000001f387ae895c method=java.lang.String.startsWith(Ljava/lang/String;I)Z @ 50 c2
Event: 79.449 Thread 0x000001f3ebdcbf70 DEOPT PACKING pc=0x000001f387ae895c sp=0x00000048160feeb0
Event: 79.449 Thread 0x000001f3ebdcbf70 DEOPT UNPACKING pc=0x000001f380055ba3 sp=0x00000048160fee28 mode 2

Classes unloaded (0 events):
No events

Classes redefined (0 events):
No events

Internal exceptions (20 events):
Event: 0.397 Thread 0x000001f3ebdcbf70 Exception <a 'java/lang/NoSuchMethodError'{0x000000008cb3bba0}: 'java.lang.Object java.lang.invoke.DirectMethodHandle$Holder.invokeStatic(java.lang.Object, java.lang.Object, int)'> (0x000000008cb3bba0) 
thrown [s\open\src\hotspot\share\interpreter\linkResolver.cpp, line 759]
Event: 0.399 Thread 0x000001f3ebdcbf70 Exception <a 'java/lang/NoSuchMethodError'{0x000000008cb47b60}: 'void java.lang.invoke.DelegatingMethodHandle$Holder.delegate(java.lang.Object, java.lang.Object, int, java.lang.Object)'> (0x000000008cb47b60) 
thrown [s\open\src\hotspot\share\interpreter\linkResolver.cpp, line 759]
Event: 0.399 Thread 0x000001f3ebdcbf70 Exception <a 'java/lang/NoSuchMethodError'{0x000000008cb4bd70}: 'int java.lang.invoke.DirectMethodHandle$Holder.invokeSpecial(java.lang.Object, java.lang.Object, java.lang.Object)'> (0x000000008cb4bd70) 
thrown [s\open\src\hotspot\share\interpreter\linkResolver.cpp, line 759]
Event: 0.442 Thread 0x000001f3ebdcbf70 Exception <a 'sun/nio/fs/WindowsException'{0x000000008cbf99d0}> (0x000000008cbf99d0) 
thrown [s\open\src\hotspot\share\prims\jni.cpp, line 516]
Event: 0.442 Thread 0x000001f3ebdcbf70 Exception <a 'sun/nio/fs/WindowsException'{0x000000008cbf9f00}> (0x000000008cbf9f00) 
thrown [s\open\src\hotspot\share\prims\jni.cpp, line 516]
Event: 0.458 Thread 0x000001f3ebdcbf70 Implicit null exception at 0x000001f387af9333 to 0x000001f387afa358
Event: 0.478 Thread 0x000001f3ebdcbf70 Exception <a 'sun/nio/fs/WindowsException'{0x000000008cae8d40}> (0x000000008cae8d40) 
thrown [s\open\src\hotspot\share\prims\jni.cpp, line 516]
Event: 0.478 Thread 0x000001f3ebdcbf70 Exception <a 'sun/nio/fs/WindowsException'{0x000000008cae90c0}> (0x000000008cae90c0) 
thrown [s\open\src\hotspot\share\prims\jni.cpp, line 516]
Event: 0.506 Thread 0x000001f3ebdcbf70 Exception <a 'sun/nio/fs/WindowsException'{0x000000008c99a890}> (0x000000008c99a890) 
thrown [s\open\src\hotspot\share\prims\jni.cpp, line 516]
Event: 0.506 Thread 0x000001f3ebdcbf70 Exception <a 'sun/nio/fs/WindowsException'{0x000000008c99abe0}> (0x000000008c99abe0) 
thrown [s\open\src\hotspot\share\prims\jni.cpp, line 516]
Event: 0.624 Thread 0x000001f3ebdcbf70 Exception <a 'sun/nio/fs/WindowsException'{0x000000008c8167e8}> (0x000000008c8167e8) 
thrown [s\open\src\hotspot\share\prims\jni.cpp, line 516]
Event: 0.624 Thread 0x000001f3ebdcbf70 Exception <a 'sun/nio/fs/WindowsException'{0x000000008c816b48}> (0x000000008c816b48) 
thrown [s\open\src\hotspot\share\prims\jni.cpp, line 516]
Event: 1.087 Thread 0x000001f3ebdcbf70 Exception <a 'sun/nio/fs/WindowsException'{0x000000008d330608}> (0x000000008d330608) 
thrown [s\open\src\hotspot\share\prims\jni.cpp, line 516]
Event: 1.087 Thread 0x000001f3ebdcbf70 Exception <a 'sun/nio/fs/WindowsException'{0x000000008d330990}> (0x000000008d330990) 
thrown [s\open\src\hotspot\share\prims\jni.cpp, line 516]
Event: 1.091 Thread 0x000001f3ebdcbf70 Exception <a 'sun/nio/fs/WindowsException'{0x000000008d339878}> (0x000000008d339878) 
thrown [s\open\src\hotspot\share\prims\jni.cpp, line 516]
Event: 1.092 Thread 0x000001f3ebdcbf70 Exception <a 'sun/nio/fs/WindowsException'{0x000000008d339b38}> (0x000000008d339b38) 
thrown [s\open\src\hotspot\share\prims\jni.cpp, line 516]
Event: 1.337 Thread 0x000001f3ebdcbf70 Exception <a 'java/io/FileNotFoundException'{0x000000008cb4f470}> (0x000000008cb4f470) 
thrown [s\open\src\hotspot\share\prims\jni.cpp, line 516]
Event: 1.405 Thread 0x000001f3ebdcbf70 Implicit null exception at 0x000001f387b1c441 to 0x000001f387b1d5e5
Event: 1.554 Thread 0x000001f3ebdcbf70 Exception <a 'java/io/FileNotFoundException'{0x000000008cdb0ad0}> (0x000000008cdb0ad0) 
thrown [s\open\src\hotspot\share\prims\jni.cpp, line 516]
Event: 78.604 Thread 0x000001f3ebdcbf70 Implicit null exception at 0x000001f387baabca to 0x000001f387baadc2

VM Operations (20 events):
Event: 47.189 Executing VM operation: Cleanup
Event: 47.189 Executing VM operation: Cleanup done
Event: 77.388 Executing VM operation: Cleanup
Event: 77.389 Executing VM operation: Cleanup done
Event: 77.965 Executing VM operation: HandshakeAllThreads
Event: 77.965 Executing VM operation: HandshakeAllThreads done
Event: 78.572 Executing VM operation: HandshakeAllThreads
Event: 78.572 Executing VM operation: HandshakeAllThreads done
Event: 78.572 Executing VM operation: Cleanup
Event: 78.572 Executing VM operation: Cleanup done
Event: 78.574 Executing VM operation: HandshakeAllThreads
Event: 78.574 Executing VM operation: HandshakeAllThreads done
Event: 79.388 Executing VM operation: HandshakeAllThreads
Event: 79.388 Executing VM operation: HandshakeAllThreads done
Event: 79.414 Executing VM operation: HandshakeAllThreads
Event: 79.414 Executing VM operation: HandshakeAllThreads done
Event: 79.427 Executing VM operation: HandshakeAllThreads
Event: 79.427 Executing VM operation: HandshakeAllThreads done
Event: 79.428 Executing VM operation: HandshakeAllThreads
Event: 79.428 Executing VM operation: HandshakeAllThreads done

Events (20 events):
Event: 77.894 loading class jdk/internal/math/FloatingDecimal$ASCIIToBinaryBuffer done
Event: 77.977 loading class java/util/LinkedHashMap$LinkedKeySet
Event: 77.977 loading class java/util/LinkedHashMap$LinkedKeySet done
Event: 77.977 loading class java/util/LinkedHashMap$LinkedKeyIterator
Event: 77.977 loading class java/util/LinkedHashMap$LinkedKeyIterator done
Event: 79.258 Thread 0x000001f38fed3310 Thread added: 0x000001f38fed3310
Event: 79.322 loading class java/util/LinkedList$ListItr
Event: 79.322 loading class java/util/LinkedList$ListItr done
Event: 79.332 loading class java/util/LinkedHashMap$LinkedValues
Event: 79.333 loading class java/util/LinkedHashMap$LinkedValues done
Event: 79.334 loading class java/util/zip/Deflater
Event: 79.335 loading class java/util/zip/Deflater done
Event: 79.336 loading class java/util/zip/Deflater$DeflaterZStreamRef
Event: 79.336 loading class java/util/zip/Deflater$DeflaterZStreamRef done
Event: 79.339 loading class jdk/internal/math/FDBigInteger
Event: 79.339 loading class jdk/internal/math/FDBigInteger done
Event: 79.342 Thread 0x000001f38f68e6b0 Thread added: 0x000001f38f68e6b0
Event: 79.351 Thread 0x000001f38fed3310 Thread exited: 0x000001f38fed3310
Event: 79.430 loading class java/util/LinkedHashMap$LinkedValueIterator
Event: 79.431 loading class java/util/LinkedHashMap$LinkedValueIterator done


Dynamic libraries:
0x00007ff79d8c0000 - 0x00007ff79d8d0000 	C:\Program Files\Java\jdk-17.0.5\bin\java.exe
0x00007ff971eb0000 - 0x00007ff9720c4000 	C:\WINDOWS\SYSTEM32\ntdll.dll
0x00007ff971d90000 - 0x00007ff971e52000 	C:\WINDOWS\System32\KERNEL32.DLL
0x00007ff96ef10000 - 0x00007ff96f2b3000 	C:\WINDOWS\System32\KERNELBASE.dll
0x00007ff96f840000 - 0x00007ff96f951000 	C:\WINDOWS\System32\ucrtbase.dll
0x00007ff94ec00000 - 0x00007ff94ec18000 	C:\Program Files\Java\jdk-17.0.5\bin\jli.dll
0x00007ff94ec20000 - 0x00007ff94ec3a000 	C:\Program Files\Java\jdk-17.0.5\bin\VCRUNTIME140.dll
0x00007ff971940000 - 0x00007ff9719ee000 	C:\WINDOWS\System32\ADVAPI32.dll
0x00007ff971670000 - 0x00007ff971717000 	C:\WINDOWS\System32\msvcrt.dll
0x00007ff9715c0000 - 0x00007ff971664000 	C:\WINDOWS\System32\sechost.dll
0x00007ff970de0000 - 0x00007ff970ef7000 	C:\WINDOWS\System32\RPCRT4.dll
0x00007ff970500000 - 0x00007ff9706ab000 	C:\WINDOWS\System32\USER32.dll
0x00007ff96f4f0000 - 0x00007ff96f516000 	C:\WINDOWS\System32\win32u.dll
0x00007ff971720000 - 0x00007ff971749000 	C:\WINDOWS\System32\GDI32.dll
0x00007ff96f720000 - 0x00007ff96f838000 	C:\WINDOWS\System32\gdi32full.dll
0x00007ff9558a0000 - 0x00007ff955b2e000 	C:\WINDOWS\WinSxS\amd64_microsoft.windows.common-controls_6595b64144ccf1df_6.0.22621.1635_none_270f70857386168e\COMCTL32.dll
0x00007ff96f680000 - 0x00007ff96f71a000 	C:\WINDOWS\System32\msvcp_win.dll
0x00007ff96e940000 - 0x00007ff96e94a000 	C:\WINDOWS\SYSTEM32\VERSION.dll
0x00007ff971810000 - 0x00007ff971841000 	C:\WINDOWS\System32\IMM32.DLL
0x0000000051d60000 - 0x0000000051d6c000 	D:\360安全卫士\360Safe\safemon\SafeWrapper.dll
0x00007ff952120000 - 0x00007ff9521cc000 	D:\360安全卫士\360Safe\safemon\libzdtp64.dll
0x00007ff96fbe0000 - 0x00007ff9703da000 	C:\WINDOWS\System32\SHELL32.dll
0x00007ff9719f0000 - 0x00007ff971a4e000 	C:\WINDOWS\System32\SHLWAPI.dll
0x00007ff9543e0000 - 0x00007ff9543ec000 	C:\Program Files\Java\jdk-17.0.5\bin\vcruntime140_1.dll
0x00007ff94eb70000 - 0x00007ff94ebfd000 	C:\Program Files\Java\jdk-17.0.5\bin\msvcp140.dll
0x00007ff9118d0000 - 0x00007ff912492000 	C:\Program Files\Java\jdk-17.0.5\bin\server\jvm.dll
0x00007ff971310000 - 0x00007ff971318000 	C:\WINDOWS\System32\PSAPI.DLL
0x00007ff962ee0000 - 0x00007ff962f14000 	C:\WINDOWS\SYSTEM32\WINMM.dll
0x00007ff93bfd0000 - 0x00007ff93bfd9000 	C:\WINDOWS\SYSTEM32\WSOCK32.dll
0x00007ff970f00000 - 0x00007ff970f71000 	C:\WINDOWS\System32\WS2_32.dll
0x00007ff96de90000 - 0x00007ff96dea8000 	C:\WINDOWS\SYSTEM32\kernel.appcore.dll
0x00007ff952680000 - 0x00007ff95268a000 	C:\Program Files\Java\jdk-17.0.5\bin\jimage.dll
0x00007ff96c790000 - 0x00007ff96c9be000 	C:\WINDOWS\SYSTEM32\DBGHELP.DLL
0x00007ff970f80000 - 0x00007ff971309000 	C:\WINDOWS\System32\combase.dll
0x00007ff971860000 - 0x00007ff971937000 	C:\WINDOWS\System32\OLEAUT32.dll
0x00007ff93b9a0000 - 0x00007ff93b9d2000 	C:\WINDOWS\SYSTEM32\dbgcore.DLL
0x00007ff96f960000 - 0x00007ff96f9db000 	C:\WINDOWS\System32\bcryptPrimitives.dll
0x00007ff94c680000 - 0x00007ff94c6a5000 	C:\Program Files\Java\jdk-17.0.5\bin\java.dll
0x00007ff93b420000 - 0x00007ff93b4f6000 	C:\Program Files\Java\jdk-17.0.5\bin\jsvml.dll
0x00007ff96ce30000 - 0x00007ff96d6fe000 	C:\WINDOWS\SYSTEM32\windows.storage.dll
0x00007ff96ccf0000 - 0x00007ff96ce2e000 	C:\WINDOWS\SYSTEM32\wintypes.dll
0x00007ff96fae0000 - 0x00007ff96fbd1000 	C:\WINDOWS\System32\SHCORE.dll
0x00007ff96edd0000 - 0x00007ff96edf1000 	C:\WINDOWS\SYSTEM32\profapi.dll
0x00007ff94c660000 - 0x00007ff94c679000 	C:\Program Files\Java\jdk-17.0.5\bin\net.dll
0x00007ff964f90000 - 0x00007ff9650c7000 	C:\WINDOWS\SYSTEM32\WINHTTP.dll
0x00007ff96e300000 - 0x00007ff96e369000 	C:\WINDOWS\system32\mswsock.dll
0x00007ff94c640000 - 0x00007ff94c656000 	C:\Program Files\Java\jdk-17.0.5\bin\nio.dll
0x00007ff94c620000 - 0x00007ff94c638000 	C:\Program Files\Java\jdk-17.0.5\bin\zip.dll
0x000000006e700000 - 0x000000006e72a000 	C:\Users\HP\AppData\Local\Temp\libgdxHP\e1cd32f8\gdx64.dll
0x00007ff94e500000 - 0x00007ff94e564000 	C:\Users\HP\AppData\Local\Temp\lwjglHP\3.2.3-build-13\lwjgl.dll
0x00007ff9106d0000 - 0x00007ff910923000 	C:\Users\HP\AppData\Local\Temp\lwjglHP\3.2.3-build-13\jemalloc.dll
0x00007ff93cd30000 - 0x00007ff93cd92000 	C:\Users\HP\AppData\Local\Temp\lwjglHP\3.2.3-build-13\glfw.dll
0x00007ff96bdd0000 - 0x00007ff96be7b000 	C:\WINDOWS\system32\uxtheme.dll
0x00007ff954500000 - 0x00007ff954546000 	C:\WINDOWS\SYSTEM32\dinput8.dll
0x00007ff9676b0000 - 0x00007ff9676c1000 	C:\WINDOWS\SYSTEM32\xinput1_4.dll
0x00007ff96eb40000 - 0x00007ff96eb8e000 	C:\WINDOWS\SYSTEM32\cfgmgr32.dll
0x00007ff96eb10000 - 0x00007ff96eb3c000 	C:\WINDOWS\SYSTEM32\DEVOBJ.dll
0x00007ff96c040000 - 0x00007ff96c06b000 	C:\WINDOWS\SYSTEM32\dwmapi.dll
0x00007ff9564d0000 - 0x00007ff9566d1000 	C:\WINDOWS\SYSTEM32\inputhost.dll
0x00007ff96ba10000 - 0x00007ff96bb43000 	C:\WINDOWS\SYSTEM32\CoreMessaging.dll
0x0000000180000000 - 0x00000001834b3000 	C:\Program Files (x86)\RivaTuner Statistics Server\RTSSHooks64.dll
0x00007ff9707b0000 - 0x00007ff970c24000 	C:\WINDOWS\System32\SETUPAPI.dll
0x00007ff96e560000 - 0x00007ff96e56c000 	C:\WINDOWS\SYSTEM32\CRYPTBASE.DLL
0x00007ff9703e0000 - 0x00007ff9704fe000 	C:\WINDOWS\System32\MSCTF.dll
0x00007ff96d700000 - 0x00007ff96d70e000 	C:\WINDOWS\SYSTEM32\HID.DLL
0x00007ff96f550000 - 0x00007ff96f5bb000 	C:\WINDOWS\System32\WINTRUST.dll
0x00007ff96f2c0000 - 0x00007ff96f427000 	C:\WINDOWS\System32\CRYPT32.dll
0x00007ff96e5e0000 - 0x00007ff96e5f2000 	C:\WINDOWS\SYSTEM32\MSASN1.dll
0x00007ff9233e0000 - 0x00007ff9234eb000 	C:\Users\HP\AppData\Local\Temp\lwjglHP\3.2.3-build-13\OpenAL.dll
0x00007ff971320000 - 0x00007ff9714bc000 	C:\WINDOWS\System32\ole32.dll
0x00007ff971750000 - 0x00007ff971800000 	C:\WINDOWS\System32\clbcatq.dll
0x00007ff95e830000 - 0x00007ff95e8cd000 	C:\WINDOWS\System32\MMDevApi.dll
0x00007ff955c90000 - 0x00007ff955e75000 	C:\WINDOWS\SYSTEM32\AUDIOSES.DLL
0x00007ff96c450000 - 0x00007ff96c465000 	C:\WINDOWS\SYSTEM32\resourcepolicyclient.dll
0x00007ff96eeb0000 - 0x00007ff96eefd000 	C:\WINDOWS\System32\powrprof.dll
0x00007ff96eaf0000 - 0x00007ff96eb03000 	C:\WINDOWS\SYSTEM32\UMPDC.dll
0x00007ff94ad60000 - 0x00007ff94ae60000 	C:\WINDOWS\SYSTEM32\opengl32.dll
0x00007ff949660000 - 0x00007ff94968d000 	C:\WINDOWS\SYSTEM32\GLU32.dll
0x00007ff96beb0000 - 0x00007ff96bee6000 	C:\WINDOWS\SYSTEM32\dxcore.dll
0x00007ff9672b0000 - 0x00007ff9672f8000 	C:\WINDOWS\SYSTEM32\directxdatabasehelper.dll
0x00007ff961020000 - 0x00007ff961154000 	C:\Windows\System32\AppXDeploymentClient.dll
0x00007ff955570000 - 0x00007ff955666000 	C:\Windows\System32\Windows.ApplicationModel.dll
0x00007ff969e60000 - 0x00007ff969f60000 	C:\WINDOWS\system32\propsys.dll
0x00007ff92eb60000 - 0x00007ff92eb86000 	C:\WINDOWS\system32\mssprxy.dll
0x00007ff90bf10000 - 0x00007ff90cfe7000 	C:\WINDOWS\System32\DriverStore\FileRepository\iigd_dch.inf_amd64_6e6a7f579616ad0a\igxelpicd64.dll
0x00007ff96f9e0000 - 0x00007ff96fad6000 	C:\WINDOWS\System32\dxgi.dll
0x00007ff91e050000 - 0x00007ff91e188000 	C:\WINDOWS\System32\DriverStore\FileRepository\iigd_dch.inf_amd64_6e6a7f579616ad0a\igdml64.dll
0x00007ff960540000 - 0x00007ff960955000 	C:\WINDOWS\System32\DriverStore\FileRepository\iigd_dch.inf_amd64_6e6a7f579616ad0a\igdgmm64.dll
0x00007ff9577e0000 - 0x00007ff95bd5f000 	C:\WINDOWS\System32\DriverStore\FileRepository\iigd_dch.inf_amd64_6e6a7f579616ad0a\igc64.dll
0x00007ff9642e0000 - 0x00007ff96439c000 	C:\WINDOWS\SYSTEM32\mscms.dll
0x00007ff951d40000 - 0x00007ff951d89000 	C:\WINDOWS\SYSTEM32\icm32.dll
0x00007ff93d070000 - 0x00007ff93d0c9000 	C:\Users\HP\AppData\Local\Temp\lwjglHP\3.2.3-build-13\lwjgl_opengl.dll
0x00007ff956330000 - 0x00007ff95645d000 	C:\WINDOWS\SYSTEM32\textinputframework.dll
0x000000006a340000 - 0x000000006a3eb000 	C:\Users\HP\AppData\Local\Temp\libgdxHP\ad089354\gdx-freetype64.dll
0x00007ff9667a0000 - 0x00007ff966b0c000 	C:\WINDOWS\SYSTEM32\CoreUIComponents.dll

dbghelp: loaded successfully - version: 4.0.5 - missing functions: none
symbol engine: initialized successfully - sym options: 0x614 - pdb path: .;C:\Program Files\Java\jdk-17.0.5\bin;C:\WINDOWS\SYSTEM32;C:\WINDOWS\WinSxS\amd64_microsoft.windows.common-controls_6595b64144ccf1df_6.0.22621.1635_none_270f70857386168e;D:\360安全卫士\360Safe\safemon;C:\Program Files\Java\jdk-17.0.5\bin\se;C:\Program Files\Java\jdk-17.0.5\bin\se;C:\Program Files\Java\jdk-17.0.5\bin\se;C:\Program Files\Java\jdk-17.0.5\bin\se;C:\Program Files\Java\jdk-17.0.5\bin\se;C:\Program Files\Java\jdk-17.0.5\bin\se;C:\Program Files\Java\jdk-17.0.5\bin\server;C:\Users\HP\AppData\Local\Temp\libgdxHP\e1cd;C:\Users\HP\AppData\Local\Temp\libgdxHP\e1cd32f8;C:\Users\HP\AppData\Local\Temp\lwjglHP\3.2.3-buil;C:\Users\HP\AppData\Local\Temp\lwjglHP\3.2.3-build-13;C:\Program Files (x86)\RivaTuner Statistics Server;C:\WINDOWS\System32\DriverStore\FileRepository\iigd_dch.inf_amd64_6e6a7f579616;C:\WINDOWS\System32\DriverStore\FileRepository\iigd_dch.inf_amd64_6e6a7f579616ad0a;C:\Users\HP\AppData\Local\Temp\libgdxHP\ad08;C:\Users\HP\AppData\Local\Temp\libgdxHP\ad08

VM Arguments:
jvm_args: -DImplementation-Version=588 -DSpecification-Title=Star Pixel Dungeon -DSpecification-Version=0.1.1-INDEV -Dfile.encoding=GBK -Duser.country=CN -Duser.language=zh -Duser.variant 
java_command: com.shatteredpixel.shatteredpixeldungeon.desktop.DesktopLauncher
java_class_path (initial): D:\Star-Pixel-Dungeon\desktop\build\classes\java\debug;D:\Star-Pixel-Dungeon\desktop\build\resources\debug;D:\Star-Pixel-Dungeon\services\updates\debugUpdates\build\libs\debugUpdates-0.1.1.jar;D:\Star-Pixel-Dungeon\services\news\debugNews\build\libs\debugNews-0.1.1.jar;D:\Star-Pixel-Dungeon\services\build\libs\services-0.1.1.jar;D:\Star-Pixel-Dungeon\SPD-classes\build\libs\SPD-classes-0.1.1.jar;C:\Users\HP\.gradle\caches\modules-2\files-2.1\com.badlogicgames.gdx\gdx-freetype\1.10.0\de1d0d5c1e92e8d91364256fd6b7bb279d3e9859\gdx-freetype-1.10.0.jar;C:\Users\HP\.gradle\caches\modules-2\files-2.1\com.badlogicgames.gdx\gdx\1.10.0\74c240f79dc4fb6b766a834249600d0a019d0489\gdx-1.10.0.jar;C:\Users\HP\.gradle\caches\modules-2\files-2.1\com.github.RohitSurwase.UCE-Handler\uce_handler\1.4\20e40d6c7dd0daec32cbd6e1cbc2350a7f61f062\uce_handler-1.4.aar;C:\Users\HP\.gradle\caches\modules-2\files-2.1\com.android.support\appcompat-v7\28.0.0\132586ec59604a86703796851a063a0ac61f697b\appcompat-v7-28.0.0.aar;C:\Users\HP\.gradle\caches\modules-2\files-2.1\com.android.support\support-fragment\28.0.0\f21c8a8700b30dc57cb6277ae3c4c168a94a4e81\support-fragment-28.0.0.aar;C:\Users\HP\.gradle\caches\modules-2\files-2.1\com.android.support\animated-vector-drawable\28.0.0\e2d41c2a032145313f42ab38a2d9757c5d1ebc19\animated-vector-drawable-28.0.0.aar;C:\Users\HP\.gradle\caches\modules-2\files-2.1\com.android.support\support-core-ui\28.0.0\96035b1030d7c3a81903966c2fa52117d36aa5b7\support-core-ui-28.0.0.aar;C:\Users\HP\.gradle\caches\modules-2\files-2.1\com.android.support\support-core-utils\28.0.0\29b1bb783f1a86eba7f1618bad58842bde72892a\support-core-utils-28.0.0.aar;C:\Users\HP\.gradle\caches\modules-2\files-2.1\com.android.support\support-vector-drawable\28.0.0\80387886ef55af284d8253e52d321f93b3f923dd\support-vector-drawable-28.0.0.aar;C:\Users\HP\.gradle\caches\modules-2\files-2.1\com.android.support\loader\28.0.0\49a297a4635e01ed55f31b5d4a718ba3416fde3d\loader-28.0.0.aar
Launcher Type: SUN_STANDARD

[Global flags]
     intx CICompilerCount                          = 3                                         {product} {ergonomic}
     uint ConcGCThreads                            = 1                                         {product} {ergonomic}
     uint G1ConcRefinementThreads                  = 4                                         {product} {ergonomic}
   size_t G1HeapRegionSize                         = 1048576                                   {product} {ergonomic}
    uintx GCDrainStackTargetSize                   = 64                                        {product} {ergonomic}
   size_t InitialHeapSize                          = 130023424                                 {product} {ergonomic}
   size_t MarkStackSize                            = 4194304                                   {product} {ergonomic}
   size_t MaxHeapSize                              = 2055208960                                {product} {ergonomic}
   size_t MaxNewSize                               = 1233125376                                {product} {ergonomic}
   size_t MinHeapDeltaBytes                        = 1048576                                   {product} {ergonomic}
   size_t MinHeapSize                              = 8388608                                   {product} {ergonomic}
    uintx NonNMethodCodeHeapSize                   = 5832780                                {pd product} {ergonomic}
    uintx NonProfiledCodeHeapSize                  = 122912730                              {pd product} {ergonomic}
    uintx ProfiledCodeHeapSize                     = 122912730                              {pd product} {ergonomic}
    uintx ReservedCodeCacheSize                    = 251658240                              {pd product} {ergonomic}
     bool SegmentedCodeCache                       = true                                      {product} {ergonomic}
   size_t SoftMaxHeapSize                          = 2055208960                             {manageable} {ergonomic}
     bool UseCompressedClassPointers               = true                           {product lp64_product} {ergonomic}
     bool UseCompressedOops                        = true                           {product lp64_product} {ergonomic}
     bool UseG1GC                                  = true                                      {product} {ergonomic}
     bool UseLargePagesIndividualAllocation        = false                                  {pd product} {ergonomic}

Logging:
Log output configuration:
 #0: stdout all=warning uptime,level,tags
 #1: stderr all=off uptime,level,tags

Environment Variables:
JAVA_HOME=C:\Program Files\Java\jdk-17.0.5
CLASSPATH=D:\Star-Pixel-Dungeon\\gradle\wrapper\gradle-wrapper.jar
PATH=D:\VMware Workstation\bin\;C:\Program Files\Common Files\Oracle\Java\javapath;C:\Program Files\Java\jdk-17.0.5\bin;C:\Program Files\Java\jdk-17.0.5\jre\bin;C:\Program Files (x86)\Common Files\Oracle\Java\javapath;C:\ProgramData\Oracle\Java\javapath;C:\windows\system32;C:\windows;C:\windows\System32\Wbem;C:\windows\System32\WindowsPowerShell\v1.0\;C:\windows\System32\OpenSSH\;C:\Program Files (x86)\NVIDIA Corporation\PhysX\Common;C:\Program Files\dotnet\;D:\Steam;D:\PCL2;D:\Geph4;D:\Steam+;D:\TIM\Bin;C:\Git\cmd;C:\Git;D:\WeChat;C:\Program Files\Intel\Intel(R) Memory and Storage Tool\;C:\WINDOWS\system32;C:\WINDOWS;C:\WINDOWS\System32\Wbem;C:\WINDOWS\System32\WindowsPowerShell\v1.0\;C:\WINDOWS\System32\OpenSSH\;C:\Program Files (x86)\dotnet\;D:\VMware Workstation;D:\Android Studio\bin;D:\Honkai Impact 3\Games;D:\Honkai Impact 3;D:\金山打字通\11.9;C:\Users\HP\AppData\Local\Microsoft\WindowsApps;C:\Users\HP\AppData\Local\GitHubDesktop\bin;
USERNAME=HP
OS=Windows_NT
PROCESSOR_IDENTIFIER=Intel64 Family 6 Model 140 Stepping 1, GenuineIntel



---------------  S Y S T E M  ---------------

OS:
 Windows 11 , 64 bit Build 22621 (10.0.22621.1635)
OS uptime: 0 days 0:44 hours
Hyper-V role detected

CPU: total 4 (initial active 4) (2 cores per cpu, 2 threads per core) family 6 model 140 stepping 1 microcode 0xa6, cx8, cmov, fxsr, ht, mmx, 3dnowpref, sse, sse2, sse3, ssse3, sse4.1, sse4.2, popcnt, lzcnt, tsc, tscinvbit, avx, avx2, aes, erms, clmul, bmi1, bmi2, adx, avx512f, avx512dq, avx512cd, avx512bw, avx512vl, sha, fma, vzeroupper, avx512_vpopcntdq, avx512_vpclmulqdq, avx512_vaes, avx512_vnni, clflush, clflushopt, clwb, avx512_vbmi2, avx512_vbmi, hv

Memory: 4k page, system-wide physical 7834M (1242M free)
TotalPageFile size 11930M (AvailPageFile size 5M)
current process WorkingSet (physical memory assigned to process): 276M, peak: 277M
current process commit charge ("private bytes"): 434M, peak: 436M

vm_info: Java HotSpot(TM) 64-Bit Server VM (17.0.5+9-LTS-191) for windows-amd64 JRE (17.0.5+9-LTS-191), built on Sep 13 2022 17:31:43 by "mach5one" with MS VC++ 16.8 / 16.9 (VS2019)

END.
