#
# There is insufficient memory for the Java Runtime Environment to continue.
# Native memory allocation (malloc) failed to allocate 725312 bytes for Chunk::new
# Possible reasons:
#   The system is out of physical RAM or swap space
#   The process is running with CompressedOops enabled, and the Java Heap may be blocking the growth of the native heap
# Possible solutions:
#   Reduce memory load on the system
#   Increase physical memory or swap space
#   Check if swap backing store is full
#   Decrease Java heap size (-Xmx/-Xms)
#   Decrease number of Java threads
#   Decrease Java thread stack sizes (-Xss)
#   Set larger code cache with -XX:ReservedCodeCacheSize=
#   JVM is running with Unscaled Compressed Oops mode in which the Java heap is
#     placed in the first 4GB address space. The Java Heap base address is the
#     maximum limit for the native heap growth. Please use -XX:HeapBaseMinAddress
#     to set the Java Heap base and to place the Java Heap above 4GB virtual address.
# This output file may be truncated or incomplete.
#
#  Out of Memory Error (arena.cpp:189), pid=11224, tid=16304
#
# JRE version: Java(TM) SE Runtime Environment (17.0.5+9) (build 17.0.5+9-LTS-191)
# Java VM: Java HotSpot(TM) 64-Bit Server VM (17.0.5+9-LTS-191, mixed mode, sharing, tiered, compressed oops, compressed class ptrs, g1 gc, windows-amd64)
# No core dump will be written. Minidumps are not enabled by default on client versions of Windows
#

---------------  S U M M A R Y ------------

Command Line: -DImplementation-Version=588 -DSpecification-Title=Star Pixel Dungeon -DSpecification-Version=0.1.1-INDEV -Dfile.encoding=GBK -Duser.country=CN -Duser.language=zh -Duser.variant com.shatteredpixel.shatteredpixeldungeon.desktop.DesktopLauncher

Host: 11th Gen Intel(R) Core(TM) i3-1115G4 @ 3.00GHz, 4 cores, 7G,  Windows 11 , 64 bit Build 22621 (10.0.22621.1344)
Time: Mon Mar 20 22:09:43 2023  Windows 11 , 64 bit Build 22621 (10.0.22621.1344) elapsed time: 12.220418 seconds (0d 0h 0m 12s)

---------------  T H R E A D  ---------------

Current thread (0x0000015bb8d96470):  JavaThread "C2 CompilerThread0" daemon [_thread_in_native, id=16304, stack(0x0000001227d00000,0x0000001227e00000)]


Current CompileTask:
C2:  12220 1719       4       com.badlogic.gdx.graphics.g2d.GlyphLayout::setText (1523 bytes)

Stack: [0x0000001227d00000,0x0000001227e00000]
Native frames: (J=compiled Java code, j=interpreted, Vv=VM code, C=native code)
V  [jvm.dll+0x672eea]
V  [jvm.dll+0x7d2a04]
V  [jvm.dll+0x7d41ae]
V  [jvm.dll+0x7d4813]
V  [jvm.dll+0x242c15]
V  [jvm.dll+0xaa57b]
V  [jvm.dll+0xaab0c]
V  [jvm.dll+0x35ff97]
V  [jvm.dll+0x1b9ae8]
V  [jvm.dll+0x215e19]
V  [jvm.dll+0x2150e1]
V  [jvm.dll+0x1a18ed]
V  [jvm.dll+0x22493a]
V  [jvm.dll+0x222aa5]
V  [jvm.dll+0x7885db]
V  [jvm.dll+0x782b4a]
V  [jvm.dll+0x671d75]
C  [ucrtbase.dll+0x29363]
C  [KERNEL32.DLL+0x126bd]
C  [ntdll.dll+0x5a9f8]


---------------  P R O C E S S  ---------------

Threads class SMR info:
_java_thread_list=0x0000015bbc4d22d0, length=12, elements={
0x0000015b9adb5ad0, 0x0000015bb8d7f130, 0x0000015bb8d7fae0, 0x0000015bb8d91660,
0x0000015bb8d92010, 0x0000015bb8d929c0, 0x0000015bb8d93370, 0x0000015bb8d96470,
0x0000015bb8dab070, 0x0000015bb8dbbe30, 0x0000015bb98fd420, 0x0000015bb98fff10
}

Java Threads: ( => current thread )
  0x0000015b9adb5ad0 JavaThread "main" [_thread_in_native, id=8452, stack(0x0000001227000000,0x0000001227100000)]
  0x0000015bb8d7f130 JavaThread "Reference Handler" daemon [_thread_blocked, id=13892, stack(0x0000001227700000,0x0000001227800000)]
  0x0000015bb8d7fae0 JavaThread "Finalizer" daemon [_thread_blocked, id=16904, stack(0x0000001227800000,0x0000001227900000)]
  0x0000015bb8d91660 JavaThread "Signal Dispatcher" daemon [_thread_blocked, id=13324, stack(0x0000001227900000,0x0000001227a00000)]
  0x0000015bb8d92010 JavaThread "Attach Listener" daemon [_thread_blocked, id=15264, stack(0x0000001227a00000,0x0000001227b00000)]
  0x0000015bb8d929c0 JavaThread "Service Thread" daemon [_thread_blocked, id=16852, stack(0x0000001227b00000,0x0000001227c00000)]
  0x0000015bb8d93370 JavaThread "Monitor Deflation Thread" daemon [_thread_blocked, id=10612, stack(0x0000001227c00000,0x0000001227d00000)]
=>0x0000015bb8d96470 JavaThread "C2 CompilerThread0" daemon [_thread_in_native, id=16304, stack(0x0000001227d00000,0x0000001227e00000)]
  0x0000015bb8dab070 JavaThread "C1 CompilerThread0" daemon [_thread_blocked, id=10232, stack(0x0000001227e00000,0x0000001227f00000)]
  0x0000015bb8dbbe30 JavaThread "Sweeper thread" daemon [_thread_blocked, id=13364, stack(0x0000001227f00000,0x0000001228000000)]
  0x0000015bb98fd420 JavaThread "Notification Thread" daemon [_thread_blocked, id=13180, stack(0x0000001228000000,0x0000001228100000)]
  0x0000015bb98fff10 JavaThread "Common-Cleaner" daemon [_thread_blocked, id=1928, stack(0x0000001228200000,0x0000001228300000)]

Other Threads:
  0x0000015b9937dee0 VMThread "VM Thread" [stack: 0x0000001227600000,0x0000001227700000] [id=11496]
  0x0000015b9ae304c0 WatcherThread [stack: 0x0000001228100000,0x0000001228200000] [id=9592]
  0x0000015b9ae0c6f0 GCTaskThread "GC Thread#0" [stack: 0x0000001227100000,0x0000001227200000] [id=8476]
  0x0000015bbc463a50 GCTaskThread "GC Thread#1" [stack: 0x0000001228f00000,0x0000001229000000] [id=10424]
  0x0000015bbc135640 GCTaskThread "GC Thread#2" [stack: 0x0000001229000000,0x0000001229100000] [id=14228]
  0x0000015bbc40aae0 GCTaskThread "GC Thread#3" [stack: 0x0000001229100000,0x0000001229200000] [id=3152]
  0x0000015b9ae1dcb0 ConcurrentGCThread "G1 Main Marker" [stack: 0x0000001227200000,0x0000001227300000] [id=16892]
  0x0000015b9ae20d70 ConcurrentGCThread "G1 Conc#0" [stack: 0x0000001227300000,0x0000001227400000] [id=9184]
  0x0000015bb8c1e520 ConcurrentGCThread "G1 Refine#0" [stack: 0x0000001227400000,0x0000001227500000] [id=16428]
  0x0000015bb8c1fc00 ConcurrentGCThread "G1 Service" [stack: 0x0000001227500000,0x0000001227600000] [id=3176]

Threads with active compile tasks:
C2 CompilerThread0    12292 1719       4       com.badlogic.gdx.graphics.g2d.GlyphLayout::setText (1523 bytes)

VM state: not at safepoint (normal execution)

VM Mutex/Monitor currently owned by a thread: None

Heap address: 0x0000000085800000, size: 1960 MB, Compressed Oops mode: 32-bit

CDS archive(s) mapped at: [0x0000000800000000-0x0000000800bd0000-0x0000000800bd0000), size 12386304, SharedBaseAddress: 0x0000000800000000, ArchiveRelocationMode: 0.
Compressed class space mapped at: 0x0000000800c00000-0x0000000840c00000, reserved size: 1073741824
Narrow klass base: 0x0000000800000000, Narrow klass shift: 0, Narrow klass range: 0x100000000

GC Precious Log:
 CPUs: 4 total, 4 available
 Memory: 7834M
 Large Page Support: Disabled
 NUMA Support: Disabled
 Compressed Oops: Enabled (32-bit)
 Heap Region Size: 1M
 Heap Min Capacity: 8M
 Heap Initial Capacity: 124M
 Heap Max Capacity: 1960M
 Pre-touch: Disabled
 Parallel Workers: 4
 Concurrent Workers: 1
 Concurrent Refinement Workers: 4
 Periodic GC: Disabled

Heap:
 garbage-first heap   total 126976K, used 41630K [0x0000000085800000, 0x0000000100000000)
  region size 1024K, 40 young (40960K), 2 survivors (2048K)
 Metaspace       used 9712K, committed 9792K, reserved 1064960K
  class space    used 715K, committed 768K, reserved 1048576K

Heap Regions: E=young(eden), S=young(survivor), O=old, HS=humongous(starts), HC=humongous(continues), CS=collection set, F=free, OA=open archive, CA=closed archive, TAMS=top-at-mark-start (previous, next)
|   0|0x0000000085800000, 0x0000000085900000, 0x0000000085900000|100%| O|  |TAMS 0x0000000085800000, 0x0000000085800000| Untracked 
|   1|0x0000000085900000, 0x0000000085a00000, 0x0000000085a00000|100%| O|  |TAMS 0x0000000085900000, 0x0000000085900000| Untracked 
|   2|0x0000000085a00000, 0x0000000085a43c00, 0x0000000085b00000| 26%| O|  |TAMS 0x0000000085a00000, 0x0000000085a00000| Untracked 
|   3|0x0000000085b00000, 0x0000000085c00000, 0x0000000085c00000|100%|HS|  |TAMS 0x0000000085b00000, 0x0000000085b00000| Complete 
|   4|0x0000000085c00000, 0x0000000085c00000, 0x0000000085d00000|  0%| F|  |TAMS 0x0000000085c00000, 0x0000000085c00000| Untracked 
|   5|0x0000000085d00000, 0x0000000085d00000, 0x0000000085e00000|  0%| F|  |TAMS 0x0000000085d00000, 0x0000000085d00000| Untracked 
|   6|0x0000000085e00000, 0x0000000085e00000, 0x0000000085f00000|  0%| F|  |TAMS 0x0000000085e00000, 0x0000000085e00000| Untracked 
|   7|0x0000000085f00000, 0x0000000085f00000, 0x0000000086000000|  0%| F|  |TAMS 0x0000000085f00000, 0x0000000085f00000| Untracked 
|   8|0x0000000086000000, 0x0000000086000000, 0x0000000086100000|  0%| F|  |TAMS 0x0000000086000000, 0x0000000086000000| Untracked 
|   9|0x0000000086100000, 0x0000000086100000, 0x0000000086200000|  0%| F|  |TAMS 0x0000000086100000, 0x0000000086100000| Untracked 
|  10|0x0000000086200000, 0x0000000086200000, 0x0000000086300000|  0%| F|  |TAMS 0x0000000086200000, 0x0000000086200000| Untracked 
|  11|0x0000000086300000, 0x0000000086300000, 0x0000000086400000|  0%| F|  |TAMS 0x0000000086300000, 0x0000000086300000| Untracked 
|  12|0x0000000086400000, 0x0000000086400000, 0x0000000086500000|  0%| F|  |TAMS 0x0000000086400000, 0x0000000086400000| Untracked 
|  13|0x0000000086500000, 0x0000000086500000, 0x0000000086600000|  0%| F|  |TAMS 0x0000000086500000, 0x0000000086500000| Untracked 
|  14|0x0000000086600000, 0x0000000086600000, 0x0000000086700000|  0%| F|  |TAMS 0x0000000086600000, 0x0000000086600000| Untracked 
|  15|0x0000000086700000, 0x0000000086700000, 0x0000000086800000|  0%| F|  |TAMS 0x0000000086700000, 0x0000000086700000| Untracked 
|  16|0x0000000086800000, 0x0000000086800000, 0x0000000086900000|  0%| F|  |TAMS 0x0000000086800000, 0x0000000086800000| Untracked 
|  17|0x0000000086900000, 0x0000000086900000, 0x0000000086a00000|  0%| F|  |TAMS 0x0000000086900000, 0x0000000086900000| Untracked 
|  18|0x0000000086a00000, 0x0000000086a00000, 0x0000000086b00000|  0%| F|  |TAMS 0x0000000086a00000, 0x0000000086a00000| Untracked 
|  19|0x0000000086b00000, 0x0000000086b00000, 0x0000000086c00000|  0%| F|  |TAMS 0x0000000086b00000, 0x0000000086b00000| Untracked 
|  20|0x0000000086c00000, 0x0000000086c00000, 0x0000000086d00000|  0%| F|  |TAMS 0x0000000086c00000, 0x0000000086c00000| Untracked 
|  21|0x0000000086d00000, 0x0000000086d00000, 0x0000000086e00000|  0%| F|  |TAMS 0x0000000086d00000, 0x0000000086d00000| Untracked 
|  22|0x0000000086e00000, 0x0000000086e00000, 0x0000000086f00000|  0%| F|  |TAMS 0x0000000086e00000, 0x0000000086e00000| Untracked 
|  23|0x0000000086f00000, 0x0000000086f00000, 0x0000000087000000|  0%| F|  |TAMS 0x0000000086f00000, 0x0000000086f00000| Untracked 
|  24|0x0000000087000000, 0x0000000087000000, 0x0000000087100000|  0%| F|  |TAMS 0x0000000087000000, 0x0000000087000000| Untracked 
|  25|0x0000000087100000, 0x0000000087100000, 0x0000000087200000|  0%| F|  |TAMS 0x0000000087100000, 0x0000000087100000| Untracked 
|  26|0x0000000087200000, 0x0000000087200000, 0x0000000087300000|  0%| F|  |TAMS 0x0000000087200000, 0x0000000087200000| Untracked 
|  27|0x0000000087300000, 0x0000000087300000, 0x0000000087400000|  0%| F|  |TAMS 0x0000000087300000, 0x0000000087300000| Untracked 
|  28|0x0000000087400000, 0x0000000087400000, 0x0000000087500000|  0%| F|  |TAMS 0x0000000087400000, 0x0000000087400000| Untracked 
|  29|0x0000000087500000, 0x0000000087500000, 0x0000000087600000|  0%| F|  |TAMS 0x0000000087500000, 0x0000000087500000| Untracked 
|  30|0x0000000087600000, 0x0000000087600000, 0x0000000087700000|  0%| F|  |TAMS 0x0000000087600000, 0x0000000087600000| Untracked 
|  31|0x0000000087700000, 0x0000000087700000, 0x0000000087800000|  0%| F|  |TAMS 0x0000000087700000, 0x0000000087700000| Untracked 
|  32|0x0000000087800000, 0x0000000087800000, 0x0000000087900000|  0%| F|  |TAMS 0x0000000087800000, 0x0000000087800000| Untracked 
|  33|0x0000000087900000, 0x0000000087900000, 0x0000000087a00000|  0%| F|  |TAMS 0x0000000087900000, 0x0000000087900000| Untracked 
|  34|0x0000000087a00000, 0x0000000087a00000, 0x0000000087b00000|  0%| F|  |TAMS 0x0000000087a00000, 0x0000000087a00000| Untracked 
|  35|0x0000000087b00000, 0x0000000087b00000, 0x0000000087c00000|  0%| F|  |TAMS 0x0000000087b00000, 0x0000000087b00000| Untracked 
|  36|0x0000000087c00000, 0x0000000087c00000, 0x0000000087d00000|  0%| F|  |TAMS 0x0000000087c00000, 0x0000000087c00000| Untracked 
|  37|0x0000000087d00000, 0x0000000087d00000, 0x0000000087e00000|  0%| F|  |TAMS 0x0000000087d00000, 0x0000000087d00000| Untracked 
|  38|0x0000000087e00000, 0x0000000087e00000, 0x0000000087f00000|  0%| F|  |TAMS 0x0000000087e00000, 0x0000000087e00000| Untracked 
|  39|0x0000000087f00000, 0x0000000087f00000, 0x0000000088000000|  0%| F|  |TAMS 0x0000000087f00000, 0x0000000087f00000| Untracked 
|  40|0x0000000088000000, 0x0000000088000000, 0x0000000088100000|  0%| F|  |TAMS 0x0000000088000000, 0x0000000088000000| Untracked 
|  41|0x0000000088100000, 0x0000000088100000, 0x0000000088200000|  0%| F|  |TAMS 0x0000000088100000, 0x0000000088100000| Untracked 
|  42|0x0000000088200000, 0x0000000088200000, 0x0000000088300000|  0%| F|  |TAMS 0x0000000088200000, 0x0000000088200000| Untracked 
|  43|0x0000000088300000, 0x0000000088300000, 0x0000000088400000|  0%| F|  |TAMS 0x0000000088300000, 0x0000000088300000| Untracked 
|  44|0x0000000088400000, 0x0000000088400000, 0x0000000088500000|  0%| F|  |TAMS 0x0000000088400000, 0x0000000088400000| Untracked 
|  45|0x0000000088500000, 0x0000000088500000, 0x0000000088600000|  0%| F|  |TAMS 0x0000000088500000, 0x0000000088500000| Untracked 
|  46|0x0000000088600000, 0x0000000088600000, 0x0000000088700000|  0%| F|  |TAMS 0x0000000088600000, 0x0000000088600000| Untracked 
|  47|0x0000000088700000, 0x0000000088700000, 0x0000000088800000|  0%| F|  |TAMS 0x0000000088700000, 0x0000000088700000| Untracked 
|  48|0x0000000088800000, 0x0000000088800000, 0x0000000088900000|  0%| F|  |TAMS 0x0000000088800000, 0x0000000088800000| Untracked 
|  49|0x0000000088900000, 0x0000000088900000, 0x0000000088a00000|  0%| F|  |TAMS 0x0000000088900000, 0x0000000088900000| Untracked 
|  50|0x0000000088a00000, 0x0000000088a00000, 0x0000000088b00000|  0%| F|  |TAMS 0x0000000088a00000, 0x0000000088a00000| Untracked 
|  51|0x0000000088b00000, 0x0000000088b00000, 0x0000000088c00000|  0%| F|  |TAMS 0x0000000088b00000, 0x0000000088b00000| Untracked 
|  52|0x0000000088c00000, 0x0000000088c00000, 0x0000000088d00000|  0%| F|  |TAMS 0x0000000088c00000, 0x0000000088c00000| Untracked 
|  53|0x0000000088d00000, 0x0000000088d00000, 0x0000000088e00000|  0%| F|  |TAMS 0x0000000088d00000, 0x0000000088d00000| Untracked 
|  54|0x0000000088e00000, 0x0000000088e00000, 0x0000000088f00000|  0%| F|  |TAMS 0x0000000088e00000, 0x0000000088e00000| Untracked 
|  55|0x0000000088f00000, 0x0000000088f00000, 0x0000000089000000|  0%| F|  |TAMS 0x0000000088f00000, 0x0000000088f00000| Untracked 
|  56|0x0000000089000000, 0x0000000089000000, 0x0000000089100000|  0%| F|  |TAMS 0x0000000089000000, 0x0000000089000000| Untracked 
|  57|0x0000000089100000, 0x0000000089100000, 0x0000000089200000|  0%| F|  |TAMS 0x0000000089100000, 0x0000000089100000| Untracked 
|  58|0x0000000089200000, 0x0000000089200000, 0x0000000089300000|  0%| F|  |TAMS 0x0000000089200000, 0x0000000089200000| Untracked 
|  59|0x0000000089300000, 0x0000000089300000, 0x0000000089400000|  0%| F|  |TAMS 0x0000000089300000, 0x0000000089300000| Untracked 
|  60|0x0000000089400000, 0x0000000089400000, 0x0000000089500000|  0%| F|  |TAMS 0x0000000089400000, 0x0000000089400000| Untracked 
|  61|0x0000000089500000, 0x0000000089500000, 0x0000000089600000|  0%| F|  |TAMS 0x0000000089500000, 0x0000000089500000| Untracked 
|  62|0x0000000089600000, 0x0000000089600000, 0x0000000089700000|  0%| F|  |TAMS 0x0000000089600000, 0x0000000089600000| Untracked 
|  63|0x0000000089700000, 0x0000000089700000, 0x0000000089800000|  0%| F|  |TAMS 0x0000000089700000, 0x0000000089700000| Untracked 
|  64|0x0000000089800000, 0x0000000089800000, 0x0000000089900000|  0%| F|  |TAMS 0x0000000089800000, 0x0000000089800000| Untracked 
|  65|0x0000000089900000, 0x0000000089900000, 0x0000000089a00000|  0%| F|  |TAMS 0x0000000089900000, 0x0000000089900000| Untracked 
|  66|0x0000000089a00000, 0x0000000089a00000, 0x0000000089b00000|  0%| F|  |TAMS 0x0000000089a00000, 0x0000000089a00000| Untracked 
|  67|0x0000000089b00000, 0x0000000089b00000, 0x0000000089c00000|  0%| F|  |TAMS 0x0000000089b00000, 0x0000000089b00000| Untracked 
|  68|0x0000000089c00000, 0x0000000089c00000, 0x0000000089d00000|  0%| F|  |TAMS 0x0000000089c00000, 0x0000000089c00000| Untracked 
|  69|0x0000000089d00000, 0x0000000089d00000, 0x0000000089e00000|  0%| F|  |TAMS 0x0000000089d00000, 0x0000000089d00000| Untracked 
|  70|0x0000000089e00000, 0x0000000089e00000, 0x0000000089f00000|  0%| F|  |TAMS 0x0000000089e00000, 0x0000000089e00000| Untracked 
|  71|0x0000000089f00000, 0x0000000089f00000, 0x000000008a000000|  0%| F|  |TAMS 0x0000000089f00000, 0x0000000089f00000| Untracked 
|  72|0x000000008a000000, 0x000000008a000000, 0x000000008a100000|  0%| F|  |TAMS 0x000000008a000000, 0x000000008a000000| Untracked 
|  73|0x000000008a100000, 0x000000008a100000, 0x000000008a200000|  0%| F|  |TAMS 0x000000008a100000, 0x000000008a100000| Untracked 
|  74|0x000000008a200000, 0x000000008a200000, 0x000000008a300000|  0%| F|  |TAMS 0x000000008a200000, 0x000000008a200000| Untracked 
|  75|0x000000008a300000, 0x000000008a300000, 0x000000008a400000|  0%| F|  |TAMS 0x000000008a300000, 0x000000008a300000| Untracked 
|  76|0x000000008a400000, 0x000000008a400000, 0x000000008a500000|  0%| F|  |TAMS 0x000000008a400000, 0x000000008a400000| Untracked 
|  77|0x000000008a500000, 0x000000008a500000, 0x000000008a600000|  0%| F|  |TAMS 0x000000008a500000, 0x000000008a500000| Untracked 
|  78|0x000000008a600000, 0x000000008a600000, 0x000000008a700000|  0%| F|  |TAMS 0x000000008a600000, 0x000000008a600000| Untracked 
|  79|0x000000008a700000, 0x000000008a700000, 0x000000008a800000|  0%| F|  |TAMS 0x000000008a700000, 0x000000008a700000| Untracked 
|  80|0x000000008a800000, 0x000000008a800000, 0x000000008a900000|  0%| F|  |TAMS 0x000000008a800000, 0x000000008a800000| Untracked 
|  81|0x000000008a900000, 0x000000008a900000, 0x000000008aa00000|  0%| F|  |TAMS 0x000000008a900000, 0x000000008a900000| Untracked 
|  82|0x000000008aa00000, 0x000000008aa00000, 0x000000008ab00000|  0%| F|  |TAMS 0x000000008aa00000, 0x000000008aa00000| Untracked 
|  83|0x000000008ab00000, 0x000000008ab00000, 0x000000008ac00000|  0%| F|  |TAMS 0x000000008ab00000, 0x000000008ab00000| Untracked 
|  84|0x000000008ac00000, 0x000000008ac80800, 0x000000008ad00000| 50%| E|  |TAMS 0x000000008ac00000, 0x000000008ac00000| Complete 
|  85|0x000000008ad00000, 0x000000008ae00000, 0x000000008ae00000|100%| E|CS|TAMS 0x000000008ad00000, 0x000000008ad00000| Complete 
|  86|0x000000008ae00000, 0x000000008af00000, 0x000000008af00000|100%| E|CS|TAMS 0x000000008ae00000, 0x000000008ae00000| Complete 
|  87|0x000000008af00000, 0x000000008b000000, 0x000000008b000000|100%| E|CS|TAMS 0x000000008af00000, 0x000000008af00000| Complete 
|  88|0x000000008b000000, 0x000000008b100000, 0x000000008b100000|100%| E|CS|TAMS 0x000000008b000000, 0x000000008b000000| Complete 
|  89|0x000000008b100000, 0x000000008b200000, 0x000000008b200000|100%| E|CS|TAMS 0x000000008b100000, 0x000000008b100000| Complete 
|  90|0x000000008b200000, 0x000000008b300000, 0x000000008b300000|100%| E|CS|TAMS 0x000000008b200000, 0x000000008b200000| Complete 
|  91|0x000000008b300000, 0x000000008b400000, 0x000000008b400000|100%| E|  |TAMS 0x000000008b300000, 0x000000008b300000| Complete 
|  92|0x000000008b400000, 0x000000008b500000, 0x000000008b500000|100%| E|CS|TAMS 0x000000008b400000, 0x000000008b400000| Complete 
|  93|0x000000008b500000, 0x000000008b600000, 0x000000008b600000|100%| E|CS|TAMS 0x000000008b500000, 0x000000008b500000| Complete 
|  94|0x000000008b600000, 0x000000008b700000, 0x000000008b700000|100%| E|CS|TAMS 0x000000008b600000, 0x000000008b600000| Complete 
|  95|0x000000008b700000, 0x000000008b800000, 0x000000008b800000|100%| E|CS|TAMS 0x000000008b700000, 0x000000008b700000| Complete 
|  96|0x000000008b800000, 0x000000008b900000, 0x000000008b900000|100%| E|CS|TAMS 0x000000008b800000, 0x000000008b800000| Complete 
|  97|0x000000008b900000, 0x000000008ba00000, 0x000000008ba00000|100%| E|CS|TAMS 0x000000008b900000, 0x000000008b900000| Complete 
|  98|0x000000008ba00000, 0x000000008bb00000, 0x000000008bb00000|100%| E|CS|TAMS 0x000000008ba00000, 0x000000008ba00000| Complete 
|  99|0x000000008bb00000, 0x000000008bc00000, 0x000000008bc00000|100%| E|CS|TAMS 0x000000008bb00000, 0x000000008bb00000| Complete 
| 100|0x000000008bc00000, 0x000000008bd00000, 0x000000008bd00000|100%| E|CS|TAMS 0x000000008bc00000, 0x000000008bc00000| Complete 
| 101|0x000000008bd00000, 0x000000008be00000, 0x000000008be00000|100%| E|CS|TAMS 0x000000008bd00000, 0x000000008bd00000| Complete 
| 102|0x000000008be00000, 0x000000008bf00000, 0x000000008bf00000|100%| E|CS|TAMS 0x000000008be00000, 0x000000008be00000| Complete 
| 103|0x000000008bf00000, 0x000000008c000000, 0x000000008c000000|100%| E|CS|TAMS 0x000000008bf00000, 0x000000008bf00000| Complete 
| 104|0x000000008c000000, 0x000000008c100000, 0x000000008c100000|100%| E|CS|TAMS 0x000000008c000000, 0x000000008c000000| Complete 
| 105|0x000000008c100000, 0x000000008c163e08, 0x000000008c200000| 39%| S|CS|TAMS 0x000000008c100000, 0x000000008c100000| Complete 
| 106|0x000000008c200000, 0x000000008c300000, 0x000000008c300000|100%| S|CS|TAMS 0x000000008c200000, 0x000000008c200000| Complete 
| 107|0x000000008c300000, 0x000000008c400000, 0x000000008c400000|100%| E|CS|TAMS 0x000000008c300000, 0x000000008c300000| Complete 
| 108|0x000000008c400000, 0x000000008c500000, 0x000000008c500000|100%| E|CS|TAMS 0x000000008c400000, 0x000000008c400000| Complete 
| 109|0x000000008c500000, 0x000000008c600000, 0x000000008c600000|100%| E|CS|TAMS 0x000000008c500000, 0x000000008c500000| Complete 
| 110|0x000000008c600000, 0x000000008c700000, 0x000000008c700000|100%| E|CS|TAMS 0x000000008c600000, 0x000000008c600000| Complete 
| 111|0x000000008c700000, 0x000000008c800000, 0x000000008c800000|100%| E|CS|TAMS 0x000000008c700000, 0x000000008c700000| Complete 
| 112|0x000000008c800000, 0x000000008c900000, 0x000000008c900000|100%| E|CS|TAMS 0x000000008c800000, 0x000000008c800000| Complete 
| 113|0x000000008c900000, 0x000000008ca00000, 0x000000008ca00000|100%| E|CS|TAMS 0x000000008c900000, 0x000000008c900000| Complete 
| 114|0x000000008ca00000, 0x000000008cb00000, 0x000000008cb00000|100%| E|CS|TAMS 0x000000008ca00000, 0x000000008ca00000| Complete 
| 115|0x000000008cb00000, 0x000000008cc00000, 0x000000008cc00000|100%| E|CS|TAMS 0x000000008cb00000, 0x000000008cb00000| Complete 
| 116|0x000000008cc00000, 0x000000008cd00000, 0x000000008cd00000|100%| E|CS|TAMS 0x000000008cc00000, 0x000000008cc00000| Complete 
| 117|0x000000008cd00000, 0x000000008ce00000, 0x000000008ce00000|100%| E|CS|TAMS 0x000000008cd00000, 0x000000008cd00000| Complete 
| 118|0x000000008ce00000, 0x000000008cf00000, 0x000000008cf00000|100%| E|CS|TAMS 0x000000008ce00000, 0x000000008ce00000| Complete 
| 119|0x000000008cf00000, 0x000000008d000000, 0x000000008d000000|100%| E|CS|TAMS 0x000000008cf00000, 0x000000008cf00000| Complete 
| 120|0x000000008d000000, 0x000000008d100000, 0x000000008d100000|100%| E|CS|TAMS 0x000000008d000000, 0x000000008d000000| Complete 
| 121|0x000000008d100000, 0x000000008d200000, 0x000000008d200000|100%| E|CS|TAMS 0x000000008d100000, 0x000000008d100000| Complete 
| 122|0x000000008d200000, 0x000000008d300000, 0x000000008d300000|100%| E|CS|TAMS 0x000000008d200000, 0x000000008d200000| Complete 
| 123|0x000000008d300000, 0x000000008d400000, 0x000000008d400000|100%| E|CS|TAMS 0x000000008d300000, 0x000000008d300000| Complete 

Card table byte_map: [0x0000015bb2240000,0x0000015bb2620000] _byte_map_base: 0x0000015bb1e14000

Marking Bits (Prev, Next): (CMBitMap*) 0x0000015b9ae0cd00, (CMBitMap*) 0x0000015b9ae0cd40
 Prev Bits: [0x0000015bb2a00000, 0x0000015bb48a0000)
 Next Bits: [0x0000015bb48a0000, 0x0000015bb6740000)

Polling page: 0x0000015b99470000

Metaspace:

Usage:
  Non-class:      8.79 MB used.
      Class:    715.62 KB used.
       Both:      9.48 MB used.

Virtual space:
  Non-class space:       16.00 MB reserved,       8.81 MB ( 55%) committed,  2 nodes.
      Class space:        1.00 GB reserved,     768.00 KB ( <1%) committed,  1 nodes.
             Both:        1.02 GB reserved,       9.56 MB ( <1%) committed. 

Chunk freelists:
   Non-Class:  1.38 MB
       Class:  3.22 MB
        Both:  4.59 MB

MaxMetaspaceSize: unlimited
CompressedClassSpaceSize: 1.00 GB
Initial GC threshold: 21.00 MB
Current GC threshold: 21.00 MB
CDS: on
MetaspaceReclaimPolicy: balanced
 - commit_granule_bytes: 65536.
 - commit_granule_words: 8192.
 - virtual_space_node_default_size: 1048576.
 - enlarge_chunks_in_place: 1.
 - new_chunks_are_fully_committed: 0.
 - uncommit_free_chunks: 1.
 - use_allocation_guard: 0.
 - handle_deallocations: 1.


Internal statistics:

num_allocs_failed_limit: 0.
num_arena_births: 58.
num_arena_deaths: 0.
num_vsnodes_births: 3.
num_vsnodes_deaths: 0.
num_space_committed: 151.
num_space_uncommitted: 0.
num_chunks_returned_to_freelist: 0.
num_chunks_taken_from_freelist: 338.
num_chunk_merges: 0.
num_chunk_splits: 254.
num_chunks_enlarged: 217.
num_purges: 0.
num_inconsistent_stats: 0.

CodeHeap 'non-profiled nmethods': size=120000Kb used=1197Kb max_used=1197Kb free=118802Kb
 bounds [0x0000015baa400000, 0x0000015baa670000, 0x0000015bb1930000]
CodeHeap 'profiled nmethods': size=120000Kb used=3462Kb max_used=3462Kb free=116537Kb
 bounds [0x0000015ba2ed0000, 0x0000015ba3240000, 0x0000015baa400000]
CodeHeap 'non-nmethods': size=5760Kb used=1610Kb max_used=1638Kb free=4149Kb
 bounds [0x0000015ba2930000, 0x0000015ba2ba0000, 0x0000015ba2ed0000]
 total_blobs=2759 nmethods=1731 adapters=941
 compilation: enabled
              stopped_count=0, restarted_count=0
 full_count=0

Compilation events (20 events):
Event: 11.096 Thread 0x0000015bb8d96470 nmethod 1712 0x0000015baa524990 code [0x0000015baa524b20, 0x0000015baa524cf8]
Event: 11.111 Thread 0x0000015bb8dab070 1713  s    3       com.watabou.noosa.Group::recycle (38 bytes)
Event: 11.111 Thread 0x0000015bb8dab070 nmethod 1713 0x0000015ba3227210 code [0x0000015ba3227420, 0x0000015ba3227b18]
Event: 11.461 Thread 0x0000015bb8d96470 1714  s    4       com.watabou.noosa.RenderedText::draw (34 bytes)
Event: 11.467 Thread 0x0000015bb8d96470 nmethod 1714 0x0000015baa524f90 code [0x0000015baa5251a0, 0x0000015baa525ae8]
Event: 11.593 Thread 0x0000015bb8d96470 1715       4       com.watabou.glwrap.Texture::bind (49 bytes)
Event: 11.594 Thread 0x0000015bb8d96470 nmethod 1715 0x0000015baa525e90 code [0x0000015baa526040, 0x0000015baa5261b8]
Event: 11.627 Thread 0x0000015bb8d96470 1716       4       com.watabou.noosa.Visual::draw (233 bytes)
Event: 11.628 Thread 0x0000015bb8d96470 nmethod 1716 0x0000015baa526310 code [0x0000015baa5264a0, 0x0000015baa5267b8]
Event: 11.693 Thread 0x0000015bb8d96470 1717       4       com.badlogic.gdx.utils.Array::add (48 bytes)
Event: 11.695 Thread 0x0000015bb8d96470 nmethod 1717 0x0000015baa526a10 code [0x0000015baa526bc0, 0x0000015baa526e08]
Event: 12.027 Thread 0x0000015bb8d96470 1718       4       com.watabou.noosa.Image::draw (171 bytes)
Event: 12.053 Thread 0x0000015bb8d96470 nmethod 1718 0x0000015baa526f90 code [0x0000015baa527360, 0x0000015baa529648]
Event: 12.180 Thread 0x0000015bb8d96470 1719       4       com.badlogic.gdx.graphics.g2d.GlyphLayout::setText (1523 bytes)
Event: 12.185 Thread 0x0000015bb8dab070 1720   !   3       java.lang.StringLatin1::replace (291 bytes)
Event: 12.186 Thread 0x0000015bb8dab070 nmethod 1720 0x0000015ba3227c90 code [0x0000015ba3227f80, 0x0000015ba32290b8]
Event: 12.186 Thread 0x0000015bb8dab070 1721       3       com.shatteredpixel.shatteredpixeldungeon.ui.StyledButton::layout (377 bytes)
Event: 12.187 Thread 0x0000015bb8dab070 nmethod 1721 0x0000015ba3229a10 code [0x0000015ba3229ea0, 0x0000015ba322c3d8]
Event: 12.187 Thread 0x0000015bb8dab070 1722       3       com.watabou.noosa.ui.Button::layout (45 bytes)
Event: 12.187 Thread 0x0000015bb8dab070 nmethod 1722 0x0000015ba322ce10 code [0x0000015ba322cfa0, 0x0000015ba322d0d8]

GC Heap History (4 events):
Event: 1.163 GC heap before
{Heap before GC invocations=0 (full 0):
 garbage-first heap   total 126976K, used 13312K [0x0000000085800000, 0x0000000100000000)
  region size 1024K, 13 young (13312K), 0 survivors (0K)
 Metaspace       used 3867K, committed 4032K, reserved 1056768K
  class space    used 320K, committed 384K, reserved 1048576K
}
Event: 1.168 GC heap after
{Heap after GC invocations=1 (full 0):
 garbage-first heap   total 126976K, used 2376K [0x0000000085800000, 0x0000000100000000)
  region size 1024K, 2 young (2048K), 2 survivors (2048K)
 Metaspace       used 3867K, committed 4032K, reserved 1056768K
  class space    used 320K, committed 384K, reserved 1048576K
}
Event: 1.784 GC heap before
{Heap before GC invocations=1 (full 0):
 garbage-first heap   total 126976K, used 16712K [0x0000000085800000, 0x0000000100000000)
  region size 1024K, 17 young (17408K), 2 survivors (2048K)
 Metaspace       used 8416K, committed 8512K, reserved 1064960K
  class space    used 601K, committed 640K, reserved 1048576K
}
Event: 1.788 GC heap after
{Heap after GC invocations=2 (full 0):
 garbage-first heap   total 126976K, used 3742K [0x0000000085800000, 0x0000000100000000)
  region size 1024K, 2 young (2048K), 2 survivors (2048K)
 Metaspace       used 8416K, committed 8512K, reserved 1064960K
  class space    used 601K, committed 640K, reserved 1048576K
}

Deoptimization events (20 events):
Event: 8.902 Thread 0x0000015b9adb5ad0 Uncommon trap: trap_request=0xffffff45 fr.pc=0x0000015baa4ea118 relative=0x00000000000001f8
Event: 8.902 Thread 0x0000015b9adb5ad0 Uncommon trap: reason=unstable_if action=reinterpret pc=0x0000015baa4ea118 method=com.watabou.noosa.Visual.draw()V @ 33 c2
Event: 8.902 Thread 0x0000015b9adb5ad0 DEOPT PACKING pc=0x0000015baa4ea118 sp=0x00000012270fc500
Event: 8.902 Thread 0x0000015b9adb5ad0 DEOPT UNPACKING pc=0x0000015ba2985ba3 sp=0x00000012270fc4a0 mode 2
Event: 8.902 Thread 0x0000015b9adb5ad0 Uncommon trap: trap_request=0xffffff45 fr.pc=0x0000015baa4e9be8 relative=0x00000000000000c8
Event: 8.902 Thread 0x0000015b9adb5ad0 Uncommon trap: reason=unstable_if action=reinterpret pc=0x0000015baa4e9be8 method=com.watabou.glwrap.Texture.bind()V @ 5 c2
Event: 8.902 Thread 0x0000015b9adb5ad0 DEOPT PACKING pc=0x0000015baa4e9be8 sp=0x00000012270fc500
Event: 8.902 Thread 0x0000015b9adb5ad0 DEOPT UNPACKING pc=0x0000015ba2985ba3 sp=0x00000012270fc498 mode 2
Event: 9.014 Thread 0x0000015b9adb5ad0 Uncommon trap: trap_request=0xffffff45 fr.pc=0x0000015baa4fe194 relative=0x00000000000000f4
Event: 9.014 Thread 0x0000015b9adb5ad0 Uncommon trap: reason=unstable_if action=reinterpret pc=0x0000015baa4fe194 method=com.badlogic.gdx.graphics.g2d.BitmapFont$BitmapFontData.getGlyph(C)Lcom/badlogic/gdx/graphics/g2d/BitmapFont$Glyph; @ 12 c2
Event: 9.014 Thread 0x0000015b9adb5ad0 DEOPT PACKING pc=0x0000015baa4fe194 sp=0x00000012270fbdd0
Event: 9.014 Thread 0x0000015b9adb5ad0 DEOPT UNPACKING pc=0x0000015ba2985ba3 sp=0x00000012270fbcb8 mode 2
Event: 9.015 Thread 0x0000015b9adb5ad0 Uncommon trap: trap_request=0xffffff45 fr.pc=0x0000015baa50260c relative=0x0000000000000b2c
Event: 9.015 Thread 0x0000015b9adb5ad0 Uncommon trap: reason=unstable_if action=reinterpret pc=0x0000015baa50260c method=com.badlogic.gdx.graphics.g2d.BitmapFont$BitmapFontData.getGlyph(C)Lcom/badlogic/gdx/graphics/g2d/BitmapFont$Glyph; @ 12 c2
Event: 9.015 Thread 0x0000015b9adb5ad0 DEOPT PACKING pc=0x0000015baa50260c sp=0x00000012270fbcd0
Event: 9.015 Thread 0x0000015b9adb5ad0 DEOPT UNPACKING pc=0x0000015ba2985ba3 sp=0x00000012270fbac0 mode 2
Event: 9.295 Thread 0x0000015b9adb5ad0 Uncommon trap: trap_request=0xffffff45 fr.pc=0x0000015baa4dfe9c relative=0x000000000000017c
Event: 9.296 Thread 0x0000015b9adb5ad0 Uncommon trap: reason=unstable_if action=reinterpret pc=0x0000015baa4dfe9c method=com.badlogic.gdx.utils.Array.add(Ljava/lang/Object;)V @ 11 c2
Event: 9.296 Thread 0x0000015b9adb5ad0 DEOPT PACKING pc=0x0000015baa4dfe9c sp=0x00000012270fd120
Event: 9.296 Thread 0x0000015b9adb5ad0 DEOPT UNPACKING pc=0x0000015ba2985ba3 sp=0x00000012270fd0e0 mode 2

Classes unloaded (0 events):
No events

Classes redefined (0 events):
No events

Internal exceptions (20 events):
Event: 0.445 Thread 0x0000015b9adb5ad0 Exception <a 'java/lang/NoSuchMethodError'{0x000000008cb46a78}: 'void java.lang.invoke.DelegatingMethodHandle$Holder.delegate(java.lang.Object, java.lang.Object, int, java.lang.Object)'> (0x000000008cb46a78) 
thrown [s\open\src\hotspot\share\interpreter\linkResolver.cpp, line 759]
Event: 0.445 Thread 0x0000015b9adb5ad0 Exception <a 'java/lang/NoSuchMethodError'{0x000000008cb4ac88}: 'int java.lang.invoke.DirectMethodHandle$Holder.invokeSpecial(java.lang.Object, java.lang.Object, java.lang.Object)'> (0x000000008cb4ac88) 
thrown [s\open\src\hotspot\share\interpreter\linkResolver.cpp, line 759]
Event: 0.488 Thread 0x0000015b9adb5ad0 Exception <a 'sun/nio/fs/WindowsException'{0x000000008cbf87a0}> (0x000000008cbf87a0) 
thrown [s\open\src\hotspot\share\prims\jni.cpp, line 516]
Event: 0.488 Thread 0x0000015b9adb5ad0 Exception <a 'sun/nio/fs/WindowsException'{0x000000008cbf8cd0}> (0x000000008cbf8cd0) 
thrown [s\open\src\hotspot\share\prims\jni.cpp, line 516]
Event: 0.524 Thread 0x0000015b9adb5ad0 Exception <a 'sun/nio/fs/WindowsException'{0x000000008cae8678}> (0x000000008cae8678) 
thrown [s\open\src\hotspot\share\prims\jni.cpp, line 516]
Event: 0.524 Thread 0x0000015b9adb5ad0 Exception <a 'sun/nio/fs/WindowsException'{0x000000008cae89f8}> (0x000000008cae89f8) 
thrown [s\open\src\hotspot\share\prims\jni.cpp, line 516]
Event: 0.553 Thread 0x0000015b9adb5ad0 Exception <a 'sun/nio/fs/WindowsException'{0x000000008c990588}> (0x000000008c990588) 
thrown [s\open\src\hotspot\share\prims\jni.cpp, line 516]
Event: 0.553 Thread 0x0000015b9adb5ad0 Exception <a 'sun/nio/fs/WindowsException'{0x000000008c9908d8}> (0x000000008c9908d8) 
thrown [s\open\src\hotspot\share\prims\jni.cpp, line 516]
Event: 0.677 Thread 0x0000015b9adb5ad0 Exception <a 'sun/nio/fs/WindowsException'{0x000000008c80af50}> (0x000000008c80af50) 
thrown [s\open\src\hotspot\share\prims\jni.cpp, line 516]
Event: 0.678 Thread 0x0000015b9adb5ad0 Exception <a 'sun/nio/fs/WindowsException'{0x000000008c80b2b0}> (0x000000008c80b2b0) 
thrown [s\open\src\hotspot\share\prims\jni.cpp, line 516]
Event: 1.185 Thread 0x0000015b9adb5ad0 Exception <a 'sun/nio/fs/WindowsException'{0x000000008d324a38}> (0x000000008d324a38) 
thrown [s\open\src\hotspot\share\prims\jni.cpp, line 516]
Event: 1.185 Thread 0x0000015b9adb5ad0 Exception <a 'sun/nio/fs/WindowsException'{0x000000008d324dc0}> (0x000000008d324dc0) 
thrown [s\open\src\hotspot\share\prims\jni.cpp, line 516]
Event: 1.195 Thread 0x0000015b9adb5ad0 Exception <a 'sun/nio/fs/WindowsException'{0x000000008d32dca8}> (0x000000008d32dca8) 
thrown [s\open\src\hotspot\share\prims\jni.cpp, line 516]
Event: 1.195 Thread 0x0000015b9adb5ad0 Exception <a 'sun/nio/fs/WindowsException'{0x000000008d32df68}> (0x000000008d32df68) 
thrown [s\open\src\hotspot\share\prims\jni.cpp, line 516]
Event: 1.580 Thread 0x0000015b9adb5ad0 Exception <a 'java/io/FileNotFoundException'{0x000000008cb64620}> (0x000000008cb64620) 
thrown [s\open\src\hotspot\share\prims\jni.cpp, line 516]
Event: 1.717 Thread 0x0000015b9adb5ad0 Implicit null exception at 0x0000015baa447758 to 0x0000015baa4477ee
Event: 2.301 Thread 0x0000015b9adb5ad0 Exception <a 'java/io/FileNotFoundException'{0x000000008caf54c0}> (0x000000008caf54c0) 
thrown [s\open\src\hotspot\share\prims\jni.cpp, line 516]
Event: 9.009 Thread 0x0000015b9adb5ad0 Exception <a 'java/io/FileNotFoundException'{0x000000008af35bc0}> (0x000000008af35bc0) 
thrown [s\open\src\hotspot\share\prims\jni.cpp, line 516]
Event: 9.014 Thread 0x0000015b9adb5ad0 Implicit null exception at 0x0000015baa4fe0f3 to 0x0000015baa4fe17c
Event: 9.015 Thread 0x0000015b9adb5ad0 Implicit null exception at 0x0000015baa501c15 to 0x0000015baa5025b0

VM Operations (20 events):
Event: 2.917 Executing VM operation: HandshakeAllThreads
Event: 2.917 Executing VM operation: HandshakeAllThreads done
Event: 3.926 Executing VM operation: Cleanup
Event: 3.926 Executing VM operation: Cleanup done
Event: 4.941 Executing VM operation: Cleanup
Event: 4.941 Executing VM operation: Cleanup done
Event: 5.955 Executing VM operation: Cleanup
Event: 5.955 Executing VM operation: Cleanup done
Event: 6.969 Executing VM operation: Cleanup
Event: 6.969 Executing VM operation: Cleanup done
Event: 7.977 Executing VM operation: Cleanup
Event: 7.977 Executing VM operation: Cleanup done
Event: 8.987 Executing VM operation: Cleanup
Event: 8.987 Executing VM operation: Cleanup done
Event: 9.995 Executing VM operation: Cleanup
Event: 9.995 Executing VM operation: Cleanup done
Event: 11.008 Executing VM operation: Cleanup
Event: 11.009 Executing VM operation: Cleanup done
Event: 12.017 Executing VM operation: Cleanup
Event: 12.017 Executing VM operation: Cleanup done

Events (20 events):
Event: 1.912 loading class jdk/internal/reflect/Label$PatchInfo done
Event: 1.913 loading class jdk/internal/reflect/MethodAccessorGenerator$1
Event: 1.913 loading class jdk/internal/reflect/MethodAccessorGenerator$1 done
Event: 1.913 loading class jdk/internal/reflect/ClassDefiner
Event: 1.913 loading class jdk/internal/reflect/ClassDefiner done
Event: 1.913 loading class jdk/internal/reflect/ClassDefiner$1
Event: 1.913 loading class jdk/internal/reflect/ClassDefiner$1 done
Event: 1.913 loading class jdk/internal/reflect/BootstrapConstructorAccessorImpl
Event: 1.913 loading class jdk/internal/reflect/BootstrapConstructorAccessorImpl done
Event: 2.299 Loaded shared library C:\Users\HP\AppData\Local\Temp\libgdxHP\ad089354\gdx-freetype64.dll
Event: 2.300 loading class java/nio/channels/FileChannel$MapMode
Event: 2.301 loading class java/nio/channels/FileChannel$MapMode done
Event: 2.880 loading class java/nio/DirectIntBufferS
Event: 2.883 loading class java/nio/DirectIntBufferS done
Event: 3.245 Thread 0x0000015bbc45e450 Thread exited: 0x0000015bbc45e450
Event: 3.251 loading class java/lang/reflect/InvocationTargetException
Event: 3.251 loading class java/lang/reflect/InvocationTargetException done
Event: 3.448 Thread 0x0000015bbc4b3ea0 Thread exited: 0x0000015bbc4b3ea0
Event: 9.168 loading class jdk/internal/access/foreign/MemorySegmentProxy
Event: 9.170 loading class jdk/internal/access/foreign/MemorySegmentProxy done


Dynamic libraries:
0x00007ff776970000 - 0x00007ff776980000 	C:\Program Files\Java\jdk-17.0.5\bin\java.exe
0x00007ffef4bf0000 - 0x00007ffef4e04000 	C:\WINDOWS\SYSTEM32\ntdll.dll
0x00007ffef47b0000 - 0x00007ffef4873000 	C:\WINDOWS\System32\KERNEL32.DLL
0x00007ffef21d0000 - 0x00007ffef256c000 	C:\WINDOWS\System32\KERNELBASE.dll
0x00007ffef26e0000 - 0x00007ffef27f1000 	C:\WINDOWS\System32\ucrtbase.dll
0x00007ffeadec0000 - 0x00007ffeaded8000 	C:\Program Files\Java\jdk-17.0.5\bin\jli.dll
0x00007ffead280000 - 0x00007ffead29a000 	C:\Program Files\Java\jdk-17.0.5\bin\VCRUNTIME140.dll
0x00007ffef2fa0000 - 0x00007ffef304e000 	C:\WINDOWS\System32\ADVAPI32.dll
0x00007ffef4930000 - 0x00007ffef49d7000 	C:\WINDOWS\System32\msvcrt.dll
0x00007ffef4880000 - 0x00007ffef4924000 	C:\WINDOWS\System32\sechost.dll
0x00007ffef3370000 - 0x00007ffef3485000 	C:\WINDOWS\System32\RPCRT4.dll
0x00007ffef3f40000 - 0x00007ffef40ed000 	C:\WINDOWS\System32\USER32.dll
0x00007ffef21a0000 - 0x00007ffef21c6000 	C:\WINDOWS\System32\win32u.dll
0x00007ffef4b80000 - 0x00007ffef4ba9000 	C:\WINDOWS\System32\GDI32.dll
0x00007ffef1e80000 - 0x00007ffef1f93000 	C:\WINDOWS\System32\gdi32full.dll
0x00007ffef1c10000 - 0x00007ffef1caa000 	C:\WINDOWS\System32\msvcp_win.dll
0x00007ffedbad0000 - 0x00007ffedbd5e000 	C:\WINDOWS\WinSxS\amd64_microsoft.windows.common-controls_6595b64144ccf1df_6.0.22621.608_none_a9444ca7c10bb01d\COMCTL32.dll
0x00007ffef1690000 - 0x00007ffef169a000 	C:\WINDOWS\SYSTEM32\VERSION.dll
0x00007ffef28e0000 - 0x00007ffef2911000 	C:\WINDOWS\System32\IMM32.DLL
0x000000006bc60000 - 0x000000006bc6c000 	D:\360安全卫士\360Safe\safemon\SafeWrapper.dll
0x00007ffed6f30000 - 0x00007ffed6fd1000 	D:\360安全卫士\360Safe\safemon\libzdtp64.dll
0x00007ffef3650000 - 0x00007ffef3e40000 	C:\WINDOWS\System32\SHELL32.dll
0x00007ffef3290000 - 0x00007ffef32ee000 	C:\WINDOWS\System32\SHLWAPI.dll
0x00007ffedc9a0000 - 0x00007ffedc9ac000 	C:\Program Files\Java\jdk-17.0.5\bin\vcruntime140_1.dll
0x00007ffea92d0000 - 0x00007ffea935d000 	C:\Program Files\Java\jdk-17.0.5\bin\msvcp140.dll
0x00007ffe6ba90000 - 0x00007ffe6c652000 	C:\Program Files\Java\jdk-17.0.5\bin\server\jvm.dll
0x00007ffef32f0000 - 0x00007ffef32f8000 	C:\WINDOWS\System32\PSAPI.DLL
0x00007ffee18a0000 - 0x00007ffee18d4000 	C:\WINDOWS\SYSTEM32\WINMM.dll
0x00007ffee8f70000 - 0x00007ffee8f79000 	C:\WINDOWS\SYSTEM32\WSOCK32.dll
0x00007ffef40f0000 - 0x00007ffef4161000 	C:\WINDOWS\System32\WS2_32.dll
0x00007ffef0cd0000 - 0x00007ffef0ce8000 	C:\WINDOWS\SYSTEM32\kernel.appcore.dll
0x00007ffedbe10000 - 0x00007ffedbe1a000 	C:\Program Files\Java\jdk-17.0.5\bin\jimage.dll
0x00007ffeef520000 - 0x00007ffeef74e000 	C:\WINDOWS\SYSTEM32\DBGHELP.DLL
0x00007ffef4170000 - 0x00007ffef44f9000 	C:\WINDOWS\System32\combase.dll
0x00007ffef3570000 - 0x00007ffef3647000 	C:\WINDOWS\System32\OLEAUT32.dll
0x00007ffec5150000 - 0x00007ffec5182000 	C:\WINDOWS\SYSTEM32\dbgcore.DLL
0x00007ffef1d00000 - 0x00007ffef1d7b000 	C:\WINDOWS\System32\bcryptPrimitives.dll
0x00007ffead250000 - 0x00007ffead275000 	C:\Program Files\Java\jdk-17.0.5\bin\java.dll
0x00007ffea5ed0000 - 0x00007ffea5fa6000 	C:\Program Files\Java\jdk-17.0.5\bin\jsvml.dll
0x00007ffeefbf0000 - 0x00007ffef04be000 	C:\WINDOWS\SYSTEM32\windows.storage.dll
0x00007ffeefab0000 - 0x00007ffeefbee000 	C:\WINDOWS\SYSTEM32\wintypes.dll
0x00007ffef46b0000 - 0x00007ffef47a1000 	C:\WINDOWS\System32\SHCORE.dll
0x00007ffef1b30000 - 0x00007ffef1b51000 	C:\WINDOWS\SYSTEM32\profapi.dll
0x00007ffeaceb0000 - 0x00007ffeacec9000 	C:\Program Files\Java\jdk-17.0.5\bin\net.dll
0x00007ffee8030000 - 0x00007ffee815f000 	C:\WINDOWS\SYSTEM32\WINHTTP.dll
0x00007ffef1140000 - 0x00007ffef11a9000 	C:\WINDOWS\system32\mswsock.dll
0x00007ffeacdf0000 - 0x00007ffeace06000 	C:\Program Files\Java\jdk-17.0.5\bin\nio.dll
0x00007ffea94b0000 - 0x00007ffea94c8000 	C:\Program Files\Java\jdk-17.0.5\bin\zip.dll
0x000000006e700000 - 0x000000006e72a000 	C:\Users\HP\AppData\Local\Temp\libgdxHP\e1cd32f8\gdx64.dll
0x00007ffeb0030000 - 0x00007ffeb0094000 	C:\Users\HP\AppData\Local\Temp\lwjglHP\3.2.3-build-13\lwjgl.dll
0x00007ffe9e520000 - 0x00007ffe9e773000 	C:\Users\HP\AppData\Local\Temp\lwjglHP\3.2.3-build-13\jemalloc.dll
0x00007ffeaf120000 - 0x00007ffeaf182000 	C:\Users\HP\AppData\Local\Temp\lwjglHP\3.2.3-build-13\glfw.dll
0x00007ffeec5d0000 - 0x00007ffeec67b000 	C:\WINDOWS\system32\uxtheme.dll
0x00007ffebb570000 - 0x00007ffebb5b6000 	C:\WINDOWS\SYSTEM32\dinput8.dll
0x00007ffebe720000 - 0x00007ffebe731000 	C:\WINDOWS\SYSTEM32\xinput1_4.dll
0x00007ffef18a0000 - 0x00007ffef18ee000 	C:\WINDOWS\SYSTEM32\cfgmgr32.dll
0x00007ffef1870000 - 0x00007ffef189c000 	C:\WINDOWS\SYSTEM32\DEVOBJ.dll
0x00007ffeec700000 - 0x00007ffeec72b000 	C:\WINDOWS\SYSTEM32\dwmapi.dll
0x00007ffeddd20000 - 0x00007ffeddf21000 	C:\WINDOWS\SYSTEM32\inputhost.dll
0x00007ffeec210000 - 0x00007ffeec343000 	C:\WINDOWS\SYSTEM32\CoreMessaging.dll
0x0000000180000000 - 0x00000001834b3000 	C:\Program Files (x86)\RivaTuner Statistics Server\RTSSHooks64.dll
0x00007ffef2b20000 - 0x00007ffef2f94000 	C:\WINDOWS\System32\SETUPAPI.dll
0x00007ffef13c0000 - 0x00007ffef13cc000 	C:\WINDOWS\SYSTEM32\CRYPTBASE.DLL
0x00007ffef4500000 - 0x00007ffef461e000 	C:\WINDOWS\System32\MSCTF.dll
0x00007ffef04c0000 - 0x00007ffef04ce000 	C:\WINDOWS\SYSTEM32\HID.DLL
0x00007ffef2060000 - 0x00007ffef20cb000 	C:\WINDOWS\System32\WINTRUST.dll
0x00007ffef2570000 - 0x00007ffef26d6000 	C:\WINDOWS\System32\CRYPT32.dll
0x00007ffef1400000 - 0x00007ffef1412000 	C:\WINDOWS\SYSTEM32\MSASN1.dll
0x00007ffead140000 - 0x00007ffead24b000 	C:\Users\HP\AppData\Local\Temp\lwjglHP\3.2.3-build-13\OpenAL.dll
0x00007ffef49e0000 - 0x00007ffef4b7c000 	C:\WINDOWS\System32\ole32.dll
0x00007ffef3150000 - 0x00007ffef3200000 	C:\WINDOWS\System32\clbcatq.dll
0x00007ffee2b20000 - 0x00007ffee2bbd000 	C:\WINDOWS\System32\MMDevApi.dll
0x00007ffed9630000 - 0x00007ffed9815000 	C:\WINDOWS\SYSTEM32\AUDIOSES.DLL
0x00007ffeeca40000 - 0x00007ffeeca55000 	C:\WINDOWS\SYSTEM32\resourcepolicyclient.dll
0x00007ffef1cb0000 - 0x00007ffef1cfd000 	C:\WINDOWS\System32\powrprof.dll
0x00007ffef0ad0000 - 0x00007ffef0ae3000 	C:\WINDOWS\SYSTEM32\UMPDC.dll
0x00007ffed1390000 - 0x00007ffed1490000 	C:\WINDOWS\SYSTEM32\opengl32.dll
0x00007ffed1360000 - 0x00007ffed138d000 	C:\WINDOWS\SYSTEM32\GLU32.dll
0x00007ffeec6b0000 - 0x00007ffeec6e6000 	C:\WINDOWS\SYSTEM32\dxcore.dll
0x00007ffeea090000 - 0x00007ffeea0d9000 	C:\WINDOWS\SYSTEM32\directxdatabasehelper.dll
0x00007ffee16e0000 - 0x00007ffee1814000 	C:\Windows\System32\AppXDeploymentClient.dll
0x00007ffeda300000 - 0x00007ffeda3f6000 	C:\Windows\System32\Windows.ApplicationModel.dll
0x00007ffeea660000 - 0x00007ffeea760000 	C:\WINDOWS\system32\propsys.dll
0x00007ffedb960000 - 0x00007ffedb986000 	C:\WINDOWS\system32\mssprxy.dll
0x0000015bbd670000 - 0x0000015bbe676000 	C:\WINDOWS\System32\DriverStore\FileRepository\iigd_dch.inf_amd64_9dbfad2c6843c394\igxelpicd64.dll
0x00007ffef1d80000 - 0x00007ffef1e77000 	C:\WINDOWS\System32\dxgi.dll
0x00007ffe902f0000 - 0x00007ffe90a43000 	C:\WINDOWS\System32\DriverStore\FileRepository\iigd_dch.inf_amd64_9dbfad2c6843c394\igdml64.dll
0x00007ffee4fe0000 - 0x00007ffee53a1000 	C:\WINDOWS\System32\DriverStore\FileRepository\iigd_dch.inf_amd64_9dbfad2c6843c394\igdgmm64.dll
0x00007ffede480000 - 0x00007ffee16e0000 	C:\WINDOWS\System32\DriverStore\FileRepository\iigd_dch.inf_amd64_9dbfad2c6843c394\igc64.dll
0x00007ffedb240000 - 0x00007ffedb36e000 	C:\WINDOWS\SYSTEM32\textinputframework.dll
0x00007ffee7d90000 - 0x00007ffee7e4c000 	C:\WINDOWS\SYSTEM32\mscms.dll
0x00007ffebb3b0000 - 0x00007ffebb3f9000 	C:\WINDOWS\SYSTEM32\icm32.dll
0x00007ffeaffd0000 - 0x00007ffeb0029000 	C:\Users\HP\AppData\Local\Temp\lwjglHP\3.2.3-build-13\lwjgl_opengl.dll
0x000000006a340000 - 0x000000006a3eb000 	C:\Users\HP\AppData\Local\Temp\libgdxHP\ad089354\gdx-freetype64.dll
0x00007ffee9a50000 - 0x00007ffee9dbc000 	C:\WINDOWS\SYSTEM32\CoreUIComponents.dll
0x00007ffedbd60000 - 0x00007ffedbe10000 	C:\WINDOWS\SYSTEM32\TextShaping.dll

dbghelp: loaded successfully - version: 4.0.5 - missing functions: none
symbol engine: initialized successfully - sym options: 0x614 - pdb path: .;C:\Program Files\Java\jdk-17.0.5\bin;C:\WINDOWS\SYSTEM32;C:\WINDOWS\WinSxS\amd64_microsoft.windows.common-controls_6595b64144ccf1df_6.0.22621.608_none_a9444ca7c10bb01d;D:\360安全卫士\360Safe\safemon;C:\Program Files\Java\jdk-17.0.5\bin\se;C:\Program Files\Java\jdk-17.0.5\bin\se;C:\Program Files\Java\jdk-17.0.5\bin\se;C:\Program Files\Java\jdk-17.0.5\bin\se;C:\Program Files\Java\jdk-17.0.5\bin\se;C:\Program Files\Java\jdk-17.0.5\bin\se;C:\Program Files\Java\jdk-17.0.5\bin\server;C:\Users\HP\AppData\Local\Temp\libgdxHP\e1cd;C:\Users\HP\AppData\Local\Temp\libgdxHP\e1cd32f8;C:\Users\HP\AppData\Local\Temp\lwjglHP\3.2.3-buil;C:\Users\HP\AppData\Local\Temp\lwjglHP\3.2.3-build-13;C:\Program Files (x86)\RivaTuner Statistics Server;C:\WINDOWS\System32\DriverStore\FileRepository\iigd_dch.inf_amd64_9dbfad2c6843;C:\WINDOWS\System32\DriverStore\FileRepository\iigd_dch.inf_amd64_9dbfad2c6843c394;C:\Users\HP\AppData\Local\Temp\libgdxHP\ad08;C:\Users\HP\AppData\Local\Temp\libgdxHP\ad08;C:\Users\HP\AppData\Local\Temp\libgdxHP\ad08

VM Arguments:
jvm_args: -DImplementation-Version=588 -DSpecification-Title=Star Pixel Dungeon -DSpecification-Version=0.1.1-INDEV -Dfile.encoding=GBK -Duser.country=CN -Duser.language=zh -Duser.variant 
java_command: com.shatteredpixel.shatteredpixeldungeon.desktop.DesktopLauncher
java_class_path (initial): D:\Star-Pixel-Dungeon\desktop\build\classes\java\debug;D:\Star-Pixel-Dungeon\desktop\build\resources\debug;D:\Star-Pixel-Dungeon\services\updates\debugUpdates\build\libs\debugUpdates-0.1.1.jar;D:\Star-Pixel-Dungeon\services\news\debugNews\build\libs\debugNews-0.1.1.jar;D:\Star-Pixel-Dungeon\services\build\libs\services-0.1.1.jar;D:\Star-Pixel-Dungeon\SPD-classes\build\libs\SPD-classes-0.1.1.jar;C:\Users\HP\.gradle\caches\modules-2\files-2.1\com.badlogicgames.gdx\gdx-freetype\1.10.0\de1d0d5c1e92e8d91364256fd6b7bb279d3e9859\gdx-freetype-1.10.0.jar;C:\Users\HP\.gradle\caches\modules-2\files-2.1\com.badlogicgames.gdx\gdx\1.10.0\74c240f79dc4fb6b766a834249600d0a019d0489\gdx-1.10.0.jar;C:\Users\HP\.gradle\caches\modules-2\files-2.1\com.github.RohitSurwase.UCE-Handler\uce_handler\1.4\20e40d6c7dd0daec32cbd6e1cbc2350a7f61f062\uce_handler-1.4.aar;C:\Users\HP\.gradle\caches\modules-2\files-2.1\com.android.support\appcompat-v7\28.0.0\132586ec59604a86703796851a063a0ac61f697b\appcompat-v7-28.0.0.aar;C:\Users\HP\.gradle\caches\modules-2\files-2.1\com.android.support\support-fragment\28.0.0\f21c8a8700b30dc57cb6277ae3c4c168a94a4e81\support-fragment-28.0.0.aar;C:\Users\HP\.gradle\caches\modules-2\files-2.1\com.android.support\animated-vector-drawable\28.0.0\e2d41c2a032145313f42ab38a2d9757c5d1ebc19\animated-vector-drawable-28.0.0.aar;C:\Users\HP\.gradle\caches\modules-2\files-2.1\com.android.support\support-core-ui\28.0.0\96035b1030d7c3a81903966c2fa52117d36aa5b7\support-core-ui-28.0.0.aar;C:\Users\HP\.gradle\caches\modules-2\files-2.1\com.android.support\support-core-utils\28.0.0\29b1bb783f1a86eba7f1618bad58842bde72892a\support-core-utils-28.0.0.aar;C:\Users\HP\.gradle\caches\modules-2\files-2.1\com.android.support\support-vector-drawable\28.0.0\80387886ef55af284d8253e52d321f93b3f923dd\support-vector-drawable-28.0.0.aar;C:\Users\HP\.gradle\caches\modules-2\files-2.1\com.android.support\loader\28.0.0\49a297a4635e01ed55f31b5d4a718ba3416fde3d\loader-28.0.0.aar
Launcher Type: SUN_STANDARD

[Global flags]
     intx CICompilerCount                          = 3                                         {product} {ergonomic}
     uint ConcGCThreads                            = 1                                         {product} {ergonomic}
     uint G1ConcRefinementThreads                  = 4                                         {product} {ergonomic}
   size_t G1HeapRegionSize                         = 1048576                                   {product} {ergonomic}
    uintx GCDrainStackTargetSize                   = 64                                        {product} {ergonomic}
   size_t InitialHeapSize                          = 130023424                                 {product} {ergonomic}
   size_t MarkStackSize                            = 4194304                                   {product} {ergonomic}
   size_t MaxHeapSize                              = 2055208960                                {product} {ergonomic}
   size_t MaxNewSize                               = 1233125376                                {product} {ergonomic}
   size_t MinHeapDeltaBytes                        = 1048576                                   {product} {ergonomic}
   size_t MinHeapSize                              = 8388608                                   {product} {ergonomic}
    uintx NonNMethodCodeHeapSize                   = 5832780                                {pd product} {ergonomic}
    uintx NonProfiledCodeHeapSize                  = 122912730                              {pd product} {ergonomic}
    uintx ProfiledCodeHeapSize                     = 122912730                              {pd product} {ergonomic}
    uintx ReservedCodeCacheSize                    = 251658240                              {pd product} {ergonomic}
     bool SegmentedCodeCache                       = true                                      {product} {ergonomic}
   size_t SoftMaxHeapSize                          = 2055208960                             {manageable} {ergonomic}
     bool UseCompressedClassPointers               = true                           {product lp64_product} {ergonomic}
     bool UseCompressedOops                        = true                           {product lp64_product} {ergonomic}
     bool UseG1GC                                  = true                                      {product} {ergonomic}
     bool UseLargePagesIndividualAllocation        = false                                  {pd product} {ergonomic}

Logging:
Log output configuration:
 #0: stdout all=warning uptime,level,tags
 #1: stderr all=off uptime,level,tags

Environment Variables:
JAVA_HOME=C:\Program Files\Java\jdk-17.0.5
CLASSPATH=D:\Star-Pixel-Dungeon\\gradle\wrapper\gradle-wrapper.jar
PATH=D:\VMware Workstation\bin\;C:\Program Files\Common Files\Oracle\Java\javapath;C:\Program Files\Java\jdk-17.0.5\bin;C:\Program Files\Java\jdk-17.0.5\jre\bin;C:\Program Files (x86)\Common Files\Oracle\Java\javapath;C:\ProgramData\Oracle\Java\javapath;C:\windows\system32;C:\windows;C:\windows\System32\Wbem;C:\windows\System32\WindowsPowerShell\v1.0\;C:\windows\System32\OpenSSH\;C:\Program Files (x86)\NVIDIA Corporation\PhysX\Common;C:\Program Files\dotnet\;D:\Steam;D:\PCL2;D:\Geph4;D:\Steam+;D:\Genshin Impact\Genshin Impact Game;D:\TIM\Bin;C:\Git\cmd;C:\Git;D:\WeChat;D:\迷雾通;C:\Program Files\Intel\Intel(R) Memory and Storage Tool\;C:\WINDOWS\system32;C:\WINDOWS;C:\WINDOWS\System32\Wbem;C:\WINDOWS\System32\WindowsPowerShell\v1.0\;C:\WINDOWS\System32\OpenSSH\;C:\Program Files (x86)\dotnet\;C:\Users\HP\AppData\Local\Microsoft\WindowsApps;C:\Users\HP\AppData\Local\GitHubDesktop\bin;
USERNAME=HP
OS=Windows_NT
PROCESSOR_IDENTIFIER=Intel64 Family 6 Model 140 Stepping 1, GenuineIntel



---------------  S Y S T E M  ---------------

OS:
 Windows 11 , 64 bit Build 22621 (10.0.22621.1344)
OS uptime: 0 days 14:35 hours

CPU: total 4 (initial active 4) (2 cores per cpu, 2 threads per core) family 6 model 140 stepping 1 microcode 0x9a, cx8, cmov, fxsr, ht, mmx, 3dnowpref, sse, sse2, sse3, ssse3, sse4.1, sse4.2, popcnt, lzcnt, tsc, tscinvbit, avx, avx2, aes, erms, clmul, bmi1, bmi2, adx, avx512f, avx512dq, avx512cd, avx512bw, avx512vl, sha, fma, vzeroupper, avx512_vpopcntdq, avx512_vpclmulqdq, avx512_vaes, avx512_vnni, clflush, clflushopt, clwb, avx512_vbmi2, avx512_vbmi

Memory: 4k page, system-wide physical 7834M (444M free)
TotalPageFile size 16026M (AvailPageFile size 3M)
current process WorkingSet (physical memory assigned to process): 425M, peak: 425M
current process commit charge ("private bytes"): 426M, peak: 432M

vm_info: Java HotSpot(TM) 64-Bit Server VM (17.0.5+9-LTS-191) for windows-amd64 JRE (17.0.5+9-LTS-191), built on Sep 13 2022 17:31:43 by "mach5one" with MS VC++ 16.8 / 16.9 (VS2019)

END.
