#
# A fatal error has been detected by the Java Runtime Environment:
#
#  EXCEPTION_ACCESS_VIOLATION (0xc0000005) at pc=0x00007ff90e4114ce, pid=2724, tid=9728
#
# JRE version: Java(TM) SE Runtime Environment (17.0.5+9) (build 17.0.5+9-LTS-191)
# Java VM: Java HotSpot(TM) 64-Bit Server VM (17.0.5+9-LTS-191, mixed mode, sharing, tiered, compressed oops, compressed class ptrs, g1 gc, windows-amd64)
# Problematic frame:
# C  [igxelpicd64.dll+0x2914ce]
#
# No core dump will be written. Minidumps are not enabled by default on client versions of Windows
#
# If you would like to submit a bug report, please visit:
#   https://bugreport.java.com/bugreport/crash.jsp
# The crash happened outside the Java Virtual Machine in native code.
# See problematic frame for where to report the bug.
#

---------------  S U M M A R Y ------------

Command Line: -DImplementation-Version=588 -DSpecification-Title=Star Pixel Dungeon -DSpecification-Version=0.1.1-INDEV -Dfile.encoding=GBK -Duser.country=CN -Duser.language=zh -Duser.variant com.shatteredpixel.shatteredpixeldungeon.desktop.DesktopLauncher

Host: 11th Gen Intel(R) Core(TM) i3-1115G4 @ 3.00GHz, 4 cores, 7G,  Windows 11 , 64 bit Build 22621 (10.0.22621.1635)
Time: Sun Jun  4 10:41:42 2023  Windows 11 , 64 bit Build 22621 (10.0.22621.1635) elapsed time: 189.915925 seconds (0d 0h 3m 9s)

---------------  T H R E A D  ---------------

Current thread (0x0000021b3e0dcff0):  JavaThread "SHPD Render Thread" [_thread_in_native, id=9728, stack(0x000000965b900000,0x000000965ba00000)]

Stack: [0x000000965b900000,0x000000965ba00000],  sp=0x000000965b9b70e0,  free space=732k
Native frames: (J=compiled Java code, j=interpreted, Vv=VM code, C=native code)
C  [igxelpicd64.dll+0x2914ce]

Java frames: (J=compiled Java code, j=interpreted, Vv=VM code)
J 1267  org.lwjgl.opengl.GL11C.nglDrawElements(IIIJ)V (0 bytes) @ 0x0000021b4f1f50f6 [0x0000021b4f1f50a0+0x0000000000000056]
J 1949 c2 com.watabou.noosa.Image.draw()V (171 bytes) @ 0x0000021b4f2a7348 [0x0000021b4f2a6d00+0x0000000000000648]
J 1565 c2 com.watabou.noosa.particles.Emitter.draw()V (25 bytes) @ 0x0000021b4f255288 [0x0000021b4f255120+0x0000000000000168]
J 2016 c2 com.watabou.noosa.Group.draw()V (51 bytes) @ 0x0000021b4f2bf8fc [0x0000021b4f2bf7a0+0x000000000000015c]
J 2016 c2 com.watabou.noosa.Group.draw()V (51 bytes) @ 0x0000021b4f2bf8fc [0x0000021b4f2bf7a0+0x000000000000015c]
J 1517 c1 com.watabou.noosa.Game.render()V (97 bytes) @ 0x0000021b47ee56e4 [0x0000021b47ee4d60+0x0000000000000984]
J 1692 c1 com.badlogic.gdx.backends.lwjgl3.Lwjgl3Window.update()Z (217 bytes) @ 0x0000021b47f309d4 [0x0000021b47f2fe60+0x0000000000000b74]
j  com.badlogic.gdx.backends.lwjgl3.Lwjgl3Application.loop()V+111
j  com.badlogic.gdx.backends.lwjgl3.Lwjgl3Application.<init>(Lcom/badlogic/gdx/ApplicationListener;Lcom/badlogic/gdx/backends/lwjgl3/Lwjgl3ApplicationConfiguration;)V+243
j  com.shatteredpixel.shatteredpixeldungeon.desktop.DesktopLauncher.main([Ljava/lang/String;)V+495
v  ~StubRoutines::call_stub

siginfo: EXCEPTION_ACCESS_VIOLATION (0xc0000005), reading address 0x0000000000000008


Register to memory mapping:

RIP=0x00007ff90e4114ce igxelpicd64.dll
RAX=0x00007ff90f195bd0 igxelpicd64.dll
RBX=0x0000021b5f6df368 points into unknown readable memory: 0x6235333036395c00 | 00 5c 39 36 30 33 35 62
RCX=0x0000021b5f6df368 points into unknown readable memory: 0x6235333036395c00 | 00 5c 39 36 30 33 35 62
RDX=0x0000021b5f6df100 points into unknown readable memory: 0x3332636263316500 | 00 65 31 63 62 63 32 33
RSP=0x000000965b9b70e0 is pointing into the stack for thread: 0x0000021b3e0dcff0
RBP=0x0000021b5f6df100 points into unknown readable memory: 0x3332636263316500 | 00 65 31 63 62 63 32 33
RSI=0x0000000000000001 is an unknown value
RDI=0x0 is NULL
R8 =0x0 is NULL
R9 =0x0000021b64fc0101 points into unknown readable memory: 00 00 00 00 00 00 00
R10=0x0 is NULL
R11=0x0000000000000014 is an unknown value
R12=0x0000021b5f398c94 points into unknown readable memory: 00 00 00 00
R13=0x0 is NULL
R14=0x0000000000000001 is an unknown value
R15=0x0000021b5f6df100 points into unknown readable memory: 0x3332636263316500 | 00 65 31 63 62 63 32 33


Registers:
RAX=0x00007ff90f195bd0, RBX=0x0000021b5f6df368, RCX=0x0000021b5f6df368, RDX=0x0000021b5f6df100
RSP=0x000000965b9b70e0, RBP=0x0000021b5f6df100, RSI=0x0000000000000001, RDI=0x0000000000000000
R8 =0x0000000000000000, R9 =0x0000021b64fc0101, R10=0x0000000000000000, R11=0x0000000000000014
R12=0x0000021b5f398c94, R13=0x0000000000000000, R14=0x0000000000000001, R15=0x0000021b5f6df100
RIP=0x00007ff90e4114ce, EFLAGS=0x0000000000010202

Top of Stack: (sp=0x000000965b9b70e0)
0x000000965b9b70e0:   0000000000000002 00007ff90e40e44f
0x000000965b9b70f0:   0000021b5f358000 0000021b5f341180
0x000000965b9b7100:   0000021b278a7010 0000021b5f6df100
0x000000965b9b7110:   0000021b00000000 0000021b5ee9ad00
0x000000965b9b7120:   0000021b5f358000 0000021b5f398c94
0x000000965b9b7130:   0000000000000000 0000000000000000
0x000000965b9b7140:   0000021b5f398c94 0000021b5f358000
0x000000965b9b7150:   0000000000000001 0000021b5f6df100
0x000000965b9b7160:   0000021b5f358000 00007ff90ebaab44
0x000000965b9b7170:   0000021b5f6df368 00007ff90e3c2001
0x000000965b9b7180:   0000000000000000 0000021b5f38cf01
0x000000965b9b7190:   0000021b00000000 0000021b00000000
0x000000965b9b71a0:   0000021b5f000100 0000000000000000
0x000000965b9b71b0:   0000000000000000 0977000000000000
0x000000965b9b71c0:   0000021b5f38dbe0 0000021b5f358000
0x000000965b9b71d0:   0000021b5f38ceb0 0000000000000000 

Instructions: (pc=0x00007ff90e4114ce)
0x00007ff90e4113ce:   8b 9f 90 4e 03 00 48 85 db 74 33 4c 8d b3 70 02
0x00007ff90e4113de:   00 00 f6 46 08 01 74 19 48 8d 8b 68 02 00 00 4c
0x00007ff90e4113ee:   8b 8b b0 01 00 00 4d 8b 06 48 8b d7 e8 21 fa ff
0x00007ff90e4113fe:   ff 48 8b 83 48 02 00 00 48 8b 08 49 89 0e 48 8b
0x00007ff90e41140e:   7f 08 48 85 ff 75 b8 48 8b 5c 24 30 48 8b cb ff
0x00007ff90e41141e:   15 05 fe 8e 00 f6 46 08 04 74 09 48 8b 4e 10 e8
0x00007ff90e41142e:   ce f4 ff ff 48 8b 5c 24 38 48 8b 74 24 40 48 8b
0x00007ff90e41143e:   7c 24 48 48 83 c4 20 41 5e c3 48 8d 8a 30 00 00
0x00007ff90e41144e:   00 e9 60 00 d9 ff cc cc cc cc cc cc cc cc cc cc
0x00007ff90e41145e:   cc cc 33 c0 c6 01 00 48 89 41 08 48 89 41 10 48
0x00007ff90e41146e:   89 41 18 89 41 20 48 8b c1 c3 cc cc cc cc cc cc
0x00007ff90e41147e:   cc cc c2 00 00 cc cc cc cc cc cc cc cc cc cc cc
0x00007ff90e41148e:   cc cc 44 88 4c 24 20 4c 89 44 24 18 48 89 4c 24
0x00007ff90e41149e:   08 53 55 56 57 41 54 41 55 41 56 41 57 48 83 ec
0x00007ff90e4114ae:   48 45 0f b6 f1 4d 8b e8 4c 8b fa 48 8b d9 c6 84
0x00007ff90e4114be:   24 98 00 00 00 01 8b ba 30 02 00 00 89 7c 24 30
0x00007ff90e4114ce:   49 8b 48 08 f6 41 20 08 0f 85 a5 3e 79 00 48 8b
0x00007ff90e4114de:   82 a0 01 00 00 48 8b 50 08 48 8b 42 08 83 b8 20
0x00007ff90e4114ee:   16 00 00 01 0f 84 07 42 79 00 49 8d b5 10 01 00
0x00007ff90e4114fe:   00 45 33 e4 8d 6f f0 83 ff 10 0f 83 f8 00 00 00
0x00007ff90e41150e:   48 8d 0c ff 48 8d 04 ce 48 85 c0 0f 84 cf 01 00
0x00007ff90e41151e:   00 48 8b 50 08 83 ff 10 0f 83 24 01 00 00 48 8d
0x00007ff90e41152e:   0c ff 48 8d 04 ce 48 85 c0 0f 84 b9 01 00 00 48
0x00007ff90e41153e:   8b 08 48 3b d1 0f 87 7d 03 00 00 83 ff 10 0f 83
0x00007ff90e41154e:   68 01 00 00 48 8d 0c ff 48 8d 04 ce 48 85 c0 74
0x00007ff90e41155e:   05 4c 8b 00 eb 03 4d 8b c4 49 8b 97 b0 01 00 00
0x00007ff90e41156e:   48 8b 05 eb bd c7 00 8b 88 f0 02 00 00 48 2b d1
0x00007ff90e41157e:   4c 3b c2 0f 86 62 03 00 00 83 ff 10 0f 83 f6 00
0x00007ff90e41158e:   00 00 48 8d 0c ff 48 8d 04 ce 48 85 c0 0f 84 9d
0x00007ff90e41159e:   01 00 00 44 38 60 30 0f 84 93 01 00 00 45 84 f6
0x00007ff90e4115ae:   74 3d 8b 84 24 b0 00 00 00 85 c0 0f 85 bd 01 00
0x00007ff90e4115be:   00 49 8b 9f a8 01 00 00 83 ff 10 0f 83 2f 01 00 


Stack slot to memory mapping:
stack at sp + 0 slots: 0x0000000000000002 is an unknown value
stack at sp + 1 slots: 0x00007ff90e40e44f igxelpicd64.dll
stack at sp + 2 slots: 0x0000021b5f358000 points into unknown readable memory: 0x0000021b5f52a040 | 40 a0 52 5f 1b 02 00 00
stack at sp + 3 slots: 0x0000021b5f341180 points into unknown readable memory: 0x0000021b5f341180 | 80 11 34 5f 1b 02 00 00
stack at sp + 4 slots: 0x0000021b278a7010 points into unknown readable memory: 0x0000021b5f04fb10 | 10 fb 04 5f 1b 02 00 00
stack at sp + 5 slots: 0x0000021b5f6df100 points into unknown readable memory: 0x3332636263316500 | 00 65 31 63 62 63 32 33
stack at sp + 6 slots: 0x0000021b00000000 points into unknown readable memory: 0x0000000000000000 | 00 00 00 00 00 00 00 00
stack at sp + 7 slots: 0x0000021b5ee9ad00 points into unknown readable memory: 0x00000000020007d0 | d0 07 00 02 00 00 00 00


---------------  P R O C E S S  ---------------

Threads class SMR info:
_java_thread_list=0x0000021b6c48bd20, length=13, elements={
0x0000021b3e0dcff0, 0x0000021b5db5bfe0, 0x0000021b5db5c990, 0x0000021b5db80210,
0x0000021b5db6d890, 0x0000021b5db6de50, 0x0000021b5db6e800, 0x0000021b5db71ab0,
0x0000021b5db79ca0, 0x0000021b5db7a690, 0x0000021b5e4fb960, 0x0000021b5e4fd7d0,
0x0000021b6c3a4020
}

Java Threads: ( => current thread )
=>0x0000021b3e0dcff0 JavaThread "SHPD Render Thread" [_thread_in_native, id=9728, stack(0x000000965b900000,0x000000965ba00000)]
  0x0000021b5db5bfe0 JavaThread "Reference Handler" daemon [_thread_blocked, id=5988, stack(0x000000965c000000,0x000000965c100000)]
  0x0000021b5db5c990 JavaThread "Finalizer" daemon [_thread_blocked, id=9520, stack(0x000000965c100000,0x000000965c200000)]
  0x0000021b5db80210 JavaThread "Signal Dispatcher" daemon [_thread_blocked, id=6288, stack(0x000000965c200000,0x000000965c300000)]
  0x0000021b5db6d890 JavaThread "Attach Listener" daemon [_thread_blocked, id=9240, stack(0x000000965c300000,0x000000965c400000)]
  0x0000021b5db6de50 JavaThread "Service Thread" daemon [_thread_blocked, id=11596, stack(0x000000965c400000,0x000000965c500000)]
  0x0000021b5db6e800 JavaThread "Monitor Deflation Thread" daemon [_thread_blocked, id=13180, stack(0x000000965c500000,0x000000965c600000)]
  0x0000021b5db71ab0 JavaThread "C2 CompilerThread0" daemon [_thread_blocked, id=1152, stack(0x000000965c600000,0x000000965c700000)]
  0x0000021b5db79ca0 JavaThread "C1 CompilerThread0" daemon [_thread_blocked, id=5936, stack(0x000000965c700000,0x000000965c800000)]
  0x0000021b5db7a690 JavaThread "Sweeper thread" daemon [_thread_blocked, id=6180, stack(0x000000965c800000,0x000000965c900000)]
  0x0000021b5e4fb960 JavaThread "Notification Thread" daemon [_thread_blocked, id=6652, stack(0x000000965c900000,0x000000965ca00000)]
  0x0000021b5e4fd7d0 JavaThread "Common-Cleaner" daemon [_thread_blocked, id=7276, stack(0x000000965cb00000,0x000000965cc00000)]
  0x0000021b6c3a4020 JavaThread "SHPD Actor Thread" [_thread_blocked, id=3336, stack(0x000000965b800000,0x000000965b900000)]

Other Threads:
  0x0000021b5db55ac0 VMThread "VM Thread" [stack: 0x000000965bf00000,0x000000965c000000] [id=2536]
  0x0000021b5e4fcf80 WatcherThread [stack: 0x000000965ca00000,0x000000965cb00000] [id=11792]
  0x0000021b3fa7c620 GCTaskThread "GC Thread#0" [stack: 0x000000965ba00000,0x000000965bb00000] [id=10368]
  0x0000021b5f961130 GCTaskThread "GC Thread#1" [stack: 0x000000965db00000,0x000000965dc00000] [id=5568]
  0x0000021b5f9613e0 GCTaskThread "GC Thread#2" [stack: 0x000000965dc00000,0x000000965dd00000] [id=3872]
  0x0000021b5f972b70 GCTaskThread "GC Thread#3" [stack: 0x000000965dd00000,0x000000965de00000] [id=10116]
  0x0000021b3fa8ca60 ConcurrentGCThread "G1 Main Marker" [stack: 0x000000965bb00000,0x000000965bc00000] [id=8756]
  0x0000021b3fa8d5d0 ConcurrentGCThread "G1 Conc#0" [stack: 0x000000965bc00000,0x000000965bd00000] [id=8844]
  0x0000021b3fabe3b0 ConcurrentGCThread "G1 Refine#0" [stack: 0x000000965bd00000,0x000000965be00000] [id=14116]
  0x0000021b3fabec70 ConcurrentGCThread "G1 Service" [stack: 0x000000965be00000,0x000000965bf00000] [id=12896]

Threads with active compile tasks:

VM state: not at safepoint (normal execution)

VM Mutex/Monitor currently owned by a thread: None

Heap address: 0x0000000085800000, size: 1960 MB, Compressed Oops mode: 32-bit

CDS archive(s) mapped at: [0x0000000800000000-0x0000000800bd0000-0x0000000800bd0000), size 12386304, SharedBaseAddress: 0x0000000800000000, ArchiveRelocationMode: 0.
Compressed class space mapped at: 0x0000000800c00000-0x0000000840c00000, reserved size: 1073741824
Narrow klass base: 0x0000000800000000, Narrow klass shift: 0, Narrow klass range: 0x100000000

GC Precious Log:
 CPUs: 4 total, 4 available
 Memory: 7834M
 Large Page Support: Disabled
 NUMA Support: Disabled
 Compressed Oops: Enabled (32-bit)
 Heap Region Size: 1M
 Heap Min Capacity: 8M
 Heap Initial Capacity: 124M
 Heap Max Capacity: 1960M
 Pre-touch: Disabled
 Parallel Workers: 4
 Concurrent Workers: 1
 Concurrent Refinement Workers: 4
 Periodic GC: Disabled

Heap:
 garbage-first heap   total 126976K, used 47551K [0x0000000085800000, 0x0000000100000000)
  region size 1024K, 45 young (46080K), 3 survivors (3072K)
 Metaspace       used 12441K, committed 12608K, reserved 1064960K
  class space    used 1206K, committed 1280K, reserved 1048576K

Heap Regions: E=young(eden), S=young(survivor), O=old, HS=humongous(starts), HC=humongous(continues), CS=collection set, F=free, OA=open archive, CA=closed archive, TAMS=top-at-mark-start (previous, next)
|   0|0x0000000085800000, 0x0000000085900000, 0x0000000085900000|100%| O|  |TAMS 0x0000000085800000, 0x0000000085800000| Untracked 
|   1|0x0000000085900000, 0x0000000085a00000, 0x0000000085a00000|100%| O|  |TAMS 0x0000000085900000, 0x0000000085900000| Untracked 
|   2|0x0000000085a00000, 0x0000000085a75800, 0x0000000085b00000| 45%| O|  |TAMS 0x0000000085a00000, 0x0000000085a00000| Untracked 
|   3|0x0000000085b00000, 0x0000000085b00000, 0x0000000085c00000|  0%| F|  |TAMS 0x0000000085b00000, 0x0000000085b00000| Untracked 
|   4|0x0000000085c00000, 0x0000000085c00000, 0x0000000085d00000|  0%| F|  |TAMS 0x0000000085c00000, 0x0000000085c00000| Untracked 
|   5|0x0000000085d00000, 0x0000000085d00000, 0x0000000085e00000|  0%| F|  |TAMS 0x0000000085d00000, 0x0000000085d00000| Untracked 
|   6|0x0000000085e00000, 0x0000000085e00000, 0x0000000085f00000|  0%| F|  |TAMS 0x0000000085e00000, 0x0000000085e00000| Untracked 
|   7|0x0000000085f00000, 0x0000000085f00000, 0x0000000086000000|  0%| F|  |TAMS 0x0000000085f00000, 0x0000000085f00000| Untracked 
|   8|0x0000000086000000, 0x0000000086000000, 0x0000000086100000|  0%| F|  |TAMS 0x0000000086000000, 0x0000000086000000| Untracked 
|   9|0x0000000086100000, 0x0000000086100000, 0x0000000086200000|  0%| F|  |TAMS 0x0000000086100000, 0x0000000086100000| Untracked 
|  10|0x0000000086200000, 0x0000000086200000, 0x0000000086300000|  0%| F|  |TAMS 0x0000000086200000, 0x0000000086200000| Untracked 
|  11|0x0000000086300000, 0x0000000086300000, 0x0000000086400000|  0%| F|  |TAMS 0x0000000086300000, 0x0000000086300000| Untracked 
|  12|0x0000000086400000, 0x0000000086400000, 0x0000000086500000|  0%| F|  |TAMS 0x0000000086400000, 0x0000000086400000| Untracked 
|  13|0x0000000086500000, 0x0000000086500000, 0x0000000086600000|  0%| F|  |TAMS 0x0000000086500000, 0x0000000086500000| Untracked 
|  14|0x0000000086600000, 0x0000000086600000, 0x0000000086700000|  0%| F|  |TAMS 0x0000000086600000, 0x0000000086600000| Untracked 
|  15|0x0000000086700000, 0x0000000086700000, 0x0000000086800000|  0%| F|  |TAMS 0x0000000086700000, 0x0000000086700000| Untracked 
|  16|0x0000000086800000, 0x0000000086800000, 0x0000000086900000|  0%| F|  |TAMS 0x0000000086800000, 0x0000000086800000| Untracked 
|  17|0x0000000086900000, 0x0000000086900000, 0x0000000086a00000|  0%| F|  |TAMS 0x0000000086900000, 0x0000000086900000| Untracked 
|  18|0x0000000086a00000, 0x0000000086a00000, 0x0000000086b00000|  0%| F|  |TAMS 0x0000000086a00000, 0x0000000086a00000| Untracked 
|  19|0x0000000086b00000, 0x0000000086b00000, 0x0000000086c00000|  0%| F|  |TAMS 0x0000000086b00000, 0x0000000086b00000| Untracked 
|  20|0x0000000086c00000, 0x0000000086c00000, 0x0000000086d00000|  0%| F|  |TAMS 0x0000000086c00000, 0x0000000086c00000| Untracked 
|  21|0x0000000086d00000, 0x0000000086d00000, 0x0000000086e00000|  0%| F|  |TAMS 0x0000000086d00000, 0x0000000086d00000| Untracked 
|  22|0x0000000086e00000, 0x0000000086e00000, 0x0000000086f00000|  0%| F|  |TAMS 0x0000000086e00000, 0x0000000086e00000| Untracked 
|  23|0x0000000086f00000, 0x0000000086f00000, 0x0000000087000000|  0%| F|  |TAMS 0x0000000086f00000, 0x0000000086f00000| Untracked 
|  24|0x0000000087000000, 0x0000000087000000, 0x0000000087100000|  0%| F|  |TAMS 0x0000000087000000, 0x0000000087000000| Untracked 
|  25|0x0000000087100000, 0x0000000087100000, 0x0000000087200000|  0%| F|  |TAMS 0x0000000087100000, 0x0000000087100000| Untracked 
|  26|0x0000000087200000, 0x0000000087200000, 0x0000000087300000|  0%| F|  |TAMS 0x0000000087200000, 0x0000000087200000| Untracked 
|  27|0x0000000087300000, 0x0000000087300000, 0x0000000087400000|  0%| F|  |TAMS 0x0000000087300000, 0x0000000087300000| Untracked 
|  28|0x0000000087400000, 0x0000000087400000, 0x0000000087500000|  0%| F|  |TAMS 0x0000000087400000, 0x0000000087400000| Untracked 
|  29|0x0000000087500000, 0x0000000087500000, 0x0000000087600000|  0%| F|  |TAMS 0x0000000087500000, 0x0000000087500000| Untracked 
|  30|0x0000000087600000, 0x0000000087600000, 0x0000000087700000|  0%| F|  |TAMS 0x0000000087600000, 0x0000000087600000| Untracked 
|  31|0x0000000087700000, 0x0000000087700000, 0x0000000087800000|  0%| F|  |TAMS 0x0000000087700000, 0x0000000087700000| Untracked 
|  32|0x0000000087800000, 0x0000000087800000, 0x0000000087900000|  0%| F|  |TAMS 0x0000000087800000, 0x0000000087800000| Untracked 
|  33|0x0000000087900000, 0x0000000087900000, 0x0000000087a00000|  0%| F|  |TAMS 0x0000000087900000, 0x0000000087900000| Untracked 
|  34|0x0000000087a00000, 0x0000000087a00000, 0x0000000087b00000|  0%| F|  |TAMS 0x0000000087a00000, 0x0000000087a00000| Untracked 
|  35|0x0000000087b00000, 0x0000000087b00000, 0x0000000087c00000|  0%| F|  |TAMS 0x0000000087b00000, 0x0000000087b00000| Untracked 
|  36|0x0000000087c00000, 0x0000000087c00000, 0x0000000087d00000|  0%| F|  |TAMS 0x0000000087c00000, 0x0000000087c00000| Untracked 
|  37|0x0000000087d00000, 0x0000000087d00000, 0x0000000087e00000|  0%| F|  |TAMS 0x0000000087d00000, 0x0000000087d00000| Untracked 
|  38|0x0000000087e00000, 0x0000000087e00000, 0x0000000087f00000|  0%| F|  |TAMS 0x0000000087e00000, 0x0000000087e00000| Untracked 
|  39|0x0000000087f00000, 0x0000000087f00000, 0x0000000088000000|  0%| F|  |TAMS 0x0000000087f00000, 0x0000000087f00000| Untracked 
|  40|0x0000000088000000, 0x0000000088000000, 0x0000000088100000|  0%| F|  |TAMS 0x0000000088000000, 0x0000000088000000| Untracked 
|  41|0x0000000088100000, 0x0000000088100000, 0x0000000088200000|  0%| F|  |TAMS 0x0000000088100000, 0x0000000088100000| Untracked 
|  42|0x0000000088200000, 0x0000000088200000, 0x0000000088300000|  0%| F|  |TAMS 0x0000000088200000, 0x0000000088200000| Untracked 
|  43|0x0000000088300000, 0x0000000088300000, 0x0000000088400000|  0%| F|  |TAMS 0x0000000088300000, 0x0000000088300000| Untracked 
|  44|0x0000000088400000, 0x0000000088400000, 0x0000000088500000|  0%| F|  |TAMS 0x0000000088400000, 0x0000000088400000| Untracked 
|  45|0x0000000088500000, 0x0000000088500000, 0x0000000088600000|  0%| F|  |TAMS 0x0000000088500000, 0x0000000088500000| Untracked 
|  46|0x0000000088600000, 0x0000000088600000, 0x0000000088700000|  0%| F|  |TAMS 0x0000000088600000, 0x0000000088600000| Untracked 
|  47|0x0000000088700000, 0x0000000088700000, 0x0000000088800000|  0%| F|  |TAMS 0x0000000088700000, 0x0000000088700000| Untracked 
|  48|0x0000000088800000, 0x0000000088800000, 0x0000000088900000|  0%| F|  |TAMS 0x0000000088800000, 0x0000000088800000| Untracked 
|  49|0x0000000088900000, 0x0000000088900000, 0x0000000088a00000|  0%| F|  |TAMS 0x0000000088900000, 0x0000000088900000| Untracked 
|  50|0x0000000088a00000, 0x0000000088a00000, 0x0000000088b00000|  0%| F|  |TAMS 0x0000000088a00000, 0x0000000088a00000| Untracked 
|  51|0x0000000088b00000, 0x0000000088b00000, 0x0000000088c00000|  0%| F|  |TAMS 0x0000000088b00000, 0x0000000088b00000| Untracked 
|  52|0x0000000088c00000, 0x0000000088c00000, 0x0000000088d00000|  0%| F|  |TAMS 0x0000000088c00000, 0x0000000088c00000| Untracked 
|  53|0x0000000088d00000, 0x0000000088d00000, 0x0000000088e00000|  0%| F|  |TAMS 0x0000000088d00000, 0x0000000088d00000| Untracked 
|  54|0x0000000088e00000, 0x0000000088e00000, 0x0000000088f00000|  0%| F|  |TAMS 0x0000000088e00000, 0x0000000088e00000| Untracked 
|  55|0x0000000088f00000, 0x0000000088f00000, 0x0000000089000000|  0%| F|  |TAMS 0x0000000088f00000, 0x0000000088f00000| Untracked 
|  56|0x0000000089000000, 0x0000000089000000, 0x0000000089100000|  0%| F|  |TAMS 0x0000000089000000, 0x0000000089000000| Untracked 
|  57|0x0000000089100000, 0x0000000089100000, 0x0000000089200000|  0%| F|  |TAMS 0x0000000089100000, 0x0000000089100000| Untracked 
|  58|0x0000000089200000, 0x0000000089200000, 0x0000000089300000|  0%| F|  |TAMS 0x0000000089200000, 0x0000000089200000| Untracked 
|  59|0x0000000089300000, 0x0000000089300000, 0x0000000089400000|  0%| F|  |TAMS 0x0000000089300000, 0x0000000089300000| Untracked 
|  60|0x0000000089400000, 0x0000000089400000, 0x0000000089500000|  0%| F|  |TAMS 0x0000000089400000, 0x0000000089400000| Untracked 
|  61|0x0000000089500000, 0x0000000089500000, 0x0000000089600000|  0%| F|  |TAMS 0x0000000089500000, 0x0000000089500000| Untracked 
|  62|0x0000000089600000, 0x0000000089600000, 0x0000000089700000|  0%| F|  |TAMS 0x0000000089600000, 0x0000000089600000| Untracked 
|  63|0x0000000089700000, 0x0000000089700000, 0x0000000089800000|  0%| F|  |TAMS 0x0000000089700000, 0x0000000089700000| Untracked 
|  64|0x0000000089800000, 0x0000000089800000, 0x0000000089900000|  0%| F|  |TAMS 0x0000000089800000, 0x0000000089800000| Untracked 
|  65|0x0000000089900000, 0x0000000089900000, 0x0000000089a00000|  0%| F|  |TAMS 0x0000000089900000, 0x0000000089900000| Untracked 
|  66|0x0000000089a00000, 0x0000000089a00000, 0x0000000089b00000|  0%| F|  |TAMS 0x0000000089a00000, 0x0000000089a00000| Untracked 
|  67|0x0000000089b00000, 0x0000000089b00000, 0x0000000089c00000|  0%| F|  |TAMS 0x0000000089b00000, 0x0000000089b00000| Untracked 
|  68|0x0000000089c00000, 0x0000000089c00000, 0x0000000089d00000|  0%| F|  |TAMS 0x0000000089c00000, 0x0000000089c00000| Untracked 
|  69|0x0000000089d00000, 0x0000000089d00000, 0x0000000089e00000|  0%| F|  |TAMS 0x0000000089d00000, 0x0000000089d00000| Untracked 
|  70|0x0000000089e00000, 0x0000000089e00000, 0x0000000089f00000|  0%| F|  |TAMS 0x0000000089e00000, 0x0000000089e00000| Untracked 
|  71|0x0000000089f00000, 0x0000000089f00000, 0x000000008a000000|  0%| F|  |TAMS 0x0000000089f00000, 0x0000000089f00000| Untracked 
|  72|0x000000008a000000, 0x000000008a000000, 0x000000008a100000|  0%| F|  |TAMS 0x000000008a000000, 0x000000008a000000| Untracked 
|  73|0x000000008a100000, 0x000000008a100000, 0x000000008a200000|  0%| F|  |TAMS 0x000000008a100000, 0x000000008a100000| Untracked 
|  74|0x000000008a200000, 0x000000008a200000, 0x000000008a300000|  0%| F|  |TAMS 0x000000008a200000, 0x000000008a200000| Untracked 
|  75|0x000000008a300000, 0x000000008a300000, 0x000000008a400000|  0%| F|  |TAMS 0x000000008a300000, 0x000000008a300000| Untracked 
|  76|0x000000008a400000, 0x000000008a400000, 0x000000008a500000|  0%| F|  |TAMS 0x000000008a400000, 0x000000008a400000| Untracked 
|  77|0x000000008a500000, 0x000000008a500000, 0x000000008a600000|  0%| F|  |TAMS 0x000000008a500000, 0x000000008a500000| Untracked 
|  78|0x000000008a600000, 0x000000008a600000, 0x000000008a700000|  0%| F|  |TAMS 0x000000008a600000, 0x000000008a600000| Untracked 
|  79|0x000000008a700000, 0x000000008a780800, 0x000000008a800000| 50%| E|  |TAMS 0x000000008a700000, 0x000000008a700000| Complete 
|  80|0x000000008a800000, 0x000000008a900000, 0x000000008a900000|100%| E|CS|TAMS 0x000000008a800000, 0x000000008a800000| Complete 
|  81|0x000000008a900000, 0x000000008aa00000, 0x000000008aa00000|100%| E|CS|TAMS 0x000000008a900000, 0x000000008a900000| Complete 
|  82|0x000000008aa00000, 0x000000008ab00000, 0x000000008ab00000|100%| E|CS|TAMS 0x000000008aa00000, 0x000000008aa00000| Complete 
|  83|0x000000008ab00000, 0x000000008ac00000, 0x000000008ac00000|100%| E|CS|TAMS 0x000000008ab00000, 0x000000008ab00000| Complete 
|  84|0x000000008ac00000, 0x000000008ad00000, 0x000000008ad00000|100%| E|CS|TAMS 0x000000008ac00000, 0x000000008ac00000| Complete 
|  85|0x000000008ad00000, 0x000000008ae00000, 0x000000008ae00000|100%| E|CS|TAMS 0x000000008ad00000, 0x000000008ad00000| Complete 
|  86|0x000000008ae00000, 0x000000008af00000, 0x000000008af00000|100%| E|CS|TAMS 0x000000008ae00000, 0x000000008ae00000| Complete 
|  87|0x000000008af00000, 0x000000008b000000, 0x000000008b000000|100%| E|CS|TAMS 0x000000008af00000, 0x000000008af00000| Complete 
|  88|0x000000008b000000, 0x000000008b100000, 0x000000008b100000|100%| E|CS|TAMS 0x000000008b000000, 0x000000008b000000| Complete 
|  89|0x000000008b100000, 0x000000008b200000, 0x000000008b200000|100%| E|CS|TAMS 0x000000008b100000, 0x000000008b100000| Complete 
|  90|0x000000008b200000, 0x000000008b300000, 0x000000008b300000|100%| E|CS|TAMS 0x000000008b200000, 0x000000008b200000| Complete 
|  91|0x000000008b300000, 0x000000008b3fa440, 0x000000008b400000| 97%| S|CS|TAMS 0x000000008b300000, 0x000000008b300000| Complete 
|  92|0x000000008b400000, 0x000000008b500000, 0x000000008b500000|100%| S|CS|TAMS 0x000000008b400000, 0x000000008b400000| Complete 
|  93|0x000000008b500000, 0x000000008b600000, 0x000000008b600000|100%| S|CS|TAMS 0x000000008b500000, 0x000000008b500000| Complete 
|  94|0x000000008b600000, 0x000000008b700000, 0x000000008b700000|100%| E|CS|TAMS 0x000000008b600000, 0x000000008b600000| Complete 
|  95|0x000000008b700000, 0x000000008b800000, 0x000000008b800000|100%| E|CS|TAMS 0x000000008b700000, 0x000000008b700000| Complete 
|  96|0x000000008b800000, 0x000000008b900000, 0x000000008b900000|100%| E|CS|TAMS 0x000000008b800000, 0x000000008b800000| Complete 
|  97|0x000000008b900000, 0x000000008ba00000, 0x000000008ba00000|100%| E|CS|TAMS 0x000000008b900000, 0x000000008b900000| Complete 
|  98|0x000000008ba00000, 0x000000008bb00000, 0x000000008bb00000|100%| E|CS|TAMS 0x000000008ba00000, 0x000000008ba00000| Complete 
|  99|0x000000008bb00000, 0x000000008bc00000, 0x000000008bc00000|100%| E|CS|TAMS 0x000000008bb00000, 0x000000008bb00000| Complete 
| 100|0x000000008bc00000, 0x000000008bd00000, 0x000000008bd00000|100%| E|CS|TAMS 0x000000008bc00000, 0x000000008bc00000| Complete 
| 101|0x000000008bd00000, 0x000000008be00000, 0x000000008be00000|100%| E|CS|TAMS 0x000000008bd00000, 0x000000008bd00000| Complete 
| 102|0x000000008be00000, 0x000000008bf00000, 0x000000008bf00000|100%| E|CS|TAMS 0x000000008be00000, 0x000000008be00000| Complete 
| 103|0x000000008bf00000, 0x000000008c000000, 0x000000008c000000|100%| E|CS|TAMS 0x000000008bf00000, 0x000000008bf00000| Complete 
| 104|0x000000008c000000, 0x000000008c100000, 0x000000008c100000|100%| E|CS|TAMS 0x000000008c000000, 0x000000008c000000| Complete 
| 105|0x000000008c100000, 0x000000008c200000, 0x000000008c200000|100%| E|CS|TAMS 0x000000008c100000, 0x000000008c100000| Complete 
| 106|0x000000008c200000, 0x000000008c300000, 0x000000008c300000|100%| E|CS|TAMS 0x000000008c200000, 0x000000008c200000| Complete 
| 107|0x000000008c300000, 0x000000008c400000, 0x000000008c400000|100%| E|CS|TAMS 0x000000008c300000, 0x000000008c300000| Complete 
| 108|0x000000008c400000, 0x000000008c500000, 0x000000008c500000|100%| E|CS|TAMS 0x000000008c400000, 0x000000008c400000| Complete 
| 109|0x000000008c500000, 0x000000008c600000, 0x000000008c600000|100%| E|CS|TAMS 0x000000008c500000, 0x000000008c500000| Complete 
| 110|0x000000008c600000, 0x000000008c700000, 0x000000008c700000|100%| E|CS|TAMS 0x000000008c600000, 0x000000008c600000| Complete 
| 111|0x000000008c700000, 0x000000008c800000, 0x000000008c800000|100%| E|CS|TAMS 0x000000008c700000, 0x000000008c700000| Complete 
| 112|0x000000008c800000, 0x000000008c900000, 0x000000008c900000|100%| E|CS|TAMS 0x000000008c800000, 0x000000008c800000| Complete 
| 113|0x000000008c900000, 0x000000008ca00000, 0x000000008ca00000|100%| E|CS|TAMS 0x000000008c900000, 0x000000008c900000| Complete 
| 114|0x000000008ca00000, 0x000000008cb00000, 0x000000008cb00000|100%| E|CS|TAMS 0x000000008ca00000, 0x000000008ca00000| Complete 
| 115|0x000000008cb00000, 0x000000008cc00000, 0x000000008cc00000|100%| E|CS|TAMS 0x000000008cb00000, 0x000000008cb00000| Complete 
| 116|0x000000008cc00000, 0x000000008cd00000, 0x000000008cd00000|100%| E|CS|TAMS 0x000000008cc00000, 0x000000008cc00000| Complete 
| 117|0x000000008cd00000, 0x000000008ce00000, 0x000000008ce00000|100%| E|CS|TAMS 0x000000008cd00000, 0x000000008cd00000| Complete 
| 118|0x000000008ce00000, 0x000000008cf00000, 0x000000008cf00000|100%| E|CS|TAMS 0x000000008ce00000, 0x000000008ce00000| Complete 
| 119|0x000000008cf00000, 0x000000008d000000, 0x000000008d000000|100%| E|CS|TAMS 0x000000008cf00000, 0x000000008cf00000| Complete 
| 120|0x000000008d000000, 0x000000008d100000, 0x000000008d100000|100%| E|CS|TAMS 0x000000008d000000, 0x000000008d000000| Complete 
| 121|0x000000008d100000, 0x000000008d200000, 0x000000008d200000|100%| E|CS|TAMS 0x000000008d100000, 0x000000008d100000| Complete 
| 122|0x000000008d200000, 0x000000008d300000, 0x000000008d300000|100%| E|CS|TAMS 0x000000008d200000, 0x000000008d200000| Complete 
| 123|0x000000008d300000, 0x000000008d400000, 0x000000008d400000|100%| E|CS|TAMS 0x000000008d300000, 0x000000008d300000| Complete 

Card table byte_map: [0x0000021b57080000,0x0000021b57460000] _byte_map_base: 0x0000021b56c54000

Marking Bits (Prev, Next): (CMBitMap*) 0x0000021b3fa7cc30, (CMBitMap*) 0x0000021b3fa7cc70
 Prev Bits: [0x0000021b57840000, 0x0000021b596e0000)
 Next Bits: [0x0000021b596e0000, 0x0000021b5b580000)

Polling page: 0x0000021b3e170000

Metaspace:

Usage:
  Non-class:     10.97 MB used.
      Class:      1.18 MB used.
       Both:     12.15 MB used.

Virtual space:
  Non-class space:       16.00 MB reserved,      11.06 MB ( 69%) committed,  2 nodes.
      Class space:        1.00 GB reserved,       1.25 MB ( <1%) committed,  1 nodes.
             Both:        1.02 GB reserved,      12.31 MB (  1%) committed. 

Chunk freelists:
   Non-Class:  3.30 MB
       Class:  2.75 MB
        Both:  6.05 MB

MaxMetaspaceSize: unlimited
CompressedClassSpaceSize: 1.00 GB
Initial GC threshold: 21.00 MB
Current GC threshold: 21.00 MB
CDS: on
MetaspaceReclaimPolicy: balanced
 - commit_granule_bytes: 65536.
 - commit_granule_words: 8192.
 - virtual_space_node_default_size: 1048576.
 - enlarge_chunks_in_place: 1.
 - new_chunks_are_fully_committed: 0.
 - uncommit_free_chunks: 1.
 - use_allocation_guard: 0.
 - handle_deallocations: 1.


Internal statistics:

num_allocs_failed_limit: 0.
num_arena_births: 58.
num_arena_deaths: 0.
num_vsnodes_births: 3.
num_vsnodes_deaths: 0.
num_space_committed: 195.
num_space_uncommitted: 0.
num_chunks_returned_to_freelist: 0.
num_chunks_taken_from_freelist: 433.
num_chunk_merges: 0.
num_chunk_splits: 338.
num_chunks_enlarged: 291.
num_purges: 0.
num_inconsistent_stats: 0.

CodeHeap 'non-profiled nmethods': size=120000Kb used=1507Kb max_used=1507Kb free=118493Kb
 bounds [0x0000021b4f150000, 0x0000021b4f3c0000, 0x0000021b56680000]
CodeHeap 'profiled nmethods': size=120000Kb used=3853Kb max_used=3853Kb free=116146Kb
 bounds [0x0000021b47c20000, 0x0000021b47ff0000, 0x0000021b4f150000]
CodeHeap 'non-nmethods': size=5760Kb used=1621Kb max_used=1649Kb free=4138Kb
 bounds [0x0000021b47680000, 0x0000021b478f0000, 0x0000021b47c20000]
 total_blobs=3080 nmethods=2040 adapters=953
 compilation: enabled
              stopped_count=0, restarted_count=0
 full_count=0

Compilation events (20 events):
Event: 188.888 Thread 0x0000021b5db79ca0 2034       3       java.util.LinkedHashMap$LinkedHashIterator::nextNode (54 bytes)
Event: 188.891 Thread 0x0000021b5db79ca0 nmethod 2034 0x0000021b47fde910 code [0x0000021b47fdeae0, 0x0000021b47fdee78]
Event: 188.891 Thread 0x0000021b5db79ca0 2032       3       org.lwjgl.openal.ALC::check (16 bytes)
Event: 188.892 Thread 0x0000021b5db79ca0 nmethod 2032 0x0000021b47fdf010 code [0x0000021b47fdf1c0, 0x0000021b47fdf3c8]
Event: 188.892 Thread 0x0000021b5db79ca0 2033       3       org.lwjgl.openal.AL::getICD (15 bytes)
Event: 188.893 Thread 0x0000021b5db79ca0 nmethod 2033 0x0000021b47fdf490 code [0x0000021b47fdf640, 0x0000021b47fdf858]
Event: 189.094 Thread 0x0000021b5db79ca0 2035       3       com.shatteredpixel.shatteredpixeldungeon.mechanics.ShadowCaster::scanOctant (348 bytes)
Event: 189.097 Thread 0x0000021b5db79ca0 nmethod 2035 0x0000021b47fdf990 code [0x0000021b47fdfca0, 0x0000021b47fe0d98]
Event: 189.097 Thread 0x0000021b5db79ca0 2037       3       com.shatteredpixel.shatteredpixeldungeon.utils.BArray::or (54 bytes)
Event: 189.097 Thread 0x0000021b5db79ca0 nmethod 2037 0x0000021b47fe1390 code [0x0000021b47fe1540, 0x0000021b47fe18f8]
Event: 189.098 Thread 0x0000021b5db79ca0 2036       3       java.lang.StrictMath::floorOrCeil (128 bytes)
Event: 189.098 Thread 0x0000021b5db79ca0 nmethod 2036 0x0000021b47fe1b10 code [0x0000021b47fe1d00, 0x0000021b47fe21b8]
Event: 189.295 Thread 0x0000021b5db79ca0 2038       3       java.util.LinkedHashMap$LinkedHashIterator::<init> (31 bytes)
Event: 189.296 Thread 0x0000021b5db79ca0 nmethod 2038 0x0000021b47fe2290 code [0x0000021b47fe2440, 0x0000021b47fe2698]
Event: 189.296 Thread 0x0000021b5db79ca0 2039       3       java.util.LinkedHashMap::keySet (25 bytes)
Event: 189.296 Thread 0x0000021b5db79ca0 nmethod 2039 0x0000021b47fe2790 code [0x0000021b47fe2940, 0x0000021b47fe2d18]
Event: 189.327 Thread 0x0000021b5db79ca0 2040       3       com.shatteredpixel.shatteredpixeldungeon.tiles.FogOfWar::fillLeft (28 bytes)
Event: 189.328 Thread 0x0000021b5db79ca0 nmethod 2040 0x0000021b47fe2e90 code [0x0000021b47fe3040, 0x0000021b47fe31e8]
Event: 189.328 Thread 0x0000021b5db79ca0 2041       3       com.shatteredpixel.shatteredpixeldungeon.tiles.FogOfWar::fillRight (30 bytes)
Event: 189.328 Thread 0x0000021b5db79ca0 nmethod 2041 0x0000021b47fe3310 code [0x0000021b47fe34c0, 0x0000021b47fe3668]

GC Heap History (6 events):
Event: 0.796 GC heap before
{Heap before GC invocations=0 (full 0):
 garbage-first heap   total 126976K, used 13312K [0x0000000085800000, 0x0000000100000000)
  region size 1024K, 13 young (13312K), 0 survivors (0K)
 Metaspace       used 3864K, committed 4032K, reserved 1056768K
  class space    used 320K, committed 384K, reserved 1048576K
}
Event: 0.800 GC heap after
{Heap after GC invocations=1 (full 0):
 garbage-first heap   total 126976K, used 2336K [0x0000000085800000, 0x0000000100000000)
  region size 1024K, 2 young (2048K), 2 survivors (2048K)
 Metaspace       used 3864K, committed 4032K, reserved 1056768K
  class space    used 320K, committed 384K, reserved 1048576K
}
Event: 1.152 GC heap before
{Heap before GC invocations=1 (full 0):
 garbage-first heap   total 126976K, used 16672K [0x0000000085800000, 0x0000000100000000)
  region size 1024K, 17 young (17408K), 2 survivors (2048K)
 Metaspace       used 8441K, committed 8576K, reserved 1064960K
  class space    used 605K, committed 640K, reserved 1048576K
}
Event: 1.156 GC heap after
{Heap after GC invocations=2 (full 0):
 garbage-first heap   total 126976K, used 4414K [0x0000000085800000, 0x0000000100000000)
  region size 1024K, 2 young (2048K), 2 survivors (2048K)
 Metaspace       used 8441K, committed 8576K, reserved 1064960K
  class space    used 605K, committed 640K, reserved 1048576K
}
Event: 1.577 GC heap before
{Heap before GC invocations=2 (full 0):
 garbage-first heap   total 126976K, used 33086K [0x0000000085800000, 0x0000000100000000)
  region size 1024K, 30 young (30720K), 2 survivors (2048K)
 Metaspace       used 9398K, committed 9536K, reserved 1064960K
  class space    used 708K, committed 768K, reserved 1048576K
}
Event: 1.580 GC heap after
{Heap after GC invocations=3 (full 0):
 garbage-first heap   total 126976K, used 5567K [0x0000000085800000, 0x0000000100000000)
  region size 1024K, 3 young (3072K), 3 survivors (3072K)
 Metaspace       used 9398K, committed 9536K, reserved 1064960K
  class space    used 708K, committed 768K, reserved 1048576K
}

Deoptimization events (20 events):
Event: 177.603 Thread 0x0000021b3e0dcff0 Uncommon trap: trap_request=0xffffff45 fr.pc=0x0000021b4f2abd68 relative=0x0000000000000228
Event: 177.603 Thread 0x0000021b3e0dcff0 Uncommon trap: reason=unstable_if action=reinterpret pc=0x0000021b4f2abd68 method=com.watabou.noosa.Visual.isVisible()Z @ 144 c2
Event: 177.603 Thread 0x0000021b3e0dcff0 DEOPT PACKING pc=0x0000021b4f2abd68 sp=0x000000965b9ff200
Event: 177.603 Thread 0x0000021b3e0dcff0 DEOPT UNPACKING pc=0x0000021b476d5ba3 sp=0x000000965b9ff1c0 mode 2
Event: 177.636 Thread 0x0000021b3e0dcff0 Uncommon trap: trap_request=0xffffff45 fr.pc=0x0000021b4f2a62d0 relative=0x00000000000001f0
Event: 177.636 Thread 0x0000021b3e0dcff0 Uncommon trap: reason=unstable_if action=reinterpret pc=0x0000021b4f2a62d0 method=com.shatteredpixel.shatteredpixeldungeon.effects.particles.WindParticle.update()V @ 19 c2
Event: 177.636 Thread 0x0000021b3e0dcff0 DEOPT PACKING pc=0x0000021b4f2a62d0 sp=0x000000965b9fef70
Event: 177.636 Thread 0x0000021b3e0dcff0 DEOPT UNPACKING pc=0x0000021b476d5ba3 sp=0x000000965b9fef08 mode 2
Event: 186.584 Thread 0x0000021b3e0dcff0 Uncommon trap: trap_request=0xfffffff4 fr.pc=0x0000021b4f2b393c relative=0x000000000000039c
Event: 186.584 Thread 0x0000021b3e0dcff0 Uncommon trap: reason=null_check action=make_not_entrant pc=0x0000021b4f2b393c method=com.watabou.noosa.Group.update()V @ 18 c2
Event: 186.584 Thread 0x0000021b3e0dcff0 DEOPT PACKING pc=0x0000021b4f2b393c sp=0x000000965b9ff170
Event: 186.584 Thread 0x0000021b3e0dcff0 DEOPT UNPACKING pc=0x0000021b476d5ba3 sp=0x000000965b9ff120 mode 2
Event: 186.623 Thread 0x0000021b3e0dcff0 Uncommon trap: trap_request=0xfffffff4 fr.pc=0x0000021b4f22a7ec relative=0x00000000000003cc
Event: 186.623 Thread 0x0000021b3e0dcff0 Uncommon trap: reason=null_check action=make_not_entrant pc=0x0000021b4f22a7ec method=com.watabou.noosa.Group.draw()V @ 18 c2
Event: 186.623 Thread 0x0000021b3e0dcff0 DEOPT PACKING pc=0x0000021b4f22a7ec sp=0x000000965b9ff320
Event: 186.623 Thread 0x0000021b3e0dcff0 DEOPT UNPACKING pc=0x0000021b476d5ba3 sp=0x000000965b9ff2c8 mode 2
Event: 188.690 Thread 0x0000021b6c3a4020 Uncommon trap: trap_request=0xffffff45 fr.pc=0x0000021b4f2a590c relative=0x000000000000046c
Event: 188.690 Thread 0x0000021b6c3a4020 Uncommon trap: reason=unstable_if action=reinterpret pc=0x0000021b4f2a590c method=com.watabou.noosa.Group.add(Lcom/watabou/noosa/Gizmo;)Lcom/watabou/noosa/Gizmo; @ 44 c2
Event: 188.690 Thread 0x0000021b6c3a4020 DEOPT PACKING pc=0x0000021b4f2a590c sp=0x000000965b8fedf0
Event: 188.691 Thread 0x0000021b6c3a4020 DEOPT UNPACKING pc=0x0000021b476d5ba3 sp=0x000000965b8fedb8 mode 2

Classes unloaded (0 events):
No events

Classes redefined (0 events):
No events

Internal exceptions (20 events):
Event: 0.346 Thread 0x0000021b3e0dcff0 Exception <a 'sun/nio/fs/WindowsException'{0x000000008cbfaf20}> (0x000000008cbfaf20) 
thrown [s\open\src\hotspot\share\prims\jni.cpp, line 516]
Event: 0.380 Thread 0x0000021b3e0dcff0 Exception <a 'sun/nio/fs/WindowsException'{0x000000008cae9db8}> (0x000000008cae9db8) 
thrown [s\open\src\hotspot\share\prims\jni.cpp, line 516]
Event: 0.380 Thread 0x0000021b3e0dcff0 Exception <a 'sun/nio/fs/WindowsException'{0x000000008caea138}> (0x000000008caea138) 
thrown [s\open\src\hotspot\share\prims\jni.cpp, line 516]
Event: 0.385 Thread 0x0000021b3e0dcff0 Implicit null exception at 0x0000021b4f17c533 to 0x0000021b4f17d558
Event: 0.408 Thread 0x0000021b3e0dcff0 Exception <a 'sun/nio/fs/WindowsException'{0x000000008c997e30}> (0x000000008c997e30) 
thrown [s\open\src\hotspot\share\prims\jni.cpp, line 516]
Event: 0.408 Thread 0x0000021b3e0dcff0 Exception <a 'sun/nio/fs/WindowsException'{0x000000008c998180}> (0x000000008c998180) 
thrown [s\open\src\hotspot\share\prims\jni.cpp, line 516]
Event: 0.522 Thread 0x0000021b3e0dcff0 Exception <a 'sun/nio/fs/WindowsException'{0x000000008c812340}> (0x000000008c812340) 
thrown [s\open\src\hotspot\share\prims\jni.cpp, line 516]
Event: 0.522 Thread 0x0000021b3e0dcff0 Exception <a 'sun/nio/fs/WindowsException'{0x000000008c8126a0}> (0x000000008c8126a0) 
thrown [s\open\src\hotspot\share\prims\jni.cpp, line 516]
Event: 0.806 Thread 0x0000021b3e0dcff0 Exception <a 'sun/nio/fs/WindowsException'{0x000000008d32a030}> (0x000000008d32a030) 
thrown [s\open\src\hotspot\share\prims\jni.cpp, line 516]
Event: 0.806 Thread 0x0000021b3e0dcff0 Exception <a 'sun/nio/fs/WindowsException'{0x000000008d32a3b8}> (0x000000008d32a3b8) 
thrown [s\open\src\hotspot\share\prims\jni.cpp, line 516]
Event: 0.811 Thread 0x0000021b3e0dcff0 Exception <a 'sun/nio/fs/WindowsException'{0x000000008d3332a0}> (0x000000008d3332a0) 
thrown [s\open\src\hotspot\share\prims\jni.cpp, line 516]
Event: 0.811 Thread 0x0000021b3e0dcff0 Exception <a 'sun/nio/fs/WindowsException'{0x000000008d333560}> (0x000000008d333560) 
thrown [s\open\src\hotspot\share\prims\jni.cpp, line 516]
Event: 1.031 Thread 0x0000021b3e0dcff0 Exception <a 'java/io/FileNotFoundException'{0x000000008cb66908}> (0x000000008cb66908) 
thrown [s\open\src\hotspot\share\prims\jni.cpp, line 516]
Event: 1.094 Thread 0x0000021b3e0dcff0 Implicit null exception at 0x0000021b4f1a723e to 0x0000021b4f1a8401
Event: 1.243 Thread 0x0000021b3e0dcff0 Exception <a 'java/io/FileNotFoundException'{0x000000008cfcaae8}> (0x000000008cfcaae8) 
thrown [s\open\src\hotspot\share\prims\jni.cpp, line 516]
Event: 175.597 Thread 0x0000021b3e0dcff0 Implicit null exception at 0x0000021b4f2390a4 to 0x0000021b4f239a24
Event: 175.598 Thread 0x0000021b3e0dcff0 Implicit null exception at 0x0000021b4f2372f3 to 0x0000021b4f23737c
Event: 176.304 Thread 0x0000021b3e0dcff0 Implicit null exception at 0x0000021b4f240a4c to 0x0000021b4f240c52
Event: 186.583 Thread 0x0000021b3e0dcff0 Implicit null exception at 0x0000021b4f2b368b to 0x0000021b4f2b392c
Event: 186.623 Thread 0x0000021b3e0dcff0 Implicit null exception at 0x0000021b4f22a50b to 0x0000021b4f22a7dc

VM Operations (20 events):
Event: 177.121 Executing VM operation: HandshakeAllThreads
Event: 177.121 Executing VM operation: HandshakeAllThreads done
Event: 177.270 Executing VM operation: HandshakeAllThreads
Event: 177.270 Executing VM operation: HandshakeAllThreads done
Event: 178.275 Executing VM operation: Cleanup
Event: 178.275 Executing VM operation: Cleanup done
Event: 180.301 Executing VM operation: Cleanup
Event: 180.664 Executing VM operation: Cleanup done
Event: 183.691 Executing VM operation: Cleanup
Event: 183.691 Executing VM operation: Cleanup done
Event: 184.694 Executing VM operation: Cleanup
Event: 184.694 Executing VM operation: Cleanup done
Event: 186.718 Executing VM operation: Cleanup
Event: 186.718 Executing VM operation: Cleanup done
Event: 187.729 Executing VM operation: Cleanup
Event: 187.729 Executing VM operation: Cleanup done
Event: 188.592 Executing VM operation: HandshakeAllThreads
Event: 188.593 Executing VM operation: HandshakeAllThreads done
Event: 189.605 Executing VM operation: Cleanup
Event: 189.605 Executing VM operation: Cleanup done

Events (20 events):
Event: 175.594 loading class java/util/LinkedHashMap$LinkedKeySet done
Event: 175.594 loading class java/util/LinkedHashMap$LinkedKeyIterator
Event: 175.594 loading class java/util/LinkedHashMap$LinkedKeyIterator done
Event: 176.974 Thread 0x0000021b6c3a4020 Thread added: 0x0000021b6c3a4020
Event: 177.039 loading class java/util/LinkedList$ListItr
Event: 177.039 loading class java/util/LinkedList$ListItr done
Event: 177.050 loading class java/util/LinkedHashMap$LinkedValues
Event: 177.050 loading class java/util/LinkedHashMap$LinkedValues done
Event: 177.052 loading class java/util/zip/Deflater
Event: 177.052 loading class java/util/zip/Deflater done
Event: 177.054 loading class java/util/zip/Deflater$DeflaterZStreamRef
Event: 177.054 loading class java/util/zip/Deflater$DeflaterZStreamRef done
Event: 177.056 loading class jdk/internal/math/FDBigInteger
Event: 177.056 loading class jdk/internal/math/FDBigInteger done
Event: 177.068 Thread 0x0000021b6c3a4020 Thread exited: 0x0000021b6c3a4020
Event: 177.123 loading class java/util/LinkedHashMap$LinkedValueIterator
Event: 177.123 loading class java/util/LinkedHashMap$LinkedValueIterator done
Event: 177.152 Thread 0x0000021b6c3a4020 Thread added: 0x0000021b6c3a4020
Event: 177.477 loading class jdk/internal/access/foreign/MemorySegmentProxy
Event: 177.477 loading class jdk/internal/access/foreign/MemorySegmentProxy done


Dynamic libraries:
0x00007ff79d8c0000 - 0x00007ff79d8d0000 	C:\Program Files\Java\jdk-17.0.5\bin\java.exe
0x00007ff971eb0000 - 0x00007ff9720c4000 	C:\WINDOWS\SYSTEM32\ntdll.dll
0x00007ff971d90000 - 0x00007ff971e52000 	C:\WINDOWS\System32\KERNEL32.DLL
0x00007ff96ef10000 - 0x00007ff96f2b3000 	C:\WINDOWS\System32\KERNELBASE.dll
0x00007ff96f840000 - 0x00007ff96f951000 	C:\WINDOWS\System32\ucrtbase.dll
0x00007ff94ec00000 - 0x00007ff94ec18000 	C:\Program Files\Java\jdk-17.0.5\bin\jli.dll
0x00007ff94ec20000 - 0x00007ff94ec3a000 	C:\Program Files\Java\jdk-17.0.5\bin\VCRUNTIME140.dll
0x00007ff971940000 - 0x00007ff9719ee000 	C:\WINDOWS\System32\ADVAPI32.dll
0x00007ff971670000 - 0x00007ff971717000 	C:\WINDOWS\System32\msvcrt.dll
0x00007ff9715c0000 - 0x00007ff971664000 	C:\WINDOWS\System32\sechost.dll
0x00007ff970de0000 - 0x00007ff970ef7000 	C:\WINDOWS\System32\RPCRT4.dll
0x00007ff970500000 - 0x00007ff9706ab000 	C:\WINDOWS\System32\USER32.dll
0x00007ff96f4f0000 - 0x00007ff96f516000 	C:\WINDOWS\System32\win32u.dll
0x00007ff971720000 - 0x00007ff971749000 	C:\WINDOWS\System32\GDI32.dll
0x00007ff96f720000 - 0x00007ff96f838000 	C:\WINDOWS\System32\gdi32full.dll
0x00007ff9558a0000 - 0x00007ff955b2e000 	C:\WINDOWS\WinSxS\amd64_microsoft.windows.common-controls_6595b64144ccf1df_6.0.22621.1635_none_270f70857386168e\COMCTL32.dll
0x00007ff96f680000 - 0x00007ff96f71a000 	C:\WINDOWS\System32\msvcp_win.dll
0x00007ff96e940000 - 0x00007ff96e94a000 	C:\WINDOWS\SYSTEM32\VERSION.dll
0x00007ff971810000 - 0x00007ff971841000 	C:\WINDOWS\System32\IMM32.DLL
0x0000000051d60000 - 0x0000000051d6c000 	D:\360安全卫士\360Safe\safemon\SafeWrapper.dll
0x00007ff952120000 - 0x00007ff9521cc000 	D:\360安全卫士\360Safe\safemon\libzdtp64.dll
0x00007ff96fbe0000 - 0x00007ff9703da000 	C:\WINDOWS\System32\SHELL32.dll
0x00007ff9719f0000 - 0x00007ff971a4e000 	C:\WINDOWS\System32\SHLWAPI.dll
0x00007ff9543e0000 - 0x00007ff9543ec000 	C:\Program Files\Java\jdk-17.0.5\bin\vcruntime140_1.dll
0x00007ff94eb70000 - 0x00007ff94ebfd000 	C:\Program Files\Java\jdk-17.0.5\bin\msvcp140.dll
0x00007ff9118d0000 - 0x00007ff912492000 	C:\Program Files\Java\jdk-17.0.5\bin\server\jvm.dll
0x00007ff971310000 - 0x00007ff971318000 	C:\WINDOWS\System32\PSAPI.DLL
0x00007ff93bfd0000 - 0x00007ff93bfd9000 	C:\WINDOWS\SYSTEM32\WSOCK32.dll
0x00007ff962ee0000 - 0x00007ff962f14000 	C:\WINDOWS\SYSTEM32\WINMM.dll
0x00007ff970f00000 - 0x00007ff970f71000 	C:\WINDOWS\System32\WS2_32.dll
0x00007ff96de90000 - 0x00007ff96dea8000 	C:\WINDOWS\SYSTEM32\kernel.appcore.dll
0x00007ff952680000 - 0x00007ff95268a000 	C:\Program Files\Java\jdk-17.0.5\bin\jimage.dll
0x00007ff96c790000 - 0x00007ff96c9be000 	C:\WINDOWS\SYSTEM32\DBGHELP.DLL
0x00007ff970f80000 - 0x00007ff971309000 	C:\WINDOWS\System32\combase.dll
0x00007ff971860000 - 0x00007ff971937000 	C:\WINDOWS\System32\OLEAUT32.dll
0x00007ff93b9a0000 - 0x00007ff93b9d2000 	C:\WINDOWS\SYSTEM32\dbgcore.DLL
0x00007ff96f960000 - 0x00007ff96f9db000 	C:\WINDOWS\System32\bcryptPrimitives.dll
0x00007ff94c680000 - 0x00007ff94c6a5000 	C:\Program Files\Java\jdk-17.0.5\bin\java.dll
0x00007ff93b420000 - 0x00007ff93b4f6000 	C:\Program Files\Java\jdk-17.0.5\bin\jsvml.dll
0x00007ff96ce30000 - 0x00007ff96d6fe000 	C:\WINDOWS\SYSTEM32\windows.storage.dll
0x00007ff96ccf0000 - 0x00007ff96ce2e000 	C:\WINDOWS\SYSTEM32\wintypes.dll
0x00007ff96fae0000 - 0x00007ff96fbd1000 	C:\WINDOWS\System32\SHCORE.dll
0x00007ff96edd0000 - 0x00007ff96edf1000 	C:\WINDOWS\SYSTEM32\profapi.dll
0x00007ff94c660000 - 0x00007ff94c679000 	C:\Program Files\Java\jdk-17.0.5\bin\net.dll
0x00007ff964f90000 - 0x00007ff9650c7000 	C:\WINDOWS\SYSTEM32\WINHTTP.dll
0x00007ff96e300000 - 0x00007ff96e369000 	C:\WINDOWS\system32\mswsock.dll
0x00007ff94c640000 - 0x00007ff94c656000 	C:\Program Files\Java\jdk-17.0.5\bin\nio.dll
0x00007ff94c620000 - 0x00007ff94c638000 	C:\Program Files\Java\jdk-17.0.5\bin\zip.dll
0x000000006e700000 - 0x000000006e72a000 	C:\Users\HP\AppData\Local\Temp\libgdxHP\e1cd32f8\gdx64.dll
0x00007ff94e500000 - 0x00007ff94e564000 	C:\Users\HP\AppData\Local\Temp\lwjglHP\3.2.3-build-13\lwjgl.dll
0x00007ff91e0d0000 - 0x00007ff91e323000 	C:\Users\HP\AppData\Local\Temp\lwjglHP\3.2.3-build-13\jemalloc.dll
0x00007ff93cc80000 - 0x00007ff93cce2000 	C:\Users\HP\AppData\Local\Temp\lwjglHP\3.2.3-build-13\glfw.dll
0x00007ff96bdd0000 - 0x00007ff96be7b000 	C:\WINDOWS\system32\uxtheme.dll
0x00007ff967690000 - 0x00007ff9676d6000 	C:\WINDOWS\SYSTEM32\dinput8.dll
0x00007ff966fe0000 - 0x00007ff966ff1000 	C:\WINDOWS\SYSTEM32\xinput1_4.dll
0x00007ff96eb40000 - 0x00007ff96eb8e000 	C:\WINDOWS\SYSTEM32\cfgmgr32.dll
0x00007ff96eb10000 - 0x00007ff96eb3c000 	C:\WINDOWS\SYSTEM32\DEVOBJ.dll
0x00007ff96c040000 - 0x00007ff96c06b000 	C:\WINDOWS\SYSTEM32\dwmapi.dll
0x00007ff9564d0000 - 0x00007ff9566d1000 	C:\WINDOWS\SYSTEM32\inputhost.dll
0x00007ff96ba10000 - 0x00007ff96bb43000 	C:\WINDOWS\SYSTEM32\CoreMessaging.dll
0x0000000180000000 - 0x00000001834b3000 	C:\Program Files (x86)\RivaTuner Statistics Server\RTSSHooks64.dll
0x00007ff9707b0000 - 0x00007ff970c24000 	C:\WINDOWS\System32\SETUPAPI.dll
0x00007ff96e560000 - 0x00007ff96e56c000 	C:\WINDOWS\SYSTEM32\CRYPTBASE.DLL
0x00007ff9703e0000 - 0x00007ff9704fe000 	C:\WINDOWS\System32\MSCTF.dll
0x00007ff96d700000 - 0x00007ff96d70e000 	C:\WINDOWS\SYSTEM32\HID.DLL
0x00007ff96f550000 - 0x00007ff96f5bb000 	C:\WINDOWS\System32\WINTRUST.dll
0x00007ff96f2c0000 - 0x00007ff96f427000 	C:\WINDOWS\System32\CRYPT32.dll
0x00007ff96e5e0000 - 0x00007ff96e5f2000 	C:\WINDOWS\SYSTEM32\MSASN1.dll
0x00007ff93b1f0000 - 0x00007ff93b2fb000 	C:\Users\HP\AppData\Local\Temp\lwjglHP\3.2.3-build-13\OpenAL.dll
0x00007ff971320000 - 0x00007ff9714bc000 	C:\WINDOWS\System32\ole32.dll
0x00007ff971750000 - 0x00007ff971800000 	C:\WINDOWS\System32\clbcatq.dll
0x00007ff95e830000 - 0x00007ff95e8cd000 	C:\WINDOWS\System32\MMDevApi.dll
0x00007ff955c90000 - 0x00007ff955e75000 	C:\WINDOWS\SYSTEM32\AUDIOSES.DLL
0x00007ff96c450000 - 0x00007ff96c465000 	C:\WINDOWS\SYSTEM32\resourcepolicyclient.dll
0x00007ff96eeb0000 - 0x00007ff96eefd000 	C:\WINDOWS\System32\powrprof.dll
0x00007ff96eaf0000 - 0x00007ff96eb03000 	C:\WINDOWS\SYSTEM32\UMPDC.dll
0x00007ff94ad60000 - 0x00007ff94ae60000 	C:\WINDOWS\SYSTEM32\opengl32.dll
0x00007ff949660000 - 0x00007ff94968d000 	C:\WINDOWS\SYSTEM32\GLU32.dll
0x00007ff96beb0000 - 0x00007ff96bee6000 	C:\WINDOWS\SYSTEM32\dxcore.dll
0x00007ff9672b0000 - 0x00007ff9672f8000 	C:\WINDOWS\SYSTEM32\directxdatabasehelper.dll
0x00007ff961020000 - 0x00007ff961154000 	C:\Windows\System32\AppXDeploymentClient.dll
0x00007ff955570000 - 0x00007ff955666000 	C:\Windows\System32\Windows.ApplicationModel.dll
0x00007ff969e60000 - 0x00007ff969f60000 	C:\WINDOWS\system32\propsys.dll
0x00007ff92eb60000 - 0x00007ff92eb86000 	C:\WINDOWS\system32\mssprxy.dll
0x00007ff90e180000 - 0x00007ff90f257000 	C:\WINDOWS\System32\DriverStore\FileRepository\iigd_dch.inf_amd64_6e6a7f579616ad0a\igxelpicd64.dll
0x00007ff96f9e0000 - 0x00007ff96fad6000 	C:\WINDOWS\System32\dxgi.dll
0x00007ff937e50000 - 0x00007ff937f88000 	C:\WINDOWS\System32\DriverStore\FileRepository\iigd_dch.inf_amd64_6e6a7f579616ad0a\igdml64.dll
0x00007ff960540000 - 0x00007ff960955000 	C:\WINDOWS\System32\DriverStore\FileRepository\iigd_dch.inf_amd64_6e6a7f579616ad0a\igdgmm64.dll
0x00007ff9577e0000 - 0x00007ff95bd5f000 	C:\WINDOWS\System32\DriverStore\FileRepository\iigd_dch.inf_amd64_6e6a7f579616ad0a\igc64.dll
0x00007ff9642e0000 - 0x00007ff96439c000 	C:\WINDOWS\SYSTEM32\mscms.dll
0x00007ff951d40000 - 0x00007ff951d89000 	C:\WINDOWS\SYSTEM32\icm32.dll
0x00007ff93d070000 - 0x00007ff93d0c9000 	C:\Users\HP\AppData\Local\Temp\lwjglHP\3.2.3-build-13\lwjgl_opengl.dll
0x00007ff956330000 - 0x00007ff95645d000 	C:\WINDOWS\SYSTEM32\textinputframework.dll
0x000000006a340000 - 0x000000006a3eb000 	C:\Users\HP\AppData\Local\Temp\libgdxHP\ad089354\gdx-freetype64.dll
0x00007ff9667a0000 - 0x00007ff966b0c000 	C:\WINDOWS\SYSTEM32\CoreUIComponents.dll

dbghelp: loaded successfully - version: 4.0.5 - missing functions: none
symbol engine: initialized successfully - sym options: 0x614 - pdb path: .;C:\Program Files\Java\jdk-17.0.5\bin;C:\WINDOWS\SYSTEM32;C:\WINDOWS\WinSxS\amd64_microsoft.windows.common-controls_6595b64144ccf1df_6.0.22621.1635_none_270f70857386168e;D:\360安全卫士\360Safe\safemon;C:\Program Files\Java\jdk-17.0.5\bin\se;C:\Program Files\Java\jdk-17.0.5\bin\se;C:\Program Files\Java\jdk-17.0.5\bin\se;C:\Program Files\Java\jdk-17.0.5\bin\se;C:\Program Files\Java\jdk-17.0.5\bin\se;C:\Program Files\Java\jdk-17.0.5\bin\se;C:\Program Files\Java\jdk-17.0.5\bin\server;C:\Users\HP\AppData\Local\Temp\libgdxHP\e1cd;C:\Users\HP\AppData\Local\Temp\libgdxHP\e1cd32f8;C:\Users\HP\AppData\Local\Temp\lwjglHP\3.2.3-buil;C:\Users\HP\AppData\Local\Temp\lwjglHP\3.2.3-build-13;C:\Program Files (x86)\RivaTuner Statistics Server;C:\WINDOWS\System32\DriverStore\FileRepository\iigd_dch.inf_amd64_6e6a7f579616;C:\WINDOWS\System32\DriverStore\FileRepository\iigd_dch.inf_amd64_6e6a7f579616ad0a;C:\Users\HP\AppData\Local\Temp\libgdxHP\ad08;C:\Users\HP\AppData\Local\Temp\libgdxHP\ad08

VM Arguments:
jvm_args: -DImplementation-Version=588 -DSpecification-Title=Star Pixel Dungeon -DSpecification-Version=0.1.1-INDEV -Dfile.encoding=GBK -Duser.country=CN -Duser.language=zh -Duser.variant 
java_command: com.shatteredpixel.shatteredpixeldungeon.desktop.DesktopLauncher
java_class_path (initial): D:\Star-Pixel-Dungeon\desktop\build\classes\java\debug;D:\Star-Pixel-Dungeon\desktop\build\resources\debug;D:\Star-Pixel-Dungeon\services\updates\debugUpdates\build\libs\debugUpdates-0.1.1.jar;D:\Star-Pixel-Dungeon\services\news\debugNews\build\libs\debugNews-0.1.1.jar;D:\Star-Pixel-Dungeon\services\build\libs\services-0.1.1.jar;D:\Star-Pixel-Dungeon\SPD-classes\build\libs\SPD-classes-0.1.1.jar;C:\Users\HP\.gradle\caches\modules-2\files-2.1\com.badlogicgames.gdx\gdx-freetype\1.10.0\de1d0d5c1e92e8d91364256fd6b7bb279d3e9859\gdx-freetype-1.10.0.jar;C:\Users\HP\.gradle\caches\modules-2\files-2.1\com.badlogicgames.gdx\gdx\1.10.0\74c240f79dc4fb6b766a834249600d0a019d0489\gdx-1.10.0.jar;C:\Users\HP\.gradle\caches\modules-2\files-2.1\com.github.RohitSurwase.UCE-Handler\uce_handler\1.4\20e40d6c7dd0daec32cbd6e1cbc2350a7f61f062\uce_handler-1.4.aar;C:\Users\HP\.gradle\caches\modules-2\files-2.1\com.android.support\appcompat-v7\28.0.0\132586ec59604a86703796851a063a0ac61f697b\appcompat-v7-28.0.0.aar;C:\Users\HP\.gradle\caches\modules-2\files-2.1\com.android.support\support-fragment\28.0.0\f21c8a8700b30dc57cb6277ae3c4c168a94a4e81\support-fragment-28.0.0.aar;C:\Users\HP\.gradle\caches\modules-2\files-2.1\com.android.support\animated-vector-drawable\28.0.0\e2d41c2a032145313f42ab38a2d9757c5d1ebc19\animated-vector-drawable-28.0.0.aar;C:\Users\HP\.gradle\caches\modules-2\files-2.1\com.android.support\support-core-ui\28.0.0\96035b1030d7c3a81903966c2fa52117d36aa5b7\support-core-ui-28.0.0.aar;C:\Users\HP\.gradle\caches\modules-2\files-2.1\com.android.support\support-core-utils\28.0.0\29b1bb783f1a86eba7f1618bad58842bde72892a\support-core-utils-28.0.0.aar;C:\Users\HP\.gradle\caches\modules-2\files-2.1\com.android.support\support-vector-drawable\28.0.0\80387886ef55af284d8253e52d321f93b3f923dd\support-vector-drawable-28.0.0.aar;C:\Users\HP\.gradle\caches\modules-2\files-2.1\com.android.support\loader\28.0.0\49a297a4635e01ed55f31b5d4a718ba3416fde3d\loader-28.0.0.aar
Launcher Type: SUN_STANDARD

[Global flags]
     intx CICompilerCount                          = 3                                         {product} {ergonomic}
     uint ConcGCThreads                            = 1                                         {product} {ergonomic}
     uint G1ConcRefinementThreads                  = 4                                         {product} {ergonomic}
   size_t G1HeapRegionSize                         = 1048576                                   {product} {ergonomic}
    uintx GCDrainStackTargetSize                   = 64                                        {product} {ergonomic}
   size_t InitialHeapSize                          = 130023424                                 {product} {ergonomic}
   size_t MarkStackSize                            = 4194304                                   {product} {ergonomic}
   size_t MaxHeapSize                              = 2055208960                                {product} {ergonomic}
   size_t MaxNewSize                               = 1233125376                                {product} {ergonomic}
   size_t MinHeapDeltaBytes                        = 1048576                                   {product} {ergonomic}
   size_t MinHeapSize                              = 8388608                                   {product} {ergonomic}
    uintx NonNMethodCodeHeapSize                   = 5832780                                {pd product} {ergonomic}
    uintx NonProfiledCodeHeapSize                  = 122912730                              {pd product} {ergonomic}
    uintx ProfiledCodeHeapSize                     = 122912730                              {pd product} {ergonomic}
    uintx ReservedCodeCacheSize                    = 251658240                              {pd product} {ergonomic}
     bool SegmentedCodeCache                       = true                                      {product} {ergonomic}
   size_t SoftMaxHeapSize                          = 2055208960                             {manageable} {ergonomic}
     bool UseCompressedClassPointers               = true                           {product lp64_product} {ergonomic}
     bool UseCompressedOops                        = true                           {product lp64_product} {ergonomic}
     bool UseG1GC                                  = true                                      {product} {ergonomic}
     bool UseLargePagesIndividualAllocation        = false                                  {pd product} {ergonomic}

Logging:
Log output configuration:
 #0: stdout all=warning uptime,level,tags
 #1: stderr all=off uptime,level,tags

Environment Variables:
JAVA_HOME=C:\Program Files\Java\jdk-17.0.5
CLASSPATH=D:\Star-Pixel-Dungeon\\gradle\wrapper\gradle-wrapper.jar
PATH=D:\VMware Workstation\bin\;C:\Program Files\Common Files\Oracle\Java\javapath;C:\Program Files\Java\jdk-17.0.5\bin;C:\Program Files\Java\jdk-17.0.5\jre\bin;C:\Program Files (x86)\Common Files\Oracle\Java\javapath;C:\ProgramData\Oracle\Java\javapath;C:\windows\system32;C:\windows;C:\windows\System32\Wbem;C:\windows\System32\WindowsPowerShell\v1.0\;C:\windows\System32\OpenSSH\;C:\Program Files (x86)\NVIDIA Corporation\PhysX\Common;C:\Program Files\dotnet\;D:\Steam;D:\PCL2;D:\Geph4;D:\Steam+;D:\TIM\Bin;C:\Git\cmd;C:\Git;D:\WeChat;C:\Program Files\Intel\Intel(R) Memory and Storage Tool\;C:\WINDOWS\system32;C:\WINDOWS;C:\WINDOWS\System32\Wbem;C:\WINDOWS\System32\WindowsPowerShell\v1.0\;C:\WINDOWS\System32\OpenSSH\;C:\Program Files (x86)\dotnet\;D:\VMware Workstation;D:\Android Studio\bin;D:\Honkai Impact 3\Games;D:\Honkai Impact 3;D:\金山打字通\11.9;C:\Users\HP\AppData\Local\Microsoft\WindowsApps;C:\Users\HP\AppData\Local\GitHubDesktop\bin;
USERNAME=HP
OS=Windows_NT
PROCESSOR_IDENTIFIER=Intel64 Family 6 Model 140 Stepping 1, GenuineIntel



---------------  S Y S T E M  ---------------

OS:
 Windows 11 , 64 bit Build 22621 (10.0.22621.1635)
OS uptime: 0 days 0:23 hours
Hyper-V role detected

CPU: total 4 (initial active 4) (2 cores per cpu, 2 threads per core) family 6 model 140 stepping 1 microcode 0xa6, cx8, cmov, fxsr, ht, mmx, 3dnowpref, sse, sse2, sse3, ssse3, sse4.1, sse4.2, popcnt, lzcnt, tsc, tscinvbit, avx, avx2, aes, erms, clmul, bmi1, bmi2, adx, avx512f, avx512dq, avx512cd, avx512bw, avx512vl, sha, fma, vzeroupper, avx512_vpopcntdq, avx512_vpclmulqdq, avx512_vaes, avx512_vnni, clflush, clflushopt, clwb, avx512_vbmi2, avx512_vbmi, hv

Memory: 4k page, system-wide physical 7834M (186M free)
TotalPageFile size 11930M (AvailPageFile size 0M)
current process WorkingSet (physical memory assigned to process): 645M, peak: 645M
current process commit charge ("private bytes"): 1352M, peak: 1353M

vm_info: Java HotSpot(TM) 64-Bit Server VM (17.0.5+9-LTS-191) for windows-amd64 JRE (17.0.5+9-LTS-191), built on Sep 13 2022 17:31:43 by "mach5one" with MS VC++ 16.8 / 16.9 (VS2019)

END.
