#
# There is insufficient memory for the Java Runtime Environment to continue.
# Native memory allocation (malloc) failed to allocate 32744 bytes for ChunkPool::allocate
# Possible reasons:
#   The system is out of physical RAM or swap space
#   The process is running with CompressedOops enabled, and the Java Heap may be blocking the growth of the native heap
# Possible solutions:
#   Reduce memory load on the system
#   Increase physical memory or swap space
#   Check if swap backing store is full
#   Decrease Java heap size (-Xmx/-Xms)
#   Decrease number of Java threads
#   Decrease Java thread stack sizes (-Xss)
#   Set larger code cache with -XX:ReservedCodeCacheSize=
#   JVM is running with Unscaled Compressed Oops mode in which the Java heap is
#     placed in the first 4GB address space. The Java Heap base address is the
#     maximum limit for the native heap growth. Please use -XX:HeapBaseMinAddress
#     to set the Java Heap base and to place the Java Heap above 4GB virtual address.
# This output file may be truncated or incomplete.
#
#  Out of Memory Error (./src/hotspot/share/memory/arena.cpp:81), pid=992, tid=7884
#
# JRE version: OpenJDK Runtime Environment (11.0.13) (build 11.0.13+0-b1751.21-8125866)
# Java VM: OpenJDK 64-Bit Server VM (11.0.13+0-b1751.21-8125866, mixed mode, tiered, compressed oops, g1 gc, windows-amd64)
# No core dump will be written. Minidumps are not enabled by default on client versions of Windows
#

---------------  S U M M A R Y ------------

Command Line: -DImplementation-Version=588 -DSpecification-Title=Star Pixel Dungeon -DSpecification-Version=0.1.1-INDEV -agentlib:jdwp=transport=dt_socket,server=n,suspend=y,address=127.0.0.1:50873 -Dfile.encoding=GBK -Duser.country=CN -Duser.language=zh -Duser.variant com.shatteredpixel.shatteredpixeldungeon.desktop.DesktopLauncher

Host: 11th Gen Intel(R) Core(TM) i3-1115G4 @ 3.00GHz, 4 cores, 7G,  Windows 11 , 64 bit Build 22621 (10.0.22621.1635)
Time: Sun Jun  4 11:08:07 2023 中国标准时间 elapsed time: 2.631125 seconds (0d 0h 0m 2s)

---------------  T H R E A D  ---------------

Current thread (0x0000025d19312000):  JavaThread "C2 CompilerThread0" daemon [_thread_in_native, id=7884, stack(0x000000d059800000,0x000000d059900000)]


Current CompileTask:
C2:   2631 1114 %     4       javazoom.jl.decoder.LayerIIIDecoder::decode @ 340 (572 bytes)

Stack: [0x000000d059800000,0x000000d059900000]
Native frames: (J=compiled Java code, j=interpreted, Vv=VM code, C=native code)
V  [jvm.dll+0x6100fa]
V  [jvm.dll+0x747090]
V  [jvm.dll+0x7486ad]
V  [jvm.dll+0x748d83]
V  [jvm.dll+0x24ab48]
V  [jvm.dll+0xc075b]
V  [jvm.dll+0xc0a0c]
V  [jvm.dll+0xc060c]
V  [jvm.dll+0x5eed90]
V  [jvm.dll+0x32c6f4]
V  [jvm.dll+0x32de23]
V  [jvm.dll+0x32b631]
V  [jvm.dll+0x32ad2a]
V  [jvm.dll+0x2032b2]
V  [jvm.dll+0x202437]
V  [jvm.dll+0x188e01]
V  [jvm.dll+0x21106b]
V  [jvm.dll+0x20f8c1]
V  [jvm.dll+0x70de0f]
V  [jvm.dll+0x706a75]
V  [jvm.dll+0x60ed66]
C  [ucrtbase.dll+0x29363]
C  [KERNEL32.DLL+0x126ad]
C  [ntdll.dll+0x5a9f8]


---------------  P R O C E S S  ---------------

Threads class SMR info:
_java_thread_list=0x0000025d1a9c8540, length=14, elements={
0x0000025d7e59f800, 0x0000025d18a7d000, 0x0000025d18a83800, 0x0000025d1930c000,
0x0000025d1930d000, 0x0000025d1930f000, 0x0000025d19312000, 0x0000025d19314000,
0x0000025d19318800, 0x0000025d19491000, 0x0000025d194c5000, 0x0000025d194ca000,
0x0000025d194f1800, 0x0000025d1a975000
}

Java Threads: ( => current thread )
  0x0000025d7e59f800 JavaThread "main" [_thread_in_native, id=1976, stack(0x000000d058c00000,0x000000d058d00000)]
  0x0000025d18a7d000 JavaThread "Reference Handler" daemon [_thread_blocked, id=3812, stack(0x000000d059300000,0x000000d059400000)]
  0x0000025d18a83800 JavaThread "Finalizer" daemon [_thread_blocked, id=1840, stack(0x000000d059400000,0x000000d059500000)]
  0x0000025d1930c000 JavaThread "Signal Dispatcher" daemon [_thread_blocked, id=6460, stack(0x000000d059500000,0x000000d059600000)]
  0x0000025d1930d000 JavaThread "Attach Listener" daemon [_thread_blocked, id=8556, stack(0x000000d059600000,0x000000d059700000)]
  0x0000025d1930f000 JavaThread "Service Thread" daemon [_thread_blocked, id=11868, stack(0x000000d059700000,0x000000d059800000)]
=>0x0000025d19312000 JavaThread "C2 CompilerThread0" daemon [_thread_in_native, id=7884, stack(0x000000d059800000,0x000000d059900000)]
  0x0000025d19314000 JavaThread "C1 CompilerThread0" daemon [_thread_in_native, id=7860, stack(0x000000d059900000,0x000000d059a00000)]
  0x0000025d19318800 JavaThread "Sweeper thread" daemon [_thread_blocked, id=1008, stack(0x000000d059a00000,0x000000d059b00000)]
  0x0000025d19491000 JavaThread "JDWP Transport Listener: dt_socket" daemon [_thread_blocked, id=9700, stack(0x000000d059b00000,0x000000d059c00000)]
  0x0000025d194c5000 JavaThread "JDWP Event Helper Thread" daemon [_thread_blocked, id=1708, stack(0x000000d059c00000,0x000000d059d00000)]
  0x0000025d194ca000 JavaThread "JDWP Command Reader" daemon [_thread_in_native, id=3308, stack(0x000000d059d00000,0x000000d059e00000)]
  0x0000025d194f1800 JavaThread "Common-Cleaner" daemon [_thread_blocked, id=5816, stack(0x000000d059f00000,0x000000d05a000000)]
  0x0000025d1a975000 JavaThread "C2 CompilerThread1" daemon [_thread_in_native, id=1372, stack(0x000000d05af00000,0x000000d05b000000)]

Other Threads:
  0x0000025d18a68800 VMThread "VM Thread" [stack: 0x000000d059200000,0x000000d059300000] [id=12128]
  0x0000025d194d9800 WatcherThread [stack: 0x000000d059e00000,0x000000d059f00000] [id=2324]
  0x0000025d7e5b9800 GCTaskThread "GC Thread#0" [stack: 0x000000d058d00000,0x000000d058e00000] [id=8416]
  0x0000025d19d9b000 GCTaskThread "GC Thread#1" [stack: 0x000000d05a100000,0x000000d05a200000] [id=13008]
  0x0000025d7e5e9000 ConcurrentGCThread "G1 Main Marker" [stack: 0x000000d058e00000,0x000000d058f00000] [id=12120]
  0x0000025d7e5eb800 ConcurrentGCThread "G1 Conc#0" [stack: 0x000000d058f00000,0x000000d059000000] [id=4172]
  0x0000025d188c0800 ConcurrentGCThread "G1 Refine#0" [stack: 0x000000d059000000,0x000000d059100000] [id=10588]
  0x0000025d188c3000 ConcurrentGCThread "G1 Young RemSet Sampling" [stack: 0x000000d059100000,0x000000d059200000] [id=14272]

Threads with active compile tasks:
C2 CompilerThread0   2713 1114 %     4       javazoom.jl.decoder.LayerIIIDecoder::decode @ 340 (572 bytes)
C1 CompilerThread0   2713 1280       2       com.badlogic.gdx.graphics.g2d.GlyphLayout::setText (1523 bytes)
C2 CompilerThread1   2713 1144       4       javazoom.jl.decoder.SynthesisFilter::calculate_pcm_samples (70 bytes)

VM state:not at safepoint (normal execution)

VM Mutex/Monitor currently owned by a thread: None

Heap address: 0x0000000085800000, size: 1960 MB, Compressed Oops mode: 32-bit
Narrow klass base: 0x0000000000000000, Narrow klass shift: 3
Compressed class space size: 1073741824 Address: 0x0000000100000000

Heap:
 garbage-first heap   total 126976K, used 64061K [0x0000000085800000, 0x0000000100000000)
  region size 1024K, 63 young (64512K), 2 survivors (2048K)
 Metaspace       used 16308K, capacity 16475K, committed 16768K, reserved 1064960K
  class space    used 1265K, capacity 1319K, committed 1408K, reserved 1048576K
Heap Regions: E=young(eden), S=young(survivor), O=old, HS=humongous(starts), HC=humongous(continues), CS=collection set, F=free, A=archive, TAMS=top-at-mark-start (previous, next)
|   0|0x0000000085800000, 0x000000008588f600, 0x0000000085900000| 56%| O|  |TAMS 0x0000000085800000, 0x0000000085800000| Untracked 
|   1|0x0000000085900000, 0x0000000085a00000, 0x0000000085a00000|100%|HS|  |TAMS 0x0000000085900000, 0x0000000085900000| Complete 
|   2|0x0000000085a00000, 0x0000000085a00000, 0x0000000085b00000|  0%| F|  |TAMS 0x0000000085a00000, 0x0000000085a00000| Untracked 
|   3|0x0000000085b00000, 0x0000000085b00000, 0x0000000085c00000|  0%| F|  |TAMS 0x0000000085b00000, 0x0000000085b00000| Untracked 
|   4|0x0000000085c00000, 0x0000000085c00000, 0x0000000085d00000|  0%| F|  |TAMS 0x0000000085c00000, 0x0000000085c00000| Untracked 
|   5|0x0000000085d00000, 0x0000000085d00000, 0x0000000085e00000|  0%| F|  |TAMS 0x0000000085d00000, 0x0000000085d00000| Untracked 
|   6|0x0000000085e00000, 0x0000000085e00000, 0x0000000085f00000|  0%| F|  |TAMS 0x0000000085e00000, 0x0000000085e00000| Untracked 
|   7|0x0000000085f00000, 0x0000000085f00000, 0x0000000086000000|  0%| F|  |TAMS 0x0000000085f00000, 0x0000000085f00000| Untracked 
|   8|0x0000000086000000, 0x0000000086000000, 0x0000000086100000|  0%| F|  |TAMS 0x0000000086000000, 0x0000000086000000| Untracked 
|   9|0x0000000086100000, 0x0000000086100000, 0x0000000086200000|  0%| F|  |TAMS 0x0000000086100000, 0x0000000086100000| Untracked 
|  10|0x0000000086200000, 0x0000000086200000, 0x0000000086300000|  0%| F|  |TAMS 0x0000000086200000, 0x0000000086200000| Untracked 
|  11|0x0000000086300000, 0x0000000086300000, 0x0000000086400000|  0%| F|  |TAMS 0x0000000086300000, 0x0000000086300000| Untracked 
|  12|0x0000000086400000, 0x0000000086400000, 0x0000000086500000|  0%| F|  |TAMS 0x0000000086400000, 0x0000000086400000| Untracked 
|  13|0x0000000086500000, 0x0000000086500000, 0x0000000086600000|  0%| F|  |TAMS 0x0000000086500000, 0x0000000086500000| Untracked 
|  14|0x0000000086600000, 0x0000000086600000, 0x0000000086700000|  0%| F|  |TAMS 0x0000000086600000, 0x0000000086600000| Untracked 
|  15|0x0000000086700000, 0x0000000086700000, 0x0000000086800000|  0%| F|  |TAMS 0x0000000086700000, 0x0000000086700000| Untracked 
|  16|0x0000000086800000, 0x0000000086800000, 0x0000000086900000|  0%| F|  |TAMS 0x0000000086800000, 0x0000000086800000| Untracked 
|  17|0x0000000086900000, 0x0000000086900000, 0x0000000086a00000|  0%| F|  |TAMS 0x0000000086900000, 0x0000000086900000| Untracked 
|  18|0x0000000086a00000, 0x0000000086a00000, 0x0000000086b00000|  0%| F|  |TAMS 0x0000000086a00000, 0x0000000086a00000| Untracked 
|  19|0x0000000086b00000, 0x0000000086b00000, 0x0000000086c00000|  0%| F|  |TAMS 0x0000000086b00000, 0x0000000086b00000| Untracked 
|  20|0x0000000086c00000, 0x0000000086c00000, 0x0000000086d00000|  0%| F|  |TAMS 0x0000000086c00000, 0x0000000086c00000| Untracked 
|  21|0x0000000086d00000, 0x0000000086d00000, 0x0000000086e00000|  0%| F|  |TAMS 0x0000000086d00000, 0x0000000086d00000| Untracked 
|  22|0x0000000086e00000, 0x0000000086e00000, 0x0000000086f00000|  0%| F|  |TAMS 0x0000000086e00000, 0x0000000086e00000| Untracked 
|  23|0x0000000086f00000, 0x0000000086f00000, 0x0000000087000000|  0%| F|  |TAMS 0x0000000086f00000, 0x0000000086f00000| Untracked 
|  24|0x0000000087000000, 0x0000000087000000, 0x0000000087100000|  0%| F|  |TAMS 0x0000000087000000, 0x0000000087000000| Untracked 
|  25|0x0000000087100000, 0x0000000087100000, 0x0000000087200000|  0%| F|  |TAMS 0x0000000087100000, 0x0000000087100000| Untracked 
|  26|0x0000000087200000, 0x0000000087200000, 0x0000000087300000|  0%| F|  |TAMS 0x0000000087200000, 0x0000000087200000| Untracked 
|  27|0x0000000087300000, 0x0000000087300000, 0x0000000087400000|  0%| F|  |TAMS 0x0000000087300000, 0x0000000087300000| Untracked 
|  28|0x0000000087400000, 0x0000000087400000, 0x0000000087500000|  0%| F|  |TAMS 0x0000000087400000, 0x0000000087400000| Untracked 
|  29|0x0000000087500000, 0x0000000087500000, 0x0000000087600000|  0%| F|  |TAMS 0x0000000087500000, 0x0000000087500000| Untracked 
|  30|0x0000000087600000, 0x0000000087600000, 0x0000000087700000|  0%| F|  |TAMS 0x0000000087600000, 0x0000000087600000| Untracked 
|  31|0x0000000087700000, 0x0000000087700000, 0x0000000087800000|  0%| F|  |TAMS 0x0000000087700000, 0x0000000087700000| Untracked 
|  32|0x0000000087800000, 0x0000000087800000, 0x0000000087900000|  0%| F|  |TAMS 0x0000000087800000, 0x0000000087800000| Untracked 
|  33|0x0000000087900000, 0x0000000087900000, 0x0000000087a00000|  0%| F|  |TAMS 0x0000000087900000, 0x0000000087900000| Untracked 
|  34|0x0000000087a00000, 0x0000000087a00000, 0x0000000087b00000|  0%| F|  |TAMS 0x0000000087a00000, 0x0000000087a00000| Untracked 
|  35|0x0000000087b00000, 0x0000000087b00000, 0x0000000087c00000|  0%| F|  |TAMS 0x0000000087b00000, 0x0000000087b00000| Untracked 
|  36|0x0000000087c00000, 0x0000000087c00000, 0x0000000087d00000|  0%| F|  |TAMS 0x0000000087c00000, 0x0000000087c00000| Untracked 
|  37|0x0000000087d00000, 0x0000000087d00000, 0x0000000087e00000|  0%| F|  |TAMS 0x0000000087d00000, 0x0000000087d00000| Untracked 
|  38|0x0000000087e00000, 0x0000000087e00000, 0x0000000087f00000|  0%| F|  |TAMS 0x0000000087e00000, 0x0000000087e00000| Untracked 
|  39|0x0000000087f00000, 0x0000000087f00000, 0x0000000088000000|  0%| F|  |TAMS 0x0000000087f00000, 0x0000000087f00000| Untracked 
|  40|0x0000000088000000, 0x0000000088000000, 0x0000000088100000|  0%| F|  |TAMS 0x0000000088000000, 0x0000000088000000| Untracked 
|  41|0x0000000088100000, 0x0000000088100000, 0x0000000088200000|  0%| F|  |TAMS 0x0000000088100000, 0x0000000088100000| Untracked 
|  42|0x0000000088200000, 0x0000000088200000, 0x0000000088300000|  0%| F|  |TAMS 0x0000000088200000, 0x0000000088200000| Untracked 
|  43|0x0000000088300000, 0x0000000088300000, 0x0000000088400000|  0%| F|  |TAMS 0x0000000088300000, 0x0000000088300000| Untracked 
|  44|0x0000000088400000, 0x0000000088400000, 0x0000000088500000|  0%| F|  |TAMS 0x0000000088400000, 0x0000000088400000| Untracked 
|  45|0x0000000088500000, 0x0000000088500000, 0x0000000088600000|  0%| F|  |TAMS 0x0000000088500000, 0x0000000088500000| Untracked 
|  46|0x0000000088600000, 0x0000000088600000, 0x0000000088700000|  0%| F|  |TAMS 0x0000000088600000, 0x0000000088600000| Untracked 
|  47|0x0000000088700000, 0x0000000088700000, 0x0000000088800000|  0%| F|  |TAMS 0x0000000088700000, 0x0000000088700000| Untracked 
|  48|0x0000000088800000, 0x0000000088800000, 0x0000000088900000|  0%| F|  |TAMS 0x0000000088800000, 0x0000000088800000| Untracked 
|  49|0x0000000088900000, 0x0000000088900000, 0x0000000088a00000|  0%| F|  |TAMS 0x0000000088900000, 0x0000000088900000| Untracked 
|  50|0x0000000088a00000, 0x0000000088a00000, 0x0000000088b00000|  0%| F|  |TAMS 0x0000000088a00000, 0x0000000088a00000| Untracked 
|  51|0x0000000088b00000, 0x0000000088b00000, 0x0000000088c00000|  0%| F|  |TAMS 0x0000000088b00000, 0x0000000088b00000| Untracked 
|  52|0x0000000088c00000, 0x0000000088c00000, 0x0000000088d00000|  0%| F|  |TAMS 0x0000000088c00000, 0x0000000088c00000| Untracked 
|  53|0x0000000088d00000, 0x0000000088d00000, 0x0000000088e00000|  0%| F|  |TAMS 0x0000000088d00000, 0x0000000088d00000| Untracked 
|  54|0x0000000088e00000, 0x0000000088e00000, 0x0000000088f00000|  0%| F|  |TAMS 0x0000000088e00000, 0x0000000088e00000| Untracked 
|  55|0x0000000088f00000, 0x0000000088f00000, 0x0000000089000000|  0%| F|  |TAMS 0x0000000088f00000, 0x0000000088f00000| Untracked 
|  56|0x0000000089000000, 0x0000000089000000, 0x0000000089100000|  0%| F|  |TAMS 0x0000000089000000, 0x0000000089000000| Untracked 
|  57|0x0000000089100000, 0x0000000089100000, 0x0000000089200000|  0%| F|  |TAMS 0x0000000089100000, 0x0000000089100000| Untracked 
|  58|0x0000000089200000, 0x0000000089200000, 0x0000000089300000|  0%| F|  |TAMS 0x0000000089200000, 0x0000000089200000| Untracked 
|  59|0x0000000089300000, 0x0000000089300000, 0x0000000089400000|  0%| F|  |TAMS 0x0000000089300000, 0x0000000089300000| Untracked 
|  60|0x0000000089400000, 0x0000000089400000, 0x0000000089500000|  0%| F|  |TAMS 0x0000000089400000, 0x0000000089400000| Untracked 
|  61|0x0000000089500000, 0x0000000089580800, 0x0000000089600000| 50%| E|  |TAMS 0x0000000089500000, 0x0000000089500000| Complete 
|  62|0x0000000089600000, 0x0000000089700000, 0x0000000089700000|100%| E|CS|TAMS 0x0000000089600000, 0x0000000089600000| Complete 
|  63|0x0000000089700000, 0x0000000089800000, 0x0000000089800000|100%| E|CS|TAMS 0x0000000089700000, 0x0000000089700000| Complete 
|  64|0x0000000089800000, 0x0000000089900000, 0x0000000089900000|100%| E|CS|TAMS 0x0000000089800000, 0x0000000089800000| Complete 
|  65|0x0000000089900000, 0x0000000089a00000, 0x0000000089a00000|100%| E|  |TAMS 0x0000000089900000, 0x0000000089900000| Complete 
|  66|0x0000000089a00000, 0x0000000089b00000, 0x0000000089b00000|100%| E|CS|TAMS 0x0000000089a00000, 0x0000000089a00000| Complete 
|  67|0x0000000089b00000, 0x0000000089c00000, 0x0000000089c00000|100%| E|CS|TAMS 0x0000000089b00000, 0x0000000089b00000| Complete 
|  68|0x0000000089c00000, 0x0000000089d00000, 0x0000000089d00000|100%| E|CS|TAMS 0x0000000089c00000, 0x0000000089c00000| Complete 
|  69|0x0000000089d00000, 0x0000000089e00000, 0x0000000089e00000|100%| E|CS|TAMS 0x0000000089d00000, 0x0000000089d00000| Complete 
|  70|0x0000000089e00000, 0x0000000089f00000, 0x0000000089f00000|100%| E|CS|TAMS 0x0000000089e00000, 0x0000000089e00000| Complete 
|  71|0x0000000089f00000, 0x000000008a000000, 0x000000008a000000|100%| E|CS|TAMS 0x0000000089f00000, 0x0000000089f00000| Complete 
|  72|0x000000008a000000, 0x000000008a100000, 0x000000008a100000|100%| E|CS|TAMS 0x000000008a000000, 0x000000008a000000| Complete 
|  73|0x000000008a100000, 0x000000008a200000, 0x000000008a200000|100%| E|CS|TAMS 0x000000008a100000, 0x000000008a100000| Complete 
|  74|0x000000008a200000, 0x000000008a300000, 0x000000008a300000|100%| E|CS|TAMS 0x000000008a200000, 0x000000008a200000| Complete 
|  75|0x000000008a300000, 0x000000008a400000, 0x000000008a400000|100%| E|CS|TAMS 0x000000008a300000, 0x000000008a300000| Complete 
|  76|0x000000008a400000, 0x000000008a500000, 0x000000008a500000|100%| E|CS|TAMS 0x000000008a400000, 0x000000008a400000| Complete 
|  77|0x000000008a500000, 0x000000008a600000, 0x000000008a600000|100%| E|CS|TAMS 0x000000008a500000, 0x000000008a500000| Complete 
|  78|0x000000008a600000, 0x000000008a700000, 0x000000008a700000|100%| E|CS|TAMS 0x000000008a600000, 0x000000008a600000| Complete 
|  79|0x000000008a700000, 0x000000008a800000, 0x000000008a800000|100%| E|CS|TAMS 0x000000008a700000, 0x000000008a700000| Complete 
|  80|0x000000008a800000, 0x000000008a900000, 0x000000008a900000|100%| E|CS|TAMS 0x000000008a800000, 0x000000008a800000| Complete 
|  81|0x000000008a900000, 0x000000008aa00000, 0x000000008aa00000|100%| E|CS|TAMS 0x000000008a900000, 0x000000008a900000| Complete 
|  82|0x000000008aa00000, 0x000000008ab00000, 0x000000008ab00000|100%| E|CS|TAMS 0x000000008aa00000, 0x000000008aa00000| Complete 
|  83|0x000000008ab00000, 0x000000008ac00000, 0x000000008ac00000|100%| E|CS|TAMS 0x000000008ab00000, 0x000000008ab00000| Complete 
|  84|0x000000008ac00000, 0x000000008ad00000, 0x000000008ad00000|100%| E|CS|TAMS 0x000000008ac00000, 0x000000008ac00000| Complete 
|  85|0x000000008ad00000, 0x000000008ae00000, 0x000000008ae00000|100%| E|CS|TAMS 0x000000008ad00000, 0x000000008ad00000| Complete 
|  86|0x000000008ae00000, 0x000000008af00000, 0x000000008af00000|100%| E|CS|TAMS 0x000000008ae00000, 0x000000008ae00000| Complete 
|  87|0x000000008af00000, 0x000000008b000000, 0x000000008b000000|100%| E|CS|TAMS 0x000000008af00000, 0x000000008af00000| Complete 
|  88|0x000000008b000000, 0x000000008b100000, 0x000000008b100000|100%| E|CS|TAMS 0x000000008b000000, 0x000000008b000000| Complete 
|  89|0x000000008b100000, 0x000000008b200000, 0x000000008b200000|100%| E|CS|TAMS 0x000000008b100000, 0x000000008b100000| Complete 
|  90|0x000000008b200000, 0x000000008b300000, 0x000000008b300000|100%| E|CS|TAMS 0x000000008b200000, 0x000000008b200000| Complete 
|  91|0x000000008b300000, 0x000000008b400000, 0x000000008b400000|100%| E|CS|TAMS 0x000000008b300000, 0x000000008b300000| Complete 
|  92|0x000000008b400000, 0x000000008b500000, 0x000000008b500000|100%| E|CS|TAMS 0x000000008b400000, 0x000000008b400000| Complete 
|  93|0x000000008b500000, 0x000000008b600000, 0x000000008b600000|100%| E|CS|TAMS 0x000000008b500000, 0x000000008b500000| Complete 
|  94|0x000000008b600000, 0x000000008b700000, 0x000000008b700000|100%| E|CS|TAMS 0x000000008b600000, 0x000000008b600000| Complete 
|  95|0x000000008b700000, 0x000000008b800000, 0x000000008b800000|100%| E|CS|TAMS 0x000000008b700000, 0x000000008b700000| Complete 
|  96|0x000000008b800000, 0x000000008b900000, 0x000000008b900000|100%| E|CS|TAMS 0x000000008b800000, 0x000000008b800000| Complete 
|  97|0x000000008b900000, 0x000000008ba00000, 0x000000008ba00000|100%| E|CS|TAMS 0x000000008b900000, 0x000000008b900000| Complete 
|  98|0x000000008ba00000, 0x000000008bb00000, 0x000000008bb00000|100%| E|CS|TAMS 0x000000008ba00000, 0x000000008ba00000| Complete 
|  99|0x000000008bb00000, 0x000000008bc00000, 0x000000008bc00000|100%| E|CS|TAMS 0x000000008bb00000, 0x000000008bb00000| Complete 
| 100|0x000000008bc00000, 0x000000008bd00000, 0x000000008bd00000|100%| E|CS|TAMS 0x000000008bc00000, 0x000000008bc00000| Complete 
| 101|0x000000008bd00000, 0x000000008be00000, 0x000000008be00000|100%| E|CS|TAMS 0x000000008bd00000, 0x000000008bd00000| Complete 
| 102|0x000000008be00000, 0x000000008bf00000, 0x000000008bf00000|100%| E|CS|TAMS 0x000000008be00000, 0x000000008be00000| Complete 
| 103|0x000000008bf00000, 0x000000008c000000, 0x000000008c000000|100%| E|CS|TAMS 0x000000008bf00000, 0x000000008bf00000| Complete 
| 104|0x000000008c000000, 0x000000008c100000, 0x000000008c100000|100%| E|CS|TAMS 0x000000008c000000, 0x000000008c000000| Complete 
| 105|0x000000008c100000, 0x000000008c200000, 0x000000008c200000|100%| E|CS|TAMS 0x000000008c100000, 0x000000008c100000| Complete 
| 106|0x000000008c200000, 0x000000008c300000, 0x000000008c300000|100%| E|CS|TAMS 0x000000008c200000, 0x000000008c200000| Complete 
| 107|0x000000008c300000, 0x000000008c400000, 0x000000008c400000|100%| E|CS|TAMS 0x000000008c300000, 0x000000008c300000| Complete 
| 108|0x000000008c400000, 0x000000008c500000, 0x000000008c500000|100%| S|CS|TAMS 0x000000008c400000, 0x000000008c400000| Complete 
| 109|0x000000008c500000, 0x000000008c600000, 0x000000008c600000|100%| S|CS|TAMS 0x000000008c500000, 0x000000008c500000| Complete 
| 110|0x000000008c600000, 0x000000008c700000, 0x000000008c700000|100%| E|CS|TAMS 0x000000008c600000, 0x000000008c600000| Complete 
| 111|0x000000008c700000, 0x000000008c800000, 0x000000008c800000|100%| E|CS|TAMS 0x000000008c700000, 0x000000008c700000| Complete 
| 112|0x000000008c800000, 0x000000008c900000, 0x000000008c900000|100%| E|CS|TAMS 0x000000008c800000, 0x000000008c800000| Complete 
| 113|0x000000008c900000, 0x000000008ca00000, 0x000000008ca00000|100%| E|CS|TAMS 0x000000008c900000, 0x000000008c900000| Complete 
| 114|0x000000008ca00000, 0x000000008cb00000, 0x000000008cb00000|100%| E|CS|TAMS 0x000000008ca00000, 0x000000008ca00000| Complete 
| 115|0x000000008cb00000, 0x000000008cc00000, 0x000000008cc00000|100%| E|CS|TAMS 0x000000008cb00000, 0x000000008cb00000| Complete 
| 116|0x000000008cc00000, 0x000000008cd00000, 0x000000008cd00000|100%| E|CS|TAMS 0x000000008cc00000, 0x000000008cc00000| Complete 
| 117|0x000000008cd00000, 0x000000008ce00000, 0x000000008ce00000|100%| E|CS|TAMS 0x000000008cd00000, 0x000000008cd00000| Complete 
| 118|0x000000008ce00000, 0x000000008cf00000, 0x000000008cf00000|100%| E|CS|TAMS 0x000000008ce00000, 0x000000008ce00000| Complete 
| 119|0x000000008cf00000, 0x000000008d000000, 0x000000008d000000|100%| E|CS|TAMS 0x000000008cf00000, 0x000000008cf00000| Complete 
| 120|0x000000008d000000, 0x000000008d100000, 0x000000008d100000|100%| E|CS|TAMS 0x000000008d000000, 0x000000008d000000| Complete 
| 121|0x000000008d100000, 0x000000008d200000, 0x000000008d200000|100%| E|CS|TAMS 0x000000008d100000, 0x000000008d100000| Complete 
| 122|0x000000008d200000, 0x000000008d300000, 0x000000008d300000|100%| E|CS|TAMS 0x000000008d200000, 0x000000008d200000| Complete 
| 123|0x000000008d300000, 0x000000008d400000, 0x000000008d400000|100%| E|CS|TAMS 0x000000008d300000, 0x000000008d300000| Complete 

Card table byte_map: [0x0000025d7f3c0000,0x0000025d7f7a0000] _byte_map_base: 0x0000025d7ef94000

Marking Bits (Prev, Next): (CMBitMap*) 0x0000025d7e5e0b98, (CMBitMap*) 0x0000025d7e5e0bd0
 Prev Bits: [0x0000025d12a40000, 0x0000025d148e0000)
 Next Bits: [0x0000025d148e0000, 0x0000025d16780000)

Polling page: 0x0000025d7e640000

Metaspace:

Usage:
  Non-class:     14.80 MB capacity,    14.69 MB (>99%) used,    96.97 KB ( <1%) free+waste,    16.69 KB ( <1%) overhead. 
      Class:      1.29 MB capacity,     1.24 MB ( 96%) used,    47.64 KB (  4%) free+waste,     5.63 KB ( <1%) overhead. 
       Both:     16.09 MB capacity,    15.93 MB ( 99%) used,   144.61 KB ( <1%) free+waste,    22.31 KB ( <1%) overhead. 

Virtual space:
  Non-class space:       16.00 MB reserved,      15.00 MB ( 94%) committed 
      Class space:        1.00 GB reserved,       1.38 MB ( <1%) committed 
             Both:        1.02 GB reserved,      16.38 MB (  2%) committed 

Chunk freelists:
   Non-Class:  76.00 KB
       Class:  25.00 KB
        Both:  101.00 KB

MaxMetaspaceSize: 17179869184.00 GB
CompressedClassSpaceSize: 1.00 GB
Initial GC threshold: 20.80 MB
Current GC threshold: 20.80 MB
CDS: off

CodeHeap 'non-profiled nmethods': size=120064Kb used=602Kb max_used=602Kb free=119461Kb
 bounds [0x0000025d0b500000, 0x0000025d0b770000, 0x0000025d12a40000]
CodeHeap 'profiled nmethods': size=120000Kb used=2674Kb max_used=2674Kb free=117325Kb
 bounds [0x0000025d03fd0000, 0x0000025d04270000, 0x0000025d0b500000]
CodeHeap 'non-nmethods': size=5696Kb used=1671Kb max_used=1694Kb free=4024Kb
 bounds [0x0000025d03a40000, 0x0000025d03cb0000, 0x0000025d03fd0000]
 total_blobs=2221 nmethods=1241 adapters=901
 compilation: enabled
              stopped_count=0, restarted_count=0
 full_count=0

Compilation events (20 events):
Event: 2.550 Thread 0x0000025d19314000 nmethod 1270 0x0000025d04268710 code [0x0000025d04268960, 0x0000025d04268d98]
Event: 2.550 Thread 0x0000025d19314000 1271       2       com.watabou.utils.RectF::<init> (26 bytes)
Event: 2.551 Thread 0x0000025d19314000 nmethod 1271 0x0000025d04268f90 code [0x0000025d04269140, 0x0000025d04269258]
Event: 2.565 Thread 0x0000025d19314000 1272       2       com.badlogic.gdx.utils.Pools::get (37 bytes)
Event: 2.565 Thread 0x0000025d19314000 nmethod 1272 0x0000025d04269310 code [0x0000025d04269500, 0x0000025d04269768]
Event: 2.566 Thread 0x0000025d19314000 1273       2       com.badlogic.gdx.graphics.g2d.freetype.FreeTypeFontGenerator$FreeTypeBitmapFontData::getGlyph (271 bytes)
Event: 2.567 Thread 0x0000025d19314000 nmethod 1273 0x0000025d04269910 code [0x0000025d04269ba0, 0x0000025d0426a228]
Event: 2.567 Thread 0x0000025d19314000 1275  s    2       com.watabou.noosa.Group::update (51 bytes)
Event: 2.568 Thread 0x0000025d19314000 nmethod 1275 0x0000025d0426a990 code [0x0000025d0426ab80, 0x0000025d0426af98]
Event: 2.568 Thread 0x0000025d19314000 1274       2       com.badlogic.gdx.graphics.g2d.BitmapFont$BitmapFontData::getGlyph (25 bytes)
Event: 2.568 Thread 0x0000025d19314000 nmethod 1274 0x0000025d0426b210 code [0x0000025d0426b3c0, 0x0000025d0426b558]
Event: 2.581 Thread 0x0000025d19314000 1276  s    2       com.watabou.noosa.Group::draw (51 bytes)
Event: 2.582 Thread 0x0000025d19314000 nmethod 1276 0x0000025d0426b690 code [0x0000025d0426b880, 0x0000025d0426bcc8]
Event: 2.582 Thread 0x0000025d19314000 1277       2       com.watabou.utils.PointF::set (12 bytes)
Event: 2.582 Thread 0x0000025d19314000 nmethod 1277 0x0000025d0426bf10 code [0x0000025d0426c0c0, 0x0000025d0426c1b8]
Event: 2.598 Thread 0x0000025d19314000 1278       2       java.lang.Math::abs (14 bytes)
Event: 2.598 Thread 0x0000025d19314000 nmethod 1278 0x0000025d0426c290 code [0x0000025d0426c460, 0x0000025d0426c578]
Event: 2.598 Thread 0x0000025d19314000 1279       2       com.badlogic.gdx.graphics.GLTexture::bind (17 bytes)
Event: 2.598 Thread 0x0000025d19314000 nmethod 1279 0x0000025d0426c610 code [0x0000025d0426c7c0, 0x0000025d0426c948]
Event: 2.621 Thread 0x0000025d19314000 1280       2       com.badlogic.gdx.graphics.g2d.GlyphLayout::setText (1523 bytes)

GC Heap History (2 events):
Event: 0.693 GC heap before
{Heap before GC invocations=0 (full 0):
 garbage-first heap   total 126976K, used 14336K [0x0000000085800000, 0x0000000100000000)
  region size 1024K, 14 young (14336K), 0 survivors (0K)
 Metaspace       used 9666K, capacity 9852K, committed 10112K, reserved 1058816K
  class space    used 803K, capacity 858K, committed 896K, reserved 1048576K
}
Event: 0.697 GC heap after
{Heap after GC invocations=1 (full 0):
 garbage-first heap   total 126976K, used 2621K [0x0000000085800000, 0x0000000100000000)
  region size 1024K, 2 young (2048K), 2 survivors (2048K)
 Metaspace       used 9666K, capacity 9852K, committed 10112K, reserved 1058816K
  class space    used 803K, capacity 858K, committed 896K, reserved 1048576K
}

Deoptimization events (20 events):
Event: 2.499 Thread 0x0000025d194f0000 DEOPT PACKING pc=0x0000025d041d9120 sp=0x000000d05aefec70
Event: 2.499 Thread 0x0000025d194f0000 DEOPT UNPACKING pc=0x0000025d03a89d0e sp=0x000000d05aefe0c0 mode 0
Event: 2.499 Thread 0x0000025d194f0000 DEOPT PACKING pc=0x0000025d041f9972 sp=0x000000d05aefece0
Event: 2.499 Thread 0x0000025d194f0000 DEOPT UNPACKING pc=0x0000025d03a89d0e sp=0x000000d05aefe1a0 mode 0
Event: 2.500 Thread 0x0000025d194f0000 DEOPT PACKING pc=0x0000025d041f9972 sp=0x000000d05aefece0
Event: 2.500 Thread 0x0000025d194f0000 DEOPT UNPACKING pc=0x0000025d03a89d0e sp=0x000000d05aefe1a0 mode 0
Event: 2.500 Thread 0x0000025d194f0000 DEOPT PACKING pc=0x0000025d041d9120 sp=0x000000d05aefec40
Event: 2.500 Thread 0x0000025d194f0000 DEOPT UNPACKING pc=0x0000025d03a89d0e sp=0x000000d05aefe0b0 mode 0
Event: 2.501 Thread 0x0000025d194f0000 DEOPT PACKING pc=0x0000025d041f9972 sp=0x000000d05aefece0
Event: 2.501 Thread 0x0000025d194f0000 DEOPT UNPACKING pc=0x0000025d03a89d0e sp=0x000000d05aefe1a0 mode 0
Event: 2.502 Thread 0x0000025d194f0000 DEOPT PACKING pc=0x0000025d041d9120 sp=0x000000d05aefec70
Event: 2.502 Thread 0x0000025d194f0000 DEOPT UNPACKING pc=0x0000025d03a89d0e sp=0x000000d05aefe0c0 mode 0
Event: 2.503 Thread 0x0000025d194f0000 DEOPT PACKING pc=0x0000025d041f9972 sp=0x000000d05aefece0
Event: 2.503 Thread 0x0000025d194f0000 DEOPT UNPACKING pc=0x0000025d03a89d0e sp=0x000000d05aefe1a0 mode 0
Event: 2.503 Thread 0x0000025d194f0000 DEOPT PACKING pc=0x0000025d0421ee19 sp=0x000000d05aefec20
Event: 2.503 Thread 0x0000025d194f0000 DEOPT UNPACKING pc=0x0000025d03a89d0e sp=0x000000d05aefe0f0 mode 1
Event: 2.503 Thread 0x0000025d194f0000 DEOPT PACKING pc=0x0000025d0421f5ac sp=0x000000d05aefecb0
Event: 2.503 Thread 0x0000025d194f0000 DEOPT UNPACKING pc=0x0000025d03a89d0e sp=0x000000d05aefe1a0 mode 1
Event: 2.503 Thread 0x0000025d194f0000 DEOPT PACKING pc=0x0000025d04210824 sp=0x000000d05aefed70
Event: 2.503 Thread 0x0000025d194f0000 DEOPT UNPACKING pc=0x0000025d03a89d0e sp=0x000000d05aefe1b0 mode 1

Classes redefined (0 events):
No events

Internal exceptions (20 events):
Event: 0.933 Thread 0x0000025d7e59f800 Exception <a 'java/security/PrivilegedActionException'{0x000000008d04d3a0}> (0x000000008d04d3a0) thrown at [./src/hotspot/share/prims/jvm.cpp, line 1306]
Event: 0.933 Thread 0x0000025d7e59f800 Exception <a 'java/security/PrivilegedActionException'{0x000000008d04d670}> (0x000000008d04d670) thrown at [./src/hotspot/share/prims/jvm.cpp, line 1306]
Event: 0.951 Thread 0x0000025d7e59f800 Exception <a 'java/security/PrivilegedActionException'{0x000000008cf30550}> (0x000000008cf30550) thrown at [./src/hotspot/share/prims/jvm.cpp, line 1306]
Event: 0.951 Thread 0x0000025d7e59f800 Exception <a 'java/security/PrivilegedActionException'{0x000000008cf30820}> (0x000000008cf30820) thrown at [./src/hotspot/share/prims/jvm.cpp, line 1306]
Event: 1.387 Thread 0x0000025d7e59f800 Exception <a 'java/security/PrivilegedActionException'{0x000000008cfdf2a0}> (0x000000008cfdf2a0) thrown at [./src/hotspot/share/prims/jvm.cpp, line 1306]
Event: 1.387 Thread 0x0000025d7e59f800 Exception <a 'java/security/PrivilegedActionException'{0x000000008cfdf570}> (0x000000008cfdf570) thrown at [./src/hotspot/share/prims/jvm.cpp, line 1306]
Event: 1.388 Thread 0x0000025d7e59f800 Exception <a 'java/security/PrivilegedActionException'{0x000000008cff18a8}> (0x000000008cff18a8) thrown at [./src/hotspot/share/prims/jvm.cpp, line 1306]
Event: 1.388 Thread 0x0000025d7e59f800 Exception <a 'java/security/PrivilegedActionException'{0x000000008cff1b78}> (0x000000008cff1b78) thrown at [./src/hotspot/share/prims/jvm.cpp, line 1306]
Event: 1.392 Thread 0x0000025d7e59f800 Exception <a 'java/security/PrivilegedActionException'{0x000000008ce079e0}> (0x000000008ce079e0) thrown at [./src/hotspot/share/prims/jvm.cpp, line 1306]
Event: 1.392 Thread 0x0000025d7e59f800 Exception <a 'java/security/PrivilegedActionException'{0x000000008ce07cb0}> (0x000000008ce07cb0) thrown at [./src/hotspot/share/prims/jvm.cpp, line 1306]
Event: 1.412 Thread 0x0000025d7e59f800 Exception <a 'sun/nio/fs/WindowsException'{0x000000008ce64bb0}> (0x000000008ce64bb0) thrown at [./src/hotspot/share/prims/jni.cpp, line 616]
Event: 1.412 Thread 0x0000025d7e59f800 Exception <a 'sun/nio/fs/WindowsException'{0x000000008ce64c30}> (0x000000008ce64c30) thrown at [./src/hotspot/share/prims/jni.cpp, line 616]
Event: 1.416 Thread 0x0000025d7e59f800 Exception <a 'sun/nio/fs/WindowsException'{0x000000008ce91fd8}> (0x000000008ce91fd8) thrown at [./src/hotspot/share/prims/jni.cpp, line 616]
Event: 1.416 Thread 0x0000025d7e59f800 Exception <a 'sun/nio/fs/WindowsException'{0x000000008ce92058}> (0x000000008ce92058) thrown at [./src/hotspot/share/prims/jni.cpp, line 616]
Event: 1.620 Thread 0x0000025d7e59f800 Exception <a 'java/security/PrivilegedActionException'{0x000000008c2eacc0}> (0x000000008c2eacc0) thrown at [./src/hotspot/share/prims/jvm.cpp, line 1306]
Event: 1.620 Thread 0x0000025d7e59f800 Exception <a 'java/security/PrivilegedActionException'{0x000000008c2eaf90}> (0x000000008c2eaf90) thrown at [./src/hotspot/share/prims/jvm.cpp, line 1306]
Event: 1.726 Thread 0x0000025d7e59f800 Exception <a 'java/io/FileNotFoundException'{0x000000008c023a60}> (0x000000008c023a60) thrown at [./src/hotspot/share/prims/jni.cpp, line 616]
Event: 1.753 Thread 0x0000025d7e59f800 Exception <a 'java/security/PrivilegedActionException'{0x000000008bf5a320}> (0x000000008bf5a320) thrown at [./src/hotspot/share/prims/jvm.cpp, line 1306]
Event: 1.753 Thread 0x0000025d7e59f800 Exception <a 'java/security/PrivilegedActionException'{0x000000008bf5a898}> (0x000000008bf5a898) thrown at [./src/hotspot/share/prims/jvm.cpp, line 1306]
Event: 2.029 Thread 0x0000025d7e59f800 Exception <a 'java/io/FileNotFoundException'{0x000000008b045a88}> (0x000000008b045a88) thrown at [./src/hotspot/share/prims/jni.cpp, line 616]

Events (20 events):
Event: 2.265 loading class com/shatteredpixel/shatteredpixeldungeon/windows/WndSettings done
Event: 2.275 loading class com/shatteredpixel/shatteredpixeldungeon/effects/Fireball$Flame
Event: 2.275 loading class com/shatteredpixel/shatteredpixeldungeon/effects/Fireball$Flame done
Event: 2.276 loading class com/watabou/noosa/particles/PixelParticle$Shrinking
Event: 2.276 loading class com/watabou/noosa/particles/PixelParticle$Shrinking done
Event: 2.276 loading class com/watabou/utils/ColorMath
Event: 2.276 loading class com/watabou/utils/ColorMath done
Event: 2.375 Loaded shared library C:\Users\HP\AppData\Local\Temp\lwjglHP\3.2.3-build-13\lwjgl_opengl.dll
Event: 2.385 Loaded shared library C:\Users\HP\AppData\Local\Temp\lwjglHP\3.2.3-build-13\lwjgl_opengl.dll
Event: 2.393 Loaded shared library C:\Users\HP\AppData\Local\Temp\lwjglHP\3.2.3-build-13\lwjgl_opengl.dll
Event: 2.473 Loaded shared library C:\Users\HP\AppData\Local\Temp\lwjglHP\3.2.3-build-13\lwjgl_opengl.dll
Event: 2.490 Loaded shared library C:\Users\HP\AppData\Local\Temp\lwjglHP\3.2.3-build-13\lwjgl_opengl.dll
Event: 2.504 loading class java/util/IdentityHashMap$KeyIterator
Event: 2.504 loading class java/util/IdentityHashMap$IdentityHashMapIterator
Event: 2.504 loading class java/util/IdentityHashMap$IdentityHashMapIterator done
Event: 2.504 loading class java/util/IdentityHashMap$KeyIterator done
Event: 2.504 Executing VM operation: RevokeBias
Event: 2.504 Executing VM operation: RevokeBias done
Event: 2.505 Thread 0x0000025d194f0000 Thread exited: 0x0000025d194f0000
Event: 2.537 Loaded shared library C:\Users\HP\AppData\Local\Temp\lwjglHP\3.2.3-build-13\lwjgl_opengl.dll


Dynamic libraries:
0x00007ff7f78c0000 - 0x00007ff7f78ca000 	D:\Android Studio\jre\bin\java.exe
0x00007ff971eb0000 - 0x00007ff9720c4000 	C:\WINDOWS\SYSTEM32\ntdll.dll
0x00007ff971d90000 - 0x00007ff971e52000 	C:\WINDOWS\System32\KERNEL32.DLL
0x00007ff96ef10000 - 0x00007ff96f2b3000 	C:\WINDOWS\System32\KERNELBASE.dll
0x00007ff96f840000 - 0x00007ff96f951000 	C:\WINDOWS\System32\ucrtbase.dll
0x00007ff967690000 - 0x00007ff9676a9000 	D:\Android Studio\jre\bin\jli.dll
0x00007ff965280000 - 0x00007ff965297000 	D:\Android Studio\jre\bin\VCRUNTIME140.dll
0x00007ff970500000 - 0x00007ff9706ab000 	C:\WINDOWS\System32\USER32.dll
0x00007ff96f4f0000 - 0x00007ff96f516000 	C:\WINDOWS\System32\win32u.dll
0x00007ff971720000 - 0x00007ff971749000 	C:\WINDOWS\System32\GDI32.dll
0x00007ff96f720000 - 0x00007ff96f838000 	C:\WINDOWS\System32\gdi32full.dll
0x00007ff96f680000 - 0x00007ff96f71a000 	C:\WINDOWS\System32\msvcp_win.dll
0x00007ff9558a0000 - 0x00007ff955b2e000 	C:\WINDOWS\WinSxS\amd64_microsoft.windows.common-controls_6595b64144ccf1df_6.0.22621.1635_none_270f70857386168e\COMCTL32.dll
0x00007ff971670000 - 0x00007ff971717000 	C:\WINDOWS\System32\msvcrt.dll
0x00007ff971810000 - 0x00007ff971841000 	C:\WINDOWS\System32\IMM32.DLL
0x0000000051d60000 - 0x0000000051d6c000 	D:\360安全卫士\360Safe\safemon\SafeWrapper.dll
0x00007ff971940000 - 0x00007ff9719ee000 	C:\WINDOWS\System32\ADVAPI32.dll
0x00007ff9715c0000 - 0x00007ff971664000 	C:\WINDOWS\System32\sechost.dll
0x00007ff970de0000 - 0x00007ff970ef7000 	C:\WINDOWS\System32\RPCRT4.dll
0x00007ff952120000 - 0x00007ff9521cc000 	D:\360安全卫士\360Safe\safemon\libzdtp64.dll
0x00007ff96fbe0000 - 0x00007ff9703da000 	C:\WINDOWS\System32\SHELL32.dll
0x00007ff9719f0000 - 0x00007ff971a4e000 	C:\WINDOWS\System32\SHLWAPI.dll
0x00007ff96e940000 - 0x00007ff96e94a000 	C:\WINDOWS\SYSTEM32\VERSION.dll
0x00007ff939910000 - 0x00007ff9399ad000 	D:\Android Studio\jre\bin\msvcp140.dll
0x00007ff90c4e0000 - 0x00007ff90cfe2000 	D:\Android Studio\jre\bin\server\jvm.dll
0x00007ff971310000 - 0x00007ff971318000 	C:\WINDOWS\System32\PSAPI.DLL
0x00007ff962ee0000 - 0x00007ff962f14000 	C:\WINDOWS\SYSTEM32\WINMM.dll
0x00007ff93bfd0000 - 0x00007ff93bfd9000 	C:\WINDOWS\SYSTEM32\WSOCK32.dll
0x00007ff970f00000 - 0x00007ff970f71000 	C:\WINDOWS\System32\WS2_32.dll
0x00007ff96de90000 - 0x00007ff96dea8000 	C:\WINDOWS\SYSTEM32\kernel.appcore.dll
0x00007ff966fa0000 - 0x00007ff966fb1000 	D:\Android Studio\jre\bin\verify.dll
0x00007ff96c790000 - 0x00007ff96c9be000 	C:\WINDOWS\SYSTEM32\DBGHELP.DLL
0x00007ff970f80000 - 0x00007ff971309000 	C:\WINDOWS\System32\combase.dll
0x00007ff971860000 - 0x00007ff971937000 	C:\WINDOWS\System32\OLEAUT32.dll
0x00007ff93b9a0000 - 0x00007ff93b9d2000 	C:\WINDOWS\SYSTEM32\dbgcore.DLL
0x00007ff96f960000 - 0x00007ff96f9db000 	C:\WINDOWS\System32\bcryptPrimitives.dll
0x00007ff963f30000 - 0x00007ff963f59000 	D:\Android Studio\jre\bin\java.dll
0x00007ff9676c0000 - 0x00007ff9676cb000 	D:\Android Studio\jre\bin\jimage.dll
0x00007ff93d090000 - 0x00007ff93d0c9000 	D:\Android Studio\jre\bin\jdwp.dll
0x00007ff963f10000 - 0x00007ff963f28000 	D:\Android Studio\jre\bin\zip.dll
0x00007ff96ce30000 - 0x00007ff96d6fe000 	C:\WINDOWS\SYSTEM32\windows.storage.dll
0x00007ff96ccf0000 - 0x00007ff96ce2e000 	C:\WINDOWS\SYSTEM32\wintypes.dll
0x00007ff96fae0000 - 0x00007ff96fbd1000 	C:\WINDOWS\System32\SHCORE.dll
0x00007ff96edd0000 - 0x00007ff96edf1000 	C:\WINDOWS\SYSTEM32\profapi.dll
0x00007ff95df20000 - 0x00007ff95df2b000 	D:\Android Studio\jre\bin\dt_socket.dll
0x00007ff96e300000 - 0x00007ff96e369000 	C:\WINDOWS\system32\mswsock.dll
0x00007ff963ef0000 - 0x00007ff963f0a000 	D:\Android Studio\jre\bin\net.dll
0x00007ff964f90000 - 0x00007ff9650c7000 	C:\WINDOWS\SYSTEM32\WINHTTP.dll
0x00007ff95eaa0000 - 0x00007ff95eab4000 	D:\Android Studio\jre\bin\nio.dll
0x000000006e700000 - 0x000000006e72a000 	C:\Users\HP\AppData\Local\Temp\libgdxHP\e1cd32f8\gdx64.dll
0x00007ff93b290000 - 0x00007ff93b2f4000 	C:\Users\HP\AppData\Local\Temp\lwjglHP\3.2.3-build-13\lwjgl.dll
0x00007ff922130000 - 0x00007ff922383000 	C:\Users\HP\AppData\Local\Temp\lwjglHP\3.2.3-build-13\jemalloc.dll
0x00007ff937e00000 - 0x00007ff937e62000 	C:\Users\HP\AppData\Local\Temp\lwjglHP\3.2.3-build-13\glfw.dll
0x00007ff96bdd0000 - 0x00007ff96be7b000 	C:\WINDOWS\system32\uxtheme.dll
0x00007ff93bca0000 - 0x00007ff93bce6000 	C:\WINDOWS\SYSTEM32\dinput8.dll
0x00007ff9554c0000 - 0x00007ff9554d1000 	C:\WINDOWS\SYSTEM32\xinput1_4.dll
0x00007ff96eb10000 - 0x00007ff96eb3c000 	C:\WINDOWS\SYSTEM32\DEVOBJ.dll
0x00007ff96eb40000 - 0x00007ff96eb8e000 	C:\WINDOWS\SYSTEM32\cfgmgr32.dll
0x00007ff96c040000 - 0x00007ff96c06b000 	C:\WINDOWS\SYSTEM32\dwmapi.dll
0x00007ff9564d0000 - 0x00007ff9566d1000 	C:\WINDOWS\SYSTEM32\inputhost.dll
0x00007ff96ba10000 - 0x00007ff96bb43000 	C:\WINDOWS\SYSTEM32\CoreMessaging.dll
0x0000000180000000 - 0x00000001834b3000 	C:\Program Files (x86)\RivaTuner Statistics Server\RTSSHooks64.dll
0x00007ff9707b0000 - 0x00007ff970c24000 	C:\WINDOWS\System32\SETUPAPI.dll
0x00007ff96e560000 - 0x00007ff96e56c000 	C:\WINDOWS\SYSTEM32\CRYPTBASE.DLL
0x00007ff9703e0000 - 0x00007ff9704fe000 	C:\WINDOWS\System32\MSCTF.dll
0x00007ff96d700000 - 0x00007ff96d70e000 	C:\WINDOWS\SYSTEM32\HID.DLL
0x00007ff96f550000 - 0x00007ff96f5bb000 	C:\WINDOWS\System32\WINTRUST.dll
0x00007ff96f2c0000 - 0x00007ff96f427000 	C:\WINDOWS\System32\CRYPT32.dll
0x00007ff96e5e0000 - 0x00007ff96e5f2000 	C:\WINDOWS\SYSTEM32\MSASN1.dll
0x00007ff9233e0000 - 0x00007ff9234eb000 	C:\Users\HP\AppData\Local\Temp\lwjglHP\3.2.3-build-13\OpenAL.dll
0x00007ff971320000 - 0x00007ff9714bc000 	C:\WINDOWS\System32\ole32.dll
0x00007ff971750000 - 0x00007ff971800000 	C:\WINDOWS\System32\clbcatq.dll
0x00007ff95e830000 - 0x00007ff95e8cd000 	C:\WINDOWS\System32\MMDevApi.dll
0x00007ff955c90000 - 0x00007ff955e75000 	C:\WINDOWS\SYSTEM32\AUDIOSES.DLL
0x00007ff96c450000 - 0x00007ff96c465000 	C:\WINDOWS\SYSTEM32\resourcepolicyclient.dll
0x00007ff96eeb0000 - 0x00007ff96eefd000 	C:\WINDOWS\System32\powrprof.dll
0x00007ff96eaf0000 - 0x00007ff96eb03000 	C:\WINDOWS\SYSTEM32\UMPDC.dll
0x00007ff94ad60000 - 0x00007ff94ae60000 	C:\WINDOWS\SYSTEM32\opengl32.dll
0x00007ff949660000 - 0x00007ff94968d000 	C:\WINDOWS\SYSTEM32\GLU32.dll
0x00007ff96beb0000 - 0x00007ff96bee6000 	C:\WINDOWS\SYSTEM32\dxcore.dll
0x00007ff9672b0000 - 0x00007ff9672f8000 	C:\WINDOWS\SYSTEM32\directxdatabasehelper.dll
0x00007ff961020000 - 0x00007ff961154000 	C:\Windows\System32\AppXDeploymentClient.dll
0x00007ff955570000 - 0x00007ff955666000 	C:\Windows\System32\Windows.ApplicationModel.dll
0x00007ff969e60000 - 0x00007ff969f60000 	C:\WINDOWS\system32\propsys.dll
0x00007ff92eb60000 - 0x00007ff92eb86000 	C:\WINDOWS\system32\mssprxy.dll
0x00007ff8fa9d0000 - 0x00007ff8fbaa7000 	C:\WINDOWS\System32\DriverStore\FileRepository\iigd_dch.inf_amd64_6e6a7f579616ad0a\igxelpicd64.dll
0x00007ff96f9e0000 - 0x00007ff96fad6000 	C:\WINDOWS\System32\dxgi.dll
0x00007ff921ff0000 - 0x00007ff922128000 	C:\WINDOWS\System32\DriverStore\FileRepository\iigd_dch.inf_amd64_6e6a7f579616ad0a\igdml64.dll
0x00007ff960540000 - 0x00007ff960955000 	C:\WINDOWS\System32\DriverStore\FileRepository\iigd_dch.inf_amd64_6e6a7f579616ad0a\igdgmm64.dll
0x00007ff9577e0000 - 0x00007ff95bd5f000 	C:\WINDOWS\System32\DriverStore\FileRepository\iigd_dch.inf_amd64_6e6a7f579616ad0a\igc64.dll
0x00007ff9642e0000 - 0x00007ff96439c000 	C:\WINDOWS\SYSTEM32\mscms.dll
0x00007ff93b3d0000 - 0x00007ff93b419000 	C:\WINDOWS\SYSTEM32\icm32.dll
0x00007ff93b230000 - 0x00007ff93b289000 	C:\Users\HP\AppData\Local\Temp\lwjglHP\3.2.3-build-13\lwjgl_opengl.dll
0x00007ff956330000 - 0x00007ff95645d000 	C:\WINDOWS\SYSTEM32\textinputframework.dll
0x00007ff9667a0000 - 0x00007ff966b0c000 	C:\WINDOWS\SYSTEM32\CoreUIComponents.dll
0x000000006a340000 - 0x000000006a3eb000 	C:\Users\HP\AppData\Local\Temp\libgdxHP\ad089354\gdx-freetype64.dll

dbghelp: loaded successfully - version: 4.0.5 - missing functions: none
symbol engine: initialized successfully - sym options: 0x614 - pdb path: .;D:\Android Studio\jre\bin;C:\WINDOWS\SYSTEM32;C:\WINDOWS\WinSxS\amd64_microsoft.windows.common-controls_6595b64144ccf1df_6.0.22621.1635_none_270f70857386168e;D:\360安全卫士\360Safe\safemon;D:\Android Studio\jre\bin\se;D:\Android Studio\jre\bin\se;D:\Android Studio\jre\bin\se;D:\Android Studio\jre\bin\se;D:\Android Studio\jre\bin\se;D:\Android Studio\jre\bin\se;D:\Android Studio\jre\bin\se;D:\Android Studio\jre\bin\server;C:\Users\HP\AppData\Local\Temp\libgdxHP\e1cd;C:\Users\HP\AppData\Local\Temp\libgdxHP\e1cd32f8;C:\Users\HP\AppData\Local\Temp\lwjglHP\3.2.3-buil;C:\Users\HP\AppData\Local\Temp\lwjglHP\3.2.3-build-13;C:\Program Files (x86)\RivaTuner Statistics Server;C:\WINDOWS\System32\DriverStore\FileRepository\iigd_dch.inf_amd64_6e6a7f579616;C:\WINDOWS\System32\DriverStore\FileRepository\iigd_dch.inf_amd64_6e6a7f579616;C:\WINDOWS\System32\DriverStore\FileRepository\iigd_dch.inf_amd64_6e6a7f579616;C:\WINDOWS\System32\DriverStore\FileRepository\iigd_dch.inf_amd64_6e6a7f579616ad0a;C:\Users\HP\AppData\Local\Temp\libgdxHP\ad08

VM Arguments:
jvm_args: -DImplementation-Version=588 -DSpecification-Title=Star Pixel Dungeon -DSpecification-Version=0.1.1-INDEV -agentlib:jdwp=transport=dt_socket,server=n,suspend=y,address=127.0.0.1:50873 -Dfile.encoding=GBK -Duser.country=CN -Duser.language=zh -Duser.variant 
java_command: com.shatteredpixel.shatteredpixeldungeon.desktop.DesktopLauncher
java_class_path (initial): D:\Star-Pixel-Dungeon\desktop\build\classes\java\debug;D:\Star-Pixel-Dungeon\desktop\build\resources\debug;D:\Star-Pixel-Dungeon\services\updates\debugUpdates\build\libs\debugUpdates-0.1.1.jar;D:\Star-Pixel-Dungeon\services\news\debugNews\build\libs\debugNews-0.1.1.jar;D:\Star-Pixel-Dungeon\services\build\libs\services-0.1.1.jar;D:\Star-Pixel-Dungeon\SPD-classes\build\libs\SPD-classes-0.1.1.jar;C:\Users\HP\.gradle\caches\modules-2\files-2.1\com.badlogicgames.gdx\gdx-freetype\1.10.0\de1d0d5c1e92e8d91364256fd6b7bb279d3e9859\gdx-freetype-1.10.0.jar;C:\Users\HP\.gradle\caches\modules-2\files-2.1\com.badlogicgames.gdx\gdx\1.10.0\74c240f79dc4fb6b766a834249600d0a019d0489\gdx-1.10.0.jar;C:\Users\HP\.gradle\caches\modules-2\files-2.1\com.github.RohitSurwase.UCE-Handler\uce_handler\1.4\20e40d6c7dd0daec32cbd6e1cbc2350a7f61f062\uce_handler-1.4.aar;C:\Users\HP\.gradle\caches\modules-2\files-2.1\com.android.support\appcompat-v7\28.0.0\132586ec59604a86703796851a063a0ac61f697b\appcompat-v7-28.0.0.aar;C:\Users\HP\.gradle\caches\modules-2\files-2.1\com.android.support\support-fragment\28.0.0\f21c8a8700b30dc57cb6277ae3c4c168a94a4e81\support-fragment-28.0.0.aar;C:\Users\HP\.gradle\caches\modules-2\files-2.1\com.android.support\animated-vector-drawable\28.0.0\e2d41c2a032145313f42ab38a2d9757c5d1ebc19\animated-vector-drawable-28.0.0.aar;C:\Users\HP\.gradle\caches\modules-2\files-2.1\com.android.support\support-core-ui\28.0.0\96035b1030d7c3a81903966c2fa52117d36aa5b7\support-core-ui-28.0.0.aar;C:\Users\HP\.gradle\caches\modules-2\files-2.1\com.android.support\support-core-utils\28.0.0\29b1bb783f1a86eba7f1618bad58842bde72892a\support-core-utils-28.0.0.aar;C:\Users\HP\.gradle\caches\modules-2\files-2.1\com.android.support\support-vector-drawable\28.0.0\80387886ef55af284d8253e52d321f93b3f923dd\support-vector-drawable-28.0.0.aar;C:\Users\HP\.gradle\caches\modules-2\files-2.1\com.android.support\loader\28.0.0\49a297a4635e01ed55f31b5d4a718ba3416fde3d\loader-28.0.0.aar
Launcher Type: SUN_STANDARD

[Global flags]
     intx CICompilerCount                          = 3                                         {product} {ergonomic}
     uint ConcGCThreads                            = 1                                         {product} {ergonomic}
     uint G1ConcRefinementThreads                  = 4                                         {product} {ergonomic}
   size_t G1HeapRegionSize                         = 1048576                                   {product} {ergonomic}
    uintx GCDrainStackTargetSize                   = 64                                        {product} {ergonomic}
   size_t InitialHeapSize                          = 130023424                                 {product} {ergonomic}
   size_t MarkStackSize                            = 4194304                                   {product} {ergonomic}
   size_t MaxHeapSize                              = 2055208960                                {product} {ergonomic}
   size_t MaxNewSize                               = 1233125376                                {product} {ergonomic}
   size_t MinHeapDeltaBytes                        = 1048576                                   {product} {ergonomic}
    uintx NonNMethodCodeHeapSize                   = 5830732                                {pd product} {ergonomic}
    uintx NonProfiledCodeHeapSize                  = 122913754                              {pd product} {ergonomic}
    uintx ProfiledCodeHeapSize                     = 122913754                              {pd product} {ergonomic}
    uintx ReservedCodeCacheSize                    = 251658240                              {pd product} {ergonomic}
     bool SegmentedCodeCache                       = true                                      {product} {ergonomic}
     bool UseCompressedClassPointers               = true                                 {lp64_product} {ergonomic}
     bool UseCompressedOops                        = true                                 {lp64_product} {ergonomic}
     bool UseG1GC                                  = true                                      {product} {ergonomic}
     bool UseLargePagesIndividualAllocation        = false                                  {pd product} {ergonomic}

Logging:
Log output configuration:
 #0: stdout all=warning uptime,level,tags
 #1: stderr all=off uptime,level,tags

Environment Variables:
JAVA_HOME=C:\Program Files\Java\jdk-17.0.5
CLASSPATH=.;C:\Program Files\Java\jdk-17.0.5\bin;C:\Program Files\Java\jdk-17.0.5\lib\dt.jar;C:\Program Files\Java\jdk-17.0.5\lib\tools.jar
PATH=D:\VMware Workstation\bin\;C:\Program Files\Common Files\Oracle\Java\javapath;C:\Program Files\Java\jdk-17.0.5\bin;C:\Program Files\Java\jdk-17.0.5\jre\bin;C:\Program Files (x86)\Common Files\Oracle\Java\javapath;C:\ProgramData\Oracle\Java\javapath;C:\windows\system32;C:\windows;C:\windows\System32\Wbem;C:\windows\System32\WindowsPowerShell\v1.0\;C:\windows\System32\OpenSSH\;C:\Program Files (x86)\NVIDIA Corporation\PhysX\Common;C:\Program Files\dotnet\;D:\Steam;D:\PCL2;D:\Geph4;D:\Steam+;D:\TIM\Bin;C:\Git\cmd;C:\Git;D:\WeChat;C:\Program Files\Intel\Intel(R) Memory and Storage Tool\;C:\WINDOWS\system32;C:\WINDOWS;C:\WINDOWS\System32\Wbem;C:\WINDOWS\System32\WindowsPowerShell\v1.0\;C:\WINDOWS\System32\OpenSSH\;C:\Program Files (x86)\dotnet\;D:\VMware Workstation;D:\Android Studio\bin;D:\Honkai Impact 3\Games;D:\Honkai Impact 3;D:\金山打字通\11.9;C:\Users\HP\AppData\Local\Microsoft\WindowsApps;C:\Users\HP\AppData\Local\GitHubDesktop\bin;
USERNAME=HP
OS=Windows_NT
PROCESSOR_IDENTIFIER=Intel64 Family 6 Model 140 Stepping 1, GenuineIntel



---------------  S Y S T E M  ---------------

OS: Windows 11 , 64 bit Build 22621 (10.0.22621.1635)
OS uptime: 0 days 0:50 hours
Hyper-V role detected

CPU:total 4 (initial active 4) (2 cores per cpu, 2 threads per core) family 6 model 140 stepping 1 microcode 0xa6, cmov, cx8, fxsr, mmx, sse, sse2, sse3, ssse3, sse4.1, sse4.2, popcnt, avx, avx2, aes, clmul, erms, 3dnowpref, lzcnt, ht, tsc, tscinvbit, bmi1, bmi2, adx, evex, sha, fma

Memory: 4k page, system-wide physical 7834M (3222M free)
TotalPageFile size 11930M (AvailPageFile size 0M)
current process WorkingSet (physical memory assigned to process): 345M, peak: 345M
current process commit charge ("private bytes"): 464M, peak: 464M

vm_info: OpenJDK 64-Bit Server VM (11.0.13+0-b1751.21-8125866) for windows-amd64 JRE (11.0.13+0-b1751.21-8125866), built on Feb  2 2022 03:00:22 by "builder" with MS VC++ 14.0 (VS2015)

END.
